[P0] [HEARTBEAT] SimTick: 61 | NetHead: 60 | Confirmed: 14 | Missing: 47 | StateHash: 0x1911258C
[P1] [HEARTBEAT] SimTick: 61 | NetHead: 60 | Confirmed: 13 | Missing: 48 | StateHash: 0x1911258C
[P2] [HEARTBEAT] SimTick: 61 | NetHead: 60 | Confirmed: 11 | Missing: 50 | StateHash: 0x1911258C
[P3] [HEARTBEAT] SimTick: 61 | NetHead: 60 | Confirmed: 13 | Missing: 48 | StateHash: 0x1911258C
[P4] [HEARTBEAT] SimTick: 61 | NetHead: 60 | Confirmed: 40 | Missing: 21 | StateHash: 0xA1C59119
[P5] [HEARTBEAT] SimTick: 61 | NetHead: 60 | Confirmed: 47 | Missing: 14 | StateHash: 0xA1C59119
[P6] [HEARTBEAT] SimTick: 61 | NetHead: 60 | Confirmed: 53 | Missing: 8 | StateHash: 0x42A3ED46
[P7] [HEARTBEAT] SimTick: 61 | NetHead: 60 | Confirmed: 59 | Missing: 2 | StateHash: 0x42A3ED46
[P0] [HEARTBEAT] SimTick: 121 | NetHead: 120 | Confirmed: 75 | Missing: 46 | StateHash: 0x4348D945
[P1] [HEARTBEAT] SimTick: 121 | NetHead: 120 | Confirmed: 74 | Missing: 47 | StateHash: 0x4348D945
[P2] [HEARTBEAT] SimTick: 121 | NetHead: 120 | Confirmed: 54 | Missing: 67 | StateHash: 0xA1C59119
[P3] [HEARTBEAT] SimTick: 121 | NetHead: 120 | Confirmed: 58 | Missing: 63 | StateHash: 0x42A3ED46
[P4] [HEARTBEAT] SimTick: 121 | NetHead: 120 | Confirmed: 101 | Missing: 20 | StateHash: 0x4348D945
[P5] [HEARTBEAT] SimTick: 121 | NetHead: 120 | Confirmed: 107 | Missing: 14 | StateHash: 0x4348D945
[P6] [HEARTBEAT] SimTick: 121 | NetHead: 120 | Confirmed: 113 | Missing: 8 | StateHash: 0x4348D945
[P7] [HEARTBEAT] SimTick: 121 | NetHead: 120 | Confirmed: 119 | Missing: 2 | StateHash: 0x4348D945
[P0] [HEARTBEAT] SimTick: 181 | NetHead: 180 | Confirmed: 135 | Missing: 46 | StateHash: 0xCEF5ADAC
[P1] [HEARTBEAT] SimTick: 181 | NetHead: 180 | Confirmed: 133 | Missing: 48 | StateHash: 0xCEF5ADAC
[P2] [HEARTBEAT] SimTick: 181 | NetHead: 180 | Confirmed: 94 | Missing: 87 | StateHash: 0xAF1E896A
[P3] [HEARTBEAT] SimTick: 181 | NetHead: 180 | Confirmed: 100 | Missing: 81 | StateHash: 0x5180B0F3
[P4] [HEARTBEAT] SimTick: 181 | NetHead: 180 | Confirmed: 160 | Missing: 21 | StateHash: 0x08A4DFC9
[P5] [HEARTBEAT] SimTick: 181 | NetHead: 180 | Confirmed: 167 | Missing: 14 | StateHash: 0x08A4DFC9
[P6] [HEARTBEAT] SimTick: 181 | NetHead: 180 | Confirmed: 173 | Missing: 8 | StateHash: 0xD8461D76
[P7] [HEARTBEAT] SimTick: 181 | NetHead: 180 | Confirmed: 179 | Missing: 2 | StateHash: 0xD8461D76
[P0] [HEARTBEAT] SimTick: 241 | NetHead: 240 | Confirmed: 195 | Missing: 46 | StateHash: 0x65BB6F25
[P1] [HEARTBEAT] SimTick: 241 | NetHead: 240 | Confirmed: 195 | Missing: 46 | StateHash: 0x56DFACEC
[P2] [HEARTBEAT] SimTick: 241 | NetHead: 240 | Confirmed: 130 | Missing: 111 | StateHash: 0xCEF5ADAC
[P3] [HEARTBEAT] SimTick: 241 | NetHead: 240 | Confirmed: 141 | Missing: 100 | StateHash: 0xCEF5ADAC
[P4] [HEARTBEAT] SimTick: 241 | NetHead: 240 | Confirmed: 220 | Missing: 21 | StateHash: 0x65BB6F25
[P5] [HEARTBEAT] SimTick: 241 | NetHead: 240 | Confirmed: 227 | Missing: 14 | StateHash: 0x65BB6F25
[P6] [HEARTBEAT] SimTick: 241 | NetHead: 240 | Confirmed: 233 | Missing: 8 | StateHash: 0x65BB6F25
[P7] [HEARTBEAT] SimTick: 241 | NetHead: 240 | Confirmed: 239 | Missing: 2 | StateHash: 0x65BB6F25
[P0] [HEARTBEAT] SimTick: 301 | NetHead: 300 | Confirmed: 254 | Missing: 47 | StateHash: 0xD13626DC
[P1] [HEARTBEAT] SimTick: 301 | NetHead: 300 | Confirmed: 252 | Missing: 49 | StateHash: 0xD13626DC
[P2] [HEARTBEAT] SimTick: 301 | NetHead: 300 | Confirmed: 183 | Missing: 118 | StateHash: 0x1F684E73
[P3] [HEARTBEAT] SimTick: 301 | NetHead: 300 | Confirmed: 173 | Missing: 128 | StateHash: 0x47759EC8
[P4] [HEARTBEAT] SimTick: 301 | NetHead: 300 | Confirmed: 280 | Missing: 21 | StateHash: 0x20F8E321
[P5] [HEARTBEAT] SimTick: 301 | NetHead: 300 | Confirmed: 287 | Missing: 14 | StateHash: 0x20F8E321
[P6] [HEARTBEAT] SimTick: 301 | NetHead: 300 | Confirmed: 293 | Missing: 8 | StateHash: 0x31BA165E
[P7] [HEARTBEAT] SimTick: 301 | NetHead: 300 | Confirmed: 299 | Missing: 2 | StateHash: 0x31BA165E
[P0] [HEARTBEAT] SimTick: 361 | NetHead: 360 | Confirmed: 315 | Missing: 46 | StateHash: 0x7D08F545
[P1] [HEARTBEAT] SimTick: 361 | NetHead: 360 | Confirmed: 313 | Missing: 48 | StateHash: 0x0CF82D9C
[P2] [HEARTBEAT] SimTick: 361 | NetHead: 360 | Confirmed: 210 | Missing: 151 | StateHash: 0x71705922
[P3] [HEARTBEAT] SimTick: 361 | NetHead: 360 | Confirmed: 217 | Missing: 144 | StateHash: 0x835E98A3
[P4] [HEARTBEAT] SimTick: 361 | NetHead: 360 | Confirmed: 341 | Missing: 20 | StateHash: 0x7D08F545
[P5] [HEARTBEAT] SimTick: 361 | NetHead: 360 | Confirmed: 347 | Missing: 14 | StateHash: 0x7D08F545
[P6] [HEARTBEAT] SimTick: 361 | NetHead: 360 | Confirmed: 353 | Missing: 8 | StateHash: 0x7D08F545
[P7] [HEARTBEAT] SimTick: 361 | NetHead: 360 | Confirmed: 359 | Missing: 2 | StateHash: 0x7D08F545
[P0] [HEARTBEAT] SimTick: 421 | NetHead: 420 | Confirmed: 375 | Missing: 46 | StateHash: 0x5FA082DC
[P1] [HEARTBEAT] SimTick: 421 | NetHead: 420 | Confirmed: 372 | Missing: 49 | StateHash: 0x5FA082DC
[P2] [HEARTBEAT] SimTick: 421 | NetHead: 420 | Confirmed: 271 | Missing: 150 | StateHash: 0xBFBC014A
[P3] [HEARTBEAT] SimTick: 421 | NetHead: 420 | Confirmed: 279 | Missing: 142 | StateHash: 0x2B2AD61B
[P4] [HEARTBEAT] SimTick: 421 | NetHead: 420 | Confirmed: 400 | Missing: 21 | StateHash: 0xA352F6B9
[P5] [HEARTBEAT] SimTick: 421 | NetHead: 420 | Confirmed: 407 | Missing: 14 | StateHash: 0xA352F6B9
[P6] [HEARTBEAT] SimTick: 421 | NetHead: 420 | Confirmed: 413 | Missing: 8 | StateHash: 0xEE207EA6
[P7] [HEARTBEAT] SimTick: 421 | NetHead: 420 | Confirmed: 419 | Missing: 2 | StateHash: 0xEE207EA6
[P0] [HEARTBEAT] SimTick: 481 | NetHead: 480 | Confirmed: 435 | Missing: 46 | StateHash: 0xCA48CF55
[P1] [HEARTBEAT] SimTick: 481 | NetHead: 480 | Confirmed: 436 | Missing: 45 | StateHash: 0x2055639C
[P2] [HEARTBEAT] SimTick: 481 | NetHead: 480 | Confirmed: 337 | Missing: 144 | StateHash: 0xCF4466FA
[P3] [HEARTBEAT] SimTick: 481 | NetHead: 480 | Confirmed: 334 | Missing: 147 | StateHash: 0x1040F153
[P4] [HEARTBEAT] SimTick: 481 | NetHead: 480 | Confirmed: 460 | Missing: 21 | StateHash: 0xCA48CF55
[P5] [HEARTBEAT] SimTick: 481 | NetHead: 480 | Confirmed: 467 | Missing: 14 | StateHash: 0xCA48CF55
[P6] [HEARTBEAT] SimTick: 481 | NetHead: 480 | Confirmed: 473 | Missing: 8 | StateHash: 0xCA48CF55
[P7] [HEARTBEAT] SimTick: 481 | NetHead: 480 | Confirmed: 479 | Missing: 2 | StateHash: 0xCA48CF55
[P0] [HEARTBEAT] SimTick: 541 | NetHead: 540 | Confirmed: 495 | Missing: 46 | StateHash: 0x288D931C
[P1] [HEARTBEAT] SimTick: 541 | NetHead: 540 | Confirmed: 495 | Missing: 46 | StateHash: 0x288D931C
[P2] [HEARTBEAT] SimTick: 541 | NetHead: 540 | Confirmed: 392 | Missing: 149 | StateHash: 0x0F7D2D6A
[P3] [HEARTBEAT] SimTick: 541 | NetHead: 540 | Confirmed: 395 | Missing: 146 | StateHash: 0xEFC8862B
[P4] [HEARTBEAT] SimTick: 541 | NetHead: 540 | Confirmed: 520 | Missing: 21 | StateHash: 0x3E1B4F41
[P5] [HEARTBEAT] SimTick: 541 | NetHead: 540 | Confirmed: 527 | Missing: 14 | StateHash: 0x3E1B4F41
[P6] [HEARTBEAT] SimTick: 541 | NetHead: 540 | Confirmed: 533 | Missing: 8 | StateHash: 0x64A09DBE
[P7] [HEARTBEAT] SimTick: 541 | NetHead: 540 | Confirmed: 539 | Missing: 2 | StateHash: 0x64A09DBE
[P0] [HEARTBEAT] SimTick: 601 | NetHead: 600 | Confirmed: 555 | Missing: 46 | StateHash: 0xC453ED45
[P1] [HEARTBEAT] SimTick: 601 | NetHead: 600 | Confirmed: 556 | Missing: 45 | StateHash: 0xE66CF59C
[P2] [HEARTBEAT] SimTick: 601 | NetHead: 600 | Confirmed: 455 | Missing: 146 | StateHash: 0xA17410A2
[P3] [HEARTBEAT] SimTick: 601 | NetHead: 600 | Confirmed: 456 | Missing: 145 | StateHash: 0xB681478B
[P4] [HEARTBEAT] SimTick: 601 | NetHead: 600 | Confirmed: 580 | Missing: 21 | StateHash: 0xC453ED45
[P5] [HEARTBEAT] SimTick: 601 | NetHead: 600 | Confirmed: 587 | Missing: 14 | StateHash: 0xC453ED45
[P6] [HEARTBEAT] SimTick: 601 | NetHead: 600 | Confirmed: 593 | Missing: 8 | StateHash: 0xC453ED45
[P7] [HEARTBEAT] SimTick: 601 | NetHead: 600 | Confirmed: 599 | Missing: 2 | StateHash: 0xC453ED45
[P0] [HEARTBEAT] SimTick: 661 | NetHead: 660 | Confirmed: 615 | Missing: 46 | StateHash: 0x4F52DF2C
[P1] [HEARTBEAT] SimTick: 661 | NetHead: 660 | Confirmed: 614 | Missing: 47 | StateHash: 0x4F52DF2C
[P2] [HEARTBEAT] SimTick: 662 | NetHead: 661 | Confirmed: 517 | Missing: 145 | StateHash: 0xCB3967AA
[P3] [HEARTBEAT] SimTick: 661 | NetHead: 660 | Confirmed: 515 | Missing: 146 | StateHash: 0xA0EA48AF
[P4] [HEARTBEAT] SimTick: 661 | NetHead: 660 | Confirmed: 640 | Missing: 21 | StateHash: 0x46F46B21
[P5] [HEARTBEAT] SimTick: 661 | NetHead: 660 | Confirmed: 647 | Missing: 14 | StateHash: 0x46F46B21
[P6] [HEARTBEAT] SimTick: 661 | NetHead: 660 | Confirmed: 653 | Missing: 8 | StateHash: 0x452C789E
[P7] [HEARTBEAT] SimTick: 661 | NetHead: 660 | Confirmed: 659 | Missing: 2 | StateHash: 0x452C789E
[P0] [HEARTBEAT] SimTick: 721 | NetHead: 720 | Confirmed: 675 | Missing: 46 | StateHash: 0x01FE1DB5
[P1] [HEARTBEAT] SimTick: 721 | NetHead: 720 | Confirmed: 674 | Missing: 47 | StateHash: 0xB1FC082C
[P2] [HEARTBEAT] SimTick: 722 | NetHead: 721 | Confirmed: 571 | Missing: 151 | StateHash: 0x3E9842C6
[P3] [HEARTBEAT] SimTick: 721 | NetHead: 720 | Confirmed: 577 | Missing: 144 | StateHash: 0x77EFF8E4
[P4] [HEARTBEAT] SimTick: 721 | NetHead: 720 | Confirmed: 700 | Missing: 21 | StateHash: 0x01FE1DB5
[P5] [HEARTBEAT] SimTick: 721 | NetHead: 720 | Confirmed: 707 | Missing: 14 | StateHash: 0x01FE1DB5
[P6] [HEARTBEAT] SimTick: 721 | NetHead: 720 | Confirmed: 713 | Missing: 8 | StateHash: 0x01FE1DB5
[P7] [HEARTBEAT] SimTick: 721 | NetHead: 720 | Confirmed: 719 | Missing: 2 | StateHash: 0x01FE1DB5
[P0] [HEARTBEAT] SimTick: 781 | NetHead: 780 | Confirmed: 735 | Missing: 46 | StateHash: 0x4A8F0F6C
[P1] [HEARTBEAT] SimTick: 781 | NetHead: 780 | Confirmed: 733 | Missing: 48 | StateHash: 0x4A8F0F6C
[P2] [HEARTBEAT] SimTick: 782 | NetHead: 781 | Confirmed: 629 | Missing: 153 | StateHash: 0xE6A3E59A
[P3] [HEARTBEAT] SimTick: 781 | NetHead: 780 | Confirmed: 640 | Missing: 141 | StateHash: 0xB7B6D89B
[P4] [HEARTBEAT] SimTick: 781 | NetHead: 780 | Confirmed: 760 | Missing: 21 | StateHash: 0x10107109
[P5] [HEARTBEAT] SimTick: 781 | NetHead: 780 | Confirmed: 767 | Missing: 14 | StateHash: 0x10107109
[P6] [HEARTBEAT] SimTick: 781 | NetHead: 780 | Confirmed: 773 | Missing: 8 | StateHash: 0xCB6BF876
[P7] [HEARTBEAT] SimTick: 781 | NetHead: 780 | Confirmed: 779 | Missing: 2 | StateHash: 0xCB6BF876
[P0] [HEARTBEAT] SimTick: 841 | NetHead: 840 | Confirmed: 795 | Missing: 46 | StateHash: 0x2782E245
[P1] [HEARTBEAT] SimTick: 841 | NetHead: 840 | Confirmed: 795 | Missing: 46 | StateHash: 0x8391B46C
[P2] [HEARTBEAT] SimTick: 842 | NetHead: 841 | Confirmed: 697 | Missing: 145 | StateHash: 0xE401480A
[P3] [HEARTBEAT] SimTick: 841 | NetHead: 840 | Confirmed: 691 | Missing: 150 | StateHash: 0x91F6E8C3
[P4] [HEARTBEAT] SimTick: 841 | NetHead: 840 | Confirmed: 820 | Missing: 21 | StateHash: 0x2782E245
[P5] [HEARTBEAT] SimTick: 841 | NetHead: 840 | Confirmed: 827 | Missing: 14 | StateHash: 0x2782E245
[P6] [HEARTBEAT] SimTick: 841 | NetHead: 840 | Confirmed: 833 | Missing: 8 | StateHash: 0x2782E245
[P7] [HEARTBEAT] SimTick: 841 | NetHead: 840 | Confirmed: 839 | Missing: 2 | StateHash: 0x2782E245
[P0] [HEARTBEAT] SimTick: 901 | NetHead: 900 | Confirmed: 855 | Missing: 46 | StateHash: 0xFB9F201C
[P1] [HEARTBEAT] SimTick: 901 | NetHead: 900 | Confirmed: 854 | Missing: 47 | StateHash: 0xFB9F201C
[P2] [HEARTBEAT] SimTick: 902 | NetHead: 901 | Confirmed: 757 | Missing: 145 | StateHash: 0xF836AB0A
[P3] [HEARTBEAT] SimTick: 901 | NetHead: 900 | Confirmed: 751 | Missing: 150 | StateHash: 0xB0248C23
[P4] [HEARTBEAT] SimTick: 901 | NetHead: 900 | Confirmed: 881 | Missing: 20 | StateHash: 0xAA5A4549
[P5] [HEARTBEAT] SimTick: 901 | NetHead: 900 | Confirmed: 887 | Missing: 14 | StateHash: 0xAA5A4549
[P6] [HEARTBEAT] SimTick: 901 | NetHead: 900 | Confirmed: 893 | Missing: 8 | StateHash: 0x0787F156
[P7] [HEARTBEAT] SimTick: 901 | NetHead: 900 | Confirmed: 899 | Missing: 2 | StateHash: 0x0787F156
[P0] [HEARTBEAT] SimTick: 961 | NetHead: 960 | Confirmed: 914 | Missing: 47 | StateHash: 0x148BF155
[P1] [HEARTBEAT] SimTick: 961 | NetHead: 960 | Confirmed: 915 | Missing: 46 | StateHash: 0x4E0CEE1C
[P2] [HEARTBEAT] SimTick: 962 | NetHead: 961 | Confirmed: 816 | Missing: 146 | StateHash: 0xC1479A0A
[P3] [HEARTBEAT] SimTick: 961 | NetHead: 960 | Confirmed: 817 | Missing: 144 | StateHash: 0xEB781A33
[P4] [HEARTBEAT] SimTick: 961 | NetHead: 960 | Confirmed: 941 | Missing: 20 | StateHash: 0x148BF155
[P5] [HEARTBEAT] SimTick: 961 | NetHead: 960 | Confirmed: 947 | Missing: 14 | StateHash: 0x148BF155
[P6] [HEARTBEAT] SimTick: 961 | NetHead: 960 | Confirmed: 953 | Missing: 8 | StateHash: 0x148BF155
[P7] [HEARTBEAT] SimTick: 961 | NetHead: 960 | Confirmed: 959 | Missing: 2 | StateHash: 0x148BF155
[P0] [HEARTBEAT] SimTick: 1021 | NetHead: 1020 | Confirmed: 974 | Missing: 47 | StateHash: 0x076CAB5C
[P1] [HEARTBEAT] SimTick: 1021 | NetHead: 1020 | Confirmed: 975 | Missing: 46 | StateHash: 0x076CAB5C
[P2] [HEARTBEAT] SimTick: 1022 | NetHead: 1021 | Confirmed: 871 | Missing: 151 | StateHash: 0xE2B955FE
[P3] [HEARTBEAT] SimTick: 1021 | NetHead: 1020 | Confirmed: 878 | Missing: 143 | StateHash: 0xEB7F209F
[P4] [HEARTBEAT] SimTick: 1021 | NetHead: 1020 | Confirmed: 1001 | Missing: 20 | StateHash: 0xCE6ADFA1
[P5] [HEARTBEAT] SimTick: 1021 | NetHead: 1020 | Confirmed: 1007 | Missing: 14 | StateHash: 0xCE6ADFA1
[P6] [HEARTBEAT] SimTick: 1021 | NetHead: 1020 | Confirmed: 1013 | Missing: 8 | StateHash: 0x0DD6A51E
[P7] [HEARTBEAT] SimTick: 1022 | NetHead: 1021 | Confirmed: 1020 | Missing: 2 | StateHash: 0x0DD6A51E
[P0] [HEARTBEAT] SimTick: 1081 | NetHead: 1080 | Confirmed: 1035 | Missing: 46 | StateHash: 0x629B4305
[P1] [HEARTBEAT] SimTick: 1081 | NetHead: 1080 | Confirmed: 1034 | Missing: 47 | StateHash: 0x434C2B7C
[P2] [HEARTBEAT] SimTick: 1082 | NetHead: 1081 | Confirmed: 936 | Missing: 146 | StateHash: 0x696D2662
[P3] [HEARTBEAT] SimTick: 1081 | NetHead: 1080 | Confirmed: 940 | Missing: 141 | StateHash: 0xB2733593
[P4] [HEARTBEAT] SimTick: 1082 | NetHead: 1081 | Confirmed: 1061 | Missing: 21 | StateHash: 0x629B4305
[P5] [HEARTBEAT] SimTick: 1081 | NetHead: 1080 | Confirmed: 1067 | Missing: 14 | StateHash: 0x629B4305
[P6] [HEARTBEAT] SimTick: 1081 | NetHead: 1080 | Confirmed: 1073 | Missing: 8 | StateHash: 0x629B4305
[P7] [HEARTBEAT] SimTick: 1082 | NetHead: 1081 | Confirmed: 1080 | Missing: 2 | StateHash: 0x629B4305
[P0] [HEARTBEAT] SimTick: 1142 | NetHead: 1141 | Confirmed: 1096 | Missing: 46 | StateHash: 0x0011A46C
[P1] [HEARTBEAT] SimTick: 1142 | NetHead: 1141 | Confirmed: 1094 | Missing: 48 | StateHash: 0x0011A46C
[P2] [HEARTBEAT] SimTick: 1143 | NetHead: 1142 | Confirmed: 1000 | Missing: 143 | StateHash: 0x113CD9B2
[P3] [HEARTBEAT] SimTick: 1141 | NetHead: 1140 | Confirmed: 1001 | Missing: 140 | StateHash: 0x13DD6620
[P4] [HEARTBEAT] SimTick: 1142 | NetHead: 1141 | Confirmed: 1122 | Missing: 20 | StateHash: 0xF2DA1D61
[P5] [HEARTBEAT] SimTick: 1141 | NetHead: 1140 | Confirmed: 1127 | Missing: 14 | StateHash: 0xF2DA1D61
[P6] [HEARTBEAT] SimTick: 1141 | NetHead: 1140 | Confirmed: 1133 | Missing: 8 | StateHash: 0xBAAB84FE
[P7] [HEARTBEAT] SimTick: 1142 | NetHead: 1141 | Confirmed: 1140 | Missing: 2 | StateHash: 0xBAAB84FE
[P0] [HEARTBEAT] SimTick: 1202 | NetHead: 1201 | Confirmed: 1156 | Missing: 46 | StateHash: 0x9076F3F5
[P1] [HEARTBEAT] SimTick: 1202 | NetHead: 1201 | Confirmed: 1156 | Missing: 46 | StateHash: 0x9076F3F5
[P2] [HEARTBEAT] SimTick: 1203 | NetHead: 1202 | Confirmed: 1056 | Missing: 147 | StateHash: 0x0B636DA2
[P3] [HEARTBEAT] SimTick: 1201 | NetHead: 1200 | Confirmed: 1060 | Missing: 141 | StateHash: 0x0011A46C
[P4] [HEARTBEAT] SimTick: 1202 | NetHead: 1201 | Confirmed: 1181 | Missing: 21 | StateHash: 0x9076F3F5
[P5] [HEARTBEAT] SimTick: 1201 | NetHead: 1200 | Confirmed: 1187 | Missing: 14 | StateHash: 0x9076F3F5
[P6] [HEARTBEAT] SimTick: 1201 | NetHead: 1200 | Confirmed: 1193 | Missing: 8 | StateHash: 0x9076F3F5
[P7] [HEARTBEAT] SimTick: 1202 | NetHead: 1201 | Confirmed: 1200 | Missing: 2 | StateHash: 0x9076F3F5
[P0] [HEARTBEAT] SimTick: 1262 | NetHead: 1261 | Confirmed: 1216 | Missing: 46 | StateHash: 0xC077C16C
[P1] [HEARTBEAT] SimTick: 1262 | NetHead: 1261 | Confirmed: 1217 | Missing: 45 | StateHash: 0xC077C16C
[P2] [HEARTBEAT] SimTick: 1263 | NetHead: 1262 | Confirmed: 1119 | Missing: 144 | StateHash: 0xC99DB072
[P3] [HEARTBEAT] SimTick: 1262 | NetHead: 1261 | Confirmed: 1116 | Missing: 146 | StateHash: 0x4CA4DF8B
[P4] [HEARTBEAT] SimTick: 1262 | NetHead: 1261 | Confirmed: 1241 | Missing: 21 | StateHash: 0xDB274659
[P5] [HEARTBEAT] SimTick: 1262 | NetHead: 1261 | Confirmed: 1248 | Missing: 14 | StateHash: 0xDB274659
[P6] [HEARTBEAT] SimTick: 1261 | NetHead: 1260 | Confirmed: 1253 | Missing: 8 | StateHash: 0xC55F07A6
[P7] [HEARTBEAT] SimTick: 1262 | NetHead: 1261 | Confirmed: 1260 | Missing: 2 | StateHash: 0xC55F07A6
[P0] [HEARTBEAT] SimTick: 1322 | NetHead: 1321 | Confirmed: 1276 | Missing: 46 | StateHash: 0xCA3B5745
[P1] [HEARTBEAT] SimTick: 1322 | NetHead: 1321 | Confirmed: 1275 | Missing: 47 | StateHash: 0xCA3B5745
[P2] [HEARTBEAT] SimTick: 1323 | NetHead: 1322 | Confirmed: 1178 | Missing: 145 | StateHash: 0x1B79D59A
[P3] [HEARTBEAT] SimTick: 1322 | NetHead: 1321 | Confirmed: 1182 | Missing: 140 | StateHash: 0xC93717A3
[P4] [HEARTBEAT] SimTick: 1322 | NetHead: 1321 | Confirmed: 1302 | Missing: 20 | StateHash: 0xCA3B5745
[P5] [HEARTBEAT] SimTick: 1322 | NetHead: 1321 | Confirmed: 1308 | Missing: 14 | StateHash: 0xCA3B5745
[P6] [HEARTBEAT] SimTick: 1322 | NetHead: 1321 | Confirmed: 1314 | Missing: 8 | StateHash: 0xCA3B5745
[P7] [HEARTBEAT] SimTick: 1322 | NetHead: 1321 | Confirmed: 1320 | Missing: 2 | StateHash: 0xCA3B5745
[P0] [HEARTBEAT] SimTick: 1382 | NetHead: 1381 | Confirmed: 1336 | Missing: 46 | StateHash: 0x567EEE7C
[P1] [HEARTBEAT] SimTick: 1382 | NetHead: 1381 | Confirmed: 1335 | Missing: 47 | StateHash: 0x567EEE7C
[P2] [HEARTBEAT] SimTick: 1383 | NetHead: 1382 | Confirmed: 1239 | Missing: 144 | StateHash: 0xB27920FA
[P3] [HEARTBEAT] SimTick: 1382 | NetHead: 1381 | Confirmed: 1244 | Missing: 138 | StateHash: 0x73F3C60B
[P4] [HEARTBEAT] SimTick: 1382 | NetHead: 1381 | Confirmed: 1362 | Missing: 20 | StateHash: 0x2C9C4BE1
[P5] [HEARTBEAT] SimTick: 1382 | NetHead: 1381 | Confirmed: 1368 | Missing: 14 | StateHash: 0x2C9C4BE1
[P6] [HEARTBEAT] SimTick: 1382 | NetHead: 1381 | Confirmed: 1374 | Missing: 8 | StateHash: 0xC640DC1E
[P7] [HEARTBEAT] SimTick: 1382 | NetHead: 1381 | Confirmed: 1380 | Missing: 2 | StateHash: 0xC640DC1E
[P0] [HEARTBEAT] SimTick: 1442 | NetHead: 1441 | Confirmed: 1396 | Missing: 46 | StateHash: 0x2C764CE5
[P1] [HEARTBEAT] SimTick: 1442 | NetHead: 1441 | Confirmed: 1394 | Missing: 48 | StateHash: 0xEB452FFC
[P2] [HEARTBEAT] SimTick: 1443 | NetHead: 1442 | Confirmed: 1297 | Missing: 146 | StateHash: 0xECEF3A62
[P3] [HEARTBEAT] SimTick: 1442 | NetHead: 1441 | Confirmed: 1300 | Missing: 142 | StateHash: 0x718F707B
[P4] [HEARTBEAT] SimTick: 1442 | NetHead: 1441 | Confirmed: 1421 | Missing: 21 | StateHash: 0x2C764CE5
[P5] [HEARTBEAT] SimTick: 1442 | NetHead: 1441 | Confirmed: 1428 | Missing: 14 | StateHash: 0x2C764CE5
[P6] [HEARTBEAT] SimTick: 1442 | NetHead: 1441 | Confirmed: 1434 | Missing: 8 | StateHash: 0x2C764CE5
[P7] [HEARTBEAT] SimTick: 1442 | NetHead: 1441 | Confirmed: 1440 | Missing: 2 | StateHash: 0x2C764CE5
[P0] [HEARTBEAT] SimTick: 1502 | NetHead: 1501 | Confirmed: 1456 | Missing: 46 | StateHash: 0xBA6EF08C
[P1] [HEARTBEAT] SimTick: 1502 | NetHead: 1501 | Confirmed: 1455 | Missing: 47 | StateHash: 0xBA6EF08C
[P2] [HEARTBEAT] SimTick: 1503 | NetHead: 1502 | Confirmed: 1354 | Missing: 149 | StateHash: 0xF19CF842
[P3] [HEARTBEAT] SimTick: 1502 | NetHead: 1501 | Confirmed: 1361 | Missing: 141 | StateHash: 0x0744BAAB
[P4] [HEARTBEAT] SimTick: 1502 | NetHead: 1501 | Confirmed: 1482 | Missing: 20 | StateHash: 0x86257539
[P5] [HEARTBEAT] SimTick: 1502 | NetHead: 1501 | Confirmed: 1488 | Missing: 14 | StateHash: 0x86257539
[P6] [HEARTBEAT] SimTick: 1502 | NetHead: 1501 | Confirmed: 1494 | Missing: 8 | StateHash: 0x0527AA06
[P7] [HEARTBEAT] SimTick: 1502 | NetHead: 1501 | Confirmed: 1500 | Missing: 2 | StateHash: 0x0527AA06
[P0] [HEARTBEAT] SimTick: 1562 | NetHead: 1561 | Confirmed: 1516 | Missing: 46 | StateHash: 0x76555E45
