========================================
 WEAVER ENGINE: 8-NODE DEEP HISTORY 
========================================
Enter Node ID (0-7): 
> [SYSTEM] Node 0 bound to :50000. Meshing topology...
[SYSTEM] Topology Locked. Entering FSM loop.
[HEARTBEAT] SimTick: 61 | NetHead: 60 | Confirmed: 15 | Missing: 46 | StateHash: 0x1911258C
[HEARTBEAT] SimTick: 121 | NetHead: 120 | Confirmed: 75 | Missing: 46 | StateHash: 0x4348D945
[HEARTBEAT] SimTick: 181 | NetHead: 180 | Confirmed: 135 | Missing: 46 | StateHash: 0xCEF5ADAC
[HEARTBEAT] SimTick: 241 | NetHead: 240 | Confirmed: 195 | Missing: 46 | StateHash: 0x65BB6F25
[HEARTBEAT] SimTick: 301 | NetHead: 300 | Confirmed: 255 | Missing: 46 | StateHash: 0xD13626DC
[HEARTBEAT] SimTick: 361 | NetHead: 360 | Confirmed: 315 | Missing: 46 | StateHash: 0x7D08F545
[HEARTBEAT] SimTick: 421 | NetHead: 420 | Confirmed: 375 | Missing: 46 | StateHash: 0x5FA082DC
[HEARTBEAT] SimTick: 481 | NetHead: 480 | Confirmed: 435 | Missing: 46 | StateHash: 0xCA48CF55
[HEARTBEAT] SimTick: 541 | NetHead: 540 | Confirmed: 495 | Missing: 46 | StateHash: 0x288D931C
[HEARTBEAT] SimTick: 601 | NetHead: 600 | Confirmed: 555 | Missing: 46 | StateHash: 0xC453ED45
[HEARTBEAT] SimTick: 661 | NetHead: 660 | Confirmed: 615 | Missing: 46 | StateHash: 0x4F52DF2C
[HEARTBEAT] SimTick: 721 | NetHead: 720 | Confirmed: 675 | Missing: 46 | StateHash: 0x01FE1DB5
[HEARTBEAT] SimTick: 781 | NetHead: 780 | Confirmed: 735 | Missing: 46 | StateHash: 0x4A8F0F6C
[HEARTBEAT] SimTick: 841 | NetHead: 840 | Confirmed: 795 | Missing: 46 | StateHash: 0x2782E245
[HEARTBEAT] SimTick: 901 | NetHead: 900 | Confirmed: 855 | Missing: 46 | StateHash: 0xFB9F201C
[HEARTBEAT] SimTick: 961 | NetHead: 960 | Confirmed: 915 | Missing: 46 | StateHash: 0x148BF155
[HEARTBEAT] SimTick: 1021 | NetHead: 1020 | Confirmed: 975 | Missing: 46 | StateHash: 0x076CAB5C
[HEARTBEAT] SimTick: 1081 | NetHead: 1080 | Confirmed: 1035 | Missing: 46 | StateHash: 0x629B4305
[HEARTBEAT] SimTick: 1142 | NetHead: 1141 | Confirmed: 1096 | Missing: 46 | StateHash: 0x0011A46C
[HEARTBEAT] SimTick: 1202 | NetHead: 1201 | Confirmed: 1156 | Missing: 46 | StateHash: 0x9076F3F5
[HEARTBEAT] SimTick: 1262 | NetHead: 1261 | Confirmed: 1216 | Missing: 46 | StateHash: 0xC077C16C
[HEARTBEAT] SimTick: 1322 | NetHead: 1321 | Confirmed: 1276 | Missing: 46 | StateHash: 0xCA3B5745
[HEARTBEAT] SimTick: 1382 | NetHead: 1381 | Confirmed: 1336 | Missing: 46 | StateHash: 0x567EEE7C
[HEARTBEAT] SimTick: 1442 | NetHead: 1441 | Confirmed: 1396 | Missing: 46 | StateHash: 0x2C764CE5
[HEARTBEAT] SimTick: 1502 | NetHead: 1501 | Confirmed: 1456 | Missing: 46 | StateHash: 0xBA6EF08C
[HEARTBEAT] SimTick: 1562 | NetHead: 1561 | Confirmed: 1516 | Missing: 46 | StateHash: 0x76555E45
[HEARTBEAT] SimTick: 1622 | NetHead: 1621 | Confirmed: 1576 | Missing: 46 | StateHash: 0x3D56BB0C
[HEARTBEAT] SimTick: 1682 | NetHead: 1681 | Confirmed: 1636 | Missing: 46 | StateHash: 0x0D1BD335
[HEARTBEAT] SimTick: 1742 | NetHead: 1741 | Confirmed: 1696 | Missing: 46 | StateHash: 0x4BA3C23C
[HEARTBEAT] SimTick: 1802 | NetHead: 1801 | Confirmed: 1756 | Missing: 46 | StateHash: 0xBAE0E345
[HEARTBEAT] SimTick: 1862 | NetHead: 1861 | Confirmed: 1816 | Missing: 46 | StateHash: 0xC950CEAC
[HEARTBEAT] SimTick: 1922 | NetHead: 1921 | Confirmed: 1876 | Missing: 46 | StateHash: 0x6E6412D5
[HEARTBEAT] SimTick: 1982 | NetHead: 1981 | Confirmed: 1936 | Missing: 46 | StateHash: 0x3870560C
[HEARTBEAT] SimTick: 2042 | NetHead: 2041 | Confirmed: 1996 | Missing: 46 | StateHash: 0x6488D085
[HEARTBEAT] SimTick: 2102 | NetHead: 2101 | Confirmed: 2056 | Missing: 46 | StateHash: 0xB418787C
[HEARTBEAT] SimTick: 2162 | NetHead: 2161 | Confirmed: 2116 | Missing: 46 | StateHash: 0xA1F88725
[HEARTBEAT] SimTick: 2222 | NetHead: 2221 | Confirmed: 2176 | Missing: 46 | StateHash: 0x9BD7400C
[HEARTBEAT] SimTick: 2283 | NetHead: 2282 | Confirmed: 2237 | Missing: 46 | StateHash: 0xA3BF6585
[HEARTBEAT] SimTick: 2343 | NetHead: 2342 | Confirmed: 2297 | Missing: 46 | StateHash: 0x5910C36C
[HEARTBEAT] SimTick: 2403 | NetHead: 2402 | Confirmed: 2357 | Missing: 46 | StateHash: 0x06FF5F45
[HEARTBEAT] SimTick: 2463 | NetHead: 2462 | Confirmed: 2417 | Missing: 46 | StateHash: 0x6D6CB77C
[HEARTBEAT] SimTick: 2523 | NetHead: 2522 | Confirmed: 2477 | Missing: 46 | StateHash: 0x3E912F85
[HEARTBEAT] SimTick: 2583 | NetHead: 2582 | Confirmed: 2537 | Missing: 46 | StateHash: 0x649B723C
[HEARTBEAT] SimTick: 2643 | NetHead: 2642 | Confirmed: 2597 | Missing: 46 | StateHash: 0x093E7465
[HEARTBEAT] SimTick: 2703 | NetHead: 2702 | Confirmed: 2657 | Missing: 46 | StateHash: 0x28BF411C
[HEARTBEAT] SimTick: 2763 | NetHead: 2762 | Confirmed: 2717 | Missing: 46 | StateHash: 0x26BAC605
[HEARTBEAT] SimTick: 2823 | NetHead: 2822 | Confirmed: 2777 | Missing: 46 | StateHash: 0xC261F1BC
[HEARTBEAT] SimTick: 2883 | NetHead: 2882 | Confirmed: 2837 | Missing: 46 | StateHash: 0x2AFBB325
[HEARTBEAT] SimTick: 2943 | NetHead: 2942 | Confirmed: 2897 | Missing: 46 | StateHash: 0xA020060C
[HEARTBEAT] SimTick: 3003 | NetHead: 3002 | Confirmed: 2957 | Missing: 46 | StateHash: 0x414F1545
[HEARTBEAT] SimTick: 3064 | NetHead: 3063 | Confirmed: 3018 | Missing: 46 | StateHash: 0xE4E5610C
[HEARTBEAT] SimTick: 3124 | NetHead: 3123 | Confirmed: 3078 | Missing: 46 | StateHash: 0xAE016375
[HEARTBEAT] SimTick: 3184 | NetHead: 3183 | Confirmed: 3138 | Missing: 46 | StateHash: 0xBB9F9E4C
[HEARTBEAT] SimTick: 3244 | NetHead: 3243 | Confirmed: 3198 | Missing: 46 | StateHash: 0xCC26F905
[HEARTBEAT] SimTick: 3304 | NetHead: 3303 | Confirmed: 3258 | Missing: 46 | StateHash: 0x03C74B1C
[HEARTBEAT] SimTick: 3364 | NetHead: 3363 | Confirmed: 3318 | Missing: 46 | StateHash: 0x895EF155
[HEARTBEAT] SimTick: 3424 | NetHead: 3423 | Confirmed: 3378 | Missing: 46 | StateHash: 0xD730FFAC
[HEARTBEAT] SimTick: 3484 | NetHead: 3483 | Confirmed: 3438 | Missing: 46 | StateHash: 0x4AB95A85
[HEARTBEAT] SimTick: 3544 | NetHead: 3543 | Confirmed: 3498 | Missing: 46 | StateHash: 0x6E30949C
[HEARTBEAT] SimTick: 3604 | NetHead: 3603 | Confirmed: 3558 | Missing: 46 | StateHash: 0xF7F98015
[HEARTBEAT] SimTick: 3664 | NetHead: 3663 | Confirmed: 3618 | Missing: 46 | StateHash: 0xDBDD50EC
[HEARTBEAT] SimTick: 3724 | NetHead: 3723 | Confirmed: 3678 | Missing: 46 | StateHash: 0x7D595285
[HEARTBEAT] SimTick: 3784 | NetHead: 3783 | Confirmed: 3738 | Missing: 46 | StateHash: 0xDD13EA1C
[HEARTBEAT] SimTick: 3844 | NetHead: 3843 | Confirmed: 3798 | Missing: 46 | StateHash: 0x242EC745
[HEARTBEAT] SimTick: 3904 | NetHead: 3903 | Confirmed: 3858 | Missing: 46 | StateHash: 0x8DE2E49C
[HEARTBEAT] SimTick: 3964 | NetHead: 3963 | Confirmed: 3918 | Missing: 46 | StateHash: 0xC7B49B05
[HEARTBEAT] SimTick: 4025 | NetHead: 4024 | Confirmed: 3979 | Missing: 46 | StateHash: 0x6FE54F7C
[HEARTBEAT] SimTick: 4085 | NetHead: 4084 | Confirmed: 4039 | Missing: 46 | StateHash: 0xDB1D5295
[HEARTBEAT] SimTick: 4145 | NetHead: 4144 | Confirmed: 4099 | Missing: 46 | StateHash: 0x426BFE4C
[HEARTBEAT] SimTick: 4205 | NetHead: 4204 | Confirmed: 4159 | Missing: 46 | StateHash: 0x6A8C2345
[HEARTBEAT] SimTick: 4265 | NetHead: 4264 | Confirmed: 4219 | Missing: 46 | StateHash: 0x9C3BEADC
[HEARTBEAT] SimTick: 4325 | NetHead: 4324 | Confirmed: 4279 | Missing: 46 | StateHash: 0xC672B1E5
[HEARTBEAT] SimTick: 4385 | NetHead: 4384 | Confirmed: 4339 | Missing: 46 | StateHash: 0x6002216C
[HEARTBEAT] SimTick: 4445 | NetHead: 4444 | Confirmed: 4399 | Missing: 46 | StateHash: 0xB6089D05
[HEARTBEAT] SimTick: 4505 | NetHead: 4504 | Confirmed: 4459 | Missing: 46 | StateHash: 0x163FC1CC
[HEARTBEAT] SimTick: 4565 | NetHead: 4564 | Confirmed: 4519 | Missing: 46 | StateHash: 0x8D7A9525
[HEARTBEAT] SimTick: 4625 | NetHead: 4624 | Confirmed: 4579 | Missing: 46 | StateHash: 0xA4A2F26C
[HEARTBEAT] SimTick: 4685 | NetHead: 4684 | Confirmed: 4639 | Missing: 46 | StateHash: 0x92E5D345
[HEARTBEAT] SimTick: 4745 | NetHead: 4744 | Confirmed: 4699 | Missing: 46 | StateHash: 0xFB3F1CAC
[HEARTBEAT] SimTick: 4805 | NetHead: 4804 | Confirmed: 4759 | Missing: 46 | StateHash: 0x8291C7F5
[HEARTBEAT] SimTick: 4866 | NetHead: 4865 | Confirmed: 4820 | Missing: 46 | StateHash: 0x7E88131C
[HEARTBEAT] SimTick: 4926 | NetHead: 4925 | Confirmed: 4880 | Missing: 46 | StateHash: 0x571D9285
[HEARTBEAT] SimTick: 4986 | NetHead: 4985 | Confirmed: 4940 | Missing: 46 | StateHash: 0xAE7CDA4C
[HEARTBEAT] SimTick: 5046 | NetHead: 5045 | Confirmed: 5000 | Missing: 46 | StateHash: 0xE14EF185
[HEARTBEAT] SimTick: 5106 | NetHead: 5105 | Confirmed: 5060 | Missing: 46 | StateHash: 0x11E8ED0C
[HEARTBEAT] SimTick: 5166 | NetHead: 5165 | Confirmed: 5120 | Missing: 46 | StateHash: 0x96CD7885
[HEARTBEAT] SimTick: 5226 | NetHead: 5225 | Confirmed: 5180 | Missing: 46 | StateHash: 0xE3F46AEC
[HEARTBEAT] SimTick: 5286 | NetHead: 5285 | Confirmed: 5240 | Missing: 46 | StateHash: 0x05816785
[HEARTBEAT] SimTick: 5346 | NetHead: 5345 | Confirmed: 5300 | Missing: 46 | StateHash: 0xCDC01D2C
[HEARTBEAT] SimTick: 5406 | NetHead: 5405 | Confirmed: 5360 | Missing: 46 | StateHash: 0x73F55245
[HEARTBEAT] SimTick: 5466 | NetHead: 5465 | Confirmed: 5420 | Missing: 46 | StateHash: 0x7BFAD48C
[HEARTBEAT] SimTick: 5526 | NetHead: 5525 | Confirmed: 5480 | Missing: 46 | StateHash: 0x03814815
[HEARTBEAT] SimTick: 5586 | NetHead: 5585 | Confirmed: 5540 | Missing: 46 | StateHash: 0x32D1B31C
[HEARTBEAT] SimTick: 5646 | NetHead: 5645 | Confirmed: 5600 | Missing: 46 | StateHash: 0x7336CF45
[HEARTBEAT] SimTick: 5706 | NetHead: 5705 | Confirmed: 5660 | Missing: 46 | StateHash: 0xCEDF87AC
[HEARTBEAT] SimTick: 5766 | NetHead: 5765 | Confirmed: 5720 | Missing: 46 | StateHash: 0x68C1E295
[HEARTBEAT] SimTick: 5826 | NetHead: 5825 | Confirmed: 5780 | Missing: 46 | StateHash: 0xC1DF4BBC
[HEARTBEAT] SimTick: 5886 | NetHead: 5885 | Confirmed: 5840 | Missing: 46 | StateHash: 0xE7178745
[HEARTBEAT] SimTick: 5946 | NetHead: 5945 | Confirmed: 5900 | Missing: 46 | StateHash: 0x6793E9AC
[HEARTBEAT] SimTick: 6007 | NetHead: 6006 | Confirmed: 5961 | Missing: 46 | StateHash: 0xE52B46A5
[HEARTBEAT] SimTick: 6067 | NetHead: 6066 | Confirmed: 6021 | Missing: 46 | StateHash: 0xB8692E8C
[HEARTBEAT] SimTick: 6127 | NetHead: 6126 | Confirmed: 6081 | Missing: 46 | StateHash: 0x66A66E05
[HEARTBEAT] SimTick: 6187 | NetHead: 6186 | Confirmed: 6141 | Missing: 46 | StateHash: 0x079BDFCC
[HEARTBEAT] SimTick: 6247 | NetHead: 6246 | Confirmed: 6201 | Missing: 46 | StateHash: 0x7AE66065
[HEARTBEAT] SimTick: 6307 | NetHead: 6306 | Confirmed: 6261 | Missing: 46 | StateHash: 0xD45AB57C
[HEARTBEAT] SimTick: 6367 | NetHead: 6366 | Confirmed: 6321 | Missing: 46 | StateHash: 0x4122E185
[HEARTBEAT] SimTick: 6427 | NetHead: 6426 | Confirmed: 6381 | Missing: 46 | StateHash: 0x307B8701
[HEARTBEAT] SimTick: 6487 | NetHead: 6486 | Confirmed: 6441 | Missing: 46 | StateHash: 0x33FE1C25
[HEARTBEAT] SimTick: 6547 | NetHead: 6546 | Confirmed: 6501 | Missing: 46 | StateHash: 0x988C265C
[HEARTBEAT] SimTick: 6607 | NetHead: 6606 | Confirmed: 6561 | Missing: 46 | StateHash: 0x577291C5
[HEARTBEAT] SimTick: 6667 | NetHead: 6666 | Confirmed: 6621 | Missing: 46 | StateHash: 0x14CF421C
[HEARTBEAT] SimTick: 6727 | NetHead: 6726 | Confirmed: 6681 | Missing: 46 | StateHash: 0xA8A41A05
[HEARTBEAT] SimTick: 6787 | NetHead: 6786 | Confirmed: 6741 | Missing: 46 | StateHash: 0x40C944DC
[HEARTBEAT] SimTick: 6847 | NetHead: 6846 | Confirmed: 6801 | Missing: 46 | StateHash: 0xAFCFCB05
[HEARTBEAT] SimTick: 6907 | NetHead: 6906 | Confirmed: 6861 | Missing: 46 | StateHash: 0x8BCC1F5C
[HEARTBEAT] SimTick: 6968 | NetHead: 6967 | Confirmed: 6922 | Missing: 46 | StateHash: 0xAF7A2F35
[HEARTBEAT] SimTick: 7028 | NetHead: 7027 | Confirmed: 6982 | Missing: 46 | StateHash: 0xB2AC93C1
[HEARTBEAT] SimTick: 7088 | NetHead: 7087 | Confirmed: 7042 | Missing: 46 | StateHash: 0xCE8C1545
[HEARTBEAT] SimTick: 7148 | NetHead: 7147 | Confirmed: 7102 | Missing: 46 | StateHash: 0x5D117E71
[HEARTBEAT] SimTick: 7208 | NetHead: 7207 | Confirmed: 7162 | Missing: 46 | StateHash: 0x3B32C3F5
[HEARTBEAT] SimTick: 7268 | NetHead: 7267 | Confirmed: 7222 | Missing: 46 | StateHash: 0xD507ECE1
[HEARTBEAT] SimTick: 7328 | NetHead: 7327 | Confirmed: 7282 | Missing: 46 | StateHash: 0x3C0A1A85
[HEARTBEAT] SimTick: 7388 | NetHead: 7387 | Confirmed: 7342 | Missing: 46 | StateHash: 0xC84CECD1
[HEARTBEAT] SimTick: 7448 | NetHead: 7447 | Confirmed: 7402 | Missing: 46 | StateHash: 0x44329975
[HEARTBEAT] SimTick: 7508 | NetHead: 7507 | Confirmed: 7462 | Missing: 46 | StateHash: 0x9BAEC561
[HEARTBEAT] SimTick: 7568 | NetHead: 7567 | Confirmed: 7522 | Missing: 46 | StateHash: 0x48AF3745
[HEARTBEAT] SimTick: 7629 | NetHead: 7628 | Confirmed: 7583 | Missing: 46 | StateHash: 0xDE4C8211
[HEARTBEAT] SimTick: 7689 | NetHead: 7688 | Confirmed: 7643 | Missing: 46 | StateHash: 0xA1912AB5
[HEARTBEAT] SimTick: 7749 | NetHead: 7748 | Confirmed: 7703 | Missing: 46 | StateHash: 0xEB45B041
[HEARTBEAT] SimTick: 7809 | NetHead: 7808 | Confirmed: 7763 | Missing: 46 | StateHash: 0x0EDA9745
[HEARTBEAT] SimTick: 7869 | NetHead: 7868 | Confirmed: 7823 | Missing: 46 | StateHash: 0x14D6B891
[HEARTBEAT] SimTick: 7929 | NetHead: 7928 | Confirmed: 7883 | Missing: 46 | StateHash: 0x726DD515
[HEARTBEAT] SimTick: 7989 | NetHead: 7988 | Confirmed: 7943 | Missing: 46 | StateHash: 0xB3FDE121
[HEARTBEAT] SimTick: 8049 | NetHead: 8048 | Confirmed: 8003 | Missing: 46 | StateHash: 0xBBF03885
[HEARTBEAT] SimTick: 8109 | NetHead: 8108 | Confirmed: 8063 | Missing: 46 | StateHash: 0xC9961C71
[HEARTBEAT] SimTick: 8169 | NetHead: 8168 | Confirmed: 8123 | Missing: 46 | StateHash: 0xFCC4B4D5
[HEARTBEAT] SimTick: 8229 | NetHead: 8228 | Confirmed: 8183 | Missing: 46 | StateHash: 0x0EDE1B81
[HEARTBEAT] SimTick: 8289 | NetHead: 8288 | Confirmed: 8243 | Missing: 46 | StateHash: 0x3F92AD05
[HEARTBEAT] SimTick: 8349 | NetHead: 8348 | Confirmed: 8303 | Missing: 46 | StateHash: 0x9781E0E1
[HEARTBEAT] SimTick: 8409 | NetHead: 8408 | Confirmed: 8363 | Missing: 46 | StateHash: 0xA72355C5
[HEARTBEAT] SimTick: 8469 | NetHead: 8468 | Confirmed: 8423 | Missing: 46 | StateHash: 0x8791F341
[HEARTBEAT] SimTick: 8529 | NetHead: 8528 | Confirmed: 8483 | Missing: 46 | StateHash: 0xCF3BB9C5
[HEARTBEAT] SimTick: 8590 | NetHead: 8589 | Confirmed: 8544 | Missing: 46 | StateHash: 0xEBAD38F1
[HEARTBEAT] SimTick: 8650 | NetHead: 8649 | Confirmed: 8604 | Missing: 46 | StateHash: 0xFAB30AD5
[HEARTBEAT] SimTick: 8710 | NetHead: 8709 | Confirmed: 8664 | Missing: 46 | StateHash: 0x3D5055A1
[HEARTBEAT] SimTick: 8770 | NetHead: 8769 | Confirmed: 8724 | Missing: 46 | StateHash: 0x33C1FEC5
[HEARTBEAT] SimTick: 8830 | NetHead: 8829 | Confirmed: 8784 | Missing: 46 | StateHash: 0xBE347561
[HEARTBEAT] SimTick: 8890 | NetHead: 8889 | Confirmed: 8844 | Missing: 46 | StateHash: 0x3AF4A425
[HEARTBEAT] SimTick: 8950 | NetHead: 8949 | Confirmed: 8903 | Missing: 47 | StateHash: 0x046A80E1
[HEARTBEAT] SimTick: 9010 | NetHead: 9009 | Confirmed: 8964 | Missing: 46 | StateHash: 0x6293D3C5
[HEARTBEAT] SimTick: 9070 | NetHead: 9069 | Confirmed: 9024 | Missing: 46 | StateHash: 0x33094001
[HEARTBEAT] SimTick: 9130 | NetHead: 9129 | Confirmed: 9084 | Missing: 46 | StateHash: 0xCD721BA5
[HEARTBEAT] SimTick: 9190 | NetHead: 9189 | Confirmed: 9144 | Missing: 46 | StateHash: 0xA8B561E1
[HEARTBEAT] SimTick: 9250 | NetHead: 9249 | Confirmed: 9204 | Missing: 46 | StateHash: 0xFC5A6E85
[HEARTBEAT] SimTick: 9310 | NetHead: 9309 | Confirmed: 9264 | Missing: 46 | StateHash: 0x4EEC4F11
[HEARTBEAT] SimTick: 9370 | NetHead: 9369 | Confirmed: 9324 | Missing: 46 | StateHash: 0x6837E555
[HEARTBEAT] SimTick: 9431 | NetHead: 9430 | Confirmed: 9385 | Missing: 46 | StateHash: 0xC3E0E941
[HEARTBEAT] SimTick: 9491 | NetHead: 9490 | Confirmed: 9445 | Missing: 46 | StateHash: 0x2C93C705
[HEARTBEAT] SimTick: 9551 | NetHead: 9550 | Confirmed: 9505 | Missing: 46 | StateHash: 0x430D2B01
[HEARTBEAT] SimTick: 9611 | NetHead: 9610 | Confirmed: 9565 | Missing: 46 | StateHash: 0x2C94B1A5
[HEARTBEAT] SimTick: 9671 | NetHead: 9670 | Confirmed: 9625 | Missing: 46 | StateHash: 0xD9E0FAA1
[HEARTBEAT] SimTick: 9731 | NetHead: 9730 | Confirmed: 9685 | Missing: 46 | StateHash: 0xF3955485
[HEARTBEAT] SimTick: 9791 | NetHead: 9790 | Confirmed: 9745 | Missing: 46 | StateHash: 0xB667FA71
[HEARTBEAT] SimTick: 9851 | NetHead: 9850 | Confirmed: 9805 | Missing: 46 | StateHash: 0xFF182CB5
[HEARTBEAT] SimTick: 9911 | NetHead: 9910 | Confirmed: 9865 | Missing: 46 | StateHash: 0xE71E6561
[HEARTBEAT] SimTick: 9971 | NetHead: 9970 | Confirmed: 9925 | Missing: 46 | StateHash: 0x23BF5A45
[HEARTBEAT] SimTick: 10031 | NetHead: 10030 | Confirmed: 9985 | Missing: 46 | StateHash: 0x9CED6051
[HEARTBEAT] SimTick: 10091 | NetHead: 10090 | Confirmed: 10045 | Missing: 46 | StateHash: 0x6F56AE35
[HEARTBEAT] SimTick: 10151 | NetHead: 10150 | Confirmed: 10105 | Missing: 46 | StateHash: 0x23D47941
[HEARTBEAT] SimTick: 10211 | NetHead: 10210 | Confirmed: 10165 | Missing: 46 | StateHash: 0x51D20705
[HEARTBEAT] SimTick: 10271 | NetHead: 10270 | Confirmed: 10225 | Missing: 46 | StateHash: 0x6949C191
[HEARTBEAT] SimTick: 10332 | NetHead: 10331 | Confirmed: 10286 | Missing: 46 | StateHash: 0x51B0E0D5
[HEARTBEAT] SimTick: 10392 | NetHead: 10391 | Confirmed: 10346 | Missing: 46 | StateHash: 0x99E09861
[HEARTBEAT] SimTick: 10452 | NetHead: 10451 | Confirmed: 10406 | Missing: 46 | StateHash: 0x271398C5
[HEARTBEAT] SimTick: 10512 | NetHead: 10511 | Confirmed: 10466 | Missing: 46 | StateHash: 0xD28FFF61
[HEARTBEAT] SimTick: 10572 | NetHead: 10571 | Confirmed: 10526 | Missing: 46 | StateHash: 0x7A735F25
[HEARTBEAT] SimTick: 10632 | NetHead: 10631 | Confirmed: 10586 | Missing: 46 | StateHash: 0x602C6EE1
[HEARTBEAT] SimTick: 10692 | NetHead: 10691 | Confirmed: 10646 | Missing: 46 | StateHash: 0xFDFF6505
[HEARTBEAT] SimTick: 10752 | NetHead: 10751 | Confirmed: 10706 | Missing: 46 | StateHash: 0x6C9BC121
[HEARTBEAT] SimTick: 10812 | NetHead: 10811 | Confirmed: 10766 | Missing: 46 | StateHash: 0x0235F0C5
[HEARTBEAT] SimTick: 10872 | NetHead: 10871 | Confirmed: 10826 | Missing: 46 | StateHash: 0xD94016E1
[HEARTBEAT] SimTick: 10932 | NetHead: 10931 | Confirmed: 10886 | Missing: 46 | StateHash: 0x65674AC5
[HEARTBEAT] SimTick: 10992 | NetHead: 10991 | Confirmed: 10946 | Missing: 46 | StateHash: 0xD8785AD1
[HEARTBEAT] SimTick: 11052 | NetHead: 11051 | Confirmed: 11006 | Missing: 46 | StateHash: 0x75B07BD5
[HEARTBEAT] SimTick: 11112 | NetHead: 11111 | Confirmed: 11066 | Missing: 46 | StateHash: 0x81693501
[HEARTBEAT] SimTick: 11172 | NetHead: 11171 | Confirmed: 11126 | Missing: 46 | StateHash: 0x656D4685
[HEARTBEAT] SimTick: 11232 | NetHead: 11231 | Confirmed: 11186 | Missing: 46 | StateHash: 0x7206AF41
[HEARTBEAT] SimTick: 11293 | NetHead: 11292 | Confirmed: 11247 | Missing: 46 | StateHash: 0x3DDF3165
[HEARTBEAT] SimTick: 11353 | NetHead: 11352 | Confirmed: 11307 | Missing: 46 | StateHash: 0xA62B3F01
[HEARTBEAT] SimTick: 11413 | NetHead: 11412 | Confirmed: 11367 | Missing: 46 | StateHash: 0x43248505
[HEARTBEAT] SimTick: 11473 | NetHead: 11472 | Confirmed: 11427 | Missing: 46 | StateHash: 0x877470D1
[HEARTBEAT] SimTick: 11533 | NetHead: 11532 | Confirmed: 11487 | Missing: 46 | StateHash: 0x257154B5
[HEARTBEAT] SimTick: 11593 | NetHead: 11592 | Confirmed: 11547 | Missing: 46 | StateHash: 0x8ADE7EC1
[HEARTBEAT] SimTick: 11653 | NetHead: 11652 | Confirmed: 11607 | Missing: 46 | StateHash: 0x94269585
[HEARTBEAT] SimTick: 11713 | NetHead: 11712 | Confirmed: 11667 | Missing: 46 | StateHash: 0x71EE7591
[HEARTBEAT] SimTick: 11773 | NetHead: 11772 | Confirmed: 11726 | Missing: 47 | StateHash: 0x4202C215
[HEARTBEAT] SimTick: 11833 | NetHead: 11832 | Confirmed: 11787 | Missing: 46 | StateHash: 0x1D45D401
[HEARTBEAT] SimTick: 11893 | NetHead: 11892 | Confirmed: 11847 | Missing: 46 | StateHash: 0xA0B61A05
[HEARTBEAT] SimTick: 11953 | NetHead: 11952 | Confirmed: 11907 | Missing: 46 | StateHash: 0x6C3AB5D1
[HEARTBEAT] SimTick: 12013 | NetHead: 12012 | Confirmed: 11967 | Missing: 46 | StateHash: 0x69730055
[HEARTBEAT] SimTick: 12073 | NetHead: 12072 | Confirmed: 12027 | Missing: 46 | StateHash: 0x0F0B63C1
[HEARTBEAT] SimTick: 12133 | NetHead: 12132 | Confirmed: 12087 | Missing: 46 | StateHash: 0xD4523B85
[HEARTBEAT] SimTick: 12193 | NetHead: 12192 | Confirmed: 12147 | Missing: 46 | StateHash: 0x072C1251
[HEARTBEAT] SimTick: 12254 | NetHead: 12253 | Confirmed: 12208 | Missing: 46 | StateHash: 0x0FA2C1D5
[HEARTBEAT] SimTick: 12314 | NetHead: 12313 | Confirmed: 12268 | Missing: 46 | StateHash: 0x13650221
[HEARTBEAT] SimTick: 12374 | NetHead: 12373 | Confirmed: 12328 | Missing: 46 | StateHash: 0xCD43AD05
[HEARTBEAT] SimTick: 12434 | NetHead: 12433 | Confirmed: 12388 | Missing: 46 | StateHash: 0x986DE701
[HEARTBEAT] SimTick: 12494 | NetHead: 12493 | Confirmed: 12448 | Missing: 46 | StateHash: 0x48672CC5
[HEARTBEAT] SimTick: 12554 | NetHead: 12553 | Confirmed: 12508 | Missing: 46 | StateHash: 0x0E80A581
[HEARTBEAT] SimTick: 12614 | NetHead: 12613 | Confirmed: 12568 | Missing: 46 | StateHash: 0x34317AC5
[HEARTBEAT] SimTick: 12674 | NetHead: 12673 | Confirmed: 12627 | Missing: 47 | StateHash: 0x64F83451
[HEARTBEAT] SimTick: 12734 | NetHead: 12733 | Confirmed: 12688 | Missing: 46 | StateHash: 0x9CAFBC75
[HEARTBEAT] SimTick: 12794 | NetHead: 12793 | Confirmed: 12748 | Missing: 46 | StateHash: 0x4650C101
[HEARTBEAT] SimTick: 12854 | NetHead: 12853 | Confirmed: 12808 | Missing: 46 | StateHash: 0x838E7E85
[HEARTBEAT] SimTick: 12914 | NetHead: 12913 | Confirmed: 12868 | Missing: 46 | StateHash: 0xF116BC91
[HEARTBEAT] SimTick: 12974 | NetHead: 12973 | Confirmed: 12928 | Missing: 46 | StateHash: 0x1E374255
[HEARTBEAT] SimTick: 13034 | NetHead: 13033 | Confirmed: 12988 | Missing: 46 | StateHash: 0x9F43A8E1
[HEARTBEAT] SimTick: 13094 | NetHead: 13093 | Confirmed: 13048 | Missing: 46 | StateHash: 0xAF0AA1C5
[HEARTBEAT] SimTick: 13154 | NetHead: 13153 | Confirmed: 13108 | Missing: 46 | StateHash: 0x46873981
[HEARTBEAT] SimTick: 13214 | NetHead: 13213 | Confirmed: 13168 | Missing: 46 | StateHash: 0x27A63EC5
[HEARTBEAT] SimTick: 13275 | NetHead: 13274 | Confirmed: 13229 | Missing: 46 | StateHash: 0x7F88B7E1
[HEARTBEAT] SimTick: 13335 | NetHead: 13334 | Confirmed: 13289 | Missing: 46 | StateHash: 0x7DC93805
[HEARTBEAT] SimTick: 13395 | NetHead: 13394 | Confirmed: 13349 | Missing: 46 | StateHash: 0xF252B001
[HEARTBEAT] SimTick: 13455 | NetHead: 13454 | Confirmed: 13409 | Missing: 46 | StateHash: 0xB10BF365
[HEARTBEAT] SimTick: 13515 | NetHead: 13514 | Confirmed: 13469 | Missing: 46 | StateHash: 0x7B6F91C1
[HEARTBEAT] SimTick: 13575 | NetHead: 13574 | Confirmed: 13529 | Missing: 46 | StateHash: 0xF9B1FEC5
[HEARTBEAT] SimTick: 13635 | NetHead: 13634 | Confirmed: 13589 | Missing: 46 | StateHash: 0x7131AEE1
[HEARTBEAT] SimTick: 13695 | NetHead: 13694 | Confirmed: 13649 | Missing: 46 | StateHash: 0x1E0BC825
[HEARTBEAT] SimTick: 13755 | NetHead: 13754 | Confirmed: 13709 | Missing: 46 | StateHash: 0xF10CEEA1
[HEARTBEAT] SimTick: 13815 | NetHead: 13814 | Confirmed: 13769 | Missing: 46 | StateHash: 0xC5985785
[HEARTBEAT] SimTick: 13875 | NetHead: 13874 | Confirmed: 13829 | Missing: 46 | StateHash: 0x667D8101
[HEARTBEAT] SimTick: 13935 | NetHead: 13934 | Confirmed: 13889 | Missing: 46 | StateHash: 0x27A6AE65
[HEARTBEAT] SimTick: 13995 | NetHead: 13994 | Confirmed: 13949 | Missing: 46 | StateHash: 0xF1FDC041
[HEARTBEAT] SimTick: 14055 | NetHead: 14054 | Confirmed: 14009 | Missing: 46 | StateHash: 0xF7E95D85
[HEARTBEAT] SimTick: 14115 | NetHead: 14114 | Confirmed: 14069 | Missing: 46 | StateHash: 0x2448C201
[HEARTBEAT] SimTick: 14175 | NetHead: 14174 | Confirmed: 14129 | Missing: 46 | StateHash: 0x86340A05
[HEARTBEAT] SimTick: 14235 | NetHead: 14234 | Confirmed: 14189 | Missing: 46 | StateHash: 0x421268F5
[HEARTBEAT] SimTick: 14296 | NetHead: 14295 | Confirmed: 14250 | Missing: 46 | StateHash: 0x82A85859
[HEARTBEAT] SimTick: 14356 | NetHead: 14355 | Confirmed: 14310 | Missing: 46 | StateHash: 0x89DB4B5D
[HEARTBEAT] SimTick: 14416 | NetHead: 14415 | Confirmed: 14370 | Missing: 46 | StateHash: 0x6D232541
[HEARTBEAT] SimTick: 14476 | NetHead: 14475 | Confirmed: 14430 | Missing: 46 | StateHash: 0x8446C5B5
[HEARTBEAT] SimTick: 14536 | NetHead: 14535 | Confirmed: 14490 | Missing: 46 | StateHash: 0x610155B9
[HEARTBEAT] SimTick: 14596 | NetHead: 14595 | Confirmed: 14551 | Missing: 45 | StateHash: 0x3325103D
[HEARTBEAT] SimTick: 14656 | NetHead: 14655 | Confirmed: 14610 | Missing: 46 | StateHash: 0xF9F42041
[HEARTBEAT] SimTick: 14716 | NetHead: 14715 | Confirmed: 14670 | Missing: 46 | StateHash: 0xED516415
[HEARTBEAT] SimTick: 14776 | NetHead: 14775 | Confirmed: 14730 | Missing: 46 | StateHash: 0x457DC6D9
[HEARTBEAT] SimTick: 14836 | NetHead: 14835 | Confirmed: 14790 | Missing: 46 | StateHash: 0xB6FBEB5D
[HEARTBEAT] SimTick: 14896 | NetHead: 14895 | Confirmed: 14850 | Missing: 46 | StateHash: 0x96097501
[HEARTBEAT] SimTick: 14956 | NetHead: 14955 | Confirmed: 14910 | Missing: 46 | StateHash: 0x12ECF79D
[HEARTBEAT] SimTick: 15016 | NetHead: 15015 | Confirmed: 14970 | Missing: 46 | StateHash: 0x36642881
[HEARTBEAT] SimTick: 15076 | NetHead: 15075 | Confirmed: 15030 | Missing: 46 | StateHash: 0xFE8BB485
[HEARTBEAT] SimTick: 15137 | NetHead: 15136 | Confirmed: 15091 | Missing: 46 | StateHash: 0x9B633CE9
[HEARTBEAT] SimTick: 15197 | NetHead: 15196 | Confirmed: 15151 | Missing: 46 | StateHash: 0x0826DE1D
[HEARTBEAT] SimTick: 15257 | NetHead: 15256 | Confirmed: 15211 | Missing: 46 | StateHash: 0x19F0EDC1
[HEARTBEAT] SimTick: 15317 | NetHead: 15316 | Confirmed: 15271 | Missing: 46 | StateHash: 0x6BC034C5
[HEARTBEAT] SimTick: 15377 | NetHead: 15376 | Confirmed: 15331 | Missing: 46 | StateHash: 0x2B1E6329
[HEARTBEAT] SimTick: 15437 | NetHead: 15436 | Confirmed: 15391 | Missing: 46 | StateHash: 0x8798C18D
[HEARTBEAT] SimTick: 15497 | NetHead: 15496 | Confirmed: 15451 | Missing: 46 | StateHash: 0xD4DB8B11
[HEARTBEAT] SimTick: 15557 | NetHead: 15556 | Confirmed: 15511 | Missing: 46 | StateHash: 0xB0A2159D
[HEARTBEAT] SimTick: 15617 | NetHead: 15616 | Confirmed: 15571 | Missing: 46 | StateHash: 0x3EE0B501
[HEARTBEAT] SimTick: 15677 | NetHead: 15676 | Confirmed: 15631 | Missing: 46 | StateHash: 0x9395C715
[HEARTBEAT] SimTick: 15737 | NetHead: 15736 | Confirmed: 15691 | Missing: 46 | StateHash: 0x2C833A99
[HEARTBEAT] SimTick: 15797 | NetHead: 15796 | Confirmed: 15751 | Missing: 46 | StateHash: 0xB24CF8E5
[HEARTBEAT] SimTick: 15857 | NetHead: 15856 | Confirmed: 15811 | Missing: 46 | StateHash: 0x51BAD469
[HEARTBEAT] SimTick: 15917 | NetHead: 15916 | Confirmed: 15871 | Missing: 46 | StateHash: 0x06274C4D
[HEARTBEAT] SimTick: 15977 | NetHead: 15976 | Confirmed: 15931 | Missing: 46 | StateHash: 0x1DA82E31
[HEARTBEAT] SimTick: 16037 | NetHead: 16036 | Confirmed: 15991 | Missing: 46 | StateHash: 0x41334B25
[HEARTBEAT] SimTick: 16098 | NetHead: 16097 | Confirmed: 16052 | Missing: 46 | StateHash: 0x9B66FC49
[HEARTBEAT] SimTick: 16158 | NetHead: 16157 | Confirmed: 16112 | Missing: 46 | StateHash: 0x9088EC4D
[HEARTBEAT] SimTick: 16218 | NetHead: 16217 | Confirmed: 16172 | Missing: 46 | StateHash: 0xB30210B1
[HEARTBEAT] SimTick: 16278 | NetHead: 16277 | Confirmed: 16232 | Missing: 46 | StateHash: 0xA9F75285
[HEARTBEAT] SimTick: 16338 | NetHead: 16337 | Confirmed: 16292 | Missing: 46 | StateHash: 0x0B5F88C9
[HEARTBEAT] SimTick: 16398 | NetHead: 16397 | Confirmed: 16352 | Missing: 46 | StateHash: 0x7E13BD85
[HEARTBEAT] SimTick: 16458 | NetHead: 16457 | Confirmed: 16412 | Missing: 46 | StateHash: 0xFCE3D569
[HEARTBEAT] SimTick: 16518 | NetHead: 16517 | Confirmed: 16472 | Missing: 46 | StateHash: 0xD6EAFA8D
[HEARTBEAT] SimTick: 16578 | NetHead: 16577 | Confirmed: 16532 | Missing: 46 | StateHash: 0xFF4903B1
[HEARTBEAT] SimTick: 16638 | NetHead: 16637 | Confirmed: 16592 | Missing: 46 | StateHash: 0x1E998A75
[HEARTBEAT] SimTick: 16698 | NetHead: 16697 | Confirmed: 16652 | Missing: 46 | StateHash: 0xF91B2E99
[HEARTBEAT] SimTick: 16758 | NetHead: 16757 | Confirmed: 16712 | Missing: 46 | StateHash: 0x7AED5CBD
[HEARTBEAT] SimTick: 16818 | NetHead: 16817 | Confirmed: 16772 | Missing: 46 | StateHash: 0xBEADD561
[HEARTBEAT] SimTick: 16878 | NetHead: 16877 | Confirmed: 16832 | Missing: 46 | StateHash: 0x64875795
[HEARTBEAT] SimTick: 16938 | NetHead: 16937 | Confirmed: 16892 | Missing: 46 | StateHash: 0xAFB56519
[HEARTBEAT] SimTick: 16999 | NetHead: 16998 | Confirmed: 16953 | Missing: 46 | StateHash: 0x286EAABD
[HEARTBEAT] SimTick: 17059 | NetHead: 17058 | Confirmed: 17013 | Missing: 46 | StateHash: 0x9D2A6845
[HEARTBEAT] SimTick: 17119 | NetHead: 17118 | Confirmed: 17073 | Missing: 46 | StateHash: 0x8043B56D
[HEARTBEAT] SimTick: 17179 | NetHead: 17178 | Confirmed: 17133 | Missing: 46 | StateHash: 0xB816B105
[HEARTBEAT] SimTick: 17239 | NetHead: 17238 | Confirmed: 17193 | Missing: 46 | StateHash: 0x8CF67BC5
[HEARTBEAT] SimTick: 17299 | NetHead: 17298 | Confirmed: 17253 | Missing: 46 | StateHash: 0xA3254DB5
[HEARTBEAT] SimTick: 17359 | NetHead: 17358 | Confirmed: 17313 | Missing: 46 | StateHash: 0x043C70ED
[HEARTBEAT] SimTick: 17419 | NetHead: 17418 | Confirmed: 17373 | Missing: 46 | StateHash: 0x2AF1D6C5
[HEARTBEAT] SimTick: 17479 | NetHead: 17478 | Confirmed: 17433 | Missing: 46 | StateHash: 0xD49C8F65
[HEARTBEAT] SimTick: 17539 | NetHead: 17538 | Confirmed: 17493 | Missing: 46 | StateHash: 0xA7174305
[HEARTBEAT] SimTick: 17599 | NetHead: 17598 | Confirmed: 17553 | Missing: 46 | StateHash: 0x1B28DAB5
[HEARTBEAT] SimTick: 17659 | NetHead: 17658 | Confirmed: 17613 | Missing: 46 | StateHash: 0x09A41D85
[HEARTBEAT] SimTick: 17719 | NetHead: 17718 | Confirmed: 17673 | Missing: 46 | StateHash: 0x54C36AAD
[HEARTBEAT] SimTick: 17782 | NetHead: 17781 | Confirmed: 17731 | Missing: 51 | StateHash: 0xF5A2D451
[HEARTBEAT] SimTick: 17842 | NetHead: 17841 | Confirmed: 17796 | Missing: 46 | StateHash: 0x70BE7581
[HEARTBEAT] SimTick: 17902 | NetHead: 17901 | Confirmed: 17856 | Missing: 46 | StateHash: 0x07104741
[HEARTBEAT] SimTick: 17962 | NetHead: 17961 | Confirmed: 17916 | Missing: 46 | StateHash: 0x8BB8DC39
[HEARTBEAT] SimTick: 18022 | NetHead: 18021 | Confirmed: 17976 | Missing: 46 | StateHash: 0x9877AA99
[HEARTBEAT] SimTick: 18082 | NetHead: 18081 | Confirmed: 18036 | Missing: 46 | StateHash: 0x9E4A2F99
[HEARTBEAT] SimTick: 18142 | NetHead: 18141 | Confirmed: 18096 | Missing: 46 | StateHash: 0x6F584331
[HEARTBEAT] SimTick: 18202 | NetHead: 18201 | Confirmed: 18156 | Missing: 46 | StateHash: 0x1CB65159
[HEARTBEAT] SimTick: 18262 | NetHead: 18261 | Confirmed: 18216 | Missing: 46 | StateHash: 0x40A8DC09
[HEARTBEAT] SimTick: 18322 | NetHead: 18321 | Confirmed: 18276 | Missing: 46 | StateHash: 0x33184F91
[HEARTBEAT] SimTick: 18383 | NetHead: 18382 | Confirmed: 18337 | Missing: 46 | StateHash: 0x40FA9D89
[HEARTBEAT] SimTick: 18443 | NetHead: 18442 | Confirmed: 18397 | Missing: 46 | StateHash: 0xC4380BB1
[HEARTBEAT] SimTick: 18503 | NetHead: 18502 | Confirmed: 18457 | Missing: 46 | StateHash: 0x8956AAD9
[HEARTBEAT] SimTick: 18563 | NetHead: 18562 | Confirmed: 18517 | Missing: 46 | StateHash: 0xCEB4EAD9
[HEARTBEAT] SimTick: 18623 | NetHead: 18622 | Confirmed: 18577 | Missing: 46 | StateHash: 0x7EBF6681
[HEARTBEAT] SimTick: 18683 | NetHead: 18682 | Confirmed: 18637 | Missing: 46 | StateHash: 0x9660DA91
[HEARTBEAT] SimTick: 18743 | NetHead: 18742 | Confirmed: 18697 | Missing: 46 | StateHash: 0x8EFE74D1
[HEARTBEAT] SimTick: 18803 | NetHead: 18802 | Confirmed: 18757 | Missing: 46 | StateHash: 0x9B0009E1
[HEARTBEAT] SimTick: 18863 | NetHead: 18862 | Confirmed: 18817 | Missing: 46 | StateHash: 0xB7B1F549
[HEARTBEAT] SimTick: 18923 | NetHead: 18922 | Confirmed: 18877 | Missing: 46 | StateHash: 0xDA1341D9
[HEARTBEAT] SimTick: 18983 | NetHead: 18982 | Confirmed: 18937 | Missing: 46 | StateHash: 0x4B9A09C1
[HEARTBEAT] SimTick: 19043 | NetHead: 19042 | Confirmed: 18997 | Missing: 46 | StateHash: 0xA2973569
[HEARTBEAT] SimTick: 19103 | NetHead: 19102 | Confirmed: 19057 | Missing: 46 | StateHash: 0xD71C21A9
[HEARTBEAT] SimTick: 19164 | NetHead: 19163 | Confirmed: 19118 | Missing: 46 | StateHash: 0x05A742A9
[HEARTBEAT] SimTick: 19224 | NetHead: 19223 | Confirmed: 19178 | Missing: 46 | StateHash: 0x1EC98DE9
[HEARTBEAT] SimTick: 19284 | NetHead: 19283 | Confirmed: 19238 | Missing: 46 | StateHash: 0xE7B19FA9
[HEARTBEAT] SimTick: 19344 | NetHead: 19343 | Confirmed: 19298 | Missing: 46 | StateHash: 0xFA1D0AE1
[HEARTBEAT] SimTick: 19404 | NetHead: 19403 | Confirmed: 19358 | Missing: 46 | StateHash: 0xF8FED121
[HEARTBEAT] SimTick: 19464 | NetHead: 19463 | Confirmed: 19418 | Missing: 46 | StateHash: 0xF5200721
[HEARTBEAT] SimTick: 19524 | NetHead: 19523 | Confirmed: 19478 | Missing: 46 | StateHash: 0x0784FD61
[HEARTBEAT] SimTick: 19584 | NetHead: 19583 | Confirmed: 19538 | Missing: 46 | StateHash: 0x99F1D979
[HEARTBEAT] SimTick: 19644 | NetHead: 19643 | Confirmed: 19598 | Missing: 46 | StateHash: 0xB07F72C9
[HEARTBEAT] SimTick: 19704 | NetHead: 19703 | Confirmed: 19658 | Missing: 46 | StateHash: 0x24C48C11
[HEARTBEAT] SimTick: 19764 | NetHead: 19763 | Confirmed: 19718 | Missing: 46 | StateHash: 0xD893C241
[HEARTBEAT] SimTick: 19825 | NetHead: 19824 | Confirmed: 19779 | Missing: 46 | StateHash: 0x56DF9E89
[HEARTBEAT] SimTick: 19885 | NetHead: 19884 | Confirmed: 19839 | Missing: 46 | StateHash: 0x8699A2A9
[HEARTBEAT] SimTick: 19945 | NetHead: 19944 | Confirmed: 19899 | Missing: 46 | StateHash: 0x67E885C1
[HEARTBEAT] SimTick: 20005 | NetHead: 20004 | Confirmed: 19959 | Missing: 46 | StateHash: 0xD6502D01
[HEARTBEAT] SimTick: 20065 | NetHead: 20064 | Confirmed: 20019 | Missing: 46 | StateHash: 0xCDAFAF21
[HEARTBEAT] SimTick: 20125 | NetHead: 20124 | Confirmed: 20079 | Missing: 46 | StateHash: 0x91A81921
[HEARTBEAT] SimTick: 20185 | NetHead: 20184 | Confirmed: 20139 | Missing: 46 | StateHash: 0x80E28981
[HEARTBEAT] SimTick: 20245 | NetHead: 20244 | Confirmed: 20199 | Missing: 46 | StateHash: 0x2241F121
[HEARTBEAT] SimTick: 20305 | NetHead: 20304 | Confirmed: 20259 | Missing: 46 | StateHash: 0xE42E2221
[HEARTBEAT] SimTick: 20365 | NetHead: 20364 | Confirmed: 20319 | Missing: 46 | StateHash: 0x7DDAA451
[HEARTBEAT] SimTick: 20425 | NetHead: 20424 | Confirmed: 20379 | Missing: 46 | StateHash: 0x88125139
[HEARTBEAT] SimTick: 20485 | NetHead: 20484 | Confirmed: 20439 | Missing: 46 | StateHash: 0xD92448C9
[HEARTBEAT] SimTick: 20545 | NetHead: 20544 | Confirmed: 20499 | Missing: 46 | StateHash: 0x17F64F21
[HEARTBEAT] SimTick: 20605 | NetHead: 20604 | Confirmed: 20559 | Missing: 46 | StateHash: 0x2C38EA01
[HEARTBEAT] SimTick: 20665 | NetHead: 20664 | Confirmed: 20619 | Missing: 46 | StateHash: 0xAB67CA49
[HEARTBEAT] SimTick: 20725 | NetHead: 20724 | Confirmed: 20679 | Missing: 46 | StateHash: 0x4B189EE9
[HEARTBEAT] SimTick: 20785 | NetHead: 20784 | Confirmed: 20739 | Missing: 46 | StateHash: 0xA4398409
[HEARTBEAT] SimTick: 20845 | NetHead: 20844 | Confirmed: 20799 | Missing: 46 | StateHash: 0xE3F77A39
[HEARTBEAT] SimTick: 20905 | NetHead: 20904 | Confirmed: 20859 | Missing: 46 | StateHash: 0x9E39AE41
[HEARTBEAT] SimTick: 20965 | NetHead: 20964 | Confirmed: 20919 | Missing: 46 | StateHash: 0x1B3E5411
[HEARTBEAT] SimTick: 21025 | NetHead: 21024 | Confirmed: 20979 | Missing: 46 | StateHash: 0xBC214C19
[HEARTBEAT] SimTick: 21085 | NetHead: 21084 | Confirmed: 21039 | Missing: 46 | StateHash: 0x7BEA4439
[HEARTBEAT] SimTick: 21146 | NetHead: 21145 | Confirmed: 21100 | Missing: 46 | StateHash: 0x252DF581
[HEARTBEAT] SimTick: 21206 | NetHead: 21205 | Confirmed: 21159 | Missing: 47 | StateHash: 0x7BE955E1
[HEARTBEAT] SimTick: 21266 | NetHead: 21265 | Confirmed: 21220 | Missing: 46 | StateHash: 0x2CCC0CC1
[HEARTBEAT] SimTick: 21326 | NetHead: 21325 | Confirmed: 21280 | Missing: 46 | StateHash: 0x5E0DE7B1
[HEARTBEAT] SimTick: 21386 | NetHead: 21385 | Confirmed: 21340 | Missing: 46 | StateHash: 0x807F8919
[HEARTBEAT] SimTick: 21446 | NetHead: 21445 | Confirmed: 21400 | Missing: 46 | StateHash: 0x2CC29869
[HEARTBEAT] SimTick: 21506 | NetHead: 21505 | Confirmed: 21460 | Missing: 46 | StateHash: 0xDCBDA099
[HEARTBEAT] SimTick: 21566 | NetHead: 21565 | Confirmed: 21520 | Missing: 46 | StateHash: 0x22154599
[HEARTBEAT] SimTick: 21626 | NetHead: 21625 | Confirmed: 21580 | Missing: 46 | StateHash: 0xEBCD9AD1
[HEARTBEAT] SimTick: 21686 | NetHead: 21685 | Confirmed: 21640 | Missing: 46 | StateHash: 0x44F7BD91
[HEARTBEAT] SimTick: 21746 | NetHead: 21745 | Confirmed: 21700 | Missing: 46 | StateHash: 0xD8140D71
[HEARTBEAT] SimTick: 21806 | NetHead: 21805 | Confirmed: 21760 | Missing: 46 | StateHash: 0x015A05A1
[HEARTBEAT] SimTick: 21866 | NetHead: 21865 | Confirmed: 21820 | Missing: 46 | StateHash: 0x741D2F19
[HEARTBEAT] SimTick: 21926 | NetHead: 21925 | Confirmed: 21880 | Missing: 46 | StateHash: 0xB80F59C9
[HEARTBEAT] SimTick: 21986 | NetHead: 21985 | Confirmed: 21940 | Missing: 46 | StateHash: 0x63D62421
[HEARTBEAT] SimTick: 22046 | NetHead: 22045 | Confirmed: 22000 | Missing: 46 | StateHash: 0x676400D1
[HEARTBEAT] SimTick: 22106 | NetHead: 22105 | Confirmed: 22060 | Missing: 46 | StateHash: 0x02679C31
[HEARTBEAT] SimTick: 22166 | NetHead: 22165 | Confirmed: 22120 | Missing: 46 | StateHash: 0x109237C1
[HEARTBEAT] SimTick: 22226 | NetHead: 22225 | Confirmed: 22180 | Missing: 46 | StateHash: 0xA48CA5D9
[HEARTBEAT] SimTick: 22286 | NetHead: 22285 | Confirmed: 22240 | Missing: 46 | StateHash: 0x310FEFF9
[HEARTBEAT] SimTick: 22346 | NetHead: 22345 | Confirmed: 22300 | Missing: 46 | StateHash: 0xE10DAE61
[HEARTBEAT] SimTick: 22406 | NetHead: 22405 | Confirmed: 22360 | Missing: 46 | StateHash: 0x77F15781
[HEARTBEAT] SimTick: 22467 | NetHead: 22466 | Confirmed: 22421 | Missing: 46 | StateHash: 0xD83D27C9
[HEARTBEAT] SimTick: 22527 | NetHead: 22526 | Confirmed: 22481 | Missing: 46 | StateHash: 0xEC7ABC79
[HEARTBEAT] SimTick: 22587 | NetHead: 22586 | Confirmed: 22541 | Missing: 46 | StateHash: 0x63264701
[HEARTBEAT] SimTick: 22647 | NetHead: 22646 | Confirmed: 22601 | Missing: 46 | StateHash: 0x0AA11671
[HEARTBEAT] SimTick: 22707 | NetHead: 22706 | Confirmed: 22661 | Missing: 46 | StateHash: 0xFCFC1DB9
[HEARTBEAT] SimTick: 22767 | NetHead: 22766 | Confirmed: 22721 | Missing: 46 | StateHash: 0xA15D2229
[HEARTBEAT] SimTick: 22827 | NetHead: 22826 | Confirmed: 22781 | Missing: 46 | StateHash: 0xDDBBE209
[HEARTBEAT] SimTick: 22887 | NetHead: 22886 | Confirmed: 22841 | Missing: 46 | StateHash: 0x7C9C4F39
[HEARTBEAT] SimTick: 22947 | NetHead: 22946 | Confirmed: 22901 | Missing: 46 | StateHash: 0x5C94E7D9
[HEARTBEAT] SimTick: 23007 | NetHead: 23006 | Confirmed: 22961 | Missing: 46 | StateHash: 0xC73C3379
[HEARTBEAT] SimTick: 23067 | NetHead: 23066 | Confirmed: 23021 | Missing: 46 | StateHash: 0x302897D1
[HEARTBEAT] SimTick: 23127 | NetHead: 23126 | Confirmed: 23081 | Missing: 46 | StateHash: 0xE354E691
[HEARTBEAT] SimTick: 23187 | NetHead: 23186 | Confirmed: 23141 | Missing: 46 | StateHash: 0x518B9369
[HEARTBEAT] SimTick: 23247 | NetHead: 23246 | Confirmed: 23201 | Missing: 46 | StateHash: 0xBDED15A9
[HEARTBEAT] SimTick: 23308 | NetHead: 23307 | Confirmed: 23262 | Missing: 46 | StateHash: 0x2F2386E9
[HEARTBEAT] SimTick: 23368 | NetHead: 23367 | Confirmed: 23322 | Missing: 46 | StateHash: 0x1EF35249
[HEARTBEAT] SimTick: 23428 | NetHead: 23427 | Confirmed: 23382 | Missing: 46 | StateHash: 0xFA9E7A01
[HEARTBEAT] SimTick: 23488 | NetHead: 23487 | Confirmed: 23442 | Missing: 46 | StateHash: 0xC7486F11
[HEARTBEAT] SimTick: 23548 | NetHead: 23547 | Confirmed: 23502 | Missing: 46 | StateHash: 0x99A7CE49
[HEARTBEAT] SimTick: 23608 | NetHead: 23607 | Confirmed: 23562 | Missing: 46 | StateHash: 0xDC46A659
[HEARTBEAT] SimTick: 23668 | NetHead: 23667 | Confirmed: 23622 | Missing: 46 | StateHash: 0xFBDB4B61
[HEARTBEAT] SimTick: 23728 | NetHead: 23727 | Confirmed: 23682 | Missing: 46 | StateHash: 0x9CB75E81
[HEARTBEAT] SimTick: 23788 | NetHead: 23787 | Confirmed: 23742 | Missing: 46 | StateHash: 0x265EA169
[HEARTBEAT] SimTick: 23848 | NetHead: 23847 | Confirmed: 23802 | Missing: 46 | StateHash: 0x40C21D09
[HEARTBEAT] SimTick: 23908 | NetHead: 23907 | Confirmed: 23862 | Missing: 46 | StateHash: 0x8391FE59
[HEARTBEAT] SimTick: 23968 | NetHead: 23967 | Confirmed: 23922 | Missing: 46 | StateHash: 0x286055F9
[HEARTBEAT] SimTick: 24028 | NetHead: 24027 | Confirmed: 23982 | Missing: 46 | StateHash: 0x9EFD4D19
[HEARTBEAT] SimTick: 24088 | NetHead: 24087 | Confirmed: 24042 | Missing: 46 | StateHash: 0x6EBA45D9
[HEARTBEAT] SimTick: 24148 | NetHead: 24147 | Confirmed: 24102 | Missing: 46 | StateHash: 0x00B7E869
[HEARTBEAT] SimTick: 24208 | NetHead: 24207 | Confirmed: 24162 | Missing: 46 | StateHash: 0x371FA8B9
[HEARTBEAT] SimTick: 24268 | NetHead: 24267 | Confirmed: 24222 | Missing: 46 | StateHash: 0x0949B221
[HEARTBEAT] SimTick: 24328 | NetHead: 24327 | Confirmed: 24282 | Missing: 46 | StateHash: 0x7424B151
[HEARTBEAT] SimTick: 24389 | NetHead: 24388 | Confirmed: 24343 | Missing: 46 | StateHash: 0xEE9E01F9
[HEARTBEAT] SimTick: 24449 | NetHead: 24448 | Confirmed: 24403 | Missing: 46 | StateHash: 0x115090B9
[HEARTBEAT] SimTick: 24509 | NetHead: 24508 | Confirmed: 24463 | Missing: 46 | StateHash: 0x23E08B81
[HEARTBEAT] SimTick: 24569 | NetHead: 24568 | Confirmed: 24523 | Missing: 46 | StateHash: 0x04C50AA1
[HEARTBEAT] SimTick: 24629 | NetHead: 24628 | Confirmed: 24583 | Missing: 46 | StateHash: 0x2344FA91
[HEARTBEAT] SimTick: 24689 | NetHead: 24688 | Confirmed: 24643 | Missing: 46 | StateHash: 0x3B841291
[HEARTBEAT] SimTick: 24749 | NetHead: 24748 | Confirmed: 24703 | Missing: 46 | StateHash: 0x0AC903E1
[HEARTBEAT] SimTick: 24809 | NetHead: 24808 | Confirmed: 24763 | Missing: 46 | StateHash: 0x8D909E01
[HEARTBEAT] SimTick: 24869 | NetHead: 24868 | Confirmed: 24823 | Missing: 46 | StateHash: 0x846430C9
[HEARTBEAT] SimTick: 24929 | NetHead: 24928 | Confirmed: 24883 | Missing: 46 | StateHash: 0x5C2CF679
[HEARTBEAT] SimTick: 24989 | NetHead: 24988 | Confirmed: 24943 | Missing: 46 | StateHash: 0xFF35EBA1
[HEARTBEAT] SimTick: 25049 | NetHead: 25048 | Confirmed: 25003 | Missing: 46 | StateHash: 0x68FAAE91
[HEARTBEAT] SimTick: 25109 | NetHead: 25108 | Confirmed: 25063 | Missing: 46 | StateHash: 0xD95AE1E9
[HEARTBEAT] SimTick: 25169 | NetHead: 25168 | Confirmed: 25123 | Missing: 46 | StateHash: 0x4E5A40A9
[HEARTBEAT] SimTick: 25229 | NetHead: 25228 | Confirmed: 25183 | Missing: 46 | StateHash: 0x711E2611
[HEARTBEAT] SimTick: 25289 | NetHead: 25288 | Confirmed: 25243 | Missing: 46 | StateHash: 0xA5B98C31
[HEARTBEAT] SimTick: 25349 | NetHead: 25348 | Confirmed: 25303 | Missing: 46 | StateHash: 0x9A2E2F01
[HEARTBEAT] SimTick: 25409 | NetHead: 25408 | Confirmed: 25363 | Missing: 46 | StateHash: 0x82FDA461
[HEARTBEAT] SimTick: 25469 | NetHead: 25468 | Confirmed: 25423 | Missing: 46 | StateHash: 0x012E7EC1
[HEARTBEAT] SimTick: 25529 | NetHead: 25528 | Confirmed: 25483 | Missing: 46 | StateHash: 0x3941FEC1
[HEARTBEAT] SimTick: 25589 | NetHead: 25588 | Confirmed: 25543 | Missing: 46 | StateHash: 0xE7377AB9
[HEARTBEAT] SimTick: 25650 | NetHead: 25649 | Confirmed: 25604 | Missing: 46 | StateHash: 0xE8512D99
[HEARTBEAT] SimTick: 25710 | NetHead: 25709 | Confirmed: 25664 | Missing: 46 | StateHash: 0x377923A9
[HEARTBEAT] SimTick: 25770 | NetHead: 25769 | Confirmed: 25724 | Missing: 46 | StateHash: 0x9CAB65C9
[HEARTBEAT] SimTick: 25830 | NetHead: 25829 | Confirmed: 25784 | Missing: 46 | StateHash: 0x3E126A99
[HEARTBEAT] SimTick: 25890 | NetHead: 25889 | Confirmed: 25844 | Missing: 46 | StateHash: 0xC2603089
[HEARTBEAT] SimTick: 25950 | NetHead: 25949 | Confirmed: 25904 | Missing: 46 | StateHash: 0xBE7B0C31
[HEARTBEAT] SimTick: 26010 | NetHead: 26009 | Confirmed: 25964 | Missing: 46 | StateHash: 0x3D36F0A1
[HEARTBEAT] SimTick: 26070 | NetHead: 26069 | Confirmed: 26024 | Missing: 46 | StateHash: 0x5677EF31
[HEARTBEAT] SimTick: 26130 | NetHead: 26129 | Confirmed: 26084 | Missing: 46 | StateHash: 0xA157D751
[HEARTBEAT] SimTick: 26190 | NetHead: 26189 | Confirmed: 26144 | Missing: 46 | StateHash: 0xA7876A49
[HEARTBEAT] SimTick: 26250 | NetHead: 26249 | Confirmed: 26204 | Missing: 46 | StateHash: 0x9E0FAF89
[HEARTBEAT] SimTick: 26310 | NetHead: 26309 | Confirmed: 26264 | Missing: 46 | StateHash: 0x7C3451D1
[HEARTBEAT] SimTick: 26370 | NetHead: 26369 | Confirmed: 26324 | Missing: 46 | StateHash: 0x63F6F111
[HEARTBEAT] SimTick: 26430 | NetHead: 26429 | Confirmed: 26384 | Missing: 46 | StateHash: 0xE27D0FD1
[HEARTBEAT] SimTick: 26490 | NetHead: 26489 | Confirmed: 26444 | Missing: 46 | StateHash: 0xC5AD9731
[HEARTBEAT] SimTick: 26550 | NetHead: 26549 | Confirmed: 26504 | Missing: 46 | StateHash: 0x007AB889
[HEARTBEAT] SimTick: 26610 | NetHead: 26609 | Confirmed: 26564 | Missing: 46 | StateHash: 0x8F1719E9
[HEARTBEAT] SimTick: 26670 | NetHead: 26669 | Confirmed: 26624 | Missing: 46 | StateHash: 0x1E48F9E9
[HEARTBEAT] SimTick: 26730 | NetHead: 26729 | Confirmed: 26684 | Missing: 46 | StateHash: 0x1BAA9709
[HEARTBEAT] SimTick: 26790 | NetHead: 26789 | Confirmed: 26744 | Missing: 46 | StateHash: 0x4EEAB481
[HEARTBEAT] SimTick: 26851 | NetHead: 26850 | Confirmed: 26805 | Missing: 46 | StateHash: 0x8F4AC7E1
[HEARTBEAT] SimTick: 26911 | NetHead: 26910 | Confirmed: 26865 | Missing: 46 | StateHash: 0xA8D5FEC1
[HEARTBEAT] SimTick: 26971 | NetHead: 26970 | Confirmed: 26925 | Missing: 46 | StateHash: 0xFCC13E01
[HEARTBEAT] SimTick: 27031 | NetHead: 27030 | Confirmed: 26985 | Missing: 46 | StateHash: 0x29161DF9
[HEARTBEAT] SimTick: 27091 | NetHead: 27090 | Confirmed: 27045 | Missing: 46 | StateHash: 0xE27FB769
[HEARTBEAT] SimTick: 27151 | NetHead: 27150 | Confirmed: 27105 | Missing: 46 | StateHash: 0x7C3C7D41
[HEARTBEAT] SimTick: 27211 | NetHead: 27210 | Confirmed: 27165 | Missing: 46 | StateHash: 0x54E3CB51
[HEARTBEAT] SimTick: 27271 | NetHead: 27270 | Confirmed: 27225 | Missing: 46 | StateHash: 0xAC9D25B1
[HEARTBEAT] SimTick: 27331 | NetHead: 27330 | Confirmed: 27285 | Missing: 46 | StateHash: 0x7B611C91
[HEARTBEAT] SimTick: 27391 | NetHead: 27390 | Confirmed: 27345 | Missing: 46 | StateHash: 0x8EFA0499
[HEARTBEAT] SimTick: 27451 | NetHead: 27450 | Confirmed: 27405 | Missing: 46 | StateHash: 0xA1EF3259
[HEARTBEAT] SimTick: 27511 | NetHead: 27510 | Confirmed: 27465 | Missing: 46 | StateHash: 0x186D41A9
[HEARTBEAT] SimTick: 27571 | NetHead: 27570 | Confirmed: 27525 | Missing: 46 | StateHash: 0x3F037549
[HEARTBEAT] SimTick: 27632 | NetHead: 27631 | Confirmed: 27586 | Missing: 46 | StateHash: 0x94AD5B59
[HEARTBEAT] SimTick: 27692 | NetHead: 27691 | Confirmed: 27646 | Missing: 46 | StateHash: 0x382A12D9
[HEARTBEAT] SimTick: 27752 | NetHead: 27751 | Confirmed: 27706 | Missing: 46 | StateHash: 0xB74CC299
[HEARTBEAT] SimTick: 27812 | NetHead: 27811 | Confirmed: 27766 | Missing: 46 | StateHash: 0x715DE389
[HEARTBEAT] SimTick: 27872 | NetHead: 27871 | Confirmed: 27826 | Missing: 46 | StateHash: 0xEF1BE4A1
[HEARTBEAT] SimTick: 27932 | NetHead: 27931 | Confirmed: 27886 | Missing: 46 | StateHash: 0x9E9D98D1
[HEARTBEAT] SimTick: 27992 | NetHead: 27991 | Confirmed: 27946 | Missing: 46 | StateHash: 0xAC678F01
[HEARTBEAT] SimTick: 28052 | NetHead: 28051 | Confirmed: 28006 | Missing: 46 | StateHash: 0xC80FE8F1
[HEARTBEAT] SimTick: 28112 | NetHead: 28111 | Confirmed: 28066 | Missing: 46 | StateHash: 0x5D3B1D71
[HEARTBEAT] SimTick: 28172 | NetHead: 28171 | Confirmed: 28126 | Missing: 46 | StateHash: 0xC76199E1
[HEARTBEAT] SimTick: 28232 | NetHead: 28231 | Confirmed: 28186 | Missing: 46 | StateHash: 0x183EC379
[HEARTBEAT] SimTick: 28292 | NetHead: 28291 | Confirmed: 28246 | Missing: 46 | StateHash: 0x254EE389
[HEARTBEAT] SimTick: 28352 | NetHead: 28351 | Confirmed: 28306 | Missing: 46 | StateHash: 0xF51F6059
[HEARTBEAT] SimTick: 28412 | NetHead: 28411 | Confirmed: 28366 | Missing: 46 | StateHash: 0x2BBD6F29
[HEARTBEAT] SimTick: 28472 | NetHead: 28471 | Confirmed: 28426 | Missing: 46 | StateHash: 0xCCE55AB9
[HEARTBEAT] SimTick: 28532 | NetHead: 28531 | Confirmed: 28486 | Missing: 46 | StateHash: 0xC3975699
[HEARTBEAT] SimTick: 28592 | NetHead: 28591 | Confirmed: 28546 | Missing: 46 | StateHash: 0x855E3D01
[HEARTBEAT] SimTick: 28652 | NetHead: 28651 | Confirmed: 28606 | Missing: 46 | StateHash: 0x663E9679
[HEARTBEAT] SimTick: 28716 | NetHead: 28715 | Confirmed: 28674 | Missing: 42 | StateHash: 0xA794DFA7
[HEARTBEAT] SimTick: 28776 | NetHead: 28775 | Confirmed: 28733 | Missing: 43 | StateHash: 0x7ECCB4C0
[HEARTBEAT] SimTick: 28836 | NetHead: 28835 | Confirmed: 28793 | Missing: 43 | StateHash: 0xC395DEBF
[HEARTBEAT] SimTick: 28896 | NetHead: 28895 | Confirmed: 28853 | Missing: 43 | StateHash: 0x5E38ED60
[HEARTBEAT] SimTick: 28956 | NetHead: 28955 | Confirmed: 28914 | Missing: 42 | StateHash: 0xCC92AE4F
[HEARTBEAT] SimTick: 29016 | NetHead: 29015 | Confirmed: 28973 | Missing: 43 | StateHash: 0x72190E10
[HEARTBEAT] SimTick: 29076 | NetHead: 29075 | Confirmed: 29033 | Missing: 43 | StateHash: 0x3557664F
[HEARTBEAT] SimTick: 29137 | NetHead: 29136 | Confirmed: 29094 | Missing: 43 | StateHash: 0xA4A2608B
[HEARTBEAT] SimTick: 29197 | NetHead: 29196 | Confirmed: 29154 | Missing: 43 | StateHash: 0x89317287
[HEARTBEAT] SimTick: 29257 | NetHead: 29256 | Confirmed: 29214 | Missing: 43 | StateHash: 0x1136135B
[HEARTBEAT] SimTick: 29317 | NetHead: 29316 | Confirmed: 29274 | Missing: 43 | StateHash: 0x9260A917
[HEARTBEAT] SimTick: 29377 | NetHead: 29376 | Confirmed: 29334 | Missing: 43 | StateHash: 0x3AEC5BFB
[HEARTBEAT] SimTick: 29438 | NetHead: 29437 | Confirmed: 29395 | Missing: 43 | StateHash: 0x1C0C4AD7
[HEARTBEAT] SimTick: 29498 | NetHead: 29497 | Confirmed: 29455 | Missing: 43 | StateHash: 0xC03950BB
[HEARTBEAT] SimTick: 29558 | NetHead: 29557 | Confirmed: 29515 | Missing: 43 | StateHash: 0xB1DEFCC7
[HEARTBEAT] SimTick: 29618 | NetHead: 29617 | Confirmed: 29575 | Missing: 43 | StateHash: 0x2AFA64F3
[HEARTBEAT] SimTick: 29678 | NetHead: 29677 | Confirmed: 29635 | Missing: 43 | StateHash: 0x915CDC7F
[HEARTBEAT] SimTick: 29738 | NetHead: 29737 | Confirmed: 29695 | Missing: 43 | StateHash: 0xF9539FDB
[HEARTBEAT] SimTick: 29798 | NetHead: 29797 | Confirmed: 29755 | Missing: 43 | StateHash: 0xFCA6F0B7
[HEARTBEAT] SimTick: 29858 | NetHead: 29857 | Confirmed: 29815 | Missing: 43 | StateHash: 0x0B076143
[HEARTBEAT] SimTick: 29918 | NetHead: 29917 | Confirmed: 29875 | Missing: 43 | StateHash: 0x41DF64BF
[HEARTBEAT] SimTick: 29978 | NetHead: 29977 | Confirmed: 29936 | Missing: 42 | StateHash: 0x854D953B
[HEARTBEAT] SimTick: 30038 | NetHead: 30037 | Confirmed: 29996 | Missing: 42 | StateHash: 0xDFEF6007
[HEARTBEAT] SimTick: 30098 | NetHead: 30097 | Confirmed: 30055 | Missing: 43 | StateHash: 0x22BBF693
[HEARTBEAT] SimTick: 30158 | NetHead: 30157 | Confirmed: 30116 | Missing: 42 | StateHash: 0xD1F6EDBF
[HEARTBEAT] SimTick: 30218 | NetHead: 30217 | Confirmed: 30176 | Missing: 42 | StateHash: 0x578E424B
[HEARTBEAT] SimTick: 30278 | NetHead: 30277 | Confirmed: 30235 | Missing: 43 | StateHash: 0x925A21B7
[HEARTBEAT] SimTick: 30338 | NetHead: 30337 | Confirmed: 30296 | Missing: 42 | StateHash: 0x9B8CE4DB
[HEARTBEAT] SimTick: 30398 | NetHead: 30397 | Confirmed: 30355 | Missing: 43 | StateHash: 0xD92CCBC7
luajit: interrupted!
stack traceback:
	[C]: in function 'print'
	main.lua:131: in main chunk
	[C]: at 0x55d263156e00
