========================================
 WEAVER ENGINE: 8-NODE DEEP HISTORY 
========================================
Enter Node ID (0-7): 
> [SYSTEM] Node 1 bound to :50001. Meshing topology...
[SYSTEM] Topology Locked. Entering FSM loop.
[HEARTBEAT] SimTick: 61 | NetHead: 60 | Confirmed: 16 | Missing: 45 | StateHash: 0x1911258C
[HEARTBEAT] SimTick: 121 | NetHead: 120 | Confirmed: 76 | Missing: 45 | StateHash: 0x3EA2E10C
[HEARTBEAT] SimTick: 181 | NetHead: 180 | Confirmed: 132 | Missing: 49 | StateHash: 0xCEF5ADAC
[HEARTBEAT] SimTick: 241 | NetHead: 240 | Confirmed: 194 | Missing: 47 | StateHash: 0x56DFACEC
[HEARTBEAT] SimTick: 301 | NetHead: 300 | Confirmed: 256 | Missing: 45 | StateHash: 0xD13626DC
[HEARTBEAT] SimTick: 361 | NetHead: 360 | Confirmed: 313 | Missing: 48 | StateHash: 0x0CF82D9C
[HEARTBEAT] SimTick: 421 | NetHead: 420 | Confirmed: 373 | Missing: 48 | StateHash: 0x5FA082DC
[HEARTBEAT] SimTick: 481 | NetHead: 480 | Confirmed: 432 | Missing: 49 | StateHash: 0xCA48CF55
[HEARTBEAT] SimTick: 541 | NetHead: 540 | Confirmed: 492 | Missing: 49 | StateHash: 0x288D931C
[HEARTBEAT] SimTick: 601 | NetHead: 600 | Confirmed: 556 | Missing: 45 | StateHash: 0xE66CF59C
[HEARTBEAT] SimTick: 661 | NetHead: 660 | Confirmed: 614 | Missing: 47 | StateHash: 0x4F52DF2C
[HEARTBEAT] SimTick: 721 | NetHead: 720 | Confirmed: 675 | Missing: 46 | StateHash: 0xB1FC082C
[HEARTBEAT] SimTick: 782 | NetHead: 781 | Confirmed: 737 | Missing: 45 | StateHash: 0x4A8F0F6C
[HEARTBEAT] SimTick: 842 | NetHead: 841 | Confirmed: 793 | Missing: 49 | StateHash: 0x8391B46C
[HEARTBEAT] SimTick: 902 | NetHead: 901 | Confirmed: 854 | Missing: 48 | StateHash: 0xFB9F201C
[HEARTBEAT] SimTick: 962 | NetHead: 961 | Confirmed: 915 | Missing: 47 | StateHash: 0x148BF155
[HEARTBEAT] SimTick: 1022 | NetHead: 1021 | Confirmed: 976 | Missing: 46 | StateHash: 0x076CAB5C
[HEARTBEAT] SimTick: 1082 | NetHead: 1081 | Confirmed: 1037 | Missing: 45 | StateHash: 0x434C2B7C
[HEARTBEAT] SimTick: 1142 | NetHead: 1141 | Confirmed: 1095 | Missing: 47 | StateHash: 0x0011A46C
[HEARTBEAT] SimTick: 1202 | NetHead: 1201 | Confirmed: 1157 | Missing: 45 | StateHash: 0xC232284C
[HEARTBEAT] SimTick: 1262 | NetHead: 1261 | Confirmed: 1215 | Missing: 47 | StateHash: 0xC077C16C
[HEARTBEAT] SimTick: 1322 | NetHead: 1321 | Confirmed: 1274 | Missing: 48 | StateHash: 0xCA3B5745
[HEARTBEAT] SimTick: 1382 | NetHead: 1381 | Confirmed: 1336 | Missing: 46 | StateHash: 0x567EEE7C
[HEARTBEAT] SimTick: 1442 | NetHead: 1441 | Confirmed: 1395 | Missing: 47 | StateHash: 0x2C764CE5
[HEARTBEAT] SimTick: 1502 | NetHead: 1501 | Confirmed: 1453 | Missing: 49 | StateHash: 0xBA6EF08C
[HEARTBEAT] SimTick: 1562 | NetHead: 1561 | Confirmed: 1516 | Missing: 46 | StateHash: 0xE693958C
[HEARTBEAT] SimTick: 1622 | NetHead: 1621 | Confirmed: 1574 | Missing: 48 | StateHash: 0x3D56BB0C
[HEARTBEAT] SimTick: 1682 | NetHead: 1681 | Confirmed: 1637 | Missing: 45 | StateHash: 0x389849CC
[HEARTBEAT] SimTick: 1742 | NetHead: 1741 | Confirmed: 1696 | Missing: 46 | StateHash: 0x4BA3C23C
[HEARTBEAT] SimTick: 1802 | NetHead: 1801 | Confirmed: 1755 | Missing: 47 | StateHash: 0xBAE0E345
[HEARTBEAT] SimTick: 1862 | NetHead: 1861 | Confirmed: 1817 | Missing: 45 | StateHash: 0xC950CEAC
[HEARTBEAT] SimTick: 1922 | NetHead: 1921 | Confirmed: 1874 | Missing: 48 | StateHash: 0x2676D06C
[HEARTBEAT] SimTick: 1982 | NetHead: 1981 | Confirmed: 1937 | Missing: 45 | StateHash: 0x3870560C
[HEARTBEAT] SimTick: 2043 | NetHead: 2042 | Confirmed: 1996 | Missing: 47 | StateHash: 0x67B511EC
[HEARTBEAT] SimTick: 2103 | NetHead: 2102 | Confirmed: 2055 | Missing: 48 | StateHash: 0xB418787C
[HEARTBEAT] SimTick: 2163 | NetHead: 2162 | Confirmed: 2113 | Missing: 50 | StateHash: 0xA1F88725
[HEARTBEAT] SimTick: 2223 | NetHead: 2222 | Confirmed: 2176 | Missing: 47 | StateHash: 0x9BD7400C
[HEARTBEAT] SimTick: 2283 | NetHead: 2282 | Confirmed: 2236 | Missing: 47 | StateHash: 0x754FD76C
[HEARTBEAT] SimTick: 2343 | NetHead: 2342 | Confirmed: 2297 | Missing: 46 | StateHash: 0x5910C36C
[HEARTBEAT] SimTick: 2403 | NetHead: 2402 | Confirmed: 2355 | Missing: 48 | StateHash: 0x2156E54C
[HEARTBEAT] SimTick: 2463 | NetHead: 2462 | Confirmed: 2415 | Missing: 48 | StateHash: 0x6D6CB77C
[HEARTBEAT] SimTick: 2523 | NetHead: 2522 | Confirmed: 2473 | Missing: 50 | StateHash: 0x3E912F85
[HEARTBEAT] SimTick: 2583 | NetHead: 2582 | Confirmed: 2537 | Missing: 46 | StateHash: 0x649B723C
[HEARTBEAT] SimTick: 2643 | NetHead: 2642 | Confirmed: 2592 | Missing: 51 | StateHash: 0x093E7465
[HEARTBEAT] SimTick: 2703 | NetHead: 2702 | Confirmed: 2655 | Missing: 48 | StateHash: 0x28BF411C
[HEARTBEAT] SimTick: 2763 | NetHead: 2762 | Confirmed: 2717 | Missing: 46 | StateHash: 0x5C99A3BC
[HEARTBEAT] SimTick: 2823 | NetHead: 2822 | Confirmed: 2775 | Missing: 48 | StateHash: 0xC261F1BC
[HEARTBEAT] SimTick: 2883 | NetHead: 2882 | Confirmed: 2837 | Missing: 46 | StateHash: 0x2AFBB325
[HEARTBEAT] SimTick: 2943 | NetHead: 2942 | Confirmed: 2898 | Missing: 45 | StateHash: 0xA020060C
[HEARTBEAT] SimTick: 3003 | NetHead: 3002 | Confirmed: 2956 | Missing: 47 | StateHash: 0x414F1545
[HEARTBEAT] SimTick: 3063 | NetHead: 3062 | Confirmed: 3017 | Missing: 46 | StateHash: 0xE4E5610C
[HEARTBEAT] SimTick: 3123 | NetHead: 3122 | Confirmed: 3076 | Missing: 47 | StateHash: 0x6F2CE78C
[HEARTBEAT] SimTick: 3184 | NetHead: 3183 | Confirmed: 3137 | Missing: 47 | StateHash: 0xBB9F9E4C
[HEARTBEAT] SimTick: 3244 | NetHead: 3243 | Confirmed: 3199 | Missing: 45 | StateHash: 0x2C26C2AC
[HEARTBEAT] SimTick: 3304 | NetHead: 3303 | Confirmed: 3256 | Missing: 48 | StateHash: 0x03C74B1C
[HEARTBEAT] SimTick: 3364 | NetHead: 3363 | Confirmed: 3318 | Missing: 46 | StateHash: 0xF47A79FC
[HEARTBEAT] SimTick: 3424 | NetHead: 3423 | Confirmed: 3378 | Missing: 46 | StateHash: 0xD730FFAC
[HEARTBEAT] SimTick: 3484 | NetHead: 3483 | Confirmed: 3438 | Missing: 46 | StateHash: 0x4AB95A85
[HEARTBEAT] SimTick: 3544 | NetHead: 3543 | Confirmed: 3499 | Missing: 45 | StateHash: 0x6E30949C
[HEARTBEAT] SimTick: 3604 | NetHead: 3603 | Confirmed: 3559 | Missing: 45 | StateHash: 0xF7F98015
[HEARTBEAT] SimTick: 3664 | NetHead: 3663 | Confirmed: 3618 | Missing: 46 | StateHash: 0xDBDD50EC
[HEARTBEAT] SimTick: 3724 | NetHead: 3723 | Confirmed: 3677 | Missing: 47 | StateHash: 0x7D595285
[HEARTBEAT] SimTick: 3784 | NetHead: 3783 | Confirmed: 3738 | Missing: 46 | StateHash: 0xDD13EA1C
[HEARTBEAT] SimTick: 3844 | NetHead: 3843 | Confirmed: 3796 | Missing: 48 | StateHash: 0x242EC745
[HEARTBEAT] SimTick: 3904 | NetHead: 3903 | Confirmed: 3859 | Missing: 45 | StateHash: 0x8DE2E49C
[HEARTBEAT] SimTick: 3964 | NetHead: 3963 | Confirmed: 3915 | Missing: 49 | StateHash: 0xC7B49B05
[HEARTBEAT] SimTick: 4024 | NetHead: 4023 | Confirmed: 3976 | Missing: 48 | StateHash: 0x6FE54F7C
[HEARTBEAT] SimTick: 4084 | NetHead: 4083 | Confirmed: 4038 | Missing: 46 | StateHash: 0xDB1D5295
[HEARTBEAT] SimTick: 4144 | NetHead: 4143 | Confirmed: 4098 | Missing: 46 | StateHash: 0x426BFE4C
[HEARTBEAT] SimTick: 4204 | NetHead: 4203 | Confirmed: 4158 | Missing: 46 | StateHash: 0x6A8C2345
[HEARTBEAT] SimTick: 4264 | NetHead: 4263 | Confirmed: 4215 | Missing: 49 | StateHash: 0x9C3BEADC
[HEARTBEAT] SimTick: 4325 | NetHead: 4324 | Confirmed: 4276 | Missing: 49 | StateHash: 0xC672B1E5
[HEARTBEAT] SimTick: 4385 | NetHead: 4384 | Confirmed: 4338 | Missing: 47 | StateHash: 0xCF300E01
[HEARTBEAT] SimTick: 4445 | NetHead: 4444 | Confirmed: 4396 | Missing: 49 | StateHash: 0xB6089D05
[HEARTBEAT] SimTick: 4505 | NetHead: 4504 | Confirmed: 4456 | Missing: 49 | StateHash: 0x163FC1CC
[HEARTBEAT] SimTick: 4565 | NetHead: 4564 | Confirmed: 4518 | Missing: 47 | StateHash: 0x8D7A9525
[HEARTBEAT] SimTick: 4625 | NetHead: 4624 | Confirmed: 4575 | Missing: 50 | StateHash: 0xA4A2F26C
[HEARTBEAT] SimTick: 4685 | NetHead: 4684 | Confirmed: 4638 | Missing: 47 | StateHash: 0x92E5D345
[HEARTBEAT] SimTick: 4745 | NetHead: 4744 | Confirmed: 4698 | Missing: 47 | StateHash: 0xFB3F1CAC
[HEARTBEAT] SimTick: 4805 | NetHead: 4804 | Confirmed: 4758 | Missing: 47 | StateHash: 0x8291C7F5
[HEARTBEAT] SimTick: 4865 | NetHead: 4864 | Confirmed: 4819 | Missing: 46 | StateHash: 0x7E88131C
[HEARTBEAT] SimTick: 4925 | NetHead: 4924 | Confirmed: 4878 | Missing: 47 | StateHash: 0x571D9285
[HEARTBEAT] SimTick: 4985 | NetHead: 4984 | Confirmed: 4938 | Missing: 47 | StateHash: 0xAE7CDA4C
[HEARTBEAT] SimTick: 5045 | NetHead: 5044 | Confirmed: 4999 | Missing: 46 | StateHash: 0xE14EF185
[HEARTBEAT] SimTick: 5105 | NetHead: 5104 | Confirmed: 5060 | Missing: 45 | StateHash: 0x11E8ED0C
[HEARTBEAT] SimTick: 5165 | NetHead: 5164 | Confirmed: 5118 | Missing: 47 | StateHash: 0x96CD7885
[HEARTBEAT] SimTick: 5225 | NetHead: 5224 | Confirmed: 5179 | Missing: 46 | StateHash: 0xE3F46AEC
[HEARTBEAT] SimTick: 5285 | NetHead: 5284 | Confirmed: 5239 | Missing: 46 | StateHash: 0x05816785
[HEARTBEAT] SimTick: 5347 | NetHead: 5346 | Confirmed: 5302 | Missing: 45 | StateHash: 0xCDC01D2C
[HEARTBEAT] SimTick: 5407 | NetHead: 5406 | Confirmed: 5360 | Missing: 47 | StateHash: 0x73F55245
[HEARTBEAT] SimTick: 5467 | NetHead: 5466 | Confirmed: 5421 | Missing: 46 | StateHash: 0x2C4C9111
[HEARTBEAT] SimTick: 5527 | NetHead: 5526 | Confirmed: 5480 | Missing: 47 | StateHash: 0x03814815
[HEARTBEAT] SimTick: 5587 | NetHead: 5586 | Confirmed: 5540 | Missing: 47 | StateHash: 0x32D1B31C
[HEARTBEAT] SimTick: 5647 | NetHead: 5646 | Confirmed: 5598 | Missing: 49 | StateHash: 0x7336CF45
[HEARTBEAT] SimTick: 5708 | NetHead: 5707 | Confirmed: 5663 | Missing: 45 | StateHash: 0xCEDF87AC
[HEARTBEAT] SimTick: 5768 | NetHead: 5767 | Confirmed: 5720 | Missing: 48 | StateHash: 0x68C1E295
[HEARTBEAT] SimTick: 5828 | NetHead: 5827 | Confirmed: 5780 | Missing: 48 | StateHash: 0xF76EA9C1
[HEARTBEAT] SimTick: 5888 | NetHead: 5887 | Confirmed: 5841 | Missing: 47 | StateHash: 0xE7178745
[HEARTBEAT] SimTick: 5948 | NetHead: 5947 | Confirmed: 5901 | Missing: 47 | StateHash: 0x6793E9AC
[HEARTBEAT] SimTick: 6008 | NetHead: 6007 | Confirmed: 5961 | Missing: 47 | StateHash: 0xE52B46A5
[HEARTBEAT] SimTick: 6068 | NetHead: 6067 | Confirmed: 6022 | Missing: 46 | StateHash: 0xB8692E8C
[HEARTBEAT] SimTick: 6128 | NetHead: 6127 | Confirmed: 6082 | Missing: 46 | StateHash: 0x66A66E05
[HEARTBEAT] SimTick: 6188 | NetHead: 6187 | Confirmed: 6143 | Missing: 45 | StateHash: 0x6FFB5BA1
[HEARTBEAT] SimTick: 6248 | NetHead: 6247 | Confirmed: 6201 | Missing: 47 | StateHash: 0x7AE66065
[HEARTBEAT] SimTick: 6308 | NetHead: 6307 | Confirmed: 6261 | Missing: 47 | StateHash: 0xD45AB57C
[HEARTBEAT] SimTick: 6368 | NetHead: 6367 | Confirmed: 6321 | Missing: 47 | StateHash: 0x4122E185
[HEARTBEAT] SimTick: 6428 | NetHead: 6427 | Confirmed: 6380 | Missing: 48 | StateHash: 0xA2C107BC
[HEARTBEAT] SimTick: 6488 | NetHead: 6487 | Confirmed: 6441 | Missing: 47 | StateHash: 0x33FE1C25
[HEARTBEAT] SimTick: 6549 | NetHead: 6548 | Confirmed: 6503 | Missing: 46 | StateHash: 0x3EB3AD81
[HEARTBEAT] SimTick: 6609 | NetHead: 6608 | Confirmed: 6561 | Missing: 48 | StateHash: 0x577291C5
[HEARTBEAT] SimTick: 6669 | NetHead: 6668 | Confirmed: 6623 | Missing: 46 | StateHash: 0x441E2381
[HEARTBEAT] SimTick: 6729 | NetHead: 6728 | Confirmed: 6683 | Missing: 46 | StateHash: 0xA8A41A05
[HEARTBEAT] SimTick: 6789 | NetHead: 6788 | Confirmed: 6744 | Missing: 45 | StateHash: 0x7B3897E1
[HEARTBEAT] SimTick: 6849 | NetHead: 6848 | Confirmed: 6801 | Missing: 48 | StateHash: 0xAFCFCB05
[HEARTBEAT] SimTick: 6909 | NetHead: 6908 | Confirmed: 6861 | Missing: 48 | StateHash: 0x8BCC1F5C
[HEARTBEAT] SimTick: 6969 | NetHead: 6968 | Confirmed: 6921 | Missing: 48 | StateHash: 0xAF7A2F35
[HEARTBEAT] SimTick: 7029 | NetHead: 7028 | Confirmed: 6982 | Missing: 47 | StateHash: 0x4DA07E7C
[HEARTBEAT] SimTick: 7089 | NetHead: 7088 | Confirmed: 7039 | Missing: 50 | StateHash: 0xCE8C1545
[HEARTBEAT] SimTick: 7149 | NetHead: 7148 | Confirmed: 7100 | Missing: 49 | StateHash: 0x5D117E71
[HEARTBEAT] SimTick: 7209 | NetHead: 7208 | Confirmed: 7163 | Missing: 46 | StateHash: 0x3B32C3F5
[HEARTBEAT] SimTick: 7269 | NetHead: 7268 | Confirmed: 7222 | Missing: 47 | StateHash: 0xD507ECE1
[HEARTBEAT] SimTick: 7329 | NetHead: 7328 | Confirmed: 7282 | Missing: 47 | StateHash: 0x3C0A1A85
[HEARTBEAT] SimTick: 7389 | NetHead: 7388 | Confirmed: 7342 | Missing: 47 | StateHash: 0xAF5902CC
[HEARTBEAT] SimTick: 7449 | NetHead: 7448 | Confirmed: 7402 | Missing: 47 | StateHash: 0x44329975
[HEARTBEAT] SimTick: 7509 | NetHead: 7508 | Confirmed: 7462 | Missing: 47 | StateHash: 0x9BAEC561
[HEARTBEAT] SimTick: 7569 | NetHead: 7568 | Confirmed: 7522 | Missing: 47 | StateHash: 0x48AF3745
[HEARTBEAT] SimTick: 7629 | NetHead: 7628 | Confirmed: 7581 | Missing: 48 | StateHash: 0xDE4C8211
[HEARTBEAT] SimTick: 7689 | NetHead: 7688 | Confirmed: 7644 | Missing: 45 | StateHash: 0xA1912AB5
[HEARTBEAT] SimTick: 7750 | NetHead: 7749 | Confirmed: 7704 | Missing: 46 | StateHash: 0x8EB560FC
[HEARTBEAT] SimTick: 7810 | NetHead: 7809 | Confirmed: 7763 | Missing: 47 | StateHash: 0x0EDA9745
[HEARTBEAT] SimTick: 7870 | NetHead: 7869 | Confirmed: 7825 | Missing: 45 | StateHash: 0x14D6B891
[HEARTBEAT] SimTick: 7930 | NetHead: 7929 | Confirmed: 7880 | Missing: 50 | StateHash: 0x726DD515
[HEARTBEAT] SimTick: 7990 | NetHead: 7989 | Confirmed: 7940 | Missing: 50 | StateHash: 0xB3FDE121
[HEARTBEAT] SimTick: 8050 | NetHead: 8049 | Confirmed: 8001 | Missing: 49 | StateHash: 0xBBF03885
[HEARTBEAT] SimTick: 8110 | NetHead: 8109 | Confirmed: 8064 | Missing: 46 | StateHash: 0xC9961C71
[HEARTBEAT] SimTick: 8170 | NetHead: 8169 | Confirmed: 8120 | Missing: 50 | StateHash: 0xFCC4B4D5
[HEARTBEAT] SimTick: 8230 | NetHead: 8229 | Confirmed: 8183 | Missing: 47 | StateHash: 0x0EDE1B81
[HEARTBEAT] SimTick: 8290 | NetHead: 8289 | Confirmed: 8246 | Missing: 44 | StateHash: 0x3F92AD05
[HEARTBEAT] SimTick: 8350 | NetHead: 8349 | Confirmed: 8305 | Missing: 45 | StateHash: 0x9781E0E1
[HEARTBEAT] SimTick: 8410 | NetHead: 8409 | Confirmed: 8361 | Missing: 49 | StateHash: 0xA72355C5
[HEARTBEAT] SimTick: 8470 | NetHead: 8469 | Confirmed: 8424 | Missing: 46 | StateHash: 0x8791F341
[HEARTBEAT] SimTick: 8531 | NetHead: 8530 | Confirmed: 8485 | Missing: 46 | StateHash: 0x08A4FFB9
[HEARTBEAT] SimTick: 8591 | NetHead: 8590 | Confirmed: 8543 | Missing: 48 | StateHash: 0xEBAD38F1
[HEARTBEAT] SimTick: 8651 | NetHead: 8650 | Confirmed: 8606 | Missing: 45 | StateHash: 0x4946B909
[HEARTBEAT] SimTick: 8711 | NetHead: 8710 | Confirmed: 8666 | Missing: 45 | StateHash: 0x3D5055A1
[HEARTBEAT] SimTick: 8771 | NetHead: 8770 | Confirmed: 8726 | Missing: 45 | StateHash: 0x02E9AEB1
[HEARTBEAT] SimTick: 8831 | NetHead: 8830 | Confirmed: 8784 | Missing: 47 | StateHash: 0xBE347561
[HEARTBEAT] SimTick: 8891 | NetHead: 8890 | Confirmed: 8845 | Missing: 46 | StateHash: 0xC1CD80F9
[HEARTBEAT] SimTick: 8951 | NetHead: 8950 | Confirmed: 8905 | Missing: 46 | StateHash: 0x046A80E1
[HEARTBEAT] SimTick: 9011 | NetHead: 9010 | Confirmed: 8964 | Missing: 47 | StateHash: 0xCF8F6A99
[HEARTBEAT] SimTick: 9071 | NetHead: 9070 | Confirmed: 9023 | Missing: 48 | StateHash: 0x33094001
[HEARTBEAT] SimTick: 9131 | NetHead: 9130 | Confirmed: 9083 | Missing: 48 | StateHash: 0xD9BA1AE1
[HEARTBEAT] SimTick: 9191 | NetHead: 9190 | Confirmed: 9144 | Missing: 47 | StateHash: 0xA8B561E1
[HEARTBEAT] SimTick: 9251 | NetHead: 9250 | Confirmed: 9205 | Missing: 46 | StateHash: 0x1832D249
[HEARTBEAT] SimTick: 9311 | NetHead: 9310 | Confirmed: 9264 | Missing: 47 | StateHash: 0x4EEC4F11
[HEARTBEAT] SimTick: 9371 | NetHead: 9370 | Confirmed: 9323 | Missing: 48 | StateHash: 0xA3755029
[HEARTBEAT] SimTick: 9431 | NetHead: 9430 | Confirmed: 9385 | Missing: 46 | StateHash: 0xC3E0E941
[HEARTBEAT] SimTick: 9491 | NetHead: 9490 | Confirmed: 9442 | Missing: 49 | StateHash: 0x213A7D31
[HEARTBEAT] SimTick: 9551 | NetHead: 9550 | Confirmed: 9504 | Missing: 47 | StateHash: 0x430D2B01
[HEARTBEAT] SimTick: 9612 | NetHead: 9611 | Confirmed: 9565 | Missing: 47 | StateHash: 0x85920031
[HEARTBEAT] SimTick: 9672 | NetHead: 9671 | Confirmed: 9625 | Missing: 47 | StateHash: 0xD9E0FAA1
[HEARTBEAT] SimTick: 9732 | NetHead: 9731 | Confirmed: 9685 | Missing: 47 | StateHash: 0xB9A54749
[HEARTBEAT] SimTick: 9792 | NetHead: 9791 | Confirmed: 9746 | Missing: 46 | StateHash: 0xB667FA71
[HEARTBEAT] SimTick: 9852 | NetHead: 9851 | Confirmed: 9802 | Missing: 50 | StateHash: 0x80F96859
[HEARTBEAT] SimTick: 9912 | NetHead: 9911 | Confirmed: 9866 | Missing: 46 | StateHash: 0xE71E6561
[HEARTBEAT] SimTick: 9972 | NetHead: 9971 | Confirmed: 9925 | Missing: 47 | StateHash: 0xCB8A97A9
[HEARTBEAT] SimTick: 10032 | NetHead: 10031 | Confirmed: 9985 | Missing: 47 | StateHash: 0x9CED6051
[HEARTBEAT] SimTick: 10092 | NetHead: 10091 | Confirmed: 10043 | Missing: 49 | StateHash: 0xC39CB429
[HEARTBEAT] SimTick: 10152 | NetHead: 10151 | Confirmed: 10105 | Missing: 47 | StateHash: 0x23D47941
[HEARTBEAT] SimTick: 10212 | NetHead: 10211 | Confirmed: 10165 | Missing: 47 | StateHash: 0x7EF0BCC9
[HEARTBEAT] SimTick: 10272 | NetHead: 10271 | Confirmed: 10225 | Missing: 47 | StateHash: 0x6949C191
[HEARTBEAT] SimTick: 10332 | NetHead: 10331 | Confirmed: 10284 | Missing: 48 | StateHash: 0x525E7429
[HEARTBEAT] SimTick: 10392 | NetHead: 10391 | Confirmed: 10345 | Missing: 47 | StateHash: 0x99E09861
[HEARTBEAT] SimTick: 10452 | NetHead: 10451 | Confirmed: 10405 | Missing: 47 | StateHash: 0x1747A4F1
[HEARTBEAT] SimTick: 10512 | NetHead: 10511 | Confirmed: 10466 | Missing: 46 | StateHash: 0xD28FFF61
[HEARTBEAT] SimTick: 10573 | NetHead: 10572 | Confirmed: 10526 | Missing: 47 | StateHash: 0xA6A948A1
[HEARTBEAT] SimTick: 10633 | NetHead: 10632 | Confirmed: 10584 | Missing: 49 | StateHash: 0x602C6EE1
[HEARTBEAT] SimTick: 10693 | NetHead: 10692 | Confirmed: 10647 | Missing: 46 | StateHash: 0x7CA105B1
[HEARTBEAT] SimTick: 10753 | NetHead: 10752 | Confirmed: 10707 | Missing: 46 | StateHash: 0x6C9BC121
[HEARTBEAT] SimTick: 10813 | NetHead: 10812 | Confirmed: 10767 | Missing: 46 | StateHash: 0x9237C989
[HEARTBEAT] SimTick: 10873 | NetHead: 10872 | Confirmed: 10825 | Missing: 48 | StateHash: 0xD94016E1
[HEARTBEAT] SimTick: 10933 | NetHead: 10932 | Confirmed: 10885 | Missing: 48 | StateHash: 0x32D32561
[HEARTBEAT] SimTick: 10993 | NetHead: 10992 | Confirmed: 10947 | Missing: 46 | StateHash: 0xD8785AD1
[HEARTBEAT] SimTick: 11053 | NetHead: 11052 | Confirmed: 11003 | Missing: 50 | StateHash: 0x5D861D19
[HEARTBEAT] SimTick: 11113 | NetHead: 11112 | Confirmed: 11068 | Missing: 45 | StateHash: 0x81693501
[HEARTBEAT] SimTick: 11173 | NetHead: 11172 | Confirmed: 11126 | Missing: 47 | StateHash: 0xD8D30DE1
[HEARTBEAT] SimTick: 11233 | NetHead: 11232 | Confirmed: 11187 | Missing: 46 | StateHash: 0x7206AF41
[HEARTBEAT] SimTick: 11293 | NetHead: 11292 | Confirmed: 11247 | Missing: 46 | StateHash: 0x47D906E9
[HEARTBEAT] SimTick: 11353 | NetHead: 11352 | Confirmed: 11305 | Missing: 48 | StateHash: 0xA62B3F01
[HEARTBEAT] SimTick: 11413 | NetHead: 11412 | Confirmed: 11367 | Missing: 46 | StateHash: 0xF4AF9901
[HEARTBEAT] SimTick: 11473 | NetHead: 11472 | Confirmed: 11426 | Missing: 47 | StateHash: 0x877470D1
[HEARTBEAT] SimTick: 11533 | NetHead: 11532 | Confirmed: 11484 | Missing: 49 | StateHash: 0x357B4969
[HEARTBEAT] SimTick: 11593 | NetHead: 11592 | Confirmed: 11546 | Missing: 47 | StateHash: 0x8ADE7EC1
[HEARTBEAT] SimTick: 11654 | NetHead: 11653 | Confirmed: 11608 | Missing: 46 | StateHash: 0x0715FA09
[HEARTBEAT] SimTick: 11714 | NetHead: 11713 | Confirmed: 11668 | Missing: 46 | StateHash: 0x71EE7591
[HEARTBEAT] SimTick: 11774 | NetHead: 11773 | Confirmed: 11728 | Missing: 46 | StateHash: 0x4A3A6A79
[HEARTBEAT] SimTick: 11834 | NetHead: 11833 | Confirmed: 11788 | Missing: 46 | StateHash: 0x1D45D401
[HEARTBEAT] SimTick: 11894 | NetHead: 11893 | Confirmed: 11846 | Missing: 48 | StateHash: 0x44F08C09
[HEARTBEAT] SimTick: 11954 | NetHead: 11953 | Confirmed: 11906 | Missing: 48 | StateHash: 0x6C3AB5D1
[HEARTBEAT] SimTick: 12014 | NetHead: 12013 | Confirmed: 11968 | Missing: 46 | StateHash: 0x38CF7149
[HEARTBEAT] SimTick: 12074 | NetHead: 12073 | Confirmed: 12028 | Missing: 46 | StateHash: 0x0F0B63C1
[HEARTBEAT] SimTick: 12134 | NetHead: 12133 | Confirmed: 12088 | Missing: 46 | StateHash: 0x16B12499
[HEARTBEAT] SimTick: 12194 | NetHead: 12193 | Confirmed: 12145 | Missing: 49 | StateHash: 0x072C1251
[HEARTBEAT] SimTick: 12254 | NetHead: 12253 | Confirmed: 12208 | Missing: 46 | StateHash: 0x41337A91
[HEARTBEAT] SimTick: 12314 | NetHead: 12313 | Confirmed: 12266 | Missing: 48 | StateHash: 0x13650221
[HEARTBEAT] SimTick: 12374 | NetHead: 12373 | Confirmed: 12328 | Missing: 46 | StateHash: 0x2B2EABC9
[HEARTBEAT] SimTick: 12434 | NetHead: 12433 | Confirmed: 12389 | Missing: 45 | StateHash: 0x986DE701
[HEARTBEAT] SimTick: 12494 | NetHead: 12493 | Confirmed: 12448 | Missing: 46 | StateHash: 0x2271CC71
[HEARTBEAT] SimTick: 12554 | NetHead: 12553 | Confirmed: 12509 | Missing: 45 | StateHash: 0x0E80A581
[HEARTBEAT] SimTick: 12614 | NetHead: 12613 | Confirmed: 12566 | Missing: 48 | StateHash: 0x0EA44439
[HEARTBEAT] SimTick: 12674 | NetHead: 12673 | Confirmed: 12627 | Missing: 47 | StateHash: 0x64F83451
[HEARTBEAT] SimTick: 12734 | NetHead: 12733 | Confirmed: 12688 | Missing: 46 | StateHash: 0x687A7349
[HEARTBEAT] SimTick: 12794 | NetHead: 12793 | Confirmed: 12749 | Missing: 45 | StateHash: 0x4650C101
[HEARTBEAT] SimTick: 12855 | NetHead: 12854 | Confirmed: 12809 | Missing: 46 | StateHash: 0x087F72A9
[HEARTBEAT] SimTick: 12915 | NetHead: 12914 | Confirmed: 12868 | Missing: 47 | StateHash: 0xF116BC91
[HEARTBEAT] SimTick: 12975 | NetHead: 12974 | Confirmed: 12927 | Missing: 48 | StateHash: 0xD735B989
[HEARTBEAT] SimTick: 13035 | NetHead: 13034 | Confirmed: 12990 | Missing: 45 | StateHash: 0x9F43A8E1
[HEARTBEAT] SimTick: 13095 | NetHead: 13094 | Confirmed: 13049 | Missing: 46 | StateHash: 0xD049CC41
[HEARTBEAT] SimTick: 13155 | NetHead: 13154 | Confirmed: 13109 | Missing: 46 | StateHash: 0x46873981
[HEARTBEAT] SimTick: 13215 | NetHead: 13214 | Confirmed: 13168 | Missing: 47 | StateHash: 0x7FA533D1
[HEARTBEAT] SimTick: 13275 | NetHead: 13274 | Confirmed: 13230 | Missing: 45 | StateHash: 0x7F88B7E1
[HEARTBEAT] SimTick: 13335 | NetHead: 13334 | Confirmed: 13287 | Missing: 48 | StateHash: 0xCE7C9BA1
[HEARTBEAT] SimTick: 13395 | NetHead: 13394 | Confirmed: 13347 | Missing: 48 | StateHash: 0xF252B001
[HEARTBEAT] SimTick: 13455 | NetHead: 13454 | Confirmed: 13405 | Missing: 50 | StateHash: 0xC46E32B1
[HEARTBEAT] SimTick: 13515 | NetHead: 13514 | Confirmed: 13469 | Missing: 46 | StateHash: 0x7B6F91C1
[HEARTBEAT] SimTick: 13575 | NetHead: 13574 | Confirmed: 13526 | Missing: 49 | StateHash: 0x7692B731
[HEARTBEAT] SimTick: 13635 | NetHead: 13634 | Confirmed: 13590 | Missing: 45 | StateHash: 0x7131AEE1
[HEARTBEAT] SimTick: 13695 | NetHead: 13694 | Confirmed: 13650 | Missing: 45 | StateHash: 0x8D289DA1
[HEARTBEAT] SimTick: 13755 | NetHead: 13754 | Confirmed: 13709 | Missing: 46 | StateHash: 0xF10CEEA1
[HEARTBEAT] SimTick: 13816 | NetHead: 13815 | Confirmed: 13769 | Missing: 47 | StateHash: 0x029351A1
[HEARTBEAT] SimTick: 13876 | NetHead: 13875 | Confirmed: 13830 | Missing: 46 | StateHash: 0x667D8101
[HEARTBEAT] SimTick: 13936 | NetHead: 13935 | Confirmed: 13888 | Missing: 48 | StateHash: 0x5BC47239
[HEARTBEAT] SimTick: 13996 | NetHead: 13995 | Confirmed: 13949 | Missing: 47 | StateHash: 0xF1FDC041
[HEARTBEAT] SimTick: 14056 | NetHead: 14055 | Confirmed: 14009 | Missing: 47 | StateHash: 0x92F63229
[HEARTBEAT] SimTick: 14116 | NetHead: 14115 | Confirmed: 14070 | Missing: 46 | StateHash: 0x2448C201
[HEARTBEAT] SimTick: 14176 | NetHead: 14175 | Confirmed: 14130 | Missing: 46 | StateHash: 0x86340A05
[HEARTBEAT] SimTick: 14236 | NetHead: 14235 | Confirmed: 14189 | Missing: 47 | StateHash: 0x421268F5
[HEARTBEAT] SimTick: 14296 | NetHead: 14295 | Confirmed: 14247 | Missing: 49 | StateHash: 0xD0271345
[HEARTBEAT] SimTick: 14356 | NetHead: 14355 | Confirmed: 14309 | Missing: 47 | StateHash: 0x89DB4B5D
[HEARTBEAT] SimTick: 14416 | NetHead: 14415 | Confirmed: 14368 | Missing: 48 | StateHash: 0xB0948D55
[HEARTBEAT] SimTick: 14476 | NetHead: 14475 | Confirmed: 14430 | Missing: 46 | StateHash: 0x8446C5B5
[HEARTBEAT] SimTick: 14536 | NetHead: 14535 | Confirmed: 14491 | Missing: 45 | StateHash: 0x6ABB1505
[HEARTBEAT] SimTick: 14596 | NetHead: 14595 | Confirmed: 14550 | Missing: 46 | StateHash: 0x3325103D
[HEARTBEAT] SimTick: 14656 | NetHead: 14655 | Confirmed: 14607 | Missing: 49 | StateHash: 0xB8EC7EC5
[HEARTBEAT] SimTick: 14716 | NetHead: 14715 | Confirmed: 14666 | Missing: 50 | StateHash: 0xED516415
[HEARTBEAT] SimTick: 14776 | NetHead: 14775 | Confirmed: 14728 | Missing: 48 | StateHash: 0x06D84AC5
[HEARTBEAT] SimTick: 14836 | NetHead: 14835 | Confirmed: 14790 | Missing: 46 | StateHash: 0xB6FBEB5D
[HEARTBEAT] SimTick: 14896 | NetHead: 14895 | Confirmed: 14847 | Missing: 49 | StateHash: 0xB45864D5
[HEARTBEAT] SimTick: 14956 | NetHead: 14955 | Confirmed: 14910 | Missing: 46 | StateHash: 0x12ECF79D
[HEARTBEAT] SimTick: 15016 | NetHead: 15015 | Confirmed: 14971 | Missing: 45 | StateHash: 0xFE9C7C45
[HEARTBEAT] SimTick: 15077 | NetHead: 15076 | Confirmed: 15031 | Missing: 46 | StateHash: 0xFE8BB485
[HEARTBEAT] SimTick: 15137 | NetHead: 15136 | Confirmed: 15089 | Missing: 48 | StateHash: 0x283E8385
[HEARTBEAT] SimTick: 15197 | NetHead: 15196 | Confirmed: 15149 | Missing: 48 | StateHash: 0x0826DE1D
[HEARTBEAT] SimTick: 15257 | NetHead: 15256 | Confirmed: 15209 | Missing: 48 | StateHash: 0x03F6F105
[HEARTBEAT] SimTick: 15317 | NetHead: 15316 | Confirmed: 15269 | Missing: 48 | StateHash: 0x6BC034C5
[HEARTBEAT] SimTick: 15377 | NetHead: 15376 | Confirmed: 15328 | Missing: 49 | StateHash: 0xC3E5B995
[HEARTBEAT] SimTick: 15437 | NetHead: 15436 | Confirmed: 15389 | Missing: 48 | StateHash: 0x8798C18D
[HEARTBEAT] SimTick: 15497 | NetHead: 15496 | Confirmed: 15451 | Missing: 46 | StateHash: 0x65AC04C5
[HEARTBEAT] SimTick: 15557 | NetHead: 15556 | Confirmed: 15510 | Missing: 47 | StateHash: 0xB0A2159D
[HEARTBEAT] SimTick: 15617 | NetHead: 15616 | Confirmed: 15570 | Missing: 47 | StateHash: 0x13A217D5
[HEARTBEAT] SimTick: 15677 | NetHead: 15676 | Confirmed: 15630 | Missing: 47 | StateHash: 0x9395C715
[HEARTBEAT] SimTick: 15737 | NetHead: 15736 | Confirmed: 15690 | Missing: 47 | StateHash: 0xB2F2C205
[HEARTBEAT] SimTick: 15797 | NetHead: 15796 | Confirmed: 15748 | Missing: 49 | StateHash: 0xB24CF8E5
[HEARTBEAT] SimTick: 15857 | NetHead: 15856 | Confirmed: 15809 | Missing: 48 | StateHash: 0x429EAE95
[HEARTBEAT] SimTick: 15917 | NetHead: 15916 | Confirmed: 15871 | Missing: 46 | StateHash: 0x06274C4D
[HEARTBEAT] SimTick: 15977 | NetHead: 15976 | Confirmed: 15929 | Missing: 48 | StateHash: 0xCC452AC5
[HEARTBEAT] SimTick: 16038 | NetHead: 16037 | Confirmed: 15992 | Missing: 46 | StateHash: 0x41334B25
[HEARTBEAT] SimTick: 16098 | NetHead: 16097 | Confirmed: 16051 | Missing: 47 | StateHash: 0x0BF27B65
[HEARTBEAT] SimTick: 16158 | NetHead: 16157 | Confirmed: 16109 | Missing: 49 | StateHash: 0x9088EC4D
[HEARTBEAT] SimTick: 16218 | NetHead: 16217 | Confirmed: 16170 | Missing: 48 | StateHash: 0xDEE7C7C5
[HEARTBEAT] SimTick: 16278 | NetHead: 16277 | Confirmed: 16232 | Missing: 46 | StateHash: 0xA9F75285
[HEARTBEAT] SimTick: 16338 | NetHead: 16337 | Confirmed: 16291 | Missing: 47 | StateHash: 0xB62F1815
[HEARTBEAT] SimTick: 16398 | NetHead: 16397 | Confirmed: 16349 | Missing: 49 | StateHash: 0x7E13BD85
[HEARTBEAT] SimTick: 16458 | NetHead: 16457 | Confirmed: 16412 | Missing: 46 | StateHash: 0x9C7F7A05
[HEARTBEAT] SimTick: 16518 | NetHead: 16517 | Confirmed: 16473 | Missing: 45 | StateHash: 0xD6EAFA8D
[HEARTBEAT] SimTick: 16578 | NetHead: 16577 | Confirmed: 16528 | Missing: 50 | StateHash: 0x1FFC5405
[HEARTBEAT] SimTick: 16638 | NetHead: 16637 | Confirmed: 16591 | Missing: 47 | StateHash: 0x1E998A75
[HEARTBEAT] SimTick: 16698 | NetHead: 16697 | Confirmed: 16653 | Missing: 45 | StateHash: 0xDB169A05
[HEARTBEAT] SimTick: 16758 | NetHead: 16757 | Confirmed: 16713 | Missing: 45 | StateHash: 0x7AED5CBD
[HEARTBEAT] SimTick: 16818 | NetHead: 16817 | Confirmed: 16771 | Missing: 47 | StateHash: 0xEC463655
[HEARTBEAT] SimTick: 16878 | NetHead: 16877 | Confirmed: 16831 | Missing: 47 | StateHash: 0x64875795
[HEARTBEAT] SimTick: 16938 | NetHead: 16937 | Confirmed: 16891 | Missing: 47 | StateHash: 0x7C995C85
[HEARTBEAT] SimTick: 16998 | NetHead: 16997 | Confirmed: 16951 | Missing: 47 | StateHash: 0x286EAABD
[HEARTBEAT] SimTick: 17058 | NetHead: 17057 | Confirmed: 17011 | Missing: 47 | StateHash: 0x9D2A6845
[HEARTBEAT] SimTick: 17119 | NetHead: 17118 | Confirmed: 17074 | Missing: 45 | StateHash: 0x8043B56D
[HEARTBEAT] SimTick: 17179 | NetHead: 17178 | Confirmed: 17132 | Missing: 47 | StateHash: 0xB816B105
[HEARTBEAT] SimTick: 17239 | NetHead: 17238 | Confirmed: 17194 | Missing: 45 | StateHash: 0x8CF67BC5
[HEARTBEAT] SimTick: 17299 | NetHead: 17298 | Confirmed: 17253 | Missing: 46 | StateHash: 0xA3254DB5
[HEARTBEAT] SimTick: 17359 | NetHead: 17358 | Confirmed: 17311 | Missing: 48 | StateHash: 0x043C70ED
[HEARTBEAT] SimTick: 17419 | NetHead: 17418 | Confirmed: 17373 | Missing: 46 | StateHash: 0x2AF1D6C5
[HEARTBEAT] SimTick: 17479 | NetHead: 17478 | Confirmed: 17433 | Missing: 46 | StateHash: 0xD49C8F65
[HEARTBEAT] SimTick: 17539 | NetHead: 17538 | Confirmed: 17492 | Missing: 47 | StateHash: 0xA7174305
[HEARTBEAT] SimTick: 17599 | NetHead: 17598 | Confirmed: 17552 | Missing: 47 | StateHash: 0x1B28DAB5
[HEARTBEAT] SimTick: 17659 | NetHead: 17658 | Confirmed: 17612 | Missing: 47 | StateHash: 0x09A41D85
[HEARTBEAT] SimTick: 17719 | NetHead: 17718 | Confirmed: 17674 | Missing: 45 | StateHash: 0x54C36AAD
[HEARTBEAT] SimTick: 17779 | NetHead: 17778 | Confirmed: 17730 | Missing: 49 | StateHash: 0xF5A2D451
[HEARTBEAT] SimTick: 17839 | NetHead: 17838 | Confirmed: 17790 | Missing: 49 | StateHash: 0x70BE7581
[HEARTBEAT] SimTick: 17899 | NetHead: 17898 | Confirmed: 17852 | Missing: 47 | StateHash: 0x07104741
[HEARTBEAT] SimTick: 17959 | NetHead: 17958 | Confirmed: 17912 | Missing: 47 | StateHash: 0x8BB8DC39
[HEARTBEAT] SimTick: 18019 | NetHead: 18018 | Confirmed: 17972 | Missing: 47 | StateHash: 0x9877AA99
[HEARTBEAT] SimTick: 18080 | NetHead: 18079 | Confirmed: 18034 | Missing: 46 | StateHash: 0x9E4A2F99
[HEARTBEAT] SimTick: 18140 | NetHead: 18139 | Confirmed: 18094 | Missing: 46 | StateHash: 0x6F584331
[HEARTBEAT] SimTick: 18200 | NetHead: 18199 | Confirmed: 18155 | Missing: 45 | StateHash: 0x1CB65159
[HEARTBEAT] SimTick: 18260 | NetHead: 18259 | Confirmed: 18212 | Missing: 48 | StateHash: 0x40A8DC09
[HEARTBEAT] SimTick: 18320 | NetHead: 18319 | Confirmed: 18275 | Missing: 45 | StateHash: 0x33184F91
[HEARTBEAT] SimTick: 18380 | NetHead: 18379 | Confirmed: 18335 | Missing: 45 | StateHash: 0x40FA9D89
[HEARTBEAT] SimTick: 18440 | NetHead: 18439 | Confirmed: 18391 | Missing: 49 | StateHash: 0xC4380BB1
[HEARTBEAT] SimTick: 18500 | NetHead: 18499 | Confirmed: 18455 | Missing: 45 | StateHash: 0x8956AAD9
[HEARTBEAT] SimTick: 18560 | NetHead: 18559 | Confirmed: 18514 | Missing: 46 | StateHash: 0xCEB4EAD9
[HEARTBEAT] SimTick: 18620 | NetHead: 18619 | Confirmed: 18575 | Missing: 45 | StateHash: 0x7EBF6681
[HEARTBEAT] SimTick: 18680 | NetHead: 18679 | Confirmed: 18634 | Missing: 46 | StateHash: 0x9660DA91
[HEARTBEAT] SimTick: 18740 | NetHead: 18739 | Confirmed: 18693 | Missing: 47 | StateHash: 0x8EFE74D1
[HEARTBEAT] SimTick: 18800 | NetHead: 18799 | Confirmed: 18754 | Missing: 46 | StateHash: 0x94CB8709
[HEARTBEAT] SimTick: 18860 | NetHead: 18859 | Confirmed: 18814 | Missing: 46 | StateHash: 0xB7B1F549
[HEARTBEAT] SimTick: 18920 | NetHead: 18919 | Confirmed: 18872 | Missing: 48 | StateHash: 0xDA1341D9
[HEARTBEAT] SimTick: 18980 | NetHead: 18979 | Confirmed: 18933 | Missing: 47 | StateHash: 0x4B9A09C1
[HEARTBEAT] SimTick: 19040 | NetHead: 19039 | Confirmed: 18994 | Missing: 46 | StateHash: 0xA2973569
[HEARTBEAT] SimTick: 19101 | NetHead: 19100 | Confirmed: 19053 | Missing: 48 | StateHash: 0xD71C21A9
[HEARTBEAT] SimTick: 19161 | NetHead: 19160 | Confirmed: 19113 | Missing: 48 | StateHash: 0xAE2CFF81
[HEARTBEAT] SimTick: 19221 | NetHead: 19220 | Confirmed: 19174 | Missing: 47 | StateHash: 0x1EC98DE9
[HEARTBEAT] SimTick: 19281 | NetHead: 19280 | Confirmed: 19232 | Missing: 49 | StateHash: 0x0533E059
[HEARTBEAT] SimTick: 19341 | NetHead: 19340 | Confirmed: 19294 | Missing: 47 | StateHash: 0xFA1D0AE1
[HEARTBEAT] SimTick: 19401 | NetHead: 19400 | Confirmed: 19355 | Missing: 46 | StateHash: 0xF8FED121
[HEARTBEAT] SimTick: 19461 | NetHead: 19460 | Confirmed: 19414 | Missing: 47 | StateHash: 0xF5200721
[HEARTBEAT] SimTick: 19521 | NetHead: 19520 | Confirmed: 19476 | Missing: 45 | StateHash: 0x132844B9
[HEARTBEAT] SimTick: 19581 | NetHead: 19580 | Confirmed: 19534 | Missing: 47 | StateHash: 0x99F1D979
[HEARTBEAT] SimTick: 19641 | NetHead: 19640 | Confirmed: 19593 | Missing: 48 | StateHash: 0x55DD7039
[HEARTBEAT] SimTick: 19701 | NetHead: 19700 | Confirmed: 19656 | Missing: 45 | StateHash: 0x24C48C11
[HEARTBEAT] SimTick: 19761 | NetHead: 19760 | Confirmed: 19714 | Missing: 47 | StateHash: 0xEFD5C889
[HEARTBEAT] SimTick: 19821 | NetHead: 19820 | Confirmed: 19776 | Missing: 45 | StateHash: 0x56DF9E89
[HEARTBEAT] SimTick: 19881 | NetHead: 19880 | Confirmed: 19833 | Missing: 48 | StateHash: 0x17AF1019
[HEARTBEAT] SimTick: 19941 | NetHead: 19940 | Confirmed: 19893 | Missing: 48 | StateHash: 0x67E885C1
[HEARTBEAT] SimTick: 20001 | NetHead: 20000 | Confirmed: 19952 | Missing: 49 | StateHash: 0x2F27BB01
[HEARTBEAT] SimTick: 20061 | NetHead: 20060 | Confirmed: 20012 | Missing: 49 | StateHash: 0xCDAFAF21
[HEARTBEAT] SimTick: 20121 | NetHead: 20120 | Confirmed: 20074 | Missing: 47 | StateHash: 0x22F8A241
[HEARTBEAT] SimTick: 20182 | NetHead: 20181 | Confirmed: 20133 | Missing: 49 | StateHash: 0x80E28981
[HEARTBEAT] SimTick: 20242 | NetHead: 20241 | Confirmed: 20197 | Missing: 45 | StateHash: 0xF7F45441
[HEARTBEAT] SimTick: 20302 | NetHead: 20301 | Confirmed: 20255 | Missing: 47 | StateHash: 0xE42E2221
[HEARTBEAT] SimTick: 20362 | NetHead: 20361 | Confirmed: 20315 | Missing: 47 | StateHash: 0x7DDAA451
[HEARTBEAT] SimTick: 20422 | NetHead: 20421 | Confirmed: 20374 | Missing: 48 | StateHash: 0x88125139
[HEARTBEAT] SimTick: 20482 | NetHead: 20481 | Confirmed: 20436 | Missing: 46 | StateHash: 0x6F545359
[HEARTBEAT] SimTick: 20542 | NetHead: 20541 | Confirmed: 20496 | Missing: 46 | StateHash: 0x17F64F21
[HEARTBEAT] SimTick: 20602 | NetHead: 20601 | Confirmed: 20556 | Missing: 46 | StateHash: 0x6883EA89
[HEARTBEAT] SimTick: 20662 | NetHead: 20661 | Confirmed: 20617 | Missing: 45 | StateHash: 0xAB67CA49
[HEARTBEAT] SimTick: 20722 | NetHead: 20721 | Confirmed: 20677 | Missing: 45 | StateHash: 0x4B189EE9
[HEARTBEAT] SimTick: 20782 | NetHead: 20781 | Confirmed: 20743 | Missing: 39 | StateHash: 0xA4398409
[HEARTBEAT] SimTick: 20842 | NetHead: 20841 | Confirmed: 20797 | Missing: 45 | StateHash: 0x7AC5C459
[HEARTBEAT] SimTick: 20902 | NetHead: 20901 | Confirmed: 20856 | Missing: 46 | StateHash: 0x9E39AE41
[HEARTBEAT] SimTick: 20962 | NetHead: 20961 | Confirmed: 20914 | Missing: 48 | StateHash: 0xB951B889
[HEARTBEAT] SimTick: 21022 | NetHead: 21021 | Confirmed: 20974 | Missing: 48 | StateHash: 0xBC214C19
[HEARTBEAT] SimTick: 21082 | NetHead: 21081 | Confirmed: 21035 | Missing: 47 | StateHash: 0xB7618DA9
[HEARTBEAT] SimTick: 21142 | NetHead: 21141 | Confirmed: 21096 | Missing: 46 | StateHash: 0x252DF581
[HEARTBEAT] SimTick: 21202 | NetHead: 21201 | Confirmed: 21157 | Missing: 45 | StateHash: 0x4B762641
[HEARTBEAT] SimTick: 21262 | NetHead: 21261 | Confirmed: 21216 | Missing: 46 | StateHash: 0x2CCC0CC1
[HEARTBEAT] SimTick: 21322 | NetHead: 21321 | Confirmed: 21276 | Missing: 46 | StateHash: 0x738EBD99
[HEARTBEAT] SimTick: 21383 | NetHead: 21382 | Confirmed: 21334 | Missing: 49 | StateHash: 0x807F8919
[HEARTBEAT] SimTick: 21443 | NetHead: 21442 | Confirmed: 21398 | Missing: 45 | StateHash: 0x957F4591
[HEARTBEAT] SimTick: 21503 | NetHead: 21502 | Confirmed: 21456 | Missing: 47 | StateHash: 0xDCBDA099
[HEARTBEAT] SimTick: 21563 | NetHead: 21562 | Confirmed: 21515 | Missing: 48 | StateHash: 0x22154599
[HEARTBEAT] SimTick: 21623 | NetHead: 21622 | Confirmed: 21576 | Missing: 47 | StateHash: 0xEBCD9AD1
[HEARTBEAT] SimTick: 21683 | NetHead: 21682 | Confirmed: 21637 | Missing: 46 | StateHash: 0xF921DFC1
[HEARTBEAT] SimTick: 21743 | NetHead: 21742 | Confirmed: 21696 | Missing: 47 | StateHash: 0xD8140D71
[HEARTBEAT] SimTick: 21803 | NetHead: 21802 | Confirmed: 21756 | Missing: 47 | StateHash: 0x30ABB469
[HEARTBEAT] SimTick: 21863 | NetHead: 21862 | Confirmed: 21814 | Missing: 49 | StateHash: 0x741D2F19
[HEARTBEAT] SimTick: 21923 | NetHead: 21922 | Confirmed: 21877 | Missing: 46 | StateHash: 0xB80F59C9
[HEARTBEAT] SimTick: 21983 | NetHead: 21982 | Confirmed: 21935 | Missing: 48 | StateHash: 0x63D62421
[HEARTBEAT] SimTick: 22043 | NetHead: 22042 | Confirmed: 21995 | Missing: 48 | StateHash: 0x6FD82251
[HEARTBEAT] SimTick: 22103 | NetHead: 22102 | Confirmed: 22054 | Missing: 49 | StateHash: 0x02679C31
[HEARTBEAT] SimTick: 22163 | NetHead: 22162 | Confirmed: 22118 | Missing: 45 | StateHash: 0xA22DF559
[HEARTBEAT] SimTick: 22223 | NetHead: 22222 | Confirmed: 22175 | Missing: 48 | StateHash: 0xA48CA5D9
[HEARTBEAT] SimTick: 22283 | NetHead: 22282 | Confirmed: 22237 | Missing: 46 | StateHash: 0x8E2E4129
[HEARTBEAT] SimTick: 22343 | NetHead: 22342 | Confirmed: 22295 | Missing: 48 | StateHash: 0xE10DAE61
[HEARTBEAT] SimTick: 22404 | NetHead: 22403 | Confirmed: 22356 | Missing: 48 | StateHash: 0x77F15781
[HEARTBEAT] SimTick: 22464 | NetHead: 22463 | Confirmed: 22417 | Missing: 47 | StateHash: 0xD83D27C9
[HEARTBEAT] SimTick: 22524 | NetHead: 22523 | Confirmed: 22478 | Missing: 46 | StateHash: 0xB43949B9
[HEARTBEAT] SimTick: 22584 | NetHead: 22583 | Confirmed: 22537 | Missing: 47 | StateHash: 0x63264701
[HEARTBEAT] SimTick: 22644 | NetHead: 22643 | Confirmed: 22595 | Missing: 49 | StateHash: 0xF6BC20A9
[HEARTBEAT] SimTick: 22704 | NetHead: 22703 | Confirmed: 22657 | Missing: 47 | StateHash: 0xFCFC1DB9
[HEARTBEAT] SimTick: 22764 | NetHead: 22763 | Confirmed: 22717 | Missing: 47 | StateHash: 0xA15D2229
[HEARTBEAT] SimTick: 22824 | NetHead: 22823 | Confirmed: 22778 | Missing: 46 | StateHash: 0xDDBBE209
[HEARTBEAT] SimTick: 22884 | NetHead: 22883 | Confirmed: 22838 | Missing: 46 | StateHash: 0x7C9C4F39
[HEARTBEAT] SimTick: 22944 | NetHead: 22943 | Confirmed: 22896 | Missing: 48 | StateHash: 0x5C94E7D9
[HEARTBEAT] SimTick: 23004 | NetHead: 23003 | Confirmed: 22958 | Missing: 46 | StateHash: 0xC73C3379
[HEARTBEAT] SimTick: 23064 | NetHead: 23063 | Confirmed: 23016 | Missing: 48 | StateHash: 0x302897D1
[HEARTBEAT] SimTick: 23124 | NetHead: 23123 | Confirmed: 23078 | Missing: 46 | StateHash: 0x81C7C6D9
[HEARTBEAT] SimTick: 23184 | NetHead: 23183 | Confirmed: 23139 | Missing: 45 | StateHash: 0x518B9369
[HEARTBEAT] SimTick: 23244 | NetHead: 23243 | Confirmed: 23196 | Missing: 48 | StateHash: 0x43A40FA1
[HEARTBEAT] SimTick: 23304 | NetHead: 23303 | Confirmed: 23257 | Missing: 47 | StateHash: 0x2F2386E9
[HEARTBEAT] SimTick: 23364 | NetHead: 23363 | Confirmed: 23315 | Missing: 49 | StateHash: 0x1EF35249
[HEARTBEAT] SimTick: 23424 | NetHead: 23423 | Confirmed: 23377 | Missing: 47 | StateHash: 0xFA9E7A01
[HEARTBEAT] SimTick: 23484 | NetHead: 23483 | Confirmed: 23436 | Missing: 48 | StateHash: 0xA68DCF89
[HEARTBEAT] SimTick: 23544 | NetHead: 23543 | Confirmed: 23497 | Missing: 47 | StateHash: 0x99A7CE49
[HEARTBEAT] SimTick: 23605 | NetHead: 23604 | Confirmed: 23558 | Missing: 47 | StateHash: 0xDC46A659
[HEARTBEAT] SimTick: 23665 | NetHead: 23664 | Confirmed: 23620 | Missing: 45 | StateHash: 0xFBDB4B61
[HEARTBEAT] SimTick: 23725 | NetHead: 23724 | Confirmed: 23680 | Missing: 45 | StateHash: 0x9CB75E81
[HEARTBEAT] SimTick: 23785 | NetHead: 23784 | Confirmed: 23738 | Missing: 47 | StateHash: 0x265EA169
[HEARTBEAT] SimTick: 23845 | NetHead: 23844 | Confirmed: 23797 | Missing: 48 | StateHash: 0x40C21D09
[HEARTBEAT] SimTick: 23905 | NetHead: 23904 | Confirmed: 23858 | Missing: 47 | StateHash: 0x8391FE59
[HEARTBEAT] SimTick: 23965 | NetHead: 23964 | Confirmed: 23918 | Missing: 47 | StateHash: 0x286055F9
[HEARTBEAT] SimTick: 24025 | NetHead: 24024 | Confirmed: 23979 | Missing: 46 | StateHash: 0x9EFD4D19
[HEARTBEAT] SimTick: 24085 | NetHead: 24084 | Confirmed: 24039 | Missing: 46 | StateHash: 0x6EBA45D9
[HEARTBEAT] SimTick: 24145 | NetHead: 24144 | Confirmed: 24099 | Missing: 46 | StateHash: 0x00B7E869
[HEARTBEAT] SimTick: 24205 | NetHead: 24204 | Confirmed: 24160 | Missing: 45 | StateHash: 0x371FA8B9
[HEARTBEAT] SimTick: 24265 | NetHead: 24264 | Confirmed: 24220 | Missing: 45 | StateHash: 0x0949B221
[HEARTBEAT] SimTick: 24325 | NetHead: 24324 | Confirmed: 24279 | Missing: 46 | StateHash: 0x7424B151
[HEARTBEAT] SimTick: 24385 | NetHead: 24384 | Confirmed: 24339 | Missing: 46 | StateHash: 0xEE9E01F9
[HEARTBEAT] SimTick: 24445 | NetHead: 24444 | Confirmed: 24396 | Missing: 49 | StateHash: 0x115090B9
[HEARTBEAT] SimTick: 24505 | NetHead: 24504 | Confirmed: 24457 | Missing: 48 | StateHash: 0x23E08B81
[HEARTBEAT] SimTick: 24565 | NetHead: 24564 | Confirmed: 24519 | Missing: 46 | StateHash: 0x04C50AA1
[HEARTBEAT] SimTick: 24625 | NetHead: 24624 | Confirmed: 24579 | Missing: 46 | StateHash: 0x2344FA91
[HEARTBEAT] SimTick: 24686 | NetHead: 24685 | Confirmed: 24638 | Missing: 48 | StateHash: 0x3B841291
[HEARTBEAT] SimTick: 24746 | NetHead: 24745 | Confirmed: 24699 | Missing: 47 | StateHash: 0x0AC903E1
[HEARTBEAT] SimTick: 24806 | NetHead: 24805 | Confirmed: 24758 | Missing: 48 | StateHash: 0x8D909E01
[HEARTBEAT] SimTick: 24866 | NetHead: 24865 | Confirmed: 24819 | Missing: 47 | StateHash: 0x846430C9
[HEARTBEAT] SimTick: 24926 | NetHead: 24925 | Confirmed: 24878 | Missing: 48 | StateHash: 0x5C2CF679
[HEARTBEAT] SimTick: 24986 | NetHead: 24985 | Confirmed: 24940 | Missing: 46 | StateHash: 0xFF35EBA1
[HEARTBEAT] SimTick: 25046 | NetHead: 25045 | Confirmed: 24999 | Missing: 47 | StateHash: 0x68FAAE91
[HEARTBEAT] SimTick: 25106 | NetHead: 25105 | Confirmed: 25059 | Missing: 47 | StateHash: 0xD95AE1E9
[HEARTBEAT] SimTick: 25166 | NetHead: 25165 | Confirmed: 25120 | Missing: 46 | StateHash: 0x4E5A40A9
[HEARTBEAT] SimTick: 25226 | NetHead: 25225 | Confirmed: 25180 | Missing: 46 | StateHash: 0x711E2611
[HEARTBEAT] SimTick: 25286 | NetHead: 25285 | Confirmed: 25239 | Missing: 47 | StateHash: 0xA5B98C31
[HEARTBEAT] SimTick: 25346 | NetHead: 25345 | Confirmed: 25298 | Missing: 48 | StateHash: 0x9A2E2F01
[HEARTBEAT] SimTick: 25406 | NetHead: 25405 | Confirmed: 25361 | Missing: 45 | StateHash: 0x82FDA461
[HEARTBEAT] SimTick: 25466 | NetHead: 25465 | Confirmed: 25421 | Missing: 45 | StateHash: 0x012E7EC1
[HEARTBEAT] SimTick: 25526 | NetHead: 25525 | Confirmed: 25480 | Missing: 46 | StateHash: 0x3941FEC1
[HEARTBEAT] SimTick: 25586 | NetHead: 25585 | Confirmed: 25540 | Missing: 46 | StateHash: 0xE7377AB9
[HEARTBEAT] SimTick: 25646 | NetHead: 25645 | Confirmed: 25600 | Missing: 46 | StateHash: 0xE8512D99
[HEARTBEAT] SimTick: 25707 | NetHead: 25706 | Confirmed: 25657 | Missing: 50 | StateHash: 0x377923A9
[HEARTBEAT] SimTick: 25767 | NetHead: 25766 | Confirmed: 25720 | Missing: 47 | StateHash: 0x9CAB65C9
[HEARTBEAT] SimTick: 25827 | NetHead: 25826 | Confirmed: 25779 | Missing: 48 | StateHash: 0x3E126A99
[HEARTBEAT] SimTick: 25887 | NetHead: 25886 | Confirmed: 25839 | Missing: 48 | StateHash: 0xC2603089
[HEARTBEAT] SimTick: 25947 | NetHead: 25946 | Confirmed: 25900 | Missing: 47 | StateHash: 0xBE7B0C31
[HEARTBEAT] SimTick: 26007 | NetHead: 26006 | Confirmed: 25962 | Missing: 45 | StateHash: 0x3D36F0A1
[HEARTBEAT] SimTick: 26067 | NetHead: 26066 | Confirmed: 26022 | Missing: 45 | StateHash: 0x5677EF31
[HEARTBEAT] SimTick: 26127 | NetHead: 26126 | Confirmed: 26081 | Missing: 46 | StateHash: 0xA157D751
[HEARTBEAT] SimTick: 26187 | NetHead: 26186 | Confirmed: 26142 | Missing: 45 | StateHash: 0xA7876A49
[HEARTBEAT] SimTick: 26247 | NetHead: 26246 | Confirmed: 26202 | Missing: 45 | StateHash: 0x9E0FAF89
[HEARTBEAT] SimTick: 26307 | NetHead: 26306 | Confirmed: 26260 | Missing: 47 | StateHash: 0x7C3451D1
[HEARTBEAT] SimTick: 26367 | NetHead: 26366 | Confirmed: 26319 | Missing: 48 | StateHash: 0x63F6F111
[HEARTBEAT] SimTick: 26427 | NetHead: 26426 | Confirmed: 26380 | Missing: 47 | StateHash: 0xE27D0FD1
[HEARTBEAT] SimTick: 26487 | NetHead: 26486 | Confirmed: 26439 | Missing: 48 | StateHash: 0xC5AD9731
[HEARTBEAT] SimTick: 26547 | NetHead: 26546 | Confirmed: 26500 | Missing: 47 | StateHash: 0x007AB889
[HEARTBEAT] SimTick: 26607 | NetHead: 26606 | Confirmed: 26561 | Missing: 46 | StateHash: 0x8F1719E9
[HEARTBEAT] SimTick: 26667 | NetHead: 26666 | Confirmed: 26620 | Missing: 47 | StateHash: 0x1E48F9E9
[HEARTBEAT] SimTick: 26727 | NetHead: 26726 | Confirmed: 26680 | Missing: 47 | StateHash: 0x1BAA9709
[HEARTBEAT] SimTick: 26788 | NetHead: 26787 | Confirmed: 26740 | Missing: 48 | StateHash: 0x4EEAB481
[HEARTBEAT] SimTick: 26848 | NetHead: 26847 | Confirmed: 26801 | Missing: 47 | StateHash: 0x8F4AC7E1
[HEARTBEAT] SimTick: 26908 | NetHead: 26907 | Confirmed: 26860 | Missing: 48 | StateHash: 0xA8D5FEC1
[HEARTBEAT] SimTick: 26968 | NetHead: 26967 | Confirmed: 26922 | Missing: 46 | StateHash: 0xFCC13E01
[HEARTBEAT] SimTick: 27028 | NetHead: 27027 | Confirmed: 26981 | Missing: 47 | StateHash: 0x29161DF9
[HEARTBEAT] SimTick: 27088 | NetHead: 27087 | Confirmed: 27043 | Missing: 45 | StateHash: 0xE27FB769
[HEARTBEAT] SimTick: 27148 | NetHead: 27147 | Confirmed: 27102 | Missing: 46 | StateHash: 0x7C3C7D41
[HEARTBEAT] SimTick: 27208 | NetHead: 27207 | Confirmed: 27162 | Missing: 46 | StateHash: 0x54E3CB51
[HEARTBEAT] SimTick: 27268 | NetHead: 27267 | Confirmed: 27219 | Missing: 49 | StateHash: 0xAC9D25B1
[HEARTBEAT] SimTick: 27328 | NetHead: 27327 | Confirmed: 27281 | Missing: 47 | StateHash: 0x7B611C91
[HEARTBEAT] SimTick: 27388 | NetHead: 27387 | Confirmed: 27339 | Missing: 49 | StateHash: 0x8EFA0499
[HEARTBEAT] SimTick: 27448 | NetHead: 27447 | Confirmed: 27403 | Missing: 45 | StateHash: 0xA1EF3259
[HEARTBEAT] SimTick: 27508 | NetHead: 27507 | Confirmed: 27462 | Missing: 46 | StateHash: 0x186D41A9
[HEARTBEAT] SimTick: 27568 | NetHead: 27567 | Confirmed: 27521 | Missing: 47 | StateHash: 0x3F037549
[HEARTBEAT] SimTick: 27628 | NetHead: 27627 | Confirmed: 27580 | Missing: 48 | StateHash: 0x94AD5B59
[HEARTBEAT] SimTick: 27688 | NetHead: 27687 | Confirmed: 27643 | Missing: 45 | StateHash: 0x382A12D9
[HEARTBEAT] SimTick: 27748 | NetHead: 27747 | Confirmed: 27701 | Missing: 47 | StateHash: 0xB74CC299
[HEARTBEAT] SimTick: 27808 | NetHead: 27807 | Confirmed: 27762 | Missing: 46 | StateHash: 0x715DE389
[HEARTBEAT] SimTick: 27868 | NetHead: 27867 | Confirmed: 27822 | Missing: 46 | StateHash: 0xEF1BE4A1
[HEARTBEAT] SimTick: 27929 | NetHead: 27928 | Confirmed: 27883 | Missing: 46 | StateHash: 0x9E9D98D1
[HEARTBEAT] SimTick: 27989 | NetHead: 27988 | Confirmed: 27941 | Missing: 48 | StateHash: 0xAC678F01
[HEARTBEAT] SimTick: 28049 | NetHead: 28048 | Confirmed: 28001 | Missing: 48 | StateHash: 0xC80FE8F1
[HEARTBEAT] SimTick: 28109 | NetHead: 28108 | Confirmed: 28064 | Missing: 45 | StateHash: 0x5D3B1D71
[HEARTBEAT] SimTick: 28169 | NetHead: 28168 | Confirmed: 28122 | Missing: 47 | StateHash: 0xC76199E1
[HEARTBEAT] SimTick: 28229 | NetHead: 28228 | Confirmed: 28183 | Missing: 46 | StateHash: 0x183EC379
[HEARTBEAT] SimTick: 28289 | NetHead: 28288 | Confirmed: 28243 | Missing: 46 | StateHash: 0x254EE389
[HEARTBEAT] SimTick: 28350 | NetHead: 28349 | Confirmed: 28304 | Missing: 46 | StateHash: 0xF51F6059
[HEARTBEAT] SimTick: 28410 | NetHead: 28409 | Confirmed: 28365 | Missing: 45 | StateHash: 0x2BBD6F29
[HEARTBEAT] SimTick: 28470 | NetHead: 28469 | Confirmed: 28421 | Missing: 49 | StateHash: 0xCCE55AB9
[HEARTBEAT] SimTick: 28530 | NetHead: 28529 | Confirmed: 28482 | Missing: 48 | StateHash: 0xC3975699
[HEARTBEAT] SimTick: 28590 | NetHead: 28589 | Confirmed: 28543 | Missing: 47 | StateHash: 0x855E3D01
[HEARTBEAT] SimTick: 28646 | NetHead: 28645 | Confirmed: 28593 | Missing: 53 | StateHash: 0x663E9679
[HEARTBEAT] SimTick: 28706 | NetHead: 28705 | Confirmed: 28660 | Missing: 46 | StateHash: 0x27A56688
[HEARTBEAT] SimTick: 28766 | NetHead: 28765 | Confirmed: 28721 | Missing: 45 | StateHash: 0x656EBBF4
[HEARTBEAT] SimTick: 28826 | NetHead: 28825 | Confirmed: 28781 | Missing: 45 | StateHash: 0x433C0B10
[HEARTBEAT] SimTick: 28886 | NetHead: 28885 | Confirmed: 28838 | Missing: 48 | StateHash: 0xF298E0FC
[HEARTBEAT] SimTick: 28946 | NetHead: 28945 | Confirmed: 28899 | Missing: 47 | StateHash: 0xC8EBBC00
[HEARTBEAT] SimTick: 29006 | NetHead: 29005 | Confirmed: 28958 | Missing: 48 | StateHash: 0x6A9BC54C
[HEARTBEAT] SimTick: 29066 | NetHead: 29065 | Confirmed: 29018 | Missing: 48 | StateHash: 0x98DCAAF0
[HEARTBEAT] SimTick: 29126 | NetHead: 29125 | Confirmed: 29080 | Missing: 46 | StateHash: 0x51FE20D4
[HEARTBEAT] SimTick: 29186 | NetHead: 29185 | Confirmed: 29140 | Missing: 46 | StateHash: 0xB910B218
[HEARTBEAT] SimTick: 29246 | NetHead: 29245 | Confirmed: 29198 | Missing: 48 | StateHash: 0x4CFFAD1C
[HEARTBEAT] SimTick: 29306 | NetHead: 29305 | Confirmed: 29258 | Missing: 48 | StateHash: 0xD7547BC8
[HEARTBEAT] SimTick: 29367 | NetHead: 29366 | Confirmed: 29321 | Missing: 46 | StateHash: 0x67C3E6C8
[HEARTBEAT] SimTick: 29427 | NetHead: 29426 | Confirmed: 29381 | Missing: 46 | StateHash: 0xF7BB71A8
[HEARTBEAT] SimTick: 29487 | NetHead: 29486 | Confirmed: 29441 | Missing: 46 | StateHash: 0x4459E8CC
[HEARTBEAT] SimTick: 29547 | NetHead: 29546 | Confirmed: 29498 | Missing: 49 | StateHash: 0xCB2F8CC8
[HEARTBEAT] SimTick: 29607 | NetHead: 29606 | Confirmed: 29561 | Missing: 46 | StateHash: 0x42E16C44
[HEARTBEAT] SimTick: 29667 | NetHead: 29666 | Confirmed: 29621 | Missing: 46 | StateHash: 0xCA6750F0
[HEARTBEAT] SimTick: 29727 | NetHead: 29726 | Confirmed: 29680 | Missing: 47 | StateHash: 0x5779C994
[HEARTBEAT] SimTick: 29787 | NetHead: 29786 | Confirmed: 29740 | Missing: 47 | StateHash: 0x261CFA88
[HEARTBEAT] SimTick: 29847 | NetHead: 29846 | Confirmed: 29802 | Missing: 45 | StateHash: 0x858BA264
[HEARTBEAT] SimTick: 29907 | NetHead: 29906 | Confirmed: 29861 | Missing: 46 | StateHash: 0x74619420
[HEARTBEAT] SimTick: 29967 | NetHead: 29966 | Confirmed: 29921 | Missing: 46 | StateHash: 0x054BEE44
[HEARTBEAT] SimTick: 30027 | NetHead: 30026 | Confirmed: 29981 | Missing: 46 | StateHash: 0x87B80888
[HEARTBEAT] SimTick: 30087 | NetHead: 30086 | Confirmed: 30039 | Missing: 48 | StateHash: 0xBD7BDA00
[HEARTBEAT] SimTick: 30147 | NetHead: 30146 | Confirmed: 30100 | Missing: 47 | StateHash: 0x69A4E1D0
[HEARTBEAT] SimTick: 30207 | NetHead: 30206 | Confirmed: 30161 | Missing: 46 | StateHash: 0x1C9A05E4
[HEARTBEAT] SimTick: 30267 | NetHead: 30266 | Confirmed: 30220 | Missing: 47 | StateHash: 0x0AF3E598
[HEARTBEAT] SimTick: 30327 | NetHead: 30326 | Confirmed: 30281 | Missing: 46 | StateHash: 0x7266751C
[HEARTBEAT] SimTick: 30387 | NetHead: 30386 | Confirmed: 30341 | Missing: 46 | StateHash: 0x9A6FEEC8
[HEARTBEAT] SimTick: 30447 | NetHead: 30446 | Confirmed: 30402 | Missing: 45 | StateHash: 0xA6CD65DC
