========================================
 WEAVER ENGINE: 8-NODE DEEP HISTORY 
========================================
Enter Node ID (0-7): 
> [SYSTEM] Node 2 bound to :50002. Meshing topology...
[SYSTEM] Topology Locked. Entering FSM loop.
[HEARTBEAT] SimTick: 61 | NetHead: 60 | Confirmed: 11 | Missing: 50 | StateHash: 0x1911258C
[HEARTBEAT] SimTick: 121 | NetHead: 120 | Confirmed: 46 | Missing: 75 | StateHash: 0xA1C59119
[HEARTBEAT] SimTick: 181 | NetHead: 180 | Confirmed: 92 | Missing: 89 | StateHash: 0xAF1E896A
[HEARTBEAT] SimTick: 241 | NetHead: 240 | Confirmed: 131 | Missing: 110 | StateHash: 0xCEF5ADAC
[HEARTBEAT] SimTick: 301 | NetHead: 300 | Confirmed: 173 | Missing: 128 | StateHash: 0x72F99C6A
[HEARTBEAT] SimTick: 361 | NetHead: 360 | Confirmed: 218 | Missing: 143 | StateHash: 0x71705922
[HEARTBEAT] SimTick: 421 | NetHead: 420 | Confirmed: 276 | Missing: 145 | StateHash: 0xBFBC014A
[HEARTBEAT] SimTick: 481 | NetHead: 480 | Confirmed: 333 | Missing: 148 | StateHash: 0xCF4466FA
[HEARTBEAT] SimTick: 541 | NetHead: 540 | Confirmed: 396 | Missing: 145 | StateHash: 0x05E3C004
[HEARTBEAT] SimTick: 601 | NetHead: 600 | Confirmed: 461 | Missing: 140 | StateHash: 0xA17410A2
[HEARTBEAT] SimTick: 661 | NetHead: 660 | Confirmed: 512 | Missing: 149 | StateHash: 0x8E221752
[HEARTBEAT] SimTick: 721 | NetHead: 720 | Confirmed: 576 | Missing: 145 | StateHash: 0xB668C280
[HEARTBEAT] SimTick: 782 | NetHead: 781 | Confirmed: 635 | Missing: 147 | StateHash: 0x5A735E12
[HEARTBEAT] SimTick: 842 | NetHead: 841 | Confirmed: 697 | Missing: 145 | StateHash: 0xE401480A
[HEARTBEAT] SimTick: 902 | NetHead: 901 | Confirmed: 755 | Missing: 147 | StateHash: 0xF836AB0A
[HEARTBEAT] SimTick: 962 | NetHead: 961 | Confirmed: 815 | Missing: 147 | StateHash: 0xC1479A0A
[HEARTBEAT] SimTick: 1022 | NetHead: 1021 | Confirmed: 875 | Missing: 147 | StateHash: 0xE984DA5A
[HEARTBEAT] SimTick: 1082 | NetHead: 1081 | Confirmed: 935 | Missing: 147 | StateHash: 0x696D2662
[HEARTBEAT] SimTick: 1142 | NetHead: 1141 | Confirmed: 997 | Missing: 145 | StateHash: 0x8884DB4A
[HEARTBEAT] SimTick: 1202 | NetHead: 1201 | Confirmed: 1059 | Missing: 143 | StateHash: 0x0B636DA2
[HEARTBEAT] SimTick: 1262 | NetHead: 1261 | Confirmed: 1118 | Missing: 144 | StateHash: 0x566B985A
[HEARTBEAT] SimTick: 1322 | NetHead: 1321 | Confirmed: 1173 | Missing: 149 | StateHash: 0x1B79D59A
[HEARTBEAT] SimTick: 1382 | NetHead: 1381 | Confirmed: 1234 | Missing: 148 | StateHash: 0x9C63EB5A
[HEARTBEAT] SimTick: 1442 | NetHead: 1441 | Confirmed: 1307 | Missing: 135 | StateHash: 0xECEF3A62
[HEARTBEAT] SimTick: 1502 | NetHead: 1501 | Confirmed: 1360 | Missing: 142 | StateHash: 0xF19CF842
[HEARTBEAT] SimTick: 1562 | NetHead: 1561 | Confirmed: 1416 | Missing: 146 | StateHash: 0x0BE9451A
[HEARTBEAT] SimTick: 1623 | NetHead: 1622 | Confirmed: 1479 | Missing: 144 | StateHash: 0x0FE26ECA
[HEARTBEAT] SimTick: 1683 | NetHead: 1682 | Confirmed: 1536 | Missing: 147 | StateHash: 0x4670CB42
[HEARTBEAT] SimTick: 1743 | NetHead: 1742 | Confirmed: 1598 | Missing: 145 | StateHash: 0x76FD49D2
[HEARTBEAT] SimTick: 1803 | NetHead: 1802 | Confirmed: 1656 | Missing: 147 | StateHash: 0x1CCC9122
[HEARTBEAT] SimTick: 1863 | NetHead: 1862 | Confirmed: 1721 | Missing: 142 | StateHash: 0x193555CC
[HEARTBEAT] SimTick: 1923 | NetHead: 1922 | Confirmed: 1782 | Missing: 141 | StateHash: 0x947675E2
[HEARTBEAT] SimTick: 1983 | NetHead: 1982 | Confirmed: 1839 | Missing: 144 | StateHash: 0x77CBB608
[HEARTBEAT] SimTick: 2043 | NetHead: 2042 | Confirmed: 1900 | Missing: 143 | StateHash: 0x3870560C
[HEARTBEAT] SimTick: 2103 | NetHead: 2102 | Confirmed: 1957 | Missing: 146 | StateHash: 0x6BBA8B7A
[HEARTBEAT] SimTick: 2163 | NetHead: 2162 | Confirmed: 2017 | Missing: 146 | StateHash: 0x38E8D762
[HEARTBEAT] SimTick: 2223 | NetHead: 2222 | Confirmed: 2079 | Missing: 144 | StateHash: 0x7504DE62
[HEARTBEAT] SimTick: 2283 | NetHead: 2282 | Confirmed: 2135 | Missing: 148 | StateHash: 0x7C4ADA7A
[HEARTBEAT] SimTick: 2344 | NetHead: 2343 | Confirmed: 2205 | Missing: 139 | StateHash: 0xF1AE7A60
[HEARTBEAT] SimTick: 2404 | NetHead: 2403 | Confirmed: 2264 | Missing: 140 | StateHash: 0x5910C36C
[HEARTBEAT] SimTick: 2464 | NetHead: 2463 | Confirmed: 2315 | Missing: 149 | StateHash: 0x853BD63A
[HEARTBEAT] SimTick: 2524 | NetHead: 2523 | Confirmed: 2380 | Missing: 144 | StateHash: 0x3E7C1182
[HEARTBEAT] SimTick: 2584 | NetHead: 2583 | Confirmed: 2441 | Missing: 143 | StateHash: 0x78E75582
[HEARTBEAT] SimTick: 2644 | NetHead: 2643 | Confirmed: 2496 | Missing: 148 | StateHash: 0x74603232
[HEARTBEAT] SimTick: 2704 | NetHead: 2703 | Confirmed: 2561 | Missing: 143 | StateHash: 0xE944121A
[HEARTBEAT] SimTick: 2764 | NetHead: 2763 | Confirmed: 2615 | Missing: 149 | StateHash: 0x30EE9A82
[HEARTBEAT] SimTick: 2824 | NetHead: 2823 | Confirmed: 2679 | Missing: 145 | StateHash: 0x4A02EC42
[HEARTBEAT] SimTick: 2884 | NetHead: 2883 | Confirmed: 2734 | Missing: 150 | StateHash: 0xB6C1EC62
[HEARTBEAT] SimTick: 2944 | NetHead: 2943 | Confirmed: 2793 | Missing: 151 | StateHash: 0x9437A35E
[HEARTBEAT] SimTick: 3004 | NetHead: 3003 | Confirmed: 2853 | Missing: 151 | StateHash: 0x672C923D
[HEARTBEAT] SimTick: 3065 | NetHead: 3064 | Confirmed: 2923 | Missing: 142 | StateHash: 0x4DE3A68D
[HEARTBEAT] SimTick: 3125 | NetHead: 3124 | Confirmed: 2982 | Missing: 143 | StateHash: 0xEDDE38B2
[HEARTBEAT] SimTick: 3185 | NetHead: 3184 | Confirmed: 3041 | Missing: 144 | StateHash: 0xDB0978E2
[HEARTBEAT] SimTick: 3245 | NetHead: 3244 | Confirmed: 3100 | Missing: 145 | StateHash: 0x4376958A
[HEARTBEAT] SimTick: 3305 | NetHead: 3304 | Confirmed: 3159 | Missing: 146 | StateHash: 0x9482EBBA
[HEARTBEAT] SimTick: 3365 | NetHead: 3364 | Confirmed: 3221 | Missing: 144 | StateHash: 0xD7A2150A
[HEARTBEAT] SimTick: 3425 | NetHead: 3424 | Confirmed: 3280 | Missing: 145 | StateHash: 0x55B0025A
[HEARTBEAT] SimTick: 3485 | NetHead: 3484 | Confirmed: 3338 | Missing: 147 | StateHash: 0xABC1F0EA
[HEARTBEAT] SimTick: 3545 | NetHead: 3544 | Confirmed: 3404 | Missing: 141 | StateHash: 0xE6A62550
[HEARTBEAT] SimTick: 3605 | NetHead: 3604 | Confirmed: 3462 | Missing: 143 | StateHash: 0xC86E26DA
[HEARTBEAT] SimTick: 3665 | NetHead: 3664 | Confirmed: 3515 | Missing: 150 | StateHash: 0xE049E70A
[HEARTBEAT] SimTick: 3725 | NetHead: 3724 | Confirmed: 3578 | Missing: 147 | StateHash: 0x2CB998EA
[HEARTBEAT] SimTick: 3785 | NetHead: 3784 | Confirmed: 3636 | Missing: 149 | StateHash: 0x2B14FA8A
[HEARTBEAT] SimTick: 3845 | NetHead: 3844 | Confirmed: 3698 | Missing: 147 | StateHash: 0x17144252
[HEARTBEAT] SimTick: 3905 | NetHead: 3904 | Confirmed: 3757 | Missing: 148 | StateHash: 0x5D95F84B
[HEARTBEAT] SimTick: 3965 | NetHead: 3964 | Confirmed: 3818 | Missing: 147 | StateHash: 0xDF19EA62
[HEARTBEAT] SimTick: 4026 | NetHead: 4025 | Confirmed: 3879 | Missing: 147 | StateHash: 0x84E459B2
[HEARTBEAT] SimTick: 4086 | NetHead: 4085 | Confirmed: 3940 | Missing: 146 | StateHash: 0x5520C0CA
[HEARTBEAT] SimTick: 4146 | NetHead: 4145 | Confirmed: 4001 | Missing: 145 | StateHash: 0x12C3987A
[HEARTBEAT] SimTick: 4206 | NetHead: 4205 | Confirmed: 4059 | Missing: 147 | StateHash: 0xAF7A252A
[HEARTBEAT] SimTick: 4267 | NetHead: 4266 | Confirmed: 4122 | Missing: 145 | StateHash: 0x742D364A
[HEARTBEAT] SimTick: 4327 | NetHead: 4326 | Confirmed: 4179 | Missing: 148 | StateHash: 0x9CE0FBC2
[HEARTBEAT] SimTick: 4387 | NetHead: 4386 | Confirmed: 4242 | Missing: 145 | StateHash: 0x0841D702
[HEARTBEAT] SimTick: 4447 | NetHead: 4446 | Confirmed: 4299 | Missing: 148 | StateHash: 0xE9561B1A
[HEARTBEAT] SimTick: 4507 | NetHead: 4506 | Confirmed: 4361 | Missing: 146 | StateHash: 0x0CB0A15A
[HEARTBEAT] SimTick: 4567 | NetHead: 4566 | Confirmed: 4422 | Missing: 145 | StateHash: 0x0FF97F7A
[HEARTBEAT] SimTick: 4627 | NetHead: 4626 | Confirmed: 4479 | Missing: 148 | StateHash: 0xE1C527DA
[HEARTBEAT] SimTick: 4687 | NetHead: 4686 | Confirmed: 4544 | Missing: 143 | StateHash: 0x344953A0
[HEARTBEAT] SimTick: 4747 | NetHead: 4746 | Confirmed: 4604 | Missing: 143 | StateHash: 0xEB9A25B0
[HEARTBEAT] SimTick: 4807 | NetHead: 4806 | Confirmed: 4657 | Missing: 150 | StateHash: 0xA890F5E2
[HEARTBEAT] SimTick: 4867 | NetHead: 4866 | Confirmed: 4721 | Missing: 146 | StateHash: 0x08F65E27
[HEARTBEAT] SimTick: 4927 | NetHead: 4926 | Confirmed: 4782 | Missing: 145 | StateHash: 0x740391E2
[HEARTBEAT] SimTick: 4987 | NetHead: 4986 | Confirmed: 4842 | Missing: 145 | StateHash: 0xD1292D02
[HEARTBEAT] SimTick: 5048 | NetHead: 5047 | Confirmed: 4903 | Missing: 145 | StateHash: 0x3659181A
[HEARTBEAT] SimTick: 5108 | NetHead: 5107 | Confirmed: 4963 | Missing: 145 | StateHash: 0xA7DD62BA
[HEARTBEAT] SimTick: 5168 | NetHead: 5167 | Confirmed: 5022 | Missing: 146 | StateHash: 0x199229FA
[HEARTBEAT] SimTick: 5228 | NetHead: 5227 | Confirmed: 5082 | Missing: 146 | StateHash: 0x7AB00100
[HEARTBEAT] SimTick: 5288 | NetHead: 5287 | Confirmed: 5145 | Missing: 143 | StateHash: 0x5A88555A
[HEARTBEAT] SimTick: 5348 | NetHead: 5347 | Confirmed: 5199 | Missing: 149 | StateHash: 0x367BC17A
[HEARTBEAT] SimTick: 5408 | NetHead: 5407 | Confirmed: 5261 | Missing: 147 | StateHash: 0x38102D6A
[HEARTBEAT] SimTick: 5468 | NetHead: 5467 | Confirmed: 5319 | Missing: 149 | StateHash: 0x8E1B7AFA
[HEARTBEAT] SimTick: 5528 | NetHead: 5527 | Confirmed: 5383 | Missing: 145 | StateHash: 0xA29099F2
[HEARTBEAT] SimTick: 5588 | NetHead: 5587 | Confirmed: 5440 | Missing: 148 | StateHash: 0xE4950502
[HEARTBEAT] SimTick: 5648 | NetHead: 5647 | Confirmed: 5498 | Missing: 150 | StateHash: 0x17996082
[HEARTBEAT] SimTick: 5708 | NetHead: 5707 | Confirmed: 5563 | Missing: 145 | StateHash: 0x99E608D2
[HEARTBEAT] SimTick: 5768 | NetHead: 5767 | Confirmed: 5618 | Missing: 150 | StateHash: 0x89BB1732
[HEARTBEAT] SimTick: 5828 | NetHead: 5827 | Confirmed: 5680 | Missing: 148 | StateHash: 0x5BADCE82
[HEARTBEAT] SimTick: 5888 | NetHead: 5887 | Confirmed: 5742 | Missing: 146 | StateHash: 0x61961802
[HEARTBEAT] SimTick: 5949 | NetHead: 5948 | Confirmed: 5805 | Missing: 144 | StateHash: 0x8AE2BAE2
[HEARTBEAT] SimTick: 6009 | NetHead: 6008 | Confirmed: 5862 | Missing: 147 | StateHash: 0x3850CBBA
[HEARTBEAT] SimTick: 6069 | NetHead: 6068 | Confirmed: 5923 | Missing: 146 | StateHash: 0xAD6637BA
[HEARTBEAT] SimTick: 6129 | NetHead: 6128 | Confirmed: 5981 | Missing: 148 | StateHash: 0x61DE913A
[HEARTBEAT] SimTick: 6189 | NetHead: 6188 | Confirmed: 6045 | Missing: 144 | StateHash: 0x1A73ED3A
[HEARTBEAT] SimTick: 6249 | NetHead: 6248 | Confirmed: 6104 | Missing: 145 | StateHash: 0x0B14AF7A
[HEARTBEAT] SimTick: 6309 | NetHead: 6308 | Confirmed: 6161 | Missing: 148 | StateHash: 0xC126A35A
[HEARTBEAT] SimTick: 6369 | NetHead: 6368 | Confirmed: 6222 | Missing: 147 | StateHash: 0x9B04A8F2
[HEARTBEAT] SimTick: 6429 | NetHead: 6428 | Confirmed: 6283 | Missing: 146 | StateHash: 0xE2617132
[HEARTBEAT] SimTick: 6489 | NetHead: 6488 | Confirmed: 6342 | Missing: 147 | StateHash: 0xA4C78592
[HEARTBEAT] SimTick: 6549 | NetHead: 6548 | Confirmed: 6404 | Missing: 145 | StateHash: 0xB26D0F72
[HEARTBEAT] SimTick: 6609 | NetHead: 6608 | Confirmed: 6462 | Missing: 147 | StateHash: 0xA3A84212
[HEARTBEAT] SimTick: 6669 | NetHead: 6668 | Confirmed: 6521 | Missing: 148 | StateHash: 0x703CA392
[HEARTBEAT] SimTick: 6729 | NetHead: 6728 | Confirmed: 6586 | Missing: 143 | StateHash: 0x5E37D662
[HEARTBEAT] SimTick: 6789 | NetHead: 6788 | Confirmed: 6638 | Missing: 151 | StateHash: 0xF22CDD42
[HEARTBEAT] SimTick: 6850 | NetHead: 6849 | Confirmed: 6703 | Missing: 147 | StateHash: 0xEBB4EE02
[HEARTBEAT] SimTick: 6910 | NetHead: 6909 | Confirmed: 6759 | Missing: 151 | StateHash: 0x7BE6E40E
[HEARTBEAT] SimTick: 6970 | NetHead: 6969 | Confirmed: 6821 | Missing: 149 | StateHash: 0x063B4C27
[HEARTBEAT] SimTick: 7030 | NetHead: 7029 | Confirmed: 6883 | Missing: 147 | StateHash: 0x58439A8A
[HEARTBEAT] SimTick: 7090 | NetHead: 7089 | Confirmed: 6941 | Missing: 149 | StateHash: 0xEAE327A2
[HEARTBEAT] SimTick: 7150 | NetHead: 7149 | Confirmed: 7004 | Missing: 146 | StateHash: 0x8A17D252
[HEARTBEAT] SimTick: 7212 | NetHead: 7211 | Confirmed: 7062 | Missing: 150 | StateHash: 0x0262DD52
[HEARTBEAT] SimTick: 7272 | NetHead: 7271 | Confirmed: 7121 | Missing: 151 | StateHash: 0x53750362
[HEARTBEAT] SimTick: 7332 | NetHead: 7331 | Confirmed: 7184 | Missing: 148 | StateHash: 0xF35165BA
[HEARTBEAT] SimTick: 7392 | NetHead: 7391 | Confirmed: 7247 | Missing: 145 | StateHash: 0x29881E72
[HEARTBEAT] SimTick: 7452 | NetHead: 7451 | Confirmed: 7308 | Missing: 144 | StateHash: 0x25FA2872
[HEARTBEAT] SimTick: 7512 | NetHead: 7511 | Confirmed: 7364 | Missing: 148 | StateHash: 0x5041EE22
[HEARTBEAT] SimTick: 7572 | NetHead: 7571 | Confirmed: 7424 | Missing: 148 | StateHash: 0x105B28BA
[HEARTBEAT] SimTick: 7632 | NetHead: 7631 | Confirmed: 7483 | Missing: 149 | StateHash: 0x9C52FBEA
[HEARTBEAT] SimTick: 7692 | NetHead: 7691 | Confirmed: 7545 | Missing: 147 | StateHash: 0x6F4BB48A
[HEARTBEAT] SimTick: 7752 | NetHead: 7751 | Confirmed: 7607 | Missing: 145 | StateHash: 0x5954CE1A
[HEARTBEAT] SimTick: 7812 | NetHead: 7811 | Confirmed: 7664 | Missing: 148 | StateHash: 0x3297F6F2
[HEARTBEAT] SimTick: 7872 | NetHead: 7871 | Confirmed: 7722 | Missing: 150 | StateHash: 0x7C6CBD42
[HEARTBEAT] SimTick: 7932 | NetHead: 7931 | Confirmed: 7787 | Missing: 145 | StateHash: 0xA3AF8132
[HEARTBEAT] SimTick: 7992 | NetHead: 7991 | Confirmed: 7848 | Missing: 144 | StateHash: 0xFA6C1B02
[HEARTBEAT] SimTick: 8052 | NetHead: 8051 | Confirmed: 7900 | Missing: 152 | StateHash: 0x8760B1F2
[HEARTBEAT] SimTick: 8112 | NetHead: 8111 | Confirmed: 7968 | Missing: 144 | StateHash: 0x8D7562A2
[HEARTBEAT] SimTick: 8172 | NetHead: 8171 | Confirmed: 8029 | Missing: 143 | StateHash: 0x1568A7C2
[HEARTBEAT] SimTick: 8232 | NetHead: 8231 | Confirmed: 8084 | Missing: 148 | StateHash: 0xFD401472
[HEARTBEAT] SimTick: 8293 | NetHead: 8292 | Confirmed: 8149 | Missing: 144 | StateHash: 0x553B613A
[HEARTBEAT] SimTick: 8353 | NetHead: 8352 | Confirmed: 8202 | Missing: 151 | StateHash: 0xB25965CA
[HEARTBEAT] SimTick: 8413 | NetHead: 8412 | Confirmed: 8265 | Missing: 148 | StateHash: 0xE3841E92
[HEARTBEAT] SimTick: 8473 | NetHead: 8472 | Confirmed: 8328 | Missing: 145 | StateHash: 0x9A7C97B2
[HEARTBEAT] SimTick: 8533 | NetHead: 8532 | Confirmed: 8388 | Missing: 145 | StateHash: 0x96B2373A
[HEARTBEAT] SimTick: 8593 | NetHead: 8592 | Confirmed: 8447 | Missing: 146 | StateHash: 0x49C92852
[HEARTBEAT] SimTick: 8653 | NetHead: 8652 | Confirmed: 8506 | Missing: 147 | StateHash: 0xC638FE8A
[HEARTBEAT] SimTick: 8713 | NetHead: 8712 | Confirmed: 8566 | Missing: 147 | StateHash: 0xD050A89A
[HEARTBEAT] SimTick: 8773 | NetHead: 8772 | Confirmed: 8624 | Missing: 149 | StateHash: 0x5426635A
[HEARTBEAT] SimTick: 8833 | NetHead: 8832 | Confirmed: 8689 | Missing: 144 | StateHash: 0x77C357FA
[HEARTBEAT] SimTick: 8893 | NetHead: 8892 | Confirmed: 8748 | Missing: 145 | StateHash: 0x77499475
[HEARTBEAT] SimTick: 8953 | NetHead: 8952 | Confirmed: 8808 | Missing: 145 | StateHash: 0x4CEE8795
[HEARTBEAT] SimTick: 9013 | NetHead: 9012 | Confirmed: 8863 | Missing: 150 | StateHash: 0x2851D53A
[HEARTBEAT] SimTick: 9073 | NetHead: 9072 | Confirmed: 8930 | Missing: 143 | StateHash: 0x7066BB1A
[HEARTBEAT] SimTick: 9133 | NetHead: 9132 | Confirmed: 8985 | Missing: 148 | StateHash: 0x323406FA
[HEARTBEAT] SimTick: 9193 | NetHead: 9192 | Confirmed: 9047 | Missing: 146 | StateHash: 0x85D5FFC4
[HEARTBEAT] SimTick: 9253 | NetHead: 9252 | Confirmed: 9107 | Missing: 146 | StateHash: 0x7485D83C
[HEARTBEAT] SimTick: 9313 | NetHead: 9312 | Confirmed: 9172 | Missing: 141 | StateHash: 0xA7320CB2
[HEARTBEAT] SimTick: 9373 | NetHead: 9372 | Confirmed: 9231 | Missing: 142 | StateHash: 0x9A80819A
[HEARTBEAT] SimTick: 9433 | NetHead: 9432 | Confirmed: 9290 | Missing: 143 | StateHash: 0x3A7FA0AA
[HEARTBEAT] SimTick: 9494 | NetHead: 9493 | Confirmed: 9346 | Missing: 148 | StateHash: 0xCD8C377A
[HEARTBEAT] SimTick: 9554 | NetHead: 9553 | Confirmed: 9409 | Missing: 145 | StateHash: 0x37A8F2FA
[HEARTBEAT] SimTick: 9614 | NetHead: 9613 | Confirmed: 9466 | Missing: 148 | StateHash: 0xAD2002B2
[HEARTBEAT] SimTick: 9674 | NetHead: 9673 | Confirmed: 9530 | Missing: 144 | StateHash: 0x527F2792
[HEARTBEAT] SimTick: 9734 | NetHead: 9733 | Confirmed: 9584 | Missing: 150 | StateHash: 0xC5FCB792
[HEARTBEAT] SimTick: 9794 | NetHead: 9793 | Confirmed: 9658 | Missing: 136 | StateHash: 0x87C39410
[HEARTBEAT] SimTick: 9854 | NetHead: 9853 | Confirmed: 9718 | Missing: 136 | StateHash: 0x4FA2EE9A
[HEARTBEAT] SimTick: 9914 | NetHead: 9913 | Confirmed: 9767 | Missing: 147 | StateHash: 0x204AD00A
[HEARTBEAT] SimTick: 9974 | NetHead: 9973 | Confirmed: 9830 | Missing: 144 | StateHash: 0x11207CAA
[HEARTBEAT] SimTick: 10034 | NetHead: 10033 | Confirmed: 9886 | Missing: 148 | StateHash: 0xC6022D5A
[HEARTBEAT] SimTick: 10094 | NetHead: 10093 | Confirmed: 9944 | Missing: 150 | StateHash: 0x4CF3171A
[HEARTBEAT] SimTick: 10154 | NetHead: 10153 | Confirmed: 10009 | Missing: 145 | StateHash: 0x5193104A
[HEARTBEAT] SimTick: 10214 | NetHead: 10213 | Confirmed: 10065 | Missing: 149 | StateHash: 0x4D7AC2BA
[HEARTBEAT] SimTick: 10274 | NetHead: 10273 | Confirmed: 10129 | Missing: 145 | StateHash: 0xBB65112A
[HEARTBEAT] SimTick: 10334 | NetHead: 10333 | Confirmed: 10186 | Missing: 148 | StateHash: 0xC6B3BEDA
[HEARTBEAT] SimTick: 10394 | NetHead: 10393 | Confirmed: 10249 | Missing: 145 | StateHash: 0x51E56D4A
[HEARTBEAT] SimTick: 10454 | NetHead: 10453 | Confirmed: 10305 | Missing: 149 | StateHash: 0x276A0FFA
[HEARTBEAT] SimTick: 10514 | NetHead: 10513 | Confirmed: 10364 | Missing: 150 | StateHash: 0xA095231A
[HEARTBEAT] SimTick: 10574 | NetHead: 10573 | Confirmed: 10426 | Missing: 148 | StateHash: 0x895A48F2
[HEARTBEAT] SimTick: 10634 | NetHead: 10633 | Confirmed: 10489 | Missing: 145 | StateHash: 0xC916AE92
[HEARTBEAT] SimTick: 10694 | NetHead: 10693 | Confirmed: 10550 | Missing: 144 | StateHash: 0x3ED09F02
[HEARTBEAT] SimTick: 10755 | NetHead: 10754 | Confirmed: 10608 | Missing: 147 | StateHash: 0xBCCB9122
[HEARTBEAT] SimTick: 10815 | NetHead: 10814 | Confirmed: 10669 | Missing: 146 | StateHash: 0xC37BC212
[HEARTBEAT] SimTick: 10875 | NetHead: 10874 | Confirmed: 10729 | Missing: 146 | StateHash: 0x29D57392
[HEARTBEAT] SimTick: 10935 | NetHead: 10934 | Confirmed: 10788 | Missing: 147 | StateHash: 0x8111AA8A
[HEARTBEAT] SimTick: 10995 | NetHead: 10994 | Confirmed: 10846 | Missing: 149 | StateHash: 0x987C0A5A
[HEARTBEAT] SimTick: 11055 | NetHead: 11054 | Confirmed: 10907 | Missing: 148 | StateHash: 0xB0844332
[HEARTBEAT] SimTick: 11115 | NetHead: 11114 | Confirmed: 10970 | Missing: 145 | StateHash: 0x5EA26422
[HEARTBEAT] SimTick: 11175 | NetHead: 11174 | Confirmed: 11028 | Missing: 147 | StateHash: 0xFC756FEA
[HEARTBEAT] SimTick: 11235 | NetHead: 11234 | Confirmed: 11087 | Missing: 148 | StateHash: 0x65F026AA
[HEARTBEAT] SimTick: 11295 | NetHead: 11294 | Confirmed: 11145 | Missing: 150 | StateHash: 0x31A56522
[HEARTBEAT] SimTick: 11355 | NetHead: 11354 | Confirmed: 11208 | Missing: 147 | StateHash: 0x25F091DB
[HEARTBEAT] SimTick: 11415 | NetHead: 11414 | Confirmed: 11265 | Missing: 150 | StateHash: 0xAF3D966A
[HEARTBEAT] SimTick: 11475 | NetHead: 11474 | Confirmed: 11327 | Missing: 148 | StateHash: 0xCF9E357A
[HEARTBEAT] SimTick: 11535 | NetHead: 11534 | Confirmed: 11390 | Missing: 145 | StateHash: 0x5C82A832
[HEARTBEAT] SimTick: 11595 | NetHead: 11594 | Confirmed: 11451 | Missing: 144 | StateHash: 0xB4207E82
[HEARTBEAT] SimTick: 11655 | NetHead: 11654 | Confirmed: 11511 | Missing: 144 | StateHash: 0x9427157A
[HEARTBEAT] SimTick: 11716 | NetHead: 11715 | Confirmed: 11573 | Missing: 143 | StateHash: 0xFB38D1EA
[HEARTBEAT] SimTick: 11776 | NetHead: 11775 | Confirmed: 11629 | Missing: 147 | StateHash: 0xFC4728BA
[HEARTBEAT] SimTick: 11836 | NetHead: 11835 | Confirmed: 11687 | Missing: 149 | StateHash: 0x91806A33
[HEARTBEAT] SimTick: 11896 | NetHead: 11895 | Confirmed: 11748 | Missing: 148 | StateHash: 0x59DC230A
[HEARTBEAT] SimTick: 11956 | NetHead: 11955 | Confirmed: 11810 | Missing: 146 | StateHash: 0x00D8207A
[HEARTBEAT] SimTick: 12016 | NetHead: 12015 | Confirmed: 11870 | Missing: 146 | StateHash: 0x352CF23A
[HEARTBEAT] SimTick: 12076 | NetHead: 12075 | Confirmed: 11929 | Missing: 147 | StateHash: 0xFC8F2453
[HEARTBEAT] SimTick: 12136 | NetHead: 12135 | Confirmed: 11994 | Missing: 142 | StateHash: 0x156EE01A
[HEARTBEAT] SimTick: 12196 | NetHead: 12195 | Confirmed: 12051 | Missing: 145 | StateHash: 0x2651684A
[HEARTBEAT] SimTick: 12256 | NetHead: 12255 | Confirmed: 12105 | Missing: 151 | StateHash: 0xA03CB2AA
[HEARTBEAT] SimTick: 12316 | NetHead: 12315 | Confirmed: 12169 | Missing: 147 | StateHash: 0xA0B2212D
[HEARTBEAT] SimTick: 12376 | NetHead: 12375 | Confirmed: 12238 | Missing: 138 | StateHash: 0xBD44B462
[HEARTBEAT] SimTick: 12436 | NetHead: 12435 | Confirmed: 12298 | Missing: 138 | StateHash: 0xFC812742
[HEARTBEAT] SimTick: 12496 | NetHead: 12495 | Confirmed: 12349 | Missing: 147 | StateHash: 0x6EDC716A
[HEARTBEAT] SimTick: 12556 | NetHead: 12555 | Confirmed: 12408 | Missing: 148 | StateHash: 0x2E5783DD
[HEARTBEAT] SimTick: 12616 | NetHead: 12615 | Confirmed: 12470 | Missing: 146 | StateHash: 0x13C02B92
[HEARTBEAT] SimTick: 12676 | NetHead: 12675 | Confirmed: 12533 | Missing: 143 | StateHash: 0xCAC1CC82
[HEARTBEAT] SimTick: 12736 | NetHead: 12735 | Confirmed: 12591 | Missing: 145 | StateHash: 0x14BF344A
[HEARTBEAT] SimTick: 12796 | NetHead: 12795 | Confirmed: 12646 | Missing: 150 | StateHash: 0xD2D5569A
[HEARTBEAT] SimTick: 12856 | NetHead: 12855 | Confirmed: 12710 | Missing: 146 | StateHash: 0xF12B417A
[HEARTBEAT] SimTick: 12917 | NetHead: 12916 | Confirmed: 12772 | Missing: 145 | StateHash: 0x85CDBE17
[HEARTBEAT] SimTick: 12977 | NetHead: 12976 | Confirmed: 12829 | Missing: 148 | StateHash: 0xB8521247
[HEARTBEAT] SimTick: 13037 | NetHead: 13036 | Confirmed: 12885 | Missing: 152 | StateHash: 0x8E2BBE4A
[HEARTBEAT] SimTick: 13097 | NetHead: 13096 | Confirmed: 12952 | Missing: 145 | StateHash: 0xE1B633DA
[HEARTBEAT] SimTick: 13157 | NetHead: 13156 | Confirmed: 13012 | Missing: 145 | StateHash: 0xE99DA16D
[HEARTBEAT] SimTick: 13217 | NetHead: 13216 | Confirmed: 13070 | Missing: 147 | StateHash: 0xBA889D82
[HEARTBEAT] SimTick: 13277 | NetHead: 13276 | Confirmed: 13130 | Missing: 147 | StateHash: 0xA570E922
[HEARTBEAT] SimTick: 13337 | NetHead: 13336 | Confirmed: 13190 | Missing: 147 | StateHash: 0x9E648E72
[HEARTBEAT] SimTick: 13397 | NetHead: 13396 | Confirmed: 13247 | Missing: 150 | StateHash: 0x574A6512
[HEARTBEAT] SimTick: 13457 | NetHead: 13456 | Confirmed: 13307 | Missing: 150 | StateHash: 0x57046C82
[HEARTBEAT] SimTick: 13517 | NetHead: 13516 | Confirmed: 13370 | Missing: 147 | StateHash: 0x9579A202
[HEARTBEAT] SimTick: 13577 | NetHead: 13576 | Confirmed: 13434 | Missing: 143 | StateHash: 0xA257F692
[HEARTBEAT] SimTick: 13637 | NetHead: 13636 | Confirmed: 13491 | Missing: 146 | StateHash: 0x94643F95
[HEARTBEAT] SimTick: 13698 | NetHead: 13697 | Confirmed: 13553 | Missing: 145 | StateHash: 0x5CE0AD32
[HEARTBEAT] SimTick: 13758 | NetHead: 13757 | Confirmed: 13616 | Missing: 142 | StateHash: 0x88410512
[HEARTBEAT] SimTick: 13818 | NetHead: 13817 | Confirmed: 13674 | Missing: 144 | StateHash: 0xFC6DDD02
[HEARTBEAT] SimTick: 13878 | NetHead: 13877 | Confirmed: 13733 | Missing: 145 | StateHash: 0x402E1B42
[HEARTBEAT] SimTick: 13938 | NetHead: 13937 | Confirmed: 13793 | Missing: 145 | StateHash: 0xE780D242
[HEARTBEAT] SimTick: 13998 | NetHead: 13997 | Confirmed: 13853 | Missing: 145 | StateHash: 0x00774C42
[HEARTBEAT] SimTick: 14058 | NetHead: 14057 | Confirmed: 13913 | Missing: 145 | StateHash: 0xB6212183
[HEARTBEAT] SimTick: 14118 | NetHead: 14117 | Confirmed: 13971 | Missing: 147 | StateHash: 0x97649DA3
[HEARTBEAT] SimTick: 14178 | NetHead: 14177 | Confirmed: 14032 | Missing: 146 | StateHash: 0xF0491FEA
[HEARTBEAT] SimTick: 14238 | NetHead: 14237 | Confirmed: 14089 | Missing: 149 | StateHash: 0x4236D08A
[HEARTBEAT] SimTick: 14298 | NetHead: 14297 | Confirmed: 14151 | Missing: 147 | StateHash: 0xEEC64ED6
[HEARTBEAT] SimTick: 14358 | NetHead: 14357 | Confirmed: 14207 | Missing: 151 | StateHash: 0xBC91B496
[HEARTBEAT] SimTick: 14418 | NetHead: 14417 | Confirmed: 14272 | Missing: 146 | StateHash: 0x598312C6
[HEARTBEAT] SimTick: 14478 | NetHead: 14477 | Confirmed: 14330 | Missing: 148 | StateHash: 0xA85AEBA6
[HEARTBEAT] SimTick: 14538 | NetHead: 14537 | Confirmed: 14390 | Missing: 148 | StateHash: 0x8CD3C7F6
[HEARTBEAT] SimTick: 14598 | NetHead: 14597 | Confirmed: 14452 | Missing: 146 | StateHash: 0xF6FAEF66
[HEARTBEAT] SimTick: 14658 | NetHead: 14657 | Confirmed: 14517 | Missing: 141 | StateHash: 0x2CAA5003
[HEARTBEAT] SimTick: 14718 | NetHead: 14717 | Confirmed: 14571 | Missing: 147 | StateHash: 0xF62F06D3
[HEARTBEAT] SimTick: 14778 | NetHead: 14777 | Confirmed: 14633 | Missing: 145 | StateHash: 0xEE8A66F6
[HEARTBEAT] SimTick: 14838 | NetHead: 14837 | Confirmed: 14691 | Missing: 147 | StateHash: 0x95E888E9
[HEARTBEAT] SimTick: 14898 | NetHead: 14897 | Confirmed: 14747 | Missing: 151 | StateHash: 0x913A7EC6
[HEARTBEAT] SimTick: 14959 | NetHead: 14958 | Confirmed: 14810 | Missing: 149 | StateHash: 0x0449C2A3
[HEARTBEAT] SimTick: 15019 | NetHead: 15018 | Confirmed: 14876 | Missing: 143 | StateHash: 0x566CCE98
[HEARTBEAT] SimTick: 15079 | NetHead: 15078 | Confirmed: 14937 | Missing: 142 | StateHash: 0x8DE60A68
[HEARTBEAT] SimTick: 15139 | NetHead: 15138 | Confirmed: 14995 | Missing: 144 | StateHash: 0x83968A96
[HEARTBEAT] SimTick: 15199 | NetHead: 15198 | Confirmed: 15055 | Missing: 144 | StateHash: 0xA806B8C6
[HEARTBEAT] SimTick: 15259 | NetHead: 15258 | Confirmed: 15110 | Missing: 149 | StateHash: 0x7539B436
[HEARTBEAT] SimTick: 15319 | NetHead: 15318 | Confirmed: 15172 | Missing: 147 | StateHash: 0xCF15ECB6
[HEARTBEAT] SimTick: 15379 | NetHead: 15378 | Confirmed: 15231 | Missing: 148 | StateHash: 0x5B01FC06
[HEARTBEAT] SimTick: 15439 | NetHead: 15438 | Confirmed: 15290 | Missing: 149 | StateHash: 0x4ACB3FE6
[HEARTBEAT] SimTick: 15499 | NetHead: 15498 | Confirmed: 15351 | Missing: 148 | StateHash: 0x54222D96
[HEARTBEAT] SimTick: 15559 | NetHead: 15558 | Confirmed: 15416 | Missing: 143 | StateHash: 0xC28E8C09
[HEARTBEAT] SimTick: 15619 | NetHead: 15618 | Confirmed: 15480 | Missing: 139 | StateHash: 0x0ECCE8B8
[HEARTBEAT] SimTick: 15679 | NetHead: 15678 | Confirmed: 15538 | Missing: 141 | StateHash: 0xFD12A178
[HEARTBEAT] SimTick: 15739 | NetHead: 15738 | Confirmed: 15592 | Missing: 147 | StateHash: 0x0E8B62F6
[HEARTBEAT] SimTick: 15799 | NetHead: 15798 | Confirmed: 15651 | Missing: 148 | StateHash: 0x887A3DE6
[HEARTBEAT] SimTick: 15859 | NetHead: 15858 | Confirmed: 15713 | Missing: 146 | StateHash: 0x9373ED46
[HEARTBEAT] SimTick: 15919 | NetHead: 15918 | Confirmed: 15773 | Missing: 146 | StateHash: 0x56981FE6
[HEARTBEAT] SimTick: 15980 | NetHead: 15979 | Confirmed: 15834 | Missing: 146 | StateHash: 0x0BE7D6F6
[HEARTBEAT] SimTick: 16040 | NetHead: 16039 | Confirmed: 15891 | Missing: 149 | StateHash: 0x95ABC506
[HEARTBEAT] SimTick: 16100 | NetHead: 16099 | Confirmed: 15952 | Missing: 148 | StateHash: 0x91C49416
[HEARTBEAT] SimTick: 16160 | NetHead: 16159 | Confirmed: 16014 | Missing: 146 | StateHash: 0xA141B979
[HEARTBEAT] SimTick: 16220 | NetHead: 16219 | Confirmed: 16067 | Missing: 153 | StateHash: 0x8FDCE7A0
[HEARTBEAT] SimTick: 16280 | NetHead: 16279 | Confirmed: 16132 | Missing: 148 | StateHash: 0x2D5B3E20
[HEARTBEAT] SimTick: 16341 | NetHead: 16340 | Confirmed: 16188 | Missing: 153 | StateHash: 0xB492CA65
[HEARTBEAT] SimTick: 16401 | NetHead: 16400 | Confirmed: 16254 | Missing: 147 | StateHash: 0xA5B1309A
[HEARTBEAT] SimTick: 16461 | NetHead: 16460 | Confirmed: 16315 | Missing: 146 | StateHash: 0x6A609975
[HEARTBEAT] SimTick: 16521 | NetHead: 16520 | Confirmed: 16373 | Missing: 148 | StateHash: 0x12F81FF9
[HEARTBEAT] SimTick: 16581 | NetHead: 16580 | Confirmed: 16437 | Missing: 144 | StateHash: 0xAA639A95
[HEARTBEAT] SimTick: 16641 | NetHead: 16640 | Confirmed: 16493 | Missing: 148 | StateHash: 0x793EF8C6
[HEARTBEAT] SimTick: 16701 | NetHead: 16700 | Confirmed: 16557 | Missing: 144 | StateHash: 0xD2A4E585
[HEARTBEAT] SimTick: 16761 | NetHead: 16760 | Confirmed: 16615 | Missing: 146 | StateHash: 0x48BF5956
[HEARTBEAT] SimTick: 16821 | NetHead: 16820 | Confirmed: 16674 | Missing: 147 | StateHash: 0xF0A85275
[HEARTBEAT] SimTick: 16881 | NetHead: 16880 | Confirmed: 16733 | Missing: 148 | StateHash: 0x372FE329
[HEARTBEAT] SimTick: 16941 | NetHead: 16940 | Confirmed: 16790 | Missing: 151 | StateHash: 0x89FD2BB5
[HEARTBEAT] SimTick: 17001 | NetHead: 17000 | Confirmed: 16858 | Missing: 143 | StateHash: 0x06C4A299
[HEARTBEAT] SimTick: 17061 | NetHead: 17060 | Confirmed: 16912 | Missing: 149 | StateHash: 0xFF5D711C
[HEARTBEAT] SimTick: 17121 | NetHead: 17120 | Confirmed: 16975 | Missing: 146 | StateHash: 0xE77A7283
[HEARTBEAT] SimTick: 17181 | NetHead: 17180 | Confirmed: 17031 | Missing: 150 | StateHash: 0x0BE4012D
[HEARTBEAT] SimTick: 17241 | NetHead: 17240 | Confirmed: 17095 | Missing: 146 | StateHash: 0x407C74B6
[HEARTBEAT] SimTick: 17302 | NetHead: 17301 | Confirmed: 17158 | Missing: 144 | StateHash: 0x155E2E75
[HEARTBEAT] SimTick: 17362 | NetHead: 17361 | Confirmed: 17213 | Missing: 149 | StateHash: 0x05340FF9
[HEARTBEAT] SimTick: 17422 | NetHead: 17421 | Confirmed: 17277 | Missing: 145 | StateHash: 0x0891C435
[HEARTBEAT] SimTick: 17482 | NetHead: 17481 | Confirmed: 17337 | Missing: 145 | StateHash: 0xC7852354
[HEARTBEAT] SimTick: 17542 | NetHead: 17541 | Confirmed: 17393 | Missing: 149 | StateHash: 0xA8167E6E
[HEARTBEAT] SimTick: 17602 | NetHead: 17601 | Confirmed: 17457 | Missing: 145 | StateHash: 0x75086DA9
[HEARTBEAT] SimTick: 17662 | NetHead: 17661 | Confirmed: 17517 | Missing: 145 | StateHash: 0xABBC6E75
[HEARTBEAT] SimTick: 17722 | NetHead: 17721 | Confirmed: 17575 | Missing: 147 | StateHash: 0xA18EDA09
[HEARTBEAT] SimTick: 17782 | NetHead: 17781 | Confirmed: 17631 | Missing: 151 | StateHash: 0xA73E37DC
[HEARTBEAT] SimTick: 17842 | NetHead: 17841 | Confirmed: 17692 | Missing: 150 | StateHash: 0xC91F4183
[HEARTBEAT] SimTick: 17902 | NetHead: 17901 | Confirmed: 17753 | Missing: 149 | StateHash: 0x47865241
[HEARTBEAT] SimTick: 17962 | NetHead: 17961 | Confirmed: 17817 | Missing: 145 | StateHash: 0xA03972E5
[HEARTBEAT] SimTick: 18022 | NetHead: 18021 | Confirmed: 17875 | Missing: 147 | StateHash: 0x0F964300
[HEARTBEAT] SimTick: 18082 | NetHead: 18081 | Confirmed: 17935 | Missing: 147 | StateHash: 0x7B041B25
[HEARTBEAT] SimTick: 18142 | NetHead: 18141 | Confirmed: 17997 | Missing: 145 | StateHash: 0x1DB79E29
[HEARTBEAT] SimTick: 18202 | NetHead: 18201 | Confirmed: 18053 | Missing: 149 | StateHash: 0x71D4B19A
[HEARTBEAT] SimTick: 18262 | NetHead: 18261 | Confirmed: 18118 | Missing: 144 | StateHash: 0x4012DB31
[HEARTBEAT] SimTick: 18322 | NetHead: 18321 | Confirmed: 18170 | Missing: 152 | StateHash: 0x67A8BB76
[HEARTBEAT] SimTick: 18382 | NetHead: 18381 | Confirmed: 18235 | Missing: 147 | StateHash: 0x2DDE1709
[HEARTBEAT] SimTick: 18443 | NetHead: 18442 | Confirmed: 18297 | Missing: 146 | StateHash: 0xA94BD81F
[HEARTBEAT] SimTick: 18503 | NetHead: 18502 | Confirmed: 18355 | Missing: 148 | StateHash: 0xFE142B17
[HEARTBEAT] SimTick: 18563 | NetHead: 18562 | Confirmed: 18418 | Missing: 145 | StateHash: 0x66892A7D
[HEARTBEAT] SimTick: 18623 | NetHead: 18622 | Confirmed: 18477 | Missing: 146 | StateHash: 0xFC13D799
[HEARTBEAT] SimTick: 18683 | NetHead: 18682 | Confirmed: 18533 | Missing: 150 | StateHash: 0xCC1832CA
[HEARTBEAT] SimTick: 18743 | NetHead: 18742 | Confirmed: 18590 | Missing: 153 | StateHash: 0x02E128E1
[HEARTBEAT] SimTick: 18803 | NetHead: 18802 | Confirmed: 18657 | Missing: 146 | StateHash: 0x31ECB7F8
[HEARTBEAT] SimTick: 18863 | NetHead: 18862 | Confirmed: 18717 | Missing: 146 | StateHash: 0x4FB39BBB
[HEARTBEAT] SimTick: 18923 | NetHead: 18922 | Confirmed: 18777 | Missing: 146 | StateHash: 0xC9751EF2
[HEARTBEAT] SimTick: 18983 | NetHead: 18982 | Confirmed: 18834 | Missing: 149 | StateHash: 0xB5CA14C9
[HEARTBEAT] SimTick: 19043 | NetHead: 19042 | Confirmed: 18897 | Missing: 146 | StateHash: 0x75267BDD
[HEARTBEAT] SimTick: 19103 | NetHead: 19102 | Confirmed: 18955 | Missing: 148 | StateHash: 0x74C84781
[HEARTBEAT] SimTick: 19163 | NetHead: 19162 | Confirmed: 19014 | Missing: 149 | StateHash: 0x52632485
[HEARTBEAT] SimTick: 19223 | NetHead: 19222 | Confirmed: 19075 | Missing: 148 | StateHash: 0xEAF04849
[HEARTBEAT] SimTick: 19283 | NetHead: 19282 | Confirmed: 19137 | Missing: 146 | StateHash: 0xA65C59EA
[HEARTBEAT] SimTick: 19343 | NetHead: 19342 | Confirmed: 19190 | Missing: 153 | StateHash: 0x7EF39E69
[HEARTBEAT] SimTick: 19403 | NetHead: 19402 | Confirmed: 19255 | Missing: 148 | StateHash: 0x9B0D175D
[HEARTBEAT] SimTick: 19463 | NetHead: 19462 | Confirmed: 19317 | Missing: 146 | StateHash: 0xB9BA9FE1
[HEARTBEAT] SimTick: 19523 | NetHead: 19522 | Confirmed: 19379 | Missing: 144 | StateHash: 0x6AF46842
[HEARTBEAT] SimTick: 19584 | NetHead: 19583 | Confirmed: 19438 | Missing: 146 | StateHash: 0xF393B431
[HEARTBEAT] SimTick: 19644 | NetHead: 19643 | Confirmed: 19500 | Missing: 144 | StateHash: 0x33B8E138
[HEARTBEAT] SimTick: 19704 | NetHead: 19703 | Confirmed: 19559 | Missing: 145 | StateHash: 0x83E9CD19
[HEARTBEAT] SimTick: 19764 | NetHead: 19763 | Confirmed: 19618 | Missing: 146 | StateHash: 0x4C35403D
[HEARTBEAT] SimTick: 19824 | NetHead: 19823 | Confirmed: 19675 | Missing: 149 | StateHash: 0xFB93DB09
[HEARTBEAT] SimTick: 19884 | NetHead: 19883 | Confirmed: 19739 | Missing: 145 | StateHash: 0x1DEE6585
[HEARTBEAT] SimTick: 19944 | NetHead: 19943 | Confirmed: 19801 | Missing: 143 | StateHash: 0x0B40BBA9
[HEARTBEAT] SimTick: 20004 | NetHead: 20003 | Confirmed: 19857 | Missing: 147 | StateHash: 0xA05D6B7D
[HEARTBEAT] SimTick: 20064 | NetHead: 20063 | Confirmed: 19916 | Missing: 148 | StateHash: 0x144222C1
[HEARTBEAT] SimTick: 20124 | NetHead: 20123 | Confirmed: 19978 | Missing: 146 | StateHash: 0x5DC68505
[HEARTBEAT] SimTick: 20184 | NetHead: 20183 | Confirmed: 20037 | Missing: 147 | StateHash: 0x49883C01
[HEARTBEAT] SimTick: 20244 | NetHead: 20243 | Confirmed: 20100 | Missing: 144 | StateHash: 0x5C147B45
[HEARTBEAT] SimTick: 20304 | NetHead: 20303 | Confirmed: 20158 | Missing: 146 | StateHash: 0x26682211
[HEARTBEAT] SimTick: 20364 | NetHead: 20363 | Confirmed: 20219 | Missing: 145 | StateHash: 0x9859EB95
[HEARTBEAT] SimTick: 20424 | NetHead: 20423 | Confirmed: 20274 | Missing: 150 | StateHash: 0x416902C1
[HEARTBEAT] SimTick: 20484 | NetHead: 20483 | Confirmed: 20340 | Missing: 144 | StateHash: 0x13D4B7E5
[HEARTBEAT] SimTick: 20544 | NetHead: 20543 | Confirmed: 20398 | Missing: 146 | StateHash: 0x623D3689
[HEARTBEAT] SimTick: 20604 | NetHead: 20603 | Confirmed: 20457 | Missing: 147 | StateHash: 0x08168DFD
[HEARTBEAT] SimTick: 20664 | NetHead: 20663 | Confirmed: 20519 | Missing: 145 | StateHash: 0xB6A95F21
[HEARTBEAT] SimTick: 20724 | NetHead: 20723 | Confirmed: 20576 | Missing: 148 | StateHash: 0x66093CA5
[HEARTBEAT] SimTick: 20785 | NetHead: 20784 | Confirmed: 20636 | Missing: 149 | StateHash: 0xBB58EBD9
[HEARTBEAT] SimTick: 20845 | NetHead: 20844 | Confirmed: 20697 | Missing: 148 | StateHash: 0xD6295ACD
[HEARTBEAT] SimTick: 20905 | NetHead: 20904 | Confirmed: 20757 | Missing: 148 | StateHash: 0x4C1A43A9
[HEARTBEAT] SimTick: 20965 | NetHead: 20964 | Confirmed: 20823 | Missing: 142 | StateHash: 0xBC8F767D
[HEARTBEAT] SimTick: 21025 | NetHead: 21024 | Confirmed: 20879 | Missing: 146 | StateHash: 0x1B1F0691
[HEARTBEAT] SimTick: 21085 | NetHead: 21084 | Confirmed: 20937 | Missing: 148 | StateHash: 0x159A04EF
[HEARTBEAT] SimTick: 21145 | NetHead: 21144 | Confirmed: 20996 | Missing: 149 | StateHash: 0xA084F46B
[HEARTBEAT] SimTick: 21205 | NetHead: 21204 | Confirmed: 21061 | Missing: 144 | StateHash: 0x06DFE20D
[HEARTBEAT] SimTick: 21265 | NetHead: 21264 | Confirmed: 21120 | Missing: 145 | StateHash: 0x77164551
[HEARTBEAT] SimTick: 21325 | NetHead: 21324 | Confirmed: 21182 | Missing: 143 | StateHash: 0x65FA3DB5
[HEARTBEAT] SimTick: 21385 | NetHead: 21384 | Confirmed: 21231 | Missing: 154 | StateHash: 0xD75139C1
[HEARTBEAT] SimTick: 21445 | NetHead: 21444 | Confirmed: 21293 | Missing: 152 | StateHash: 0xFC77F052
[HEARTBEAT] SimTick: 21505 | NetHead: 21504 | Confirmed: 21361 | Missing: 144 | StateHash: 0x19752A89
[HEARTBEAT] SimTick: 21565 | NetHead: 21564 | Confirmed: 21416 | Missing: 149 | StateHash: 0x8FBFDEBD
[HEARTBEAT] SimTick: 21625 | NetHead: 21624 | Confirmed: 21479 | Missing: 146 | StateHash: 0x49132A99
[HEARTBEAT] SimTick: 21686 | NetHead: 21685 | Confirmed: 21539 | Missing: 147 | StateHash: 0xB6D595ED
[HEARTBEAT] SimTick: 21746 | NetHead: 21745 | Confirmed: 21597 | Missing: 149 | StateHash: 0xEC65ADC1
[HEARTBEAT] SimTick: 21806 | NetHead: 21805 | Confirmed: 21659 | Missing: 147 | StateHash: 0x48BA7BA5
[HEARTBEAT] SimTick: 21866 | NetHead: 21865 | Confirmed: 21718 | Missing: 148 | StateHash: 0xFCC1104B
[HEARTBEAT] SimTick: 21926 | NetHead: 21925 | Confirmed: 21773 | Missing: 153 | StateHash: 0xE40805D8
[HEARTBEAT] SimTick: 21986 | NetHead: 21985 | Confirmed: 21835 | Missing: 151 | StateHash: 0x512D57D9
[HEARTBEAT] SimTick: 22046 | NetHead: 22045 | Confirmed: 21900 | Missing: 146 | StateHash: 0xF466334D
[HEARTBEAT] SimTick: 22106 | NetHead: 22105 | Confirmed: 21958 | Missing: 148 | StateHash: 0x6A6B4A81
[HEARTBEAT] SimTick: 22166 | NetHead: 22165 | Confirmed: 22017 | Missing: 149 | StateHash: 0x34358B45
[HEARTBEAT] SimTick: 22226 | NetHead: 22225 | Confirmed: 22080 | Missing: 146 | StateHash: 0x12132759
[HEARTBEAT] SimTick: 22286 | NetHead: 22285 | Confirmed: 22138 | Missing: 148 | StateHash: 0x1AEE4B05
[HEARTBEAT] SimTick: 22346 | NetHead: 22345 | Confirmed: 22199 | Missing: 147 | StateHash: 0x72AD5AD9
[HEARTBEAT] SimTick: 22406 | NetHead: 22405 | Confirmed: 22259 | Missing: 147 | StateHash: 0x1E73F0ED
[HEARTBEAT] SimTick: 22466 | NetHead: 22465 | Confirmed: 22327 | Missing: 139 | StateHash: 0x6915FB67
[HEARTBEAT] SimTick: 22526 | NetHead: 22525 | Confirmed: 22389 | Missing: 137 | StateHash: 0x87E74AC9
[HEARTBEAT] SimTick: 22586 | NetHead: 22585 | Confirmed: 22438 | Missing: 148 | StateHash: 0x1FE748FA
[HEARTBEAT] SimTick: 22647 | NetHead: 22646 | Confirmed: 22506 | Missing: 141 | StateHash: 0xAA3B696B
[HEARTBEAT] SimTick: 22707 | NetHead: 22706 | Confirmed: 22577 | Missing: 130 | StateHash: 0x63FC53FC
[HEARTBEAT] SimTick: 22767 | NetHead: 22766 | Confirmed: 22619 | Missing: 148 | StateHash: 0xDC747F85
[HEARTBEAT] SimTick: 22827 | NetHead: 22826 | Confirmed: 22682 | Missing: 145 | StateHash: 0x2BF62779
[HEARTBEAT] SimTick: 22887 | NetHead: 22886 | Confirmed: 22742 | Missing: 145 | StateHash: 0xDD8705AD
[HEARTBEAT] SimTick: 22947 | NetHead: 22946 | Confirmed: 22801 | Missing: 146 | StateHash: 0x31EC3FB9
[HEARTBEAT] SimTick: 23007 | NetHead: 23006 | Confirmed: 22859 | Missing: 148 | StateHash: 0x270078ED
[HEARTBEAT] SimTick: 23067 | NetHead: 23066 | Confirmed: 22921 | Missing: 146 | StateHash: 0x186BED19
[HEARTBEAT] SimTick: 23127 | NetHead: 23126 | Confirmed: 22979 | Missing: 148 | StateHash: 0xA6F8C32D
[HEARTBEAT] SimTick: 23187 | NetHead: 23186 | Confirmed: 23041 | Missing: 146 | StateHash: 0x56F44011
[HEARTBEAT] SimTick: 23247 | NetHead: 23246 | Confirmed: 23103 | Missing: 144 | StateHash: 0x5D874D27
[HEARTBEAT] SimTick: 23307 | NetHead: 23306 | Confirmed: 23160 | Missing: 147 | StateHash: 0x1AB9FCD3
[HEARTBEAT] SimTick: 23367 | NetHead: 23366 | Confirmed: 23224 | Missing: 143 | StateHash: 0x05817DBD
[HEARTBEAT] SimTick: 23427 | NetHead: 23426 | Confirmed: 23277 | Missing: 150 | StateHash: 0x7836EED9
[HEARTBEAT] SimTick: 23487 | NetHead: 23486 | Confirmed: 23338 | Missing: 149 | StateHash: 0xB57346BF
[HEARTBEAT] SimTick: 23547 | NetHead: 23546 | Confirmed: 23399 | Missing: 148 | StateHash: 0xBEF03560
[HEARTBEAT] SimTick: 23607 | NetHead: 23606 | Confirmed: 23462 | Missing: 145 | StateHash: 0x13C8B9B4
[HEARTBEAT] SimTick: 23667 | NetHead: 23666 | Confirmed: 23521 | Missing: 146 | StateHash: 0x346571E8
[HEARTBEAT] SimTick: 23728 | NetHead: 23727 | Confirmed: 23578 | Missing: 150 | StateHash: 0xFC2973C9
[HEARTBEAT] SimTick: 23788 | NetHead: 23787 | Confirmed: 23638 | Missing: 150 | StateHash: 0xDAE76201
[HEARTBEAT] SimTick: 23848 | NetHead: 23847 | Confirmed: 23699 | Missing: 149 | StateHash: 0xFCC8A185
[HEARTBEAT] SimTick: 23908 | NetHead: 23907 | Confirmed: 23763 | Missing: 145 | StateHash: 0xC1F24C69
[HEARTBEAT] SimTick: 23968 | NetHead: 23967 | Confirmed: 23824 | Missing: 144 | StateHash: 0x241E2E7D
[HEARTBEAT] SimTick: 24028 | NetHead: 24027 | Confirmed: 23880 | Missing: 148 | StateHash: 0xFA2ED2D9
[HEARTBEAT] SimTick: 24088 | NetHead: 24087 | Confirmed: 23944 | Missing: 144 | StateHash: 0x19393B0D
[HEARTBEAT] SimTick: 24148 | NetHead: 24147 | Confirmed: 24004 | Missing: 144 | StateHash: 0x4A8900E9
[HEARTBEAT] SimTick: 24208 | NetHead: 24207 | Confirmed: 24063 | Missing: 145 | StateHash: 0xA9ECA873
[HEARTBEAT] SimTick: 24268 | NetHead: 24267 | Confirmed: 24127 | Missing: 141 | StateHash: 0x05AFAA89
[HEARTBEAT] SimTick: 24328 | NetHead: 24327 | Confirmed: 24183 | Missing: 145 | StateHash: 0xB2816770
[HEARTBEAT] SimTick: 24388 | NetHead: 24387 | Confirmed: 24235 | Missing: 153 | StateHash: 0x9191EB71
[HEARTBEAT] SimTick: 24448 | NetHead: 24447 | Confirmed: 24297 | Missing: 151 | StateHash: 0x9F652495
[HEARTBEAT] SimTick: 24508 | NetHead: 24507 | Confirmed: 24368 | Missing: 140 | StateHash: 0xD6F07457
[HEARTBEAT] SimTick: 24568 | NetHead: 24567 | Confirmed: 24426 | Missing: 142 | StateHash: 0x656A406B
[HEARTBEAT] SimTick: 24628 | NetHead: 24627 | Confirmed: 24483 | Missing: 145 | StateHash: 0xFBD8D34F
[HEARTBEAT] SimTick: 24688 | NetHead: 24687 | Confirmed: 24542 | Missing: 146 | StateHash: 0x801DDD4F
[HEARTBEAT] SimTick: 24748 | NetHead: 24747 | Confirmed: 24596 | Missing: 152 | StateHash: 0xC11A98D1
[HEARTBEAT] SimTick: 24808 | NetHead: 24807 | Confirmed: 24662 | Missing: 146 | StateHash: 0x018146DC
[HEARTBEAT] SimTick: 24869 | NetHead: 24868 | Confirmed: 24719 | Missing: 150 | StateHash: 0x2B39DE45
[HEARTBEAT] SimTick: 24929 | NetHead: 24928 | Confirmed: 24783 | Missing: 146 | StateHash: 0x5C4AB3E9
[HEARTBEAT] SimTick: 24989 | NetHead: 24988 | Confirmed: 24841 | Missing: 148 | StateHash: 0xE18BFAAB
[HEARTBEAT] SimTick: 25049 | NetHead: 25048 | Confirmed: 24904 | Missing: 145 | StateHash: 0x23A1491D
[HEARTBEAT] SimTick: 25109 | NetHead: 25108 | Confirmed: 24963 | Missing: 146 | StateHash: 0xE39D2E31
[HEARTBEAT] SimTick: 25169 | NetHead: 25168 | Confirmed: 25022 | Missing: 147 | StateHash: 0x91E0E212
[HEARTBEAT] SimTick: 25229 | NetHead: 25228 | Confirmed: 25083 | Missing: 146 | StateHash: 0x5ECAA38B
[HEARTBEAT] SimTick: 25289 | NetHead: 25288 | Confirmed: 25144 | Missing: 145 | StateHash: 0x46FE133D
[HEARTBEAT] SimTick: 25349 | NetHead: 25348 | Confirmed: 25200 | Missing: 149 | StateHash: 0xE8C8B811
[HEARTBEAT] SimTick: 25409 | NetHead: 25408 | Confirmed: 25258 | Missing: 151 | StateHash: 0x378F53D5
[HEARTBEAT] SimTick: 25470 | NetHead: 25469 | Confirmed: 25323 | Missing: 147 | StateHash: 0x130DAD21
[HEARTBEAT] SimTick: 25530 | NetHead: 25529 | Confirmed: 25383 | Missing: 147 | StateHash: 0xFA267AE5
[HEARTBEAT] SimTick: 25590 | NetHead: 25589 | Confirmed: 25446 | Missing: 144 | StateHash: 0x4AB451AB
[HEARTBEAT] SimTick: 25650 | NetHead: 25649 | Confirmed: 25504 | Missing: 146 | StateHash: 0x6B1CB205
[HEARTBEAT] SimTick: 25710 | NetHead: 25709 | Confirmed: 25561 | Missing: 149 | StateHash: 0x2FF70B99
[HEARTBEAT] SimTick: 25770 | NetHead: 25769 | Confirmed: 25623 | Missing: 147 | StateHash: 0x05DB1BC9
[HEARTBEAT] SimTick: 25830 | NetHead: 25829 | Confirmed: 25685 | Missing: 145 | StateHash: 0x6F3B05F9
[HEARTBEAT] SimTick: 25890 | NetHead: 25889 | Confirmed: 25742 | Missing: 148 | StateHash: 0x77E7918D
[HEARTBEAT] SimTick: 25950 | NetHead: 25949 | Confirmed: 25801 | Missing: 149 | StateHash: 0x0ED3360B
[HEARTBEAT] SimTick: 26010 | NetHead: 26009 | Confirmed: 25865 | Missing: 145 | StateHash: 0xDCFA12AD
[HEARTBEAT] SimTick: 26070 | NetHead: 26069 | Confirmed: 25926 | Missing: 144 | StateHash: 0x4F52C673
[HEARTBEAT] SimTick: 26131 | NetHead: 26130 | Confirmed: 25987 | Missing: 144 | StateHash: 0x6539AAC5
[HEARTBEAT] SimTick: 26191 | NetHead: 26190 | Confirmed: 26046 | Missing: 145 | StateHash: 0xC1656F71
[HEARTBEAT] SimTick: 26251 | NetHead: 26250 | Confirmed: 26106 | Missing: 145 | StateHash: 0xEE1E84B5
[HEARTBEAT] SimTick: 26311 | NetHead: 26310 | Confirmed: 26166 | Missing: 145 | StateHash: 0xAFC8322B
[HEARTBEAT] SimTick: 26371 | NetHead: 26370 | Confirmed: 26225 | Missing: 146 | StateHash: 0xA3E6853D
[HEARTBEAT] SimTick: 26431 | NetHead: 26430 | Confirmed: 26286 | Missing: 145 | StateHash: 0xF99CBCA3
[HEARTBEAT] SimTick: 26491 | NetHead: 26490 | Confirmed: 26346 | Missing: 145 | StateHash: 0xB432E6F5
[HEARTBEAT] SimTick: 26551 | NetHead: 26550 | Confirmed: 26406 | Missing: 145 | StateHash: 0x59CAA051
[HEARTBEAT] SimTick: 26611 | NetHead: 26610 | Confirmed: 26467 | Missing: 144 | StateHash: 0x061952A9
[HEARTBEAT] SimTick: 26672 | NetHead: 26671 | Confirmed: 26524 | Missing: 148 | StateHash: 0xD15DCCE9
[HEARTBEAT] SimTick: 26732 | NetHead: 26731 | Confirmed: 26585 | Missing: 147 | StateHash: 0x8180D01D
[HEARTBEAT] SimTick: 26792 | NetHead: 26791 | Confirmed: 26648 | Missing: 144 | StateHash: 0x70468347
[HEARTBEAT] SimTick: 26852 | NetHead: 26851 | Confirmed: 26711 | Missing: 141 | StateHash: 0x7040AD9B
[HEARTBEAT] SimTick: 26912 | NetHead: 26911 | Confirmed: 26769 | Missing: 143 | StateHash: 0xEDC64305
[HEARTBEAT] SimTick: 26972 | NetHead: 26971 | Confirmed: 26830 | Missing: 142 | StateHash: 0xB9546F03
[HEARTBEAT] SimTick: 27032 | NetHead: 27031 | Confirmed: 26883 | Missing: 149 | StateHash: 0xEB8910F1
[HEARTBEAT] SimTick: 27092 | NetHead: 27091 | Confirmed: 26943 | Missing: 149 | StateHash: 0x7CA601D5
[HEARTBEAT] SimTick: 27153 | NetHead: 27152 | Confirmed: 27009 | Missing: 144 | StateHash: 0x3D3382FB
[HEARTBEAT] SimTick: 27213 | NetHead: 27212 | Confirmed: 27070 | Missing: 143 | StateHash: 0xCE940D39
[HEARTBEAT] SimTick: 27273 | NetHead: 27272 | Confirmed: 27125 | Missing: 148 | StateHash: 0x663A3443
[HEARTBEAT] SimTick: 27333 | NetHead: 27332 | Confirmed: 27194 | Missing: 139 | StateHash: 0xBB3571A3
[HEARTBEAT] SimTick: 27393 | NetHead: 27392 | Confirmed: 27249 | Missing: 144 | StateHash: 0xEC18A5DB
[HEARTBEAT] SimTick: 27454 | NetHead: 27453 | Confirmed: 27307 | Missing: 147 | StateHash: 0x425CC1B8
[HEARTBEAT] SimTick: 27514 | NetHead: 27513 | Confirmed: 27369 | Missing: 145 | StateHash: 0x57B0CE03
[HEARTBEAT] SimTick: 27574 | NetHead: 27573 | Confirmed: 27429 | Missing: 145 | StateHash: 0xF8C06F8D
[HEARTBEAT] SimTick: 27634 | NetHead: 27633 | Confirmed: 27489 | Missing: 145 | StateHash: 0x4F8C6F30
[HEARTBEAT] SimTick: 27694 | NetHead: 27693 | Confirmed: 27548 | Missing: 146 | StateHash: 0x8DDEEEFD
[HEARTBEAT] SimTick: 27754 | NetHead: 27753 | Confirmed: 27607 | Missing: 147 | StateHash: 0x455DA683
[HEARTBEAT] SimTick: 27814 | NetHead: 27813 | Confirmed: 27668 | Missing: 146 | StateHash: 0x8DC4027D
[HEARTBEAT] SimTick: 27875 | NetHead: 27874 | Confirmed: 27730 | Missing: 145 | StateHash: 0xCD9078DB
[HEARTBEAT] SimTick: 27935 | NetHead: 27934 | Confirmed: 27789 | Missing: 146 | StateHash: 0x1001CEAD
[HEARTBEAT] SimTick: 27995 | NetHead: 27994 | Confirmed: 27848 | Missing: 147 | StateHash: 0xBB77C1C3
[HEARTBEAT] SimTick: 28055 | NetHead: 28054 | Confirmed: 27908 | Missing: 147 | StateHash: 0x2C9BC785
[HEARTBEAT] SimTick: 28116 | NetHead: 28115 | Confirmed: 27967 | Missing: 149 | StateHash: 0xE6059643
[HEARTBEAT] SimTick: 28176 | NetHead: 28175 | Confirmed: 28028 | Missing: 148 | StateHash: 0x08E6B369
[HEARTBEAT] SimTick: 28236 | NetHead: 28235 | Confirmed: 28091 | Missing: 145 | StateHash: 0x28AFAD1B
[HEARTBEAT] SimTick: 28297 | NetHead: 28296 | Confirmed: 28151 | Missing: 146 | StateHash: 0xE8A6133B
[HEARTBEAT] SimTick: 28357 | NetHead: 28356 | Confirmed: 28214 | Missing: 143 | StateHash: 0xBD3F1C03
[HEARTBEAT] SimTick: 28417 | NetHead: 28416 | Confirmed: 28271 | Missing: 146 | StateHash: 0x116DF763
[HEARTBEAT] SimTick: 28477 | NetHead: 28476 | Confirmed: 28332 | Missing: 145 | StateHash: 0xFDC0E803
[HEARTBEAT] SimTick: 28537 | NetHead: 28536 | Confirmed: 28387 | Missing: 150 | StateHash: 0x960FE8FD
[HEARTBEAT] SimTick: 28597 | NetHead: 28596 | Confirmed: 28448 | Missing: 149 | StateHash: 0x77322CEB
[HEARTBEAT] SimTick: 28640 | NetHead: 28639 | Confirmed: 28481 | Missing: 159 | StateHash: 0x59938EAA
[HEARTBEAT] SimTick: 28700 | NetHead: 28699 | Confirmed: 28536 | Missing: 164 | StateHash: 0xD94D2A52
[HEARTBEAT] SimTick: 28761 | NetHead: 28760 | Confirmed: 28592 | Missing: 169 | StateHash: 0xA6939ED2
[HEARTBEAT] SimTick: 28821 | NetHead: 28820 | Confirmed: 28667 | Missing: 154 | StateHash: 0x9F873828
[HEARTBEAT] SimTick: 28881 | NetHead: 28880 | Confirmed: 28735 | Missing: 146 | StateHash: 0x2E0737EC
[HEARTBEAT] SimTick: 28941 | NetHead: 28940 | Confirmed: 28799 | Missing: 142 | StateHash: 0x3FF8D931
[HEARTBEAT] SimTick: 29001 | NetHead: 29000 | Confirmed: 28849 | Missing: 152 | StateHash: 0x7CF6472C
[HEARTBEAT] SimTick: 29061 | NetHead: 29060 | Confirmed: 28910 | Missing: 151 | StateHash: 0x217FE020
[HEARTBEAT] SimTick: 29121 | NetHead: 29120 | Confirmed: 28973 | Missing: 148 | StateHash: 0xDBE2B6FF
[HEARTBEAT] SimTick: 29181 | NetHead: 29180 | Confirmed: 29027 | Missing: 154 | StateHash: 0xC4B68F10
[HEARTBEAT] SimTick: 29241 | NetHead: 29240 | Confirmed: 29094 | Missing: 147 | StateHash: 0x265F1C07
[HEARTBEAT] SimTick: 29301 | NetHead: 29300 | Confirmed: 29156 | Missing: 145 | StateHash: 0xC4B17838
[HEARTBEAT] SimTick: 29361 | NetHead: 29360 | Confirmed: 29212 | Missing: 149 | StateHash: 0xDD14A3A4
[HEARTBEAT] SimTick: 29421 | NetHead: 29420 | Confirmed: 29278 | Missing: 143 | StateHash: 0x33CC2DE8
[HEARTBEAT] SimTick: 29481 | NetHead: 29480 | Confirmed: 29336 | Missing: 145 | StateHash: 0x2CF53C84
[HEARTBEAT] SimTick: 29541 | NetHead: 29540 | Confirmed: 29397 | Missing: 144 | StateHash: 0x3D3CE3A8
[HEARTBEAT] SimTick: 29601 | NetHead: 29600 | Confirmed: 29459 | Missing: 142 | StateHash: 0xC8798E83
[HEARTBEAT] SimTick: 29662 | NetHead: 29661 | Confirmed: 29517 | Missing: 145 | StateHash: 0x33306122
[HEARTBEAT] SimTick: 29722 | NetHead: 29721 | Confirmed: 29575 | Missing: 147 | StateHash: 0x2FC65A0F
[HEARTBEAT] SimTick: 29782 | NetHead: 29781 | Confirmed: 29634 | Missing: 148 | StateHash: 0xF6382650
[HEARTBEAT] SimTick: 29842 | NetHead: 29841 | Confirmed: 29700 | Missing: 142 | StateHash: 0x313D0052
[HEARTBEAT] SimTick: 29902 | NetHead: 29901 | Confirmed: 29766 | Missing: 136 | StateHash: 0xDFBD9FAC
[HEARTBEAT] SimTick: 29962 | NetHead: 29961 | Confirmed: 29823 | Missing: 139 | StateHash: 0x4E1AC2A2
[HEARTBEAT] SimTick: 30022 | NetHead: 30021 | Confirmed: 29880 | Missing: 142 | StateHash: 0x2CA765E3
[HEARTBEAT] SimTick: 30082 | NetHead: 30081 | Confirmed: 29938 | Missing: 144 | StateHash: 0x11F6FF74
[HEARTBEAT] SimTick: 30142 | NetHead: 30141 | Confirmed: 29995 | Missing: 147 | StateHash: 0xC071CA98
[HEARTBEAT] SimTick: 30202 | NetHead: 30201 | Confirmed: 30055 | Missing: 147 | StateHash: 0xC54BC93C
[HEARTBEAT] SimTick: 30262 | NetHead: 30261 | Confirmed: 30120 | Missing: 142 | StateHash: 0x4EF30730
[HEARTBEAT] SimTick: 30322 | NetHead: 30321 | Confirmed: 30179 | Missing: 143 | StateHash: 0x686275BF
[HEARTBEAT] SimTick: 30382 | NetHead: 30381 | Confirmed: 30238 | Missing: 144 | StateHash: 0xB81C8E78
luajit: interrupted!
stack traceback:
	[C]: in function 'print'
	main.lua:131: in main chunk
	[C]: at 0x55c26ab1ee00
