========================================
 WEAVER ENGINE: 8-NODE DEEP HISTORY 
========================================
Enter Node ID (0-7): 
> [SYSTEM] Node 3 bound to :50003. Meshing topology...
[SYSTEM] Topology Locked. Entering FSM loop.
[HEARTBEAT] SimTick: 61 | NetHead: 60 | Confirmed: 13 | Missing: 48 | StateHash: 0x1911258C
[HEARTBEAT] SimTick: 121 | NetHead: 120 | Confirmed: 58 | Missing: 63 | StateHash: 0x42A3ED46
[HEARTBEAT] SimTick: 181 | NetHead: 180 | Confirmed: 100 | Missing: 81 | StateHash: 0x5180B0F3
[HEARTBEAT] SimTick: 241 | NetHead: 240 | Confirmed: 141 | Missing: 100 | StateHash: 0xCEF5ADAC
[HEARTBEAT] SimTick: 301 | NetHead: 300 | Confirmed: 173 | Missing: 128 | StateHash: 0x47759EC8
[HEARTBEAT] SimTick: 361 | NetHead: 360 | Confirmed: 217 | Missing: 144 | StateHash: 0x835E98A3
[HEARTBEAT] SimTick: 421 | NetHead: 420 | Confirmed: 279 | Missing: 142 | StateHash: 0x2B2AD61B
[HEARTBEAT] SimTick: 481 | NetHead: 480 | Confirmed: 334 | Missing: 147 | StateHash: 0x1040F153
[HEARTBEAT] SimTick: 541 | NetHead: 540 | Confirmed: 395 | Missing: 146 | StateHash: 0xEFC8862B
[HEARTBEAT] SimTick: 601 | NetHead: 600 | Confirmed: 456 | Missing: 145 | StateHash: 0xB681478B
[HEARTBEAT] SimTick: 661 | NetHead: 660 | Confirmed: 515 | Missing: 146 | StateHash: 0xA0EA48AF
[HEARTBEAT] SimTick: 721 | NetHead: 720 | Confirmed: 577 | Missing: 144 | StateHash: 0x77EFF8E4
[HEARTBEAT] SimTick: 781 | NetHead: 780 | Confirmed: 640 | Missing: 141 | StateHash: 0xB7B6D89B
[HEARTBEAT] SimTick: 841 | NetHead: 840 | Confirmed: 691 | Missing: 150 | StateHash: 0x91F6E8C3
[HEARTBEAT] SimTick: 901 | NetHead: 900 | Confirmed: 751 | Missing: 150 | StateHash: 0xB0248C23
[HEARTBEAT] SimTick: 961 | NetHead: 960 | Confirmed: 817 | Missing: 144 | StateHash: 0xEB781A33
[HEARTBEAT] SimTick: 1021 | NetHead: 1020 | Confirmed: 878 | Missing: 143 | StateHash: 0xEB7F209F
[HEARTBEAT] SimTick: 1081 | NetHead: 1080 | Confirmed: 940 | Missing: 141 | StateHash: 0xB2733593
[HEARTBEAT] SimTick: 1141 | NetHead: 1140 | Confirmed: 1001 | Missing: 140 | StateHash: 0x13DD6620
[HEARTBEAT] SimTick: 1201 | NetHead: 1200 | Confirmed: 1060 | Missing: 141 | StateHash: 0x0011A46C
[HEARTBEAT] SimTick: 1262 | NetHead: 1261 | Confirmed: 1116 | Missing: 146 | StateHash: 0x4CA4DF8B
[HEARTBEAT] SimTick: 1322 | NetHead: 1321 | Confirmed: 1182 | Missing: 140 | StateHash: 0xC93717A3
[HEARTBEAT] SimTick: 1382 | NetHead: 1381 | Confirmed: 1244 | Missing: 138 | StateHash: 0x73F3C60B
[HEARTBEAT] SimTick: 1442 | NetHead: 1441 | Confirmed: 1300 | Missing: 142 | StateHash: 0x718F707B
[HEARTBEAT] SimTick: 1502 | NetHead: 1501 | Confirmed: 1361 | Missing: 141 | StateHash: 0x0744BAAB
luajit: interrupted!
stack traceback:
	[C]: in function 'print'
	main.lua:131: in main chunk
	[C]: at 0x562b5fcebe00
