========================================
 WEAVER ENGINE: 8-NODE DEEP HISTORY 
========================================
Enter Node ID (0-7): 
> [SYSTEM] Node 4 bound to :50004. Meshing topology...
[SYSTEM] Topology Locked. Entering FSM loop.
[HEARTBEAT] SimTick: 61 | NetHead: 60 | Confirmed: 41 | Missing: 20 | StateHash: 0xA1C59119
[HEARTBEAT] SimTick: 121 | NetHead: 120 | Confirmed: 101 | Missing: 20 | StateHash: 0x4348D945
[HEARTBEAT] SimTick: 181 | NetHead: 180 | Confirmed: 161 | Missing: 20 | StateHash: 0x08A4DFC9
[HEARTBEAT] SimTick: 241 | NetHead: 240 | Confirmed: 221 | Missing: 20 | StateHash: 0x65BB6F25
[HEARTBEAT] SimTick: 301 | NetHead: 300 | Confirmed: 281 | Missing: 20 | StateHash: 0x20F8E321
[HEARTBEAT] SimTick: 361 | NetHead: 360 | Confirmed: 341 | Missing: 20 | StateHash: 0x7D08F545
[HEARTBEAT] SimTick: 421 | NetHead: 420 | Confirmed: 401 | Missing: 20 | StateHash: 0xA352F6B9
[HEARTBEAT] SimTick: 481 | NetHead: 480 | Confirmed: 461 | Missing: 20 | StateHash: 0xCA48CF55
[HEARTBEAT] SimTick: 541 | NetHead: 540 | Confirmed: 521 | Missing: 20 | StateHash: 0x3E1B4F41
[HEARTBEAT] SimTick: 601 | NetHead: 600 | Confirmed: 581 | Missing: 20 | StateHash: 0xC453ED45
[HEARTBEAT] SimTick: 661 | NetHead: 660 | Confirmed: 641 | Missing: 20 | StateHash: 0x46F46B21
[HEARTBEAT] SimTick: 721 | NetHead: 720 | Confirmed: 701 | Missing: 20 | StateHash: 0x01FE1DB5
[HEARTBEAT] SimTick: 781 | NetHead: 780 | Confirmed: 761 | Missing: 20 | StateHash: 0x10107109
[HEARTBEAT] SimTick: 841 | NetHead: 840 | Confirmed: 821 | Missing: 20 | StateHash: 0x2782E245
[HEARTBEAT] SimTick: 901 | NetHead: 900 | Confirmed: 881 | Missing: 20 | StateHash: 0xAA5A4549
[HEARTBEAT] SimTick: 962 | NetHead: 961 | Confirmed: 942 | Missing: 20 | StateHash: 0x148BF155
[HEARTBEAT] SimTick: 1022 | NetHead: 1021 | Confirmed: 1002 | Missing: 20 | StateHash: 0xCE6ADFA1
[HEARTBEAT] SimTick: 1082 | NetHead: 1081 | Confirmed: 1062 | Missing: 20 | StateHash: 0x629B4305
[HEARTBEAT] SimTick: 1142 | NetHead: 1141 | Confirmed: 1122 | Missing: 20 | StateHash: 0xF2DA1D61
[HEARTBEAT] SimTick: 1202 | NetHead: 1201 | Confirmed: 1182 | Missing: 20 | StateHash: 0x9076F3F5
[HEARTBEAT] SimTick: 1262 | NetHead: 1261 | Confirmed: 1242 | Missing: 20 | StateHash: 0xDB274659
[HEARTBEAT] SimTick: 1322 | NetHead: 1321 | Confirmed: 1302 | Missing: 20 | StateHash: 0xCA3B5745
[HEARTBEAT] SimTick: 1382 | NetHead: 1381 | Confirmed: 1362 | Missing: 20 | StateHash: 0x2C9C4BE1
[HEARTBEAT] SimTick: 1442 | NetHead: 1441 | Confirmed: 1422 | Missing: 20 | StateHash: 0x2C764CE5
[HEARTBEAT] SimTick: 1502 | NetHead: 1501 | Confirmed: 1482 | Missing: 20 | StateHash: 0x86257539
[HEARTBEAT] SimTick: 1562 | NetHead: 1561 | Confirmed: 1542 | Missing: 20 | StateHash: 0x76555E45
[HEARTBEAT] SimTick: 1622 | NetHead: 1621 | Confirmed: 1602 | Missing: 20 | StateHash: 0x42514B61
[HEARTBEAT] SimTick: 1682 | NetHead: 1681 | Confirmed: 1662 | Missing: 20 | StateHash: 0x0D1BD335
[HEARTBEAT] SimTick: 1742 | NetHead: 1741 | Confirmed: 1722 | Missing: 20 | StateHash: 0x25B300A1
[HEARTBEAT] SimTick: 1802 | NetHead: 1801 | Confirmed: 1782 | Missing: 20 | StateHash: 0xBAE0E345
[HEARTBEAT] SimTick: 1863 | NetHead: 1862 | Confirmed: 1843 | Missing: 20 | StateHash: 0xDBC62D61
[HEARTBEAT] SimTick: 1923 | NetHead: 1922 | Confirmed: 1903 | Missing: 20 | StateHash: 0x6E6412D5
[HEARTBEAT] SimTick: 1983 | NetHead: 1982 | Confirmed: 1963 | Missing: 20 | StateHash: 0xE2154109
[HEARTBEAT] SimTick: 2043 | NetHead: 2042 | Confirmed: 2023 | Missing: 20 | StateHash: 0x6488D085
[HEARTBEAT] SimTick: 2103 | NetHead: 2102 | Confirmed: 2083 | Missing: 20 | StateHash: 0xBB976821
[HEARTBEAT] SimTick: 2163 | NetHead: 2162 | Confirmed: 2143 | Missing: 20 | StateHash: 0xA1F88725
[HEARTBEAT] SimTick: 2223 | NetHead: 2222 | Confirmed: 2203 | Missing: 20 | StateHash: 0xDD0F80F9
[HEARTBEAT] SimTick: 2283 | NetHead: 2282 | Confirmed: 2263 | Missing: 20 | StateHash: 0xA3BF6585
[HEARTBEAT] SimTick: 2343 | NetHead: 2342 | Confirmed: 2323 | Missing: 20 | StateHash: 0x157FBDE9
[HEARTBEAT] SimTick: 2403 | NetHead: 2402 | Confirmed: 2383 | Missing: 20 | StateHash: 0x06FF5F45
[HEARTBEAT] SimTick: 2463 | NetHead: 2462 | Confirmed: 2443 | Missing: 20 | StateHash: 0x4CA64F81
[HEARTBEAT] SimTick: 2523 | NetHead: 2522 | Confirmed: 2503 | Missing: 20 | StateHash: 0x3E912F85
[HEARTBEAT] SimTick: 2583 | NetHead: 2582 | Confirmed: 2563 | Missing: 20 | StateHash: 0xFFAF05F1
[HEARTBEAT] SimTick: 2643 | NetHead: 2642 | Confirmed: 2623 | Missing: 20 | StateHash: 0x093E7465
[HEARTBEAT] SimTick: 2703 | NetHead: 2702 | Confirmed: 2683 | Missing: 20 | StateHash: 0xC95BE5E1
[HEARTBEAT] SimTick: 2763 | NetHead: 2762 | Confirmed: 2743 | Missing: 20 | StateHash: 0x26BAC605
[HEARTBEAT] SimTick: 2823 | NetHead: 2822 | Confirmed: 2803 | Missing: 20 | StateHash: 0xA705D0A1
[HEARTBEAT] SimTick: 2883 | NetHead: 2882 | Confirmed: 2863 | Missing: 20 | StateHash: 0x2AFBB325
[HEARTBEAT] SimTick: 2943 | NetHead: 2942 | Confirmed: 2923 | Missing: 20 | StateHash: 0x0AC59BC9
[HEARTBEAT] SimTick: 3003 | NetHead: 3002 | Confirmed: 2983 | Missing: 20 | StateHash: 0x414F1545
[HEARTBEAT] SimTick: 3063 | NetHead: 3062 | Confirmed: 3043 | Missing: 20 | StateHash: 0xCBBD9F91
[HEARTBEAT] SimTick: 3124 | NetHead: 3123 | Confirmed: 3104 | Missing: 20 | StateHash: 0xAE016375
[HEARTBEAT] SimTick: 3184 | NetHead: 3183 | Confirmed: 3164 | Missing: 20 | StateHash: 0x61C9D329
[HEARTBEAT] SimTick: 3244 | NetHead: 3243 | Confirmed: 3224 | Missing: 20 | StateHash: 0xCC26F905
[HEARTBEAT] SimTick: 3304 | NetHead: 3303 | Confirmed: 3284 | Missing: 20 | StateHash: 0xFCC22C89
[HEARTBEAT] SimTick: 3364 | NetHead: 3363 | Confirmed: 3344 | Missing: 20 | StateHash: 0x895EF155
[HEARTBEAT] SimTick: 3424 | NetHead: 3423 | Confirmed: 3404 | Missing: 20 | StateHash: 0xF09725A9
[HEARTBEAT] SimTick: 3484 | NetHead: 3483 | Confirmed: 3464 | Missing: 20 | StateHash: 0x4AB95A85
[HEARTBEAT] SimTick: 3544 | NetHead: 3543 | Confirmed: 3524 | Missing: 20 | StateHash: 0x41664559
[HEARTBEAT] SimTick: 3604 | NetHead: 3603 | Confirmed: 3584 | Missing: 20 | StateHash: 0xF7F98015
[HEARTBEAT] SimTick: 3664 | NetHead: 3663 | Confirmed: 3644 | Missing: 20 | StateHash: 0x2EFFE2A9
[HEARTBEAT] SimTick: 3724 | NetHead: 3723 | Confirmed: 3704 | Missing: 20 | StateHash: 0x7D595285
[HEARTBEAT] SimTick: 3784 | NetHead: 3783 | Confirmed: 3764 | Missing: 20 | StateHash: 0x0DDF7571
[HEARTBEAT] SimTick: 3844 | NetHead: 3843 | Confirmed: 3824 | Missing: 20 | StateHash: 0x242EC745
[HEARTBEAT] SimTick: 3904 | NetHead: 3903 | Confirmed: 3884 | Missing: 20 | StateHash: 0x8CE290A1
[HEARTBEAT] SimTick: 3964 | NetHead: 3963 | Confirmed: 3944 | Missing: 20 | StateHash: 0xC7B49B05
[HEARTBEAT] SimTick: 4024 | NetHead: 4023 | Confirmed: 4004 | Missing: 20 | StateHash: 0x4F4AF929
[HEARTBEAT] SimTick: 4084 | NetHead: 4083 | Confirmed: 4064 | Missing: 20 | StateHash: 0xDB1D5295
[HEARTBEAT] SimTick: 4144 | NetHead: 4143 | Confirmed: 4124 | Missing: 20 | StateHash: 0x79DEFA89
[HEARTBEAT] SimTick: 4204 | NetHead: 4203 | Confirmed: 4184 | Missing: 20 | StateHash: 0x6A8C2345
[HEARTBEAT] SimTick: 4264 | NetHead: 4263 | Confirmed: 4244 | Missing: 20 | StateHash: 0x8BAC1761
[HEARTBEAT] SimTick: 4325 | NetHead: 4324 | Confirmed: 4305 | Missing: 20 | StateHash: 0xC672B1E5
[HEARTBEAT] SimTick: 4385 | NetHead: 4384 | Confirmed: 4365 | Missing: 20 | StateHash: 0xA20DB5D9
[HEARTBEAT] SimTick: 4445 | NetHead: 4444 | Confirmed: 4425 | Missing: 20 | StateHash: 0xB6089D05
[HEARTBEAT] SimTick: 4505 | NetHead: 4504 | Confirmed: 4485 | Missing: 20 | StateHash: 0x3BC86BB9
[HEARTBEAT] SimTick: 4565 | NetHead: 4564 | Confirmed: 4545 | Missing: 20 | StateHash: 0x8D7A9525
[HEARTBEAT] SimTick: 4625 | NetHead: 4624 | Confirmed: 4605 | Missing: 20 | StateHash: 0x79E6C139
[HEARTBEAT] SimTick: 4685 | NetHead: 4684 | Confirmed: 4665 | Missing: 20 | StateHash: 0x92E5D345
[HEARTBEAT] SimTick: 4745 | NetHead: 4744 | Confirmed: 4725 | Missing: 20 | StateHash: 0x65BF0C61
[HEARTBEAT] SimTick: 4805 | NetHead: 4804 | Confirmed: 4785 | Missing: 20 | StateHash: 0x8291C7F5
[HEARTBEAT] SimTick: 4865 | NetHead: 4864 | Confirmed: 4845 | Missing: 20 | StateHash: 0xA0D9C201
[HEARTBEAT] SimTick: 4925 | NetHead: 4924 | Confirmed: 4905 | Missing: 20 | StateHash: 0x571D9285
[HEARTBEAT] SimTick: 4985 | NetHead: 4984 | Confirmed: 4965 | Missing: 20 | StateHash: 0x056E7A19
[HEARTBEAT] SimTick: 5045 | NetHead: 5044 | Confirmed: 5025 | Missing: 20 | StateHash: 0xE14EF185
[HEARTBEAT] SimTick: 5105 | NetHead: 5104 | Confirmed: 5085 | Missing: 20 | StateHash: 0x49700A99
[HEARTBEAT] SimTick: 5165 | NetHead: 5164 | Confirmed: 5145 | Missing: 20 | StateHash: 0x96CD7885
[HEARTBEAT] SimTick: 5225 | NetHead: 5224 | Confirmed: 5205 | Missing: 20 | StateHash: 0x1A3877B9
[HEARTBEAT] SimTick: 5285 | NetHead: 5284 | Confirmed: 5265 | Missing: 20 | StateHash: 0x05816785
[HEARTBEAT] SimTick: 5345 | NetHead: 5344 | Confirmed: 5325 | Missing: 20 | StateHash: 0x98089169
[HEARTBEAT] SimTick: 5405 | NetHead: 5404 | Confirmed: 5385 | Missing: 20 | StateHash: 0x73F55245
[HEARTBEAT] SimTick: 5466 | NetHead: 5465 | Confirmed: 5446 | Missing: 20 | StateHash: 0x1D6F7B91
[HEARTBEAT] SimTick: 5526 | NetHead: 5525 | Confirmed: 5506 | Missing: 20 | StateHash: 0x03814815
[HEARTBEAT] SimTick: 5586 | NetHead: 5585 | Confirmed: 5566 | Missing: 20 | StateHash: 0x7127CEA1
[HEARTBEAT] SimTick: 5646 | NetHead: 5645 | Confirmed: 5626 | Missing: 20 | StateHash: 0x7336CF45
[HEARTBEAT] SimTick: 5706 | NetHead: 5705 | Confirmed: 5686 | Missing: 20 | StateHash: 0x4049DB71
[HEARTBEAT] SimTick: 5766 | NetHead: 5765 | Confirmed: 5746 | Missing: 20 | StateHash: 0x68C1E295
[HEARTBEAT] SimTick: 5826 | NetHead: 5825 | Confirmed: 5806 | Missing: 20 | StateHash: 0xE34688E1
[HEARTBEAT] SimTick: 5886 | NetHead: 5885 | Confirmed: 5866 | Missing: 20 | StateHash: 0xE7178745
[HEARTBEAT] SimTick: 5946 | NetHead: 5945 | Confirmed: 5926 | Missing: 20 | StateHash: 0x1DFA1F99
[HEARTBEAT] SimTick: 6006 | NetHead: 6005 | Confirmed: 5986 | Missing: 20 | StateHash: 0xE52B46A5
[HEARTBEAT] SimTick: 6066 | NetHead: 6065 | Confirmed: 6046 | Missing: 20 | StateHash: 0x7C984D39
[HEARTBEAT] SimTick: 6126 | NetHead: 6125 | Confirmed: 6106 | Missing: 20 | StateHash: 0x66A66E05
[HEARTBEAT] SimTick: 6186 | NetHead: 6185 | Confirmed: 6166 | Missing: 20 | StateHash: 0xA21EADB9
[HEARTBEAT] SimTick: 6246 | NetHead: 6245 | Confirmed: 6226 | Missing: 20 | StateHash: 0x7AE66065
[HEARTBEAT] SimTick: 6306 | NetHead: 6305 | Confirmed: 6286 | Missing: 20 | StateHash: 0xA60F6C11
[HEARTBEAT] SimTick: 6366 | NetHead: 6365 | Confirmed: 6346 | Missing: 20 | StateHash: 0x4122E185
[HEARTBEAT] SimTick: 6426 | NetHead: 6425 | Confirmed: 6406 | Missing: 20 | StateHash: 0xDA479451
[HEARTBEAT] SimTick: 6486 | NetHead: 6485 | Confirmed: 6466 | Missing: 20 | StateHash: 0x33FE1C25
[HEARTBEAT] SimTick: 6546 | NetHead: 6545 | Confirmed: 6526 | Missing: 20 | StateHash: 0x78D1A751
[HEARTBEAT] SimTick: 6606 | NetHead: 6605 | Confirmed: 6586 | Missing: 20 | StateHash: 0x577291C5
[HEARTBEAT] SimTick: 6666 | NetHead: 6665 | Confirmed: 6646 | Missing: 20 | StateHash: 0x0E6E4D81
[HEARTBEAT] SimTick: 6727 | NetHead: 6726 | Confirmed: 6707 | Missing: 20 | StateHash: 0xA8A41A05
[HEARTBEAT] SimTick: 6787 | NetHead: 6786 | Confirmed: 6767 | Missing: 20 | StateHash: 0x00505981
[HEARTBEAT] SimTick: 6847 | NetHead: 6846 | Confirmed: 6827 | Missing: 20 | StateHash: 0xAFCFCB05
[HEARTBEAT] SimTick: 6907 | NetHead: 6906 | Confirmed: 6887 | Missing: 20 | StateHash: 0xEC2956F9
[HEARTBEAT] SimTick: 6967 | NetHead: 6966 | Confirmed: 6947 | Missing: 20 | StateHash: 0xAF7A2F35
[HEARTBEAT] SimTick: 7027 | NetHead: 7026 | Confirmed: 7007 | Missing: 20 | StateHash: 0x18D318A1
[HEARTBEAT] SimTick: 7087 | NetHead: 7086 | Confirmed: 7067 | Missing: 20 | StateHash: 0xCE8C1545
[HEARTBEAT] SimTick: 7147 | NetHead: 7146 | Confirmed: 7127 | Missing: 20 | StateHash: 0x0374B1F1
[HEARTBEAT] SimTick: 7207 | NetHead: 7206 | Confirmed: 7187 | Missing: 20 | StateHash: 0x3B32C3F5
[HEARTBEAT] SimTick: 7267 | NetHead: 7266 | Confirmed: 7247 | Missing: 20 | StateHash: 0x93B8B901
[HEARTBEAT] SimTick: 7327 | NetHead: 7326 | Confirmed: 7307 | Missing: 20 | StateHash: 0x3C0A1A85
[HEARTBEAT] SimTick: 7387 | NetHead: 7386 | Confirmed: 7367 | Missing: 20 | StateHash: 0x048F3C51
[HEARTBEAT] SimTick: 7448 | NetHead: 7447 | Confirmed: 7428 | Missing: 20 | StateHash: 0x44329975
[HEARTBEAT] SimTick: 7508 | NetHead: 7507 | Confirmed: 7488 | Missing: 20 | StateHash: 0xF7A7B1B9
[HEARTBEAT] SimTick: 7568 | NetHead: 7567 | Confirmed: 7548 | Missing: 20 | StateHash: 0x48AF3745
[HEARTBEAT] SimTick: 7628 | NetHead: 7627 | Confirmed: 7608 | Missing: 20 | StateHash: 0x79E02809
[HEARTBEAT] SimTick: 7688 | NetHead: 7687 | Confirmed: 7668 | Missing: 20 | StateHash: 0xA1912AB5
[HEARTBEAT] SimTick: 7748 | NetHead: 7747 | Confirmed: 7728 | Missing: 20 | StateHash: 0x2177A1F1
[HEARTBEAT] SimTick: 7808 | NetHead: 7807 | Confirmed: 7788 | Missing: 20 | StateHash: 0x0EDA9745
[HEARTBEAT] SimTick: 7868 | NetHead: 7867 | Confirmed: 7848 | Missing: 20 | StateHash: 0x69E70751
[HEARTBEAT] SimTick: 7928 | NetHead: 7927 | Confirmed: 7908 | Missing: 20 | StateHash: 0x726DD515
[HEARTBEAT] SimTick: 7988 | NetHead: 7987 | Confirmed: 7968 | Missing: 20 | StateHash: 0x8EFCFA31
[HEARTBEAT] SimTick: 8048 | NetHead: 8047 | Confirmed: 8028 | Missing: 20 | StateHash: 0xBBF03885
[HEARTBEAT] SimTick: 8108 | NetHead: 8107 | Confirmed: 8088 | Missing: 20 | StateHash: 0xBF250CE1
[HEARTBEAT] SimTick: 8168 | NetHead: 8167 | Confirmed: 8148 | Missing: 20 | StateHash: 0xFCC4B4D5
[HEARTBEAT] SimTick: 8228 | NetHead: 8227 | Confirmed: 8208 | Missing: 20 | StateHash: 0x667A5129
[HEARTBEAT] SimTick: 8289 | NetHead: 8288 | Confirmed: 8269 | Missing: 20 | StateHash: 0x3F92AD05
[HEARTBEAT] SimTick: 8349 | NetHead: 8348 | Confirmed: 8329 | Missing: 20 | StateHash: 0x3EB85111
[HEARTBEAT] SimTick: 8409 | NetHead: 8408 | Confirmed: 8389 | Missing: 20 | StateHash: 0xA72355C5
[HEARTBEAT] SimTick: 8469 | NetHead: 8468 | Confirmed: 8449 | Missing: 20 | StateHash: 0x971F9F61
[HEARTBEAT] SimTick: 8529 | NetHead: 8528 | Confirmed: 8509 | Missing: 20 | StateHash: 0xCF3BB9C5
[HEARTBEAT] SimTick: 8589 | NetHead: 8588 | Confirmed: 8569 | Missing: 20 | StateHash: 0x8BDFC829
[HEARTBEAT] SimTick: 8649 | NetHead: 8648 | Confirmed: 8629 | Missing: 20 | StateHash: 0xFAB30AD5
[HEARTBEAT] SimTick: 8709 | NetHead: 8708 | Confirmed: 8689 | Missing: 20 | StateHash: 0xB5E204F9
[HEARTBEAT] SimTick: 8769 | NetHead: 8768 | Confirmed: 8749 | Missing: 20 | StateHash: 0x33C1FEC5
[HEARTBEAT] SimTick: 8829 | NetHead: 8828 | Confirmed: 8809 | Missing: 20 | StateHash: 0xC16760D1
[HEARTBEAT] SimTick: 8889 | NetHead: 8888 | Confirmed: 8869 | Missing: 20 | StateHash: 0x3AF4A425
[HEARTBEAT] SimTick: 8949 | NetHead: 8948 | Confirmed: 8929 | Missing: 20 | StateHash: 0xC48829D9
[HEARTBEAT] SimTick: 9009 | NetHead: 9008 | Confirmed: 8989 | Missing: 20 | StateHash: 0x6293D3C5
[HEARTBEAT] SimTick: 9069 | NetHead: 9068 | Confirmed: 9049 | Missing: 20 | StateHash: 0xCAA7D5F9
[HEARTBEAT] SimTick: 9129 | NetHead: 9128 | Confirmed: 9109 | Missing: 20 | StateHash: 0xCD721BA5
[HEARTBEAT] SimTick: 9189 | NetHead: 9188 | Confirmed: 9169 | Missing: 20 | StateHash: 0xD49C8221
[HEARTBEAT] SimTick: 9250 | NetHead: 9249 | Confirmed: 9230 | Missing: 20 | StateHash: 0xFC5A6E85
[HEARTBEAT] SimTick: 9310 | NetHead: 9309 | Confirmed: 9290 | Missing: 20 | StateHash: 0xFBF47059
[HEARTBEAT] SimTick: 9370 | NetHead: 9369 | Confirmed: 9350 | Missing: 20 | StateHash: 0x6837E555
[HEARTBEAT] SimTick: 9430 | NetHead: 9429 | Confirmed: 9410 | Missing: 20 | StateHash: 0xC21588B9
[HEARTBEAT] SimTick: 9490 | NetHead: 9489 | Confirmed: 9470 | Missing: 20 | StateHash: 0x2C93C705
[HEARTBEAT] SimTick: 9550 | NetHead: 9549 | Confirmed: 9530 | Missing: 20 | StateHash: 0xC4DCACB1
[HEARTBEAT] SimTick: 9610 | NetHead: 9609 | Confirmed: 9590 | Missing: 20 | StateHash: 0x2C94B1A5
[HEARTBEAT] SimTick: 9670 | NetHead: 9669 | Confirmed: 9650 | Missing: 20 | StateHash: 0x80CEAC31
[HEARTBEAT] SimTick: 9730 | NetHead: 9729 | Confirmed: 9710 | Missing: 20 | StateHash: 0xF3955485
[HEARTBEAT] SimTick: 9790 | NetHead: 9789 | Confirmed: 9770 | Missing: 20 | StateHash: 0x5BF85BF9
[HEARTBEAT] SimTick: 9850 | NetHead: 9849 | Confirmed: 9830 | Missing: 20 | StateHash: 0xFF182CB5
[HEARTBEAT] SimTick: 9910 | NetHead: 9909 | Confirmed: 9890 | Missing: 20 | StateHash: 0x50E76E29
[HEARTBEAT] SimTick: 9970 | NetHead: 9969 | Confirmed: 9950 | Missing: 20 | StateHash: 0x23BF5A45
[HEARTBEAT] SimTick: 10030 | NetHead: 10029 | Confirmed: 10010 | Missing: 20 | StateHash: 0x3AEC3CF9
[HEARTBEAT] SimTick: 10090 | NetHead: 10089 | Confirmed: 10070 | Missing: 20 | StateHash: 0x6F56AE35
[HEARTBEAT] SimTick: 10150 | NetHead: 10149 | Confirmed: 10130 | Missing: 20 | StateHash: 0x0CDC2859
[HEARTBEAT] SimTick: 10210 | NetHead: 10209 | Confirmed: 10190 | Missing: 20 | StateHash: 0x51D20705
[HEARTBEAT] SimTick: 10270 | NetHead: 10269 | Confirmed: 10250 | Missing: 20 | StateHash: 0x5E7EEFD9
[HEARTBEAT] SimTick: 10330 | NetHead: 10329 | Confirmed: 10310 | Missing: 20 | StateHash: 0x51B0E0D5
[HEARTBEAT] SimTick: 10390 | NetHead: 10389 | Confirmed: 10370 | Missing: 20 | StateHash: 0x8945F819
[HEARTBEAT] SimTick: 10450 | NetHead: 10449 | Confirmed: 10430 | Missing: 20 | StateHash: 0x271398C5
[HEARTBEAT] SimTick: 10511 | NetHead: 10510 | Confirmed: 10491 | Missing: 20 | StateHash: 0x44CD1411
[HEARTBEAT] SimTick: 10571 | NetHead: 10570 | Confirmed: 10551 | Missing: 20 | StateHash: 0xA6A948A1
[HEARTBEAT] SimTick: 10631 | NetHead: 10630 | Confirmed: 10611 | Missing: 20 | StateHash: 0x884E61E1
[HEARTBEAT] SimTick: 10691 | NetHead: 10690 | Confirmed: 10671 | Missing: 20 | StateHash: 0x7CA105B1
[HEARTBEAT] SimTick: 10751 | NetHead: 10750 | Confirmed: 10731 | Missing: 20 | StateHash: 0x1B26FC11
[HEARTBEAT] SimTick: 10811 | NetHead: 10810 | Confirmed: 10791 | Missing: 20 | StateHash: 0x9237C989
[HEARTBEAT] SimTick: 10871 | NetHead: 10870 | Confirmed: 10851 | Missing: 20 | StateHash: 0x1F1ACB89
[HEARTBEAT] SimTick: 10931 | NetHead: 10930 | Confirmed: 10911 | Missing: 20 | StateHash: 0x32D32561
[HEARTBEAT] SimTick: 10991 | NetHead: 10990 | Confirmed: 10971 | Missing: 20 | StateHash: 0x6994C9D1
[HEARTBEAT] SimTick: 11051 | NetHead: 11050 | Confirmed: 11031 | Missing: 20 | StateHash: 0x5D861D19
[HEARTBEAT] SimTick: 11112 | NetHead: 11111 | Confirmed: 11092 | Missing: 20 | StateHash: 0xF41B3129
[HEARTBEAT] SimTick: 11172 | NetHead: 11171 | Confirmed: 11152 | Missing: 20 | StateHash: 0xD8D30DE1
[HEARTBEAT] SimTick: 11232 | NetHead: 11231 | Confirmed: 11212 | Missing: 20 | StateHash: 0x4E3FD761
[HEARTBEAT] SimTick: 11292 | NetHead: 11291 | Confirmed: 11272 | Missing: 20 | StateHash: 0x47D906E9
[HEARTBEAT] SimTick: 11352 | NetHead: 11351 | Confirmed: 11332 | Missing: 20 | StateHash: 0x34A2EAE9
[HEARTBEAT] SimTick: 11412 | NetHead: 11411 | Confirmed: 11392 | Missing: 20 | StateHash: 0xF4AF9901
[HEARTBEAT] SimTick: 11472 | NetHead: 11471 | Confirmed: 11452 | Missing: 20 | StateHash: 0xD7FAE271
[HEARTBEAT] SimTick: 11532 | NetHead: 11531 | Confirmed: 11512 | Missing: 20 | StateHash: 0x357B4969
[HEARTBEAT] SimTick: 11592 | NetHead: 11591 | Confirmed: 11572 | Missing: 20 | StateHash: 0x57A07399
[HEARTBEAT] SimTick: 11652 | NetHead: 11651 | Confirmed: 11632 | Missing: 20 | StateHash: 0x0715FA09
[HEARTBEAT] SimTick: 11712 | NetHead: 11711 | Confirmed: 11692 | Missing: 20 | StateHash: 0x3225AF19
[HEARTBEAT] SimTick: 11772 | NetHead: 11771 | Confirmed: 11752 | Missing: 20 | StateHash: 0x4A3A6A79
[HEARTBEAT] SimTick: 11832 | NetHead: 11831 | Confirmed: 11812 | Missing: 20 | StateHash: 0xEC7FA309
[HEARTBEAT] SimTick: 11892 | NetHead: 11891 | Confirmed: 11872 | Missing: 20 | StateHash: 0x44F08C09
[HEARTBEAT] SimTick: 11952 | NetHead: 11951 | Confirmed: 11932 | Missing: 20 | StateHash: 0x8819A1D9
[HEARTBEAT] SimTick: 12012 | NetHead: 12011 | Confirmed: 11992 | Missing: 20 | StateHash: 0x38CF7149
[HEARTBEAT] SimTick: 12072 | NetHead: 12071 | Confirmed: 12052 | Missing: 20 | StateHash: 0x817AA599
[HEARTBEAT] SimTick: 12132 | NetHead: 12131 | Confirmed: 12112 | Missing: 20 | StateHash: 0x16B12499
[HEARTBEAT] SimTick: 12192 | NetHead: 12191 | Confirmed: 12172 | Missing: 20 | StateHash: 0x4C3D29A9
[HEARTBEAT] SimTick: 12252 | NetHead: 12251 | Confirmed: 12232 | Missing: 20 | StateHash: 0x41337A91
[HEARTBEAT] SimTick: 12313 | NetHead: 12312 | Confirmed: 12293 | Missing: 20 | StateHash: 0x530ECF5E
[HEARTBEAT] SimTick: 12373 | NetHead: 12372 | Confirmed: 12353 | Missing: 20 | StateHash: 0x2B2EABC9
[HEARTBEAT] SimTick: 12433 | NetHead: 12432 | Confirmed: 12413 | Missing: 20 | StateHash: 0x1E686D56
[HEARTBEAT] SimTick: 12493 | NetHead: 12492 | Confirmed: 12473 | Missing: 20 | StateHash: 0x2271CC71
[HEARTBEAT] SimTick: 12553 | NetHead: 12552 | Confirmed: 12533 | Missing: 20 | StateHash: 0x0F59212E
[HEARTBEAT] SimTick: 12613 | NetHead: 12612 | Confirmed: 12593 | Missing: 20 | StateHash: 0x0EA44439
[HEARTBEAT] SimTick: 12673 | NetHead: 12672 | Confirmed: 12653 | Missing: 20 | StateHash: 0xC067A256
[HEARTBEAT] SimTick: 12733 | NetHead: 12732 | Confirmed: 12713 | Missing: 20 | StateHash: 0x687A7349
[HEARTBEAT] SimTick: 12793 | NetHead: 12792 | Confirmed: 12773 | Missing: 20 | StateHash: 0x3171A3B9
[HEARTBEAT] SimTick: 12853 | NetHead: 12852 | Confirmed: 12833 | Missing: 20 | StateHash: 0x087F72A9
[HEARTBEAT] SimTick: 12913 | NetHead: 12912 | Confirmed: 12893 | Missing: 20 | StateHash: 0xA27CC0A6
[HEARTBEAT] SimTick: 12973 | NetHead: 12972 | Confirmed: 12953 | Missing: 20 | StateHash: 0xD735B989
[HEARTBEAT] SimTick: 13033 | NetHead: 13032 | Confirmed: 13013 | Missing: 20 | StateHash: 0x91050426
[HEARTBEAT] SimTick: 13093 | NetHead: 13092 | Confirmed: 13073 | Missing: 20 | StateHash: 0xD049CC41
[HEARTBEAT] SimTick: 13153 | NetHead: 13152 | Confirmed: 13133 | Missing: 20 | StateHash: 0xBD96ADBE
[HEARTBEAT] SimTick: 13213 | NetHead: 13212 | Confirmed: 13193 | Missing: 20 | StateHash: 0x7FA533D1
[HEARTBEAT] SimTick: 13273 | NetHead: 13272 | Confirmed: 13253 | Missing: 20 | StateHash: 0x01D40FAE
[HEARTBEAT] SimTick: 13334 | NetHead: 13333 | Confirmed: 13314 | Missing: 20 | StateHash: 0xCE7C9BA1
[HEARTBEAT] SimTick: 13394 | NetHead: 13393 | Confirmed: 13374 | Missing: 20 | StateHash: 0xDA4390DE
[HEARTBEAT] SimTick: 13454 | NetHead: 13453 | Confirmed: 13434 | Missing: 20 | StateHash: 0xC46E32B1
[HEARTBEAT] SimTick: 13514 | NetHead: 13513 | Confirmed: 13494 | Missing: 20 | StateHash: 0x29F304AE
[HEARTBEAT] SimTick: 13574 | NetHead: 13573 | Confirmed: 13554 | Missing: 20 | StateHash: 0x7692B731
[HEARTBEAT] SimTick: 13634 | NetHead: 13633 | Confirmed: 13614 | Missing: 20 | StateHash: 0x84D5504E
[HEARTBEAT] SimTick: 13694 | NetHead: 13693 | Confirmed: 13674 | Missing: 20 | StateHash: 0x8D289DA1
[HEARTBEAT] SimTick: 13754 | NetHead: 13753 | Confirmed: 13734 | Missing: 20 | StateHash: 0xB6F7435E
[HEARTBEAT] SimTick: 13814 | NetHead: 13813 | Confirmed: 13794 | Missing: 20 | StateHash: 0x029351A1
[HEARTBEAT] SimTick: 13874 | NetHead: 13873 | Confirmed: 13854 | Missing: 20 | StateHash: 0xBD253FDE
[HEARTBEAT] SimTick: 13934 | NetHead: 13933 | Confirmed: 13914 | Missing: 20 | StateHash: 0x5BC47239
[HEARTBEAT] SimTick: 13994 | NetHead: 13993 | Confirmed: 13974 | Missing: 20 | StateHash: 0x165FFBC6
[HEARTBEAT] SimTick: 14054 | NetHead: 14053 | Confirmed: 14034 | Missing: 20 | StateHash: 0x92F63229
[HEARTBEAT] SimTick: 14114 | NetHead: 14113 | Confirmed: 14094 | Missing: 20 | StateHash: 0x58008256
[HEARTBEAT] SimTick: 14174 | NetHead: 14173 | Confirmed: 14154 | Missing: 20 | StateHash: 0x86340A05
[HEARTBEAT] SimTick: 14234 | NetHead: 14233 | Confirmed: 14214 | Missing: 20 | StateHash: 0x3C376D72
[HEARTBEAT] SimTick: 14295 | NetHead: 14294 | Confirmed: 14275 | Missing: 20 | StateHash: 0xD0271345
[HEARTBEAT] SimTick: 14355 | NetHead: 14354 | Confirmed: 14335 | Missing: 20 | StateHash: 0xF0D5FAB2
[HEARTBEAT] SimTick: 14415 | NetHead: 14414 | Confirmed: 14395 | Missing: 20 | StateHash: 0xB0948D55
[HEARTBEAT] SimTick: 14475 | NetHead: 14474 | Confirmed: 14455 | Missing: 20 | StateHash: 0xA36094B2
[HEARTBEAT] SimTick: 14535 | NetHead: 14534 | Confirmed: 14515 | Missing: 20 | StateHash: 0x6ABB1505
[HEARTBEAT] SimTick: 14595 | NetHead: 14594 | Confirmed: 14575 | Missing: 20 | StateHash: 0xE17B9DE2
[HEARTBEAT] SimTick: 14655 | NetHead: 14654 | Confirmed: 14635 | Missing: 20 | StateHash: 0xB8EC7EC5
[HEARTBEAT] SimTick: 14715 | NetHead: 14714 | Confirmed: 14695 | Missing: 20 | StateHash: 0x4EC119D2
[HEARTBEAT] SimTick: 14775 | NetHead: 14774 | Confirmed: 14755 | Missing: 20 | StateHash: 0x06D84AC5
[HEARTBEAT] SimTick: 14835 | NetHead: 14834 | Confirmed: 14815 | Missing: 20 | StateHash: 0x926D59F2
[HEARTBEAT] SimTick: 14895 | NetHead: 14894 | Confirmed: 14875 | Missing: 20 | StateHash: 0xB45864D5
[HEARTBEAT] SimTick: 14955 | NetHead: 14954 | Confirmed: 14935 | Missing: 20 | StateHash: 0x30F62C22
[HEARTBEAT] SimTick: 15015 | NetHead: 15014 | Confirmed: 14995 | Missing: 20 | StateHash: 0xFE9C7C45
[HEARTBEAT] SimTick: 15075 | NetHead: 15074 | Confirmed: 15055 | Missing: 20 | StateHash: 0xC037D912
[HEARTBEAT] SimTick: 15135 | NetHead: 15134 | Confirmed: 15115 | Missing: 20 | StateHash: 0x283E8385
[HEARTBEAT] SimTick: 15195 | NetHead: 15194 | Confirmed: 15175 | Missing: 20 | StateHash: 0x849C7622
[HEARTBEAT] SimTick: 15255 | NetHead: 15254 | Confirmed: 15235 | Missing: 20 | StateHash: 0x03F6F105
[HEARTBEAT] SimTick: 15315 | NetHead: 15314 | Confirmed: 15295 | Missing: 20 | StateHash: 0xAFEE5402
[HEARTBEAT] SimTick: 15376 | NetHead: 15375 | Confirmed: 15356 | Missing: 20 | StateHash: 0xC3E5B995
[HEARTBEAT] SimTick: 15436 | NetHead: 15435 | Confirmed: 15416 | Missing: 20 | StateHash: 0xB07CA242
[HEARTBEAT] SimTick: 15496 | NetHead: 15495 | Confirmed: 15476 | Missing: 20 | StateHash: 0x65AC04C5
[HEARTBEAT] SimTick: 15556 | NetHead: 15555 | Confirmed: 15536 | Missing: 20 | StateHash: 0xA1AA3772
[HEARTBEAT] SimTick: 15616 | NetHead: 15615 | Confirmed: 15596 | Missing: 20 | StateHash: 0x13A217D5
[HEARTBEAT] SimTick: 15676 | NetHead: 15675 | Confirmed: 15656 | Missing: 20 | StateHash: 0x10AAAF72
[HEARTBEAT] SimTick: 15736 | NetHead: 15735 | Confirmed: 15716 | Missing: 20 | StateHash: 0xB2F2C205
[HEARTBEAT] SimTick: 15796 | NetHead: 15795 | Confirmed: 15776 | Missing: 20 | StateHash: 0xB5EB4982
[HEARTBEAT] SimTick: 15856 | NetHead: 15855 | Confirmed: 15836 | Missing: 20 | StateHash: 0x429EAE95
[HEARTBEAT] SimTick: 15916 | NetHead: 15915 | Confirmed: 15896 | Missing: 20 | StateHash: 0x0243B0A2
[HEARTBEAT] SimTick: 15976 | NetHead: 15975 | Confirmed: 15956 | Missing: 20 | StateHash: 0xCC452AC5
[HEARTBEAT] SimTick: 16036 | NetHead: 16035 | Confirmed: 16016 | Missing: 20 | StateHash: 0xAFAF5E92
[HEARTBEAT] SimTick: 16096 | NetHead: 16095 | Confirmed: 16076 | Missing: 20 | StateHash: 0x0BF27B65
[HEARTBEAT] SimTick: 16156 | NetHead: 16155 | Confirmed: 16136 | Missing: 20 | StateHash: 0x016D2B22
[HEARTBEAT] SimTick: 16216 | NetHead: 16215 | Confirmed: 16196 | Missing: 20 | StateHash: 0xDEE7C7C5
[HEARTBEAT] SimTick: 16276 | NetHead: 16275 | Confirmed: 16256 | Missing: 20 | StateHash: 0x7F0A4442
[HEARTBEAT] SimTick: 16336 | NetHead: 16335 | Confirmed: 16316 | Missing: 20 | StateHash: 0xB62F1815
[HEARTBEAT] SimTick: 16396 | NetHead: 16395 | Confirmed: 16376 | Missing: 20 | StateHash: 0xAD6ED512
[HEARTBEAT] SimTick: 16456 | NetHead: 16455 | Confirmed: 16436 | Missing: 20 | StateHash: 0x9C7F7A05
[HEARTBEAT] SimTick: 16517 | NetHead: 16516 | Confirmed: 16497 | Missing: 20 | StateHash: 0x03E441A2
[HEARTBEAT] SimTick: 16577 | NetHead: 16576 | Confirmed: 16557 | Missing: 20 | StateHash: 0x1FFC5405
[HEARTBEAT] SimTick: 16637 | NetHead: 16636 | Confirmed: 16617 | Missing: 20 | StateHash: 0x75A1A872
[HEARTBEAT] SimTick: 16697 | NetHead: 16696 | Confirmed: 16677 | Missing: 20 | StateHash: 0xDB169A05
[HEARTBEAT] SimTick: 16757 | NetHead: 16756 | Confirmed: 16737 | Missing: 20 | StateHash: 0x663DCB32
[HEARTBEAT] SimTick: 16817 | NetHead: 16816 | Confirmed: 16797 | Missing: 20 | StateHash: 0xEC463655
[HEARTBEAT] SimTick: 16877 | NetHead: 16876 | Confirmed: 16857 | Missing: 20 | StateHash: 0x63C13332
[HEARTBEAT] SimTick: 16937 | NetHead: 16936 | Confirmed: 16917 | Missing: 20 | StateHash: 0x7C995C85
[HEARTBEAT] SimTick: 16997 | NetHead: 16996 | Confirmed: 16977 | Missing: 20 | StateHash: 0x21AE7D22
[HEARTBEAT] SimTick: 17057 | NetHead: 17056 | Confirmed: 17037 | Missing: 20 | StateHash: 0x9D2A6845
[HEARTBEAT] SimTick: 17117 | NetHead: 17116 | Confirmed: 17097 | Missing: 20 | StateHash: 0x3728EE42
[HEARTBEAT] SimTick: 17177 | NetHead: 17176 | Confirmed: 17157 | Missing: 20 | StateHash: 0xB816B105
[HEARTBEAT] SimTick: 17237 | NetHead: 17236 | Confirmed: 17217 | Missing: 20 | StateHash: 0xE390A382
[HEARTBEAT] SimTick: 17297 | NetHead: 17296 | Confirmed: 17277 | Missing: 20 | StateHash: 0xA3254DB5
[HEARTBEAT] SimTick: 17357 | NetHead: 17356 | Confirmed: 17337 | Missing: 20 | StateHash: 0x0F762622
[HEARTBEAT] SimTick: 17417 | NetHead: 17416 | Confirmed: 17397 | Missing: 20 | StateHash: 0x2AF1D6C5
[HEARTBEAT] SimTick: 17478 | NetHead: 17477 | Confirmed: 17458 | Missing: 20 | StateHash: 0x5BA6BCD2
[HEARTBEAT] SimTick: 17538 | NetHead: 17537 | Confirmed: 17518 | Missing: 20 | StateHash: 0xA7174305
[HEARTBEAT] SimTick: 17598 | NetHead: 17597 | Confirmed: 17578 | Missing: 20 | StateHash: 0x63F2FCB2
[HEARTBEAT] SimTick: 17658 | NetHead: 17657 | Confirmed: 17638 | Missing: 20 | StateHash: 0x09A41D85
[HEARTBEAT] SimTick: 17718 | NetHead: 17717 | Confirmed: 17698 | Missing: 20 | StateHash: 0xD49EB452
[HEARTBEAT] SimTick: 17778 | NetHead: 17777 | Confirmed: 17758 | Missing: 20 | StateHash: 0xF5A2D451
[HEARTBEAT] SimTick: 17838 | NetHead: 17837 | Confirmed: 17818 | Missing: 20 | StateHash: 0xBE5B28BE
[HEARTBEAT] SimTick: 17898 | NetHead: 17897 | Confirmed: 17878 | Missing: 20 | StateHash: 0x07104741
[HEARTBEAT] SimTick: 17958 | NetHead: 17957 | Confirmed: 17938 | Missing: 20 | StateHash: 0x49033E8E
[HEARTBEAT] SimTick: 18018 | NetHead: 18017 | Confirmed: 17998 | Missing: 20 | StateHash: 0x9877AA99
[HEARTBEAT] SimTick: 18078 | NetHead: 18077 | Confirmed: 18058 | Missing: 20 | StateHash: 0xAE0E7516
[HEARTBEAT] SimTick: 18138 | NetHead: 18137 | Confirmed: 18118 | Missing: 20 | StateHash: 0x6F584331
[HEARTBEAT] SimTick: 18198 | NetHead: 18197 | Confirmed: 18178 | Missing: 20 | StateHash: 0x8A85B60E
[HEARTBEAT] SimTick: 18258 | NetHead: 18257 | Confirmed: 18238 | Missing: 20 | StateHash: 0x40A8DC09
[HEARTBEAT] SimTick: 18318 | NetHead: 18317 | Confirmed: 18298 | Missing: 20 | StateHash: 0xEE4E5986
[HEARTBEAT] SimTick: 18378 | NetHead: 18377 | Confirmed: 18358 | Missing: 20 | StateHash: 0x40FA9D89
[HEARTBEAT] SimTick: 18439 | NetHead: 18438 | Confirmed: 18419 | Missing: 20 | StateHash: 0xD4CBE7C6
[HEARTBEAT] SimTick: 18499 | NetHead: 18498 | Confirmed: 18479 | Missing: 20 | StateHash: 0x8956AAD9
[HEARTBEAT] SimTick: 18559 | NetHead: 18558 | Confirmed: 18539 | Missing: 20 | StateHash: 0x4076DFC6
[HEARTBEAT] SimTick: 18619 | NetHead: 18618 | Confirmed: 18599 | Missing: 20 | StateHash: 0x7EBF6681
[HEARTBEAT] SimTick: 18679 | NetHead: 18678 | Confirmed: 18659 | Missing: 20 | StateHash: 0x7CDAA96E
[HEARTBEAT] SimTick: 18739 | NetHead: 18738 | Confirmed: 18719 | Missing: 20 | StateHash: 0x8EFE74D1
[HEARTBEAT] SimTick: 18799 | NetHead: 18798 | Confirmed: 18779 | Missing: 20 | StateHash: 0x7D91394E
[HEARTBEAT] SimTick: 18859 | NetHead: 18858 | Confirmed: 18839 | Missing: 20 | StateHash: 0xB7B1F549
[HEARTBEAT] SimTick: 18919 | NetHead: 18918 | Confirmed: 18899 | Missing: 20 | StateHash: 0x9149F026
[HEARTBEAT] SimTick: 18979 | NetHead: 18978 | Confirmed: 18959 | Missing: 20 | StateHash: 0x4B9A09C1
[HEARTBEAT] SimTick: 19039 | NetHead: 19038 | Confirmed: 19019 | Missing: 20 | StateHash: 0x23155EAE
[HEARTBEAT] SimTick: 19099 | NetHead: 19098 | Confirmed: 19079 | Missing: 20 | StateHash: 0xD71C21A9
[HEARTBEAT] SimTick: 19159 | NetHead: 19158 | Confirmed: 19139 | Missing: 20 | StateHash: 0xC377D216
[HEARTBEAT] SimTick: 19219 | NetHead: 19218 | Confirmed: 19199 | Missing: 20 | StateHash: 0x1EC98DE9
[HEARTBEAT] SimTick: 19279 | NetHead: 19278 | Confirmed: 19259 | Missing: 20 | StateHash: 0x8F78B0A6
[HEARTBEAT] SimTick: 19339 | NetHead: 19338 | Confirmed: 19319 | Missing: 20 | StateHash: 0xFA1D0AE1
[HEARTBEAT] SimTick: 19399 | NetHead: 19398 | Confirmed: 19379 | Missing: 20 | StateHash: 0x43522CFE
[HEARTBEAT] SimTick: 19459 | NetHead: 19458 | Confirmed: 19439 | Missing: 20 | StateHash: 0xF5200721
[HEARTBEAT] SimTick: 19519 | NetHead: 19518 | Confirmed: 19499 | Missing: 20 | StateHash: 0x7D5AB42E
[HEARTBEAT] SimTick: 19579 | NetHead: 19578 | Confirmed: 19559 | Missing: 20 | StateHash: 0x99F1D979
[HEARTBEAT] SimTick: 19639 | NetHead: 19638 | Confirmed: 19619 | Missing: 20 | StateHash: 0x53352DE6
[HEARTBEAT] SimTick: 19700 | NetHead: 19699 | Confirmed: 19680 | Missing: 20 | StateHash: 0x24C48C11
[HEARTBEAT] SimTick: 19760 | NetHead: 19759 | Confirmed: 19740 | Missing: 20 | StateHash: 0xB63DE86E
[HEARTBEAT] SimTick: 19820 | NetHead: 19819 | Confirmed: 19800 | Missing: 20 | StateHash: 0x56DF9E89
[HEARTBEAT] SimTick: 19880 | NetHead: 19879 | Confirmed: 19860 | Missing: 20 | StateHash: 0x35EF94A6
[HEARTBEAT] SimTick: 19940 | NetHead: 19939 | Confirmed: 19920 | Missing: 20 | StateHash: 0x67E885C1
[HEARTBEAT] SimTick: 20000 | NetHead: 19999 | Confirmed: 19980 | Missing: 20 | StateHash: 0xDAAFC2DE
[HEARTBEAT] SimTick: 20060 | NetHead: 20059 | Confirmed: 20040 | Missing: 20 | StateHash: 0xCDAFAF21
[HEARTBEAT] SimTick: 20120 | NetHead: 20119 | Confirmed: 20100 | Missing: 20 | StateHash: 0x16E7745E
[HEARTBEAT] SimTick: 20180 | NetHead: 20179 | Confirmed: 20160 | Missing: 20 | StateHash: 0x80E28981
[HEARTBEAT] SimTick: 20240 | NetHead: 20239 | Confirmed: 20220 | Missing: 20 | StateHash: 0x4DF940FE
[HEARTBEAT] SimTick: 20300 | NetHead: 20299 | Confirmed: 20280 | Missing: 20 | StateHash: 0xE42E2221
[HEARTBEAT] SimTick: 20360 | NetHead: 20359 | Confirmed: 20340 | Missing: 20 | StateHash: 0xC96706DE
[HEARTBEAT] SimTick: 20420 | NetHead: 20419 | Confirmed: 20400 | Missing: 20 | StateHash: 0x88125139
[HEARTBEAT] SimTick: 20480 | NetHead: 20479 | Confirmed: 20460 | Missing: 20 | StateHash: 0xEC72B5A6
[HEARTBEAT] SimTick: 20540 | NetHead: 20539 | Confirmed: 20520 | Missing: 20 | StateHash: 0x17F64F21
[HEARTBEAT] SimTick: 20600 | NetHead: 20599 | Confirmed: 20580 | Missing: 20 | StateHash: 0x5CA925CE
[HEARTBEAT] SimTick: 20660 | NetHead: 20659 | Confirmed: 20640 | Missing: 20 | StateHash: 0xAB67CA49
[HEARTBEAT] SimTick: 20720 | NetHead: 20719 | Confirmed: 20700 | Missing: 20 | StateHash: 0x491E90D6
[HEARTBEAT] SimTick: 20781 | NetHead: 20780 | Confirmed: 20761 | Missing: 20 | StateHash: 0xCFF6C3AA
[HEARTBEAT] SimTick: 20841 | NetHead: 20840 | Confirmed: 20821 | Missing: 20 | StateHash: 0xA5B42856
[HEARTBEAT] SimTick: 20901 | NetHead: 20900 | Confirmed: 20881 | Missing: 20 | StateHash: 0xAE37EF82
[HEARTBEAT] SimTick: 20961 | NetHead: 20960 | Confirmed: 20941 | Missing: 20 | StateHash: 0x4126013E
[HEARTBEAT] SimTick: 21021 | NetHead: 21020 | Confirmed: 21001 | Missing: 20 | StateHash: 0x93DBF1CA
[HEARTBEAT] SimTick: 21081 | NetHead: 21080 | Confirmed: 21061 | Missing: 20 | StateHash: 0x11898D56
[HEARTBEAT] SimTick: 21141 | NetHead: 21140 | Confirmed: 21121 | Missing: 20 | StateHash: 0xB802B362
[HEARTBEAT] SimTick: 21201 | NetHead: 21200 | Confirmed: 21181 | Missing: 20 | StateHash: 0xE989337E
[HEARTBEAT] SimTick: 21261 | NetHead: 21260 | Confirmed: 21241 | Missing: 20 | StateHash: 0xEC9C1082
[HEARTBEAT] SimTick: 21321 | NetHead: 21320 | Confirmed: 21301 | Missing: 20 | StateHash: 0x5F2EE33E
[HEARTBEAT] SimTick: 21381 | NetHead: 21380 | Confirmed: 21361 | Missing: 20 | StateHash: 0x4AE3D1CA
[HEARTBEAT] SimTick: 21441 | NetHead: 21440 | Confirmed: 21421 | Missing: 20 | StateHash: 0x9B3C07F6
[HEARTBEAT] SimTick: 21501 | NetHead: 21500 | Confirmed: 21481 | Missing: 20 | StateHash: 0x3C7D86AA
[HEARTBEAT] SimTick: 21561 | NetHead: 21560 | Confirmed: 21541 | Missing: 20 | StateHash: 0x009D3D96
[HEARTBEAT] SimTick: 21621 | NetHead: 21620 | Confirmed: 21601 | Missing: 20 | StateHash: 0xFA78E972
[HEARTBEAT] SimTick: 21682 | NetHead: 21681 | Confirmed: 21662 | Missing: 20 | StateHash: 0xE8EA75CE
[HEARTBEAT] SimTick: 21742 | NetHead: 21741 | Confirmed: 21722 | Missing: 20 | StateHash: 0xA4F14B52
[HEARTBEAT] SimTick: 21802 | NetHead: 21801 | Confirmed: 21782 | Missing: 20 | StateHash: 0x637973EE
[HEARTBEAT] SimTick: 21862 | NetHead: 21861 | Confirmed: 21842 | Missing: 20 | StateHash: 0x29F9591A
[HEARTBEAT] SimTick: 21922 | NetHead: 21921 | Confirmed: 21902 | Missing: 20 | StateHash: 0xFFF67146
[HEARTBEAT] SimTick: 21982 | NetHead: 21981 | Confirmed: 21962 | Missing: 20 | StateHash: 0x61C65792
[HEARTBEAT] SimTick: 22042 | NetHead: 22041 | Confirmed: 22022 | Missing: 20 | StateHash: 0x4AD2230E
[HEARTBEAT] SimTick: 22102 | NetHead: 22101 | Confirmed: 22082 | Missing: 20 | StateHash: 0xDD5E1352
[HEARTBEAT] SimTick: 22162 | NetHead: 22161 | Confirmed: 22142 | Missing: 20 | StateHash: 0x43A5B86E
[HEARTBEAT] SimTick: 22222 | NetHead: 22221 | Confirmed: 22202 | Missing: 20 | StateHash: 0x355ED42A
[HEARTBEAT] SimTick: 22282 | NetHead: 22281 | Confirmed: 22262 | Missing: 20 | StateHash: 0xF646E976
[HEARTBEAT] SimTick: 22342 | NetHead: 22341 | Confirmed: 22322 | Missing: 20 | StateHash: 0xE40BBAD2
[HEARTBEAT] SimTick: 22403 | NetHead: 22402 | Confirmed: 22383 | Missing: 20 | StateHash: 0xA04727EE
[HEARTBEAT] SimTick: 22463 | NetHead: 22462 | Confirmed: 22443 | Missing: 20 | StateHash: 0x0F1F04AA
[HEARTBEAT] SimTick: 22523 | NetHead: 22522 | Confirmed: 22503 | Missing: 20 | StateHash: 0x4F1CB176
[HEARTBEAT] SimTick: 22583 | NetHead: 22582 | Confirmed: 22563 | Missing: 20 | StateHash: 0x218EA542
[HEARTBEAT] SimTick: 22643 | NetHead: 22642 | Confirmed: 22623 | Missing: 20 | StateHash: 0xEC0677FE
[HEARTBEAT] SimTick: 22703 | NetHead: 22702 | Confirmed: 22683 | Missing: 20 | StateHash: 0x0D4A35AA
[HEARTBEAT] SimTick: 22763 | NetHead: 22762 | Confirmed: 22743 | Missing: 20 | StateHash: 0x2F62EDD6
[HEARTBEAT] SimTick: 22823 | NetHead: 22822 | Confirmed: 22803 | Missing: 20 | StateHash: 0xF667061A
[HEARTBEAT] SimTick: 22883 | NetHead: 22882 | Confirmed: 22863 | Missing: 20 | StateHash: 0x711DFF06
[HEARTBEAT] SimTick: 22943 | NetHead: 22942 | Confirmed: 22923 | Missing: 20 | StateHash: 0x916B3F0A
[HEARTBEAT] SimTick: 23003 | NetHead: 23002 | Confirmed: 22983 | Missing: 20 | StateHash: 0x039591D6
[HEARTBEAT] SimTick: 23063 | NetHead: 23062 | Confirmed: 23043 | Missing: 20 | StateHash: 0x928CAA42
[HEARTBEAT] SimTick: 23123 | NetHead: 23122 | Confirmed: 23103 | Missing: 20 | StateHash: 0x6CAAE5FE
[HEARTBEAT] SimTick: 23183 | NetHead: 23182 | Confirmed: 23163 | Missing: 20 | StateHash: 0x15F31AEA
[HEARTBEAT] SimTick: 23243 | NetHead: 23242 | Confirmed: 23223 | Missing: 20 | StateHash: 0x67E580B6
[HEARTBEAT] SimTick: 23303 | NetHead: 23302 | Confirmed: 23283 | Missing: 20 | StateHash: 0x3F86095A
[HEARTBEAT] SimTick: 23363 | NetHead: 23362 | Confirmed: 23343 | Missing: 20 | StateHash: 0xD460C0C6
[HEARTBEAT] SimTick: 23423 | NetHead: 23422 | Confirmed: 23403 | Missing: 20 | StateHash: 0x8D656142
[HEARTBEAT] SimTick: 23484 | NetHead: 23483 | Confirmed: 23464 | Missing: 20 | StateHash: 0xED5255DE
[HEARTBEAT] SimTick: 23544 | NetHead: 23543 | Confirmed: 23524 | Missing: 20 | StateHash: 0x21B402EA
[HEARTBEAT] SimTick: 23604 | NetHead: 23603 | Confirmed: 23584 | Missing: 20 | StateHash: 0xEFDAC256
[HEARTBEAT] SimTick: 23664 | NetHead: 23663 | Confirmed: 23644 | Missing: 20 | StateHash: 0x19F7DF52
[HEARTBEAT] SimTick: 23724 | NetHead: 23723 | Confirmed: 23704 | Missing: 20 | StateHash: 0xD5F7084E
[HEARTBEAT] SimTick: 23784 | NetHead: 23783 | Confirmed: 23764 | Missing: 20 | StateHash: 0x0A14F18A
[HEARTBEAT] SimTick: 23844 | NetHead: 23843 | Confirmed: 23824 | Missing: 20 | StateHash: 0x31A900B6
[HEARTBEAT] SimTick: 23904 | NetHead: 23903 | Confirmed: 23884 | Missing: 20 | StateHash: 0xBD7B5E1A
[HEARTBEAT] SimTick: 23964 | NetHead: 23963 | Confirmed: 23944 | Missing: 20 | StateHash: 0x0B3A0A26
[HEARTBEAT] SimTick: 24024 | NetHead: 24023 | Confirmed: 24004 | Missing: 20 | StateHash: 0xC9D02DBA
[HEARTBEAT] SimTick: 24084 | NetHead: 24083 | Confirmed: 24064 | Missing: 20 | StateHash: 0xAF5C0DE6
[HEARTBEAT] SimTick: 24144 | NetHead: 24143 | Confirmed: 24124 | Missing: 20 | StateHash: 0x4F081DEA
[HEARTBEAT] SimTick: 24205 | NetHead: 24204 | Confirmed: 24185 | Missing: 20 | StateHash: 0x5AD41796
[HEARTBEAT] SimTick: 24265 | NetHead: 24264 | Confirmed: 24245 | Missing: 20 | StateHash: 0xB0BF4722
[HEARTBEAT] SimTick: 24325 | NetHead: 24324 | Confirmed: 24305 | Missing: 20 | StateHash: 0x29DEA39E
[HEARTBEAT] SimTick: 24385 | NetHead: 24384 | Confirmed: 24365 | Missing: 20 | StateHash: 0x570B736A
[HEARTBEAT] SimTick: 24445 | NetHead: 24444 | Confirmed: 24425 | Missing: 20 | StateHash: 0xF2980AB6
[HEARTBEAT] SimTick: 24505 | NetHead: 24504 | Confirmed: 24485 | Missing: 20 | StateHash: 0x45946022
[HEARTBEAT] SimTick: 24565 | NetHead: 24564 | Confirmed: 24545 | Missing: 20 | StateHash: 0x085A3AFE
[HEARTBEAT] SimTick: 24625 | NetHead: 24624 | Confirmed: 24605 | Missing: 20 | StateHash: 0x24B9A0F2
[HEARTBEAT] SimTick: 24685 | NetHead: 24684 | Confirmed: 24665 | Missing: 20 | StateHash: 0x346A906E
[HEARTBEAT] SimTick: 24745 | NetHead: 24744 | Confirmed: 24725 | Missing: 20 | StateHash: 0xF9EF1072
[HEARTBEAT] SimTick: 24805 | NetHead: 24804 | Confirmed: 24785 | Missing: 20 | StateHash: 0xF428A4EE
[HEARTBEAT] SimTick: 24865 | NetHead: 24864 | Confirmed: 24845 | Missing: 20 | StateHash: 0xAC01B74A
[HEARTBEAT] SimTick: 24925 | NetHead: 24924 | Confirmed: 24905 | Missing: 20 | StateHash: 0xCB32F156
[HEARTBEAT] SimTick: 24985 | NetHead: 24984 | Confirmed: 24965 | Missing: 20 | StateHash: 0x5DA91A42
[HEARTBEAT] SimTick: 25046 | NetHead: 25045 | Confirmed: 25026 | Missing: 20 | StateHash: 0x86A2F4BE
[HEARTBEAT] SimTick: 25106 | NetHead: 25105 | Confirmed: 25086 | Missing: 20 | StateHash: 0x8DF5119A
[HEARTBEAT] SimTick: 25166 | NetHead: 25165 | Confirmed: 25146 | Missing: 20 | StateHash: 0x42CF1686
[HEARTBEAT] SimTick: 25226 | NetHead: 25225 | Confirmed: 25206 | Missing: 20 | StateHash: 0xBADB8DF2
[HEARTBEAT] SimTick: 25286 | NetHead: 25285 | Confirmed: 25266 | Missing: 20 | StateHash: 0xD9B7152E
[HEARTBEAT] SimTick: 25346 | NetHead: 25345 | Confirmed: 25326 | Missing: 20 | StateHash: 0x42660C02
[HEARTBEAT] SimTick: 25406 | NetHead: 25405 | Confirmed: 25386 | Missing: 20 | StateHash: 0xA01C941E
[HEARTBEAT] SimTick: 25466 | NetHead: 25465 | Confirmed: 25446 | Missing: 20 | StateHash: 0xCBDE84F2
[HEARTBEAT] SimTick: 25526 | NetHead: 25525 | Confirmed: 25506 | Missing: 20 | StateHash: 0xC7766DAE
[HEARTBEAT] SimTick: 25586 | NetHead: 25585 | Confirmed: 25566 | Missing: 20 | StateHash: 0x363356FA
[HEARTBEAT] SimTick: 25646 | NetHead: 25645 | Confirmed: 25626 | Missing: 20 | StateHash: 0x362D3AC6
[HEARTBEAT] SimTick: 25706 | NetHead: 25705 | Confirmed: 25686 | Missing: 20 | StateHash: 0xA3963FCA
[HEARTBEAT] SimTick: 25766 | NetHead: 25765 | Confirmed: 25746 | Missing: 20 | StateHash: 0x8BEE11F6
[HEARTBEAT] SimTick: 25826 | NetHead: 25825 | Confirmed: 25806 | Missing: 20 | StateHash: 0x7D08339A
[HEARTBEAT] SimTick: 25886 | NetHead: 25885 | Confirmed: 25866 | Missing: 20 | StateHash: 0x71E3B5C6
[HEARTBEAT] SimTick: 25947 | NetHead: 25946 | Confirmed: 25927 | Missing: 20 | StateHash: 0xF97EE042
[HEARTBEAT] SimTick: 26007 | NetHead: 26006 | Confirmed: 25987 | Missing: 20 | StateHash: 0x50178F1E
[HEARTBEAT] SimTick: 26067 | NetHead: 26066 | Confirmed: 26047 | Missing: 20 | StateHash: 0x50574262
[HEARTBEAT] SimTick: 26127 | NetHead: 26126 | Confirmed: 26107 | Missing: 20 | StateHash: 0x718D035E
[HEARTBEAT] SimTick: 26187 | NetHead: 26186 | Confirmed: 26167 | Missing: 20 | StateHash: 0xBA73D21A
[HEARTBEAT] SimTick: 26247 | NetHead: 26246 | Confirmed: 26227 | Missing: 20 | StateHash: 0xF3CF5126
[HEARTBEAT] SimTick: 26307 | NetHead: 26306 | Confirmed: 26287 | Missing: 20 | StateHash: 0xD986DE12
[HEARTBEAT] SimTick: 26367 | NetHead: 26366 | Confirmed: 26347 | Missing: 20 | StateHash: 0xAB3BB52E
[HEARTBEAT] SimTick: 26427 | NetHead: 26426 | Confirmed: 26407 | Missing: 20 | StateHash: 0xF4E77642
[HEARTBEAT] SimTick: 26487 | NetHead: 26486 | Confirmed: 26467 | Missing: 20 | StateHash: 0xEF23721E
[HEARTBEAT] SimTick: 26547 | NetHead: 26546 | Confirmed: 26527 | Missing: 20 | StateHash: 0x6B87188A
[HEARTBEAT] SimTick: 26607 | NetHead: 26606 | Confirmed: 26587 | Missing: 20 | StateHash: 0x8AC75FF6
[HEARTBEAT] SimTick: 26668 | NetHead: 26667 | Confirmed: 26648 | Missing: 20 | StateHash: 0xCF0BAC1A
[HEARTBEAT] SimTick: 26728 | NetHead: 26727 | Confirmed: 26708 | Missing: 20 | StateHash: 0x605A86C6
[HEARTBEAT] SimTick: 26788 | NetHead: 26787 | Confirmed: 26768 | Missing: 20 | StateHash: 0x447175C2
[HEARTBEAT] SimTick: 26848 | NetHead: 26847 | Confirmed: 26828 | Missing: 20 | StateHash: 0xBBA1EB7E
[HEARTBEAT] SimTick: 26908 | NetHead: 26907 | Confirmed: 26888 | Missing: 20 | StateHash: 0xD8538672
[HEARTBEAT] SimTick: 26968 | NetHead: 26967 | Confirmed: 26948 | Missing: 20 | StateHash: 0xA98D80CE
[HEARTBEAT] SimTick: 27028 | NetHead: 27027 | Confirmed: 27008 | Missing: 20 | StateHash: 0xE1776CDA
[HEARTBEAT] SimTick: 27088 | NetHead: 27087 | Confirmed: 27068 | Missing: 20 | StateHash: 0xE7D3A9E6
[HEARTBEAT] SimTick: 27148 | NetHead: 27147 | Confirmed: 27128 | Missing: 20 | StateHash: 0x9C1E6FB2
[HEARTBEAT] SimTick: 27208 | NetHead: 27207 | Confirmed: 27188 | Missing: 20 | StateHash: 0xFD5AD56E
[HEARTBEAT] SimTick: 27268 | NetHead: 27267 | Confirmed: 27248 | Missing: 20 | StateHash: 0xD6F834C2
[HEARTBEAT] SimTick: 27328 | NetHead: 27327 | Confirmed: 27308 | Missing: 20 | StateHash: 0x02411B9E
[HEARTBEAT] SimTick: 27388 | NetHead: 27387 | Confirmed: 27368 | Missing: 20 | StateHash: 0x7E142E7A
[HEARTBEAT] SimTick: 27448 | NetHead: 27447 | Confirmed: 27428 | Missing: 20 | StateHash: 0xD2C479A6
[HEARTBEAT] SimTick: 27508 | NetHead: 27507 | Confirmed: 27488 | Missing: 20 | StateHash: 0x25C60F8A
[HEARTBEAT] SimTick: 27568 | NetHead: 27567 | Confirmed: 27548 | Missing: 20 | StateHash: 0xD33EAAD6
[HEARTBEAT] SimTick: 27629 | NetHead: 27628 | Confirmed: 27609 | Missing: 20 | StateHash: 0x0235059A
[HEARTBEAT] SimTick: 27689 | NetHead: 27688 | Confirmed: 27669 | Missing: 20 | StateHash: 0xFBA4CBA6
[HEARTBEAT] SimTick: 27749 | NetHead: 27748 | Confirmed: 27729 | Missing: 20 | StateHash: 0xC0FA16FA
[HEARTBEAT] SimTick: 27809 | NetHead: 27808 | Confirmed: 27789 | Missing: 20 | StateHash: 0x0F601E26
[HEARTBEAT] SimTick: 27869 | NetHead: 27868 | Confirmed: 27849 | Missing: 20 | StateHash: 0x3465A232
[HEARTBEAT] SimTick: 27929 | NetHead: 27928 | Confirmed: 27909 | Missing: 20 | StateHash: 0x92FD06EE
[HEARTBEAT] SimTick: 27989 | NetHead: 27988 | Confirmed: 27969 | Missing: 20 | StateHash: 0xBEF88CB2
[HEARTBEAT] SimTick: 28049 | NetHead: 28048 | Confirmed: 28029 | Missing: 20 | StateHash: 0x9380574E
[HEARTBEAT] SimTick: 28109 | NetHead: 28108 | Confirmed: 28089 | Missing: 20 | StateHash: 0x5766FE12
[HEARTBEAT] SimTick: 28169 | NetHead: 28168 | Confirmed: 28149 | Missing: 20 | StateHash: 0x4AE0D92E
[HEARTBEAT] SimTick: 28229 | NetHead: 28228 | Confirmed: 28209 | Missing: 20 | StateHash: 0x906A998A
[HEARTBEAT] SimTick: 28289 | NetHead: 28288 | Confirmed: 28269 | Missing: 20 | StateHash: 0x68664FB6
[HEARTBEAT] SimTick: 28349 | NetHead: 28348 | Confirmed: 28329 | Missing: 20 | StateHash: 0x01F2700A
[HEARTBEAT] SimTick: 28409 | NetHead: 28408 | Confirmed: 28389 | Missing: 20 | StateHash: 0xC82681D6
[HEARTBEAT] SimTick: 28469 | NetHead: 28468 | Confirmed: 28449 | Missing: 20 | StateHash: 0x994AC0CA
[HEARTBEAT] SimTick: 28529 | NetHead: 28528 | Confirmed: 28509 | Missing: 20 | StateHash: 0x6A671A96
[HEARTBEAT] SimTick: 28589 | NetHead: 28588 | Confirmed: 28569 | Missing: 20 | StateHash: 0xD94D2A52
[HEARTBEAT] SimTick: 28627 | NetHead: 28626 | Confirmed: 28599 | Missing: 28 | StateHash: 0x663E9679
[HEARTBEAT] SimTick: 28689 | NetHead: 28688 | Confirmed: 28671 | Missing: 18 | StateHash: 0x712BC2E0
[HEARTBEAT] SimTick: 28749 | NetHead: 28748 | Confirmed: 28729 | Missing: 20 | StateHash: 0x7ECCB4C0
[HEARTBEAT] SimTick: 28809 | NetHead: 28808 | Confirmed: 28789 | Missing: 20 | StateHash: 0xD19954D0
[HEARTBEAT] SimTick: 28869 | NetHead: 28868 | Confirmed: 28849 | Missing: 20 | StateHash: 0x5E38ED60
[HEARTBEAT] SimTick: 28929 | NetHead: 28928 | Confirmed: 28909 | Missing: 20 | StateHash: 0xAA26B118
[HEARTBEAT] SimTick: 28989 | NetHead: 28988 | Confirmed: 28969 | Missing: 20 | StateHash: 0x72190E10
[HEARTBEAT] SimTick: 29049 | NetHead: 29048 | Confirmed: 29029 | Missing: 20 | StateHash: 0xB66A90A8
[HEARTBEAT] SimTick: 29109 | NetHead: 29108 | Confirmed: 29089 | Missing: 20 | StateHash: 0x5805DC88
[HEARTBEAT] SimTick: 29169 | NetHead: 29168 | Confirmed: 29149 | Missing: 20 | StateHash: 0xAFAC9A10
[HEARTBEAT] SimTick: 29229 | NetHead: 29228 | Confirmed: 29209 | Missing: 20 | StateHash: 0xC704C9E8
[HEARTBEAT] SimTick: 29289 | NetHead: 29288 | Confirmed: 29269 | Missing: 20 | StateHash: 0xF41D3418
[HEARTBEAT] SimTick: 29349 | NetHead: 29348 | Confirmed: 29330 | Missing: 19 | StateHash: 0x67C3E6C8
[HEARTBEAT] SimTick: 29410 | NetHead: 29409 | Confirmed: 29390 | Missing: 20 | StateHash: 0x163D3658
[HEARTBEAT] SimTick: 29470 | NetHead: 29469 | Confirmed: 29450 | Missing: 20 | StateHash: 0xB3A62428
[HEARTBEAT] SimTick: 29530 | NetHead: 29529 | Confirmed: 29510 | Missing: 20 | StateHash: 0x7BA8CAC8
[HEARTBEAT] SimTick: 29590 | NetHead: 29589 | Confirmed: 29570 | Missing: 20 | StateHash: 0x07CEE200
[HEARTBEAT] SimTick: 29650 | NetHead: 29649 | Confirmed: 29630 | Missing: 20 | StateHash: 0x30A5F600
[HEARTBEAT] SimTick: 29710 | NetHead: 29709 | Confirmed: 29690 | Missing: 20 | StateHash: 0xB68F24F8
[HEARTBEAT] SimTick: 29770 | NetHead: 29769 | Confirmed: 29750 | Missing: 20 | StateHash: 0x594E0490
[HEARTBEAT] SimTick: 29830 | NetHead: 29829 | Confirmed: 29810 | Missing: 20 | StateHash: 0x80543BF0
[HEARTBEAT] SimTick: 29890 | NetHead: 29889 | Confirmed: 29870 | Missing: 20 | StateHash: 0x1D05F900
[HEARTBEAT] SimTick: 29950 | NetHead: 29949 | Confirmed: 29930 | Missing: 20 | StateHash: 0xCF0D7018
[HEARTBEAT] SimTick: 30010 | NetHead: 30009 | Confirmed: 29990 | Missing: 20 | StateHash: 0xA13665A0
[HEARTBEAT] SimTick: 30070 | NetHead: 30069 | Confirmed: 30050 | Missing: 20 | StateHash: 0xBD7BDA00
[HEARTBEAT] SimTick: 30131 | NetHead: 30130 | Confirmed: 30111 | Missing: 20 | StateHash: 0x69A4E1D0
[HEARTBEAT] SimTick: 30191 | NetHead: 30190 | Confirmed: 30171 | Missing: 20 | StateHash: 0x44043F08
[HEARTBEAT] SimTick: 30251 | NetHead: 30250 | Confirmed: 30231 | Missing: 20 | StateHash: 0x0AF3E598
[HEARTBEAT] SimTick: 30311 | NetHead: 30310 | Confirmed: 30291 | Missing: 20 | StateHash: 0x2FBDDEE8
[HEARTBEAT] SimTick: 30371 | NetHead: 30370 | Confirmed: 30351 | Missing: 20 | StateHash: 0x9A6FEEC8
luajit: main.lua:127: interrupted!
stack traceback:
	main.lua:127: in main chunk
	[C]: at 0x556840212e00
