========================================
 WEAVER ENGINE: 8-NODE DEEP HISTORY 
========================================
Enter Node ID (0-7): 
> [SYSTEM] Node 5 bound to :50005. Meshing topology...
[SYSTEM] Topology Locked. Entering FSM loop.
[HEARTBEAT] SimTick: 61 | NetHead: 60 | Confirmed: 47 | Missing: 14 | StateHash: 0xA1C59119
[HEARTBEAT] SimTick: 121 | NetHead: 120 | Confirmed: 107 | Missing: 14 | StateHash: 0x4348D945
[HEARTBEAT] SimTick: 181 | NetHead: 180 | Confirmed: 167 | Missing: 14 | StateHash: 0x08A4DFC9
[HEARTBEAT] SimTick: 241 | NetHead: 240 | Confirmed: 227 | Missing: 14 | StateHash: 0x65BB6F25
[HEARTBEAT] SimTick: 301 | NetHead: 300 | Confirmed: 287 | Missing: 14 | StateHash: 0x20F8E321
[HEARTBEAT] SimTick: 361 | NetHead: 360 | Confirmed: 347 | Missing: 14 | StateHash: 0x7D08F545
[HEARTBEAT] SimTick: 421 | NetHead: 420 | Confirmed: 407 | Missing: 14 | StateHash: 0xA352F6B9
[HEARTBEAT] SimTick: 481 | NetHead: 480 | Confirmed: 467 | Missing: 14 | StateHash: 0xCA48CF55
[HEARTBEAT] SimTick: 541 | NetHead: 540 | Confirmed: 527 | Missing: 14 | StateHash: 0x3E1B4F41
[HEARTBEAT] SimTick: 601 | NetHead: 600 | Confirmed: 587 | Missing: 14 | StateHash: 0xC453ED45
[HEARTBEAT] SimTick: 661 | NetHead: 660 | Confirmed: 647 | Missing: 14 | StateHash: 0x46F46B21
[HEARTBEAT] SimTick: 721 | NetHead: 720 | Confirmed: 707 | Missing: 14 | StateHash: 0x01FE1DB5
[HEARTBEAT] SimTick: 781 | NetHead: 780 | Confirmed: 767 | Missing: 14 | StateHash: 0x10107109
[HEARTBEAT] SimTick: 841 | NetHead: 840 | Confirmed: 827 | Missing: 14 | StateHash: 0x2782E245
[HEARTBEAT] SimTick: 902 | NetHead: 901 | Confirmed: 888 | Missing: 14 | StateHash: 0xAA5A4549
[HEARTBEAT] SimTick: 962 | NetHead: 961 | Confirmed: 948 | Missing: 14 | StateHash: 0x148BF155
[HEARTBEAT] SimTick: 1022 | NetHead: 1021 | Confirmed: 1008 | Missing: 14 | StateHash: 0xCE6ADFA1
[HEARTBEAT] SimTick: 1082 | NetHead: 1081 | Confirmed: 1068 | Missing: 14 | StateHash: 0x629B4305
[HEARTBEAT] SimTick: 1142 | NetHead: 1141 | Confirmed: 1128 | Missing: 14 | StateHash: 0xF2DA1D61
[HEARTBEAT] SimTick: 1202 | NetHead: 1201 | Confirmed: 1188 | Missing: 14 | StateHash: 0x9076F3F5
[HEARTBEAT] SimTick: 1262 | NetHead: 1261 | Confirmed: 1248 | Missing: 14 | StateHash: 0xDB274659
[HEARTBEAT] SimTick: 1322 | NetHead: 1321 | Confirmed: 1308 | Missing: 14 | StateHash: 0xCA3B5745
[HEARTBEAT] SimTick: 1382 | NetHead: 1381 | Confirmed: 1368 | Missing: 14 | StateHash: 0x2C9C4BE1
[HEARTBEAT] SimTick: 1442 | NetHead: 1441 | Confirmed: 1428 | Missing: 14 | StateHash: 0x2C764CE5
[HEARTBEAT] SimTick: 1502 | NetHead: 1501 | Confirmed: 1488 | Missing: 14 | StateHash: 0x86257539
[HEARTBEAT] SimTick: 1562 | NetHead: 1561 | Confirmed: 1548 | Missing: 14 | StateHash: 0x76555E45
[HEARTBEAT] SimTick: 1622 | NetHead: 1621 | Confirmed: 1608 | Missing: 14 | StateHash: 0x42514B61
[HEARTBEAT] SimTick: 1682 | NetHead: 1681 | Confirmed: 1668 | Missing: 14 | StateHash: 0x0D1BD335
[HEARTBEAT] SimTick: 1742 | NetHead: 1741 | Confirmed: 1728 | Missing: 14 | StateHash: 0x25B300A1
[HEARTBEAT] SimTick: 1803 | NetHead: 1802 | Confirmed: 1789 | Missing: 14 | StateHash: 0xBAE0E345
[HEARTBEAT] SimTick: 1863 | NetHead: 1862 | Confirmed: 1849 | Missing: 14 | StateHash: 0xDBC62D61
[HEARTBEAT] SimTick: 1923 | NetHead: 1922 | Confirmed: 1909 | Missing: 14 | StateHash: 0x6E6412D5
[HEARTBEAT] SimTick: 1983 | NetHead: 1982 | Confirmed: 1969 | Missing: 14 | StateHash: 0xE2154109
[HEARTBEAT] SimTick: 2043 | NetHead: 2042 | Confirmed: 2029 | Missing: 14 | StateHash: 0x6488D085
[HEARTBEAT] SimTick: 2103 | NetHead: 2102 | Confirmed: 2089 | Missing: 14 | StateHash: 0xBB976821
[HEARTBEAT] SimTick: 2163 | NetHead: 2162 | Confirmed: 2149 | Missing: 14 | StateHash: 0xA1F88725
[HEARTBEAT] SimTick: 2223 | NetHead: 2222 | Confirmed: 2209 | Missing: 14 | StateHash: 0xDD0F80F9
[HEARTBEAT] SimTick: 2283 | NetHead: 2282 | Confirmed: 2269 | Missing: 14 | StateHash: 0xA3BF6585
[HEARTBEAT] SimTick: 2343 | NetHead: 2342 | Confirmed: 2329 | Missing: 14 | StateHash: 0x157FBDE9
[HEARTBEAT] SimTick: 2403 | NetHead: 2402 | Confirmed: 2389 | Missing: 14 | StateHash: 0x06FF5F45
[HEARTBEAT] SimTick: 2463 | NetHead: 2462 | Confirmed: 2449 | Missing: 14 | StateHash: 0x4CA64F81
[HEARTBEAT] SimTick: 2523 | NetHead: 2522 | Confirmed: 2509 | Missing: 14 | StateHash: 0x3E912F85
[HEARTBEAT] SimTick: 2583 | NetHead: 2582 | Confirmed: 2569 | Missing: 14 | StateHash: 0xFFAF05F1
[HEARTBEAT] SimTick: 2643 | NetHead: 2642 | Confirmed: 2629 | Missing: 14 | StateHash: 0x093E7465
[HEARTBEAT] SimTick: 2704 | NetHead: 2703 | Confirmed: 2690 | Missing: 14 | StateHash: 0xC95BE5E1
[HEARTBEAT] SimTick: 2764 | NetHead: 2763 | Confirmed: 2750 | Missing: 14 | StateHash: 0x26BAC605
[HEARTBEAT] SimTick: 2826 | NetHead: 2825 | Confirmed: 2812 | Missing: 14 | StateHash: 0xA705D0A1
[HEARTBEAT] SimTick: 2886 | NetHead: 2885 | Confirmed: 2872 | Missing: 14 | StateHash: 0x2AFBB325
[HEARTBEAT] SimTick: 2946 | NetHead: 2945 | Confirmed: 2932 | Missing: 14 | StateHash: 0x0AC59BC9
[HEARTBEAT] SimTick: 3006 | NetHead: 3005 | Confirmed: 2992 | Missing: 14 | StateHash: 0x414F1545
[HEARTBEAT] SimTick: 3066 | NetHead: 3065 | Confirmed: 3052 | Missing: 14 | StateHash: 0xCBBD9F91
[HEARTBEAT] SimTick: 3126 | NetHead: 3125 | Confirmed: 3112 | Missing: 14 | StateHash: 0xAE016375
[HEARTBEAT] SimTick: 3186 | NetHead: 3185 | Confirmed: 3172 | Missing: 14 | StateHash: 0x61C9D329
[HEARTBEAT] SimTick: 3246 | NetHead: 3245 | Confirmed: 3232 | Missing: 14 | StateHash: 0xCC26F905
[HEARTBEAT] SimTick: 3306 | NetHead: 3305 | Confirmed: 3292 | Missing: 14 | StateHash: 0xFCC22C89
[HEARTBEAT] SimTick: 3366 | NetHead: 3365 | Confirmed: 3352 | Missing: 14 | StateHash: 0x895EF155
[HEARTBEAT] SimTick: 3426 | NetHead: 3425 | Confirmed: 3412 | Missing: 14 | StateHash: 0xF09725A9
[HEARTBEAT] SimTick: 3486 | NetHead: 3485 | Confirmed: 3472 | Missing: 14 | StateHash: 0x4AB95A85
[HEARTBEAT] SimTick: 3546 | NetHead: 3545 | Confirmed: 3532 | Missing: 14 | StateHash: 0x41664559
[HEARTBEAT] SimTick: 3606 | NetHead: 3605 | Confirmed: 3592 | Missing: 14 | StateHash: 0xF7F98015
[HEARTBEAT] SimTick: 3667 | NetHead: 3666 | Confirmed: 3653 | Missing: 14 | StateHash: 0x2EFFE2A9
[HEARTBEAT] SimTick: 3727 | NetHead: 3726 | Confirmed: 3713 | Missing: 14 | StateHash: 0x7D595285
[HEARTBEAT] SimTick: 3787 | NetHead: 3786 | Confirmed: 3773 | Missing: 14 | StateHash: 0x0DDF7571
[HEARTBEAT] SimTick: 3847 | NetHead: 3846 | Confirmed: 3833 | Missing: 14 | StateHash: 0x242EC745
[HEARTBEAT] SimTick: 3907 | NetHead: 3906 | Confirmed: 3893 | Missing: 14 | StateHash: 0x8CE290A1
[HEARTBEAT] SimTick: 3967 | NetHead: 3966 | Confirmed: 3953 | Missing: 14 | StateHash: 0xC7B49B05
[HEARTBEAT] SimTick: 4027 | NetHead: 4026 | Confirmed: 4013 | Missing: 14 | StateHash: 0x4F4AF929
[HEARTBEAT] SimTick: 4087 | NetHead: 4086 | Confirmed: 4073 | Missing: 14 | StateHash: 0xDB1D5295
[HEARTBEAT] SimTick: 4147 | NetHead: 4146 | Confirmed: 4133 | Missing: 14 | StateHash: 0x79DEFA89
[HEARTBEAT] SimTick: 4207 | NetHead: 4206 | Confirmed: 4193 | Missing: 14 | StateHash: 0x6A8C2345
[HEARTBEAT] SimTick: 4267 | NetHead: 4266 | Confirmed: 4253 | Missing: 14 | StateHash: 0x8BAC1761
[HEARTBEAT] SimTick: 4327 | NetHead: 4326 | Confirmed: 4313 | Missing: 14 | StateHash: 0xC672B1E5
[HEARTBEAT] SimTick: 4387 | NetHead: 4386 | Confirmed: 4373 | Missing: 14 | StateHash: 0xA20DB5D9
[HEARTBEAT] SimTick: 4447 | NetHead: 4446 | Confirmed: 4433 | Missing: 14 | StateHash: 0xB6089D05
[HEARTBEAT] SimTick: 4507 | NetHead: 4506 | Confirmed: 4493 | Missing: 14 | StateHash: 0x3BC86BB9
[HEARTBEAT] SimTick: 4567 | NetHead: 4566 | Confirmed: 4553 | Missing: 14 | StateHash: 0x8D7A9525
[HEARTBEAT] SimTick: 4627 | NetHead: 4626 | Confirmed: 4613 | Missing: 14 | StateHash: 0x79E6C139
[HEARTBEAT] SimTick: 4687 | NetHead: 4686 | Confirmed: 4673 | Missing: 14 | StateHash: 0x92E5D345
[HEARTBEAT] SimTick: 4748 | NetHead: 4747 | Confirmed: 4734 | Missing: 14 | StateHash: 0x2F3678DE
[HEARTBEAT] SimTick: 4808 | NetHead: 4807 | Confirmed: 4794 | Missing: 14 | StateHash: 0x8291C7F5
[HEARTBEAT] SimTick: 4868 | NetHead: 4867 | Confirmed: 4854 | Missing: 14 | StateHash: 0x0B6AD79E
[HEARTBEAT] SimTick: 4928 | NetHead: 4927 | Confirmed: 4914 | Missing: 14 | StateHash: 0x571D9285
[HEARTBEAT] SimTick: 4988 | NetHead: 4987 | Confirmed: 4974 | Missing: 14 | StateHash: 0x2372E726
[HEARTBEAT] SimTick: 5048 | NetHead: 5047 | Confirmed: 5034 | Missing: 14 | StateHash: 0xE14EF185
[HEARTBEAT] SimTick: 5108 | NetHead: 5107 | Confirmed: 5094 | Missing: 14 | StateHash: 0x5EF66386
[HEARTBEAT] SimTick: 5168 | NetHead: 5167 | Confirmed: 5154 | Missing: 14 | StateHash: 0x96CD7885
[HEARTBEAT] SimTick: 5228 | NetHead: 5227 | Confirmed: 5214 | Missing: 14 | StateHash: 0x552B4466
[HEARTBEAT] SimTick: 5288 | NetHead: 5287 | Confirmed: 5274 | Missing: 14 | StateHash: 0x05816785
[HEARTBEAT] SimTick: 5348 | NetHead: 5347 | Confirmed: 5334 | Missing: 14 | StateHash: 0x5BD644B6
[HEARTBEAT] SimTick: 5408 | NetHead: 5407 | Confirmed: 5394 | Missing: 14 | StateHash: 0x73F55245
[HEARTBEAT] SimTick: 5468 | NetHead: 5467 | Confirmed: 5454 | Missing: 14 | StateHash: 0x961221CE
[HEARTBEAT] SimTick: 5528 | NetHead: 5527 | Confirmed: 5514 | Missing: 14 | StateHash: 0x03814815
[HEARTBEAT] SimTick: 5588 | NetHead: 5587 | Confirmed: 5574 | Missing: 14 | StateHash: 0xE8453A1E
[HEARTBEAT] SimTick: 5648 | NetHead: 5647 | Confirmed: 5634 | Missing: 14 | StateHash: 0x7336CF45
[HEARTBEAT] SimTick: 5708 | NetHead: 5707 | Confirmed: 5694 | Missing: 14 | StateHash: 0xF95B9E8E
[HEARTBEAT] SimTick: 5769 | NetHead: 5768 | Confirmed: 5755 | Missing: 14 | StateHash: 0x68C1E295
[HEARTBEAT] SimTick: 5829 | NetHead: 5828 | Confirmed: 5815 | Missing: 14 | StateHash: 0x6A1558DE
[HEARTBEAT] SimTick: 5889 | NetHead: 5888 | Confirmed: 5875 | Missing: 14 | StateHash: 0xE7178745
[HEARTBEAT] SimTick: 5949 | NetHead: 5948 | Confirmed: 5935 | Missing: 14 | StateHash: 0x6BE95B66
[HEARTBEAT] SimTick: 6009 | NetHead: 6008 | Confirmed: 5995 | Missing: 14 | StateHash: 0xE52B46A5
[HEARTBEAT] SimTick: 6069 | NetHead: 6068 | Confirmed: 6055 | Missing: 14 | StateHash: 0x27538686
[HEARTBEAT] SimTick: 6129 | NetHead: 6128 | Confirmed: 6115 | Missing: 14 | StateHash: 0x66A66E05
[HEARTBEAT] SimTick: 6189 | NetHead: 6188 | Confirmed: 6175 | Missing: 14 | StateHash: 0x294B7546
[HEARTBEAT] SimTick: 6249 | NetHead: 6248 | Confirmed: 6235 | Missing: 14 | StateHash: 0x7AE66065
[HEARTBEAT] SimTick: 6309 | NetHead: 6308 | Confirmed: 6295 | Missing: 14 | StateHash: 0x5E55D1AE
[HEARTBEAT] SimTick: 6369 | NetHead: 6368 | Confirmed: 6355 | Missing: 14 | StateHash: 0x4122E185
[HEARTBEAT] SimTick: 6429 | NetHead: 6428 | Confirmed: 6415 | Missing: 14 | StateHash: 0x7809778E
[HEARTBEAT] SimTick: 6489 | NetHead: 6488 | Confirmed: 6475 | Missing: 14 | StateHash: 0x33FE1C25
[HEARTBEAT] SimTick: 6549 | NetHead: 6548 | Confirmed: 6535 | Missing: 14 | StateHash: 0x60A7A8EE
[HEARTBEAT] SimTick: 6609 | NetHead: 6608 | Confirmed: 6595 | Missing: 14 | StateHash: 0x577291C5
[HEARTBEAT] SimTick: 6669 | NetHead: 6668 | Confirmed: 6655 | Missing: 14 | StateHash: 0xFA8F109E
[HEARTBEAT] SimTick: 6730 | NetHead: 6729 | Confirmed: 6716 | Missing: 14 | StateHash: 0xA8A41A05
[HEARTBEAT] SimTick: 6790 | NetHead: 6789 | Confirmed: 6776 | Missing: 14 | StateHash: 0x1351381E
[HEARTBEAT] SimTick: 6850 | NetHead: 6849 | Confirmed: 6836 | Missing: 14 | StateHash: 0xAFCFCB05
[HEARTBEAT] SimTick: 6910 | NetHead: 6909 | Confirmed: 6896 | Missing: 14 | StateHash: 0x9B852A46
[HEARTBEAT] SimTick: 6970 | NetHead: 6969 | Confirmed: 6956 | Missing: 14 | StateHash: 0xAF7A2F35
[HEARTBEAT] SimTick: 7030 | NetHead: 7029 | Confirmed: 7016 | Missing: 14 | StateHash: 0x4BB62A3E
[HEARTBEAT] SimTick: 7090 | NetHead: 7089 | Confirmed: 7076 | Missing: 14 | StateHash: 0xCE8C1545
[HEARTBEAT] SimTick: 7150 | NetHead: 7149 | Confirmed: 7136 | Missing: 14 | StateHash: 0xCD30BFAE
[HEARTBEAT] SimTick: 7210 | NetHead: 7209 | Confirmed: 7196 | Missing: 14 | StateHash: 0x3B32C3F5
[HEARTBEAT] SimTick: 7270 | NetHead: 7269 | Confirmed: 7256 | Missing: 14 | StateHash: 0x976FDF1E
[HEARTBEAT] SimTick: 7330 | NetHead: 7329 | Confirmed: 7316 | Missing: 14 | StateHash: 0x3C0A1A85
[HEARTBEAT] SimTick: 7390 | NetHead: 7389 | Confirmed: 7376 | Missing: 14 | StateHash: 0x333E36AE
[HEARTBEAT] SimTick: 7450 | NetHead: 7449 | Confirmed: 7436 | Missing: 14 | StateHash: 0x44329975
[HEARTBEAT] SimTick: 7510 | NetHead: 7509 | Confirmed: 7496 | Missing: 14 | StateHash: 0xFD616C86
[HEARTBEAT] SimTick: 7570 | NetHead: 7569 | Confirmed: 7556 | Missing: 14 | StateHash: 0x48AF3745
[HEARTBEAT] SimTick: 7630 | NetHead: 7629 | Confirmed: 7616 | Missing: 14 | StateHash: 0x828A6C16
[HEARTBEAT] SimTick: 7690 | NetHead: 7689 | Confirmed: 7676 | Missing: 14 | StateHash: 0xA1912AB5
[HEARTBEAT] SimTick: 7751 | NetHead: 7750 | Confirmed: 7737 | Missing: 14 | StateHash: 0xFDB07BEE
[HEARTBEAT] SimTick: 7811 | NetHead: 7810 | Confirmed: 7797 | Missing: 14 | StateHash: 0xDDFC4921
[HEARTBEAT] SimTick: 7871 | NetHead: 7870 | Confirmed: 7857 | Missing: 14 | StateHash: 0x457259CE
[HEARTBEAT] SimTick: 7931 | NetHead: 7930 | Confirmed: 7917 | Missing: 14 | StateHash: 0x22C6ABE1
[HEARTBEAT] SimTick: 7991 | NetHead: 7990 | Confirmed: 7977 | Missing: 14 | StateHash: 0xF5BF7D4E
[HEARTBEAT] SimTick: 8051 | NetHead: 8050 | Confirmed: 8037 | Missing: 14 | StateHash: 0x32C9C9D1
[HEARTBEAT] SimTick: 8111 | NetHead: 8110 | Confirmed: 8097 | Missing: 14 | StateHash: 0x17CE065E
[HEARTBEAT] SimTick: 8171 | NetHead: 8170 | Confirmed: 8157 | Missing: 14 | StateHash: 0x2F30F099
[HEARTBEAT] SimTick: 8231 | NetHead: 8230 | Confirmed: 8217 | Missing: 14 | StateHash: 0x324A76F6
[HEARTBEAT] SimTick: 8291 | NetHead: 8290 | Confirmed: 8277 | Missing: 14 | StateHash: 0x1D5940F1
[HEARTBEAT] SimTick: 8351 | NetHead: 8350 | Confirmed: 8337 | Missing: 14 | StateHash: 0x6D41988E
[HEARTBEAT] SimTick: 8412 | NetHead: 8411 | Confirmed: 8398 | Missing: 14 | StateHash: 0x459E7521
[HEARTBEAT] SimTick: 8472 | NetHead: 8471 | Confirmed: 8458 | Missing: 14 | StateHash: 0xE337E67E
[HEARTBEAT] SimTick: 8532 | NetHead: 8531 | Confirmed: 8518 | Missing: 14 | StateHash: 0x08A4FFB9
[HEARTBEAT] SimTick: 8592 | NetHead: 8591 | Confirmed: 8578 | Missing: 14 | StateHash: 0xCD0EE056
[HEARTBEAT] SimTick: 8652 | NetHead: 8651 | Confirmed: 8638 | Missing: 14 | StateHash: 0x4946B909
[HEARTBEAT] SimTick: 8712 | NetHead: 8711 | Confirmed: 8698 | Missing: 14 | StateHash: 0x48BE6266
[HEARTBEAT] SimTick: 8772 | NetHead: 8771 | Confirmed: 8758 | Missing: 14 | StateHash: 0x02E9AEB1
[HEARTBEAT] SimTick: 8832 | NetHead: 8831 | Confirmed: 8818 | Missing: 14 | StateHash: 0x805FDFCE
[HEARTBEAT] SimTick: 8892 | NetHead: 8891 | Confirmed: 8878 | Missing: 14 | StateHash: 0xC1CD80F9
[HEARTBEAT] SimTick: 8952 | NetHead: 8951 | Confirmed: 8938 | Missing: 14 | StateHash: 0xD324F926
[HEARTBEAT] SimTick: 9012 | NetHead: 9011 | Confirmed: 8998 | Missing: 14 | StateHash: 0xCF8F6A99
[HEARTBEAT] SimTick: 9072 | NetHead: 9071 | Confirmed: 9058 | Missing: 14 | StateHash: 0x1C2183A6
[HEARTBEAT] SimTick: 9132 | NetHead: 9131 | Confirmed: 9118 | Missing: 14 | StateHash: 0xD9BA1AE1
[HEARTBEAT] SimTick: 9192 | NetHead: 9191 | Confirmed: 9178 | Missing: 14 | StateHash: 0x55E197DE
[HEARTBEAT] SimTick: 9252 | NetHead: 9251 | Confirmed: 9238 | Missing: 14 | StateHash: 0x1832D249
[HEARTBEAT] SimTick: 9312 | NetHead: 9311 | Confirmed: 9298 | Missing: 14 | StateHash: 0xF9147366
[HEARTBEAT] SimTick: 9372 | NetHead: 9371 | Confirmed: 9358 | Missing: 14 | StateHash: 0xA3755029
[HEARTBEAT] SimTick: 9432 | NetHead: 9431 | Confirmed: 9418 | Missing: 14 | StateHash: 0xAA0408A6
[HEARTBEAT] SimTick: 9492 | NetHead: 9491 | Confirmed: 9478 | Missing: 14 | StateHash: 0x213A7D31
[HEARTBEAT] SimTick: 9552 | NetHead: 9551 | Confirmed: 9538 | Missing: 14 | StateHash: 0x7A9AE4AE
[HEARTBEAT] SimTick: 9613 | NetHead: 9612 | Confirmed: 9599 | Missing: 14 | StateHash: 0x85920031
[HEARTBEAT] SimTick: 9673 | NetHead: 9672 | Confirmed: 9659 | Missing: 14 | StateHash: 0x0EF0450E
[HEARTBEAT] SimTick: 9733 | NetHead: 9732 | Confirmed: 9719 | Missing: 14 | StateHash: 0xB9A54749
[HEARTBEAT] SimTick: 9793 | NetHead: 9792 | Confirmed: 9779 | Missing: 14 | StateHash: 0x6BDE8AE6
[HEARTBEAT] SimTick: 9853 | NetHead: 9852 | Confirmed: 9839 | Missing: 14 | StateHash: 0x80F96859
[HEARTBEAT] SimTick: 9913 | NetHead: 9912 | Confirmed: 9899 | Missing: 14 | StateHash: 0x7EF0F916
[HEARTBEAT] SimTick: 9973 | NetHead: 9972 | Confirmed: 9959 | Missing: 14 | StateHash: 0xCB8A97A9
[HEARTBEAT] SimTick: 10033 | NetHead: 10032 | Confirmed: 10019 | Missing: 14 | StateHash: 0x78A852C6
[HEARTBEAT] SimTick: 10093 | NetHead: 10092 | Confirmed: 10079 | Missing: 14 | StateHash: 0xC39CB429
[HEARTBEAT] SimTick: 10153 | NetHead: 10152 | Confirmed: 10139 | Missing: 14 | StateHash: 0xDEB3DBA6
[HEARTBEAT] SimTick: 10213 | NetHead: 10212 | Confirmed: 10199 | Missing: 14 | StateHash: 0x7EF0BCC9
[HEARTBEAT] SimTick: 10273 | NetHead: 10272 | Confirmed: 10259 | Missing: 14 | StateHash: 0xE87CCFA6
[HEARTBEAT] SimTick: 10333 | NetHead: 10332 | Confirmed: 10319 | Missing: 14 | StateHash: 0x525E7429
[HEARTBEAT] SimTick: 10393 | NetHead: 10392 | Confirmed: 10379 | Missing: 14 | StateHash: 0x79608A86
[HEARTBEAT] SimTick: 10453 | NetHead: 10452 | Confirmed: 10439 | Missing: 14 | StateHash: 0x1747A4F1
[HEARTBEAT] SimTick: 10514 | NetHead: 10513 | Confirmed: 10500 | Missing: 14 | StateHash: 0x73EB6F8E
[HEARTBEAT] SimTick: 10574 | NetHead: 10573 | Confirmed: 10560 | Missing: 14 | StateHash: 0xA6A948A1
[HEARTBEAT] SimTick: 10634 | NetHead: 10633 | Confirmed: 10620 | Missing: 14 | StateHash: 0x2E4F921E
[HEARTBEAT] SimTick: 10694 | NetHead: 10693 | Confirmed: 10680 | Missing: 14 | StateHash: 0x7CA105B1
[HEARTBEAT] SimTick: 10754 | NetHead: 10753 | Confirmed: 10740 | Missing: 14 | StateHash: 0x475DE04E
[HEARTBEAT] SimTick: 10814 | NetHead: 10813 | Confirmed: 10800 | Missing: 14 | StateHash: 0x9237C989
[HEARTBEAT] SimTick: 10874 | NetHead: 10873 | Confirmed: 10860 | Missing: 14 | StateHash: 0xE4220FD6
[HEARTBEAT] SimTick: 10934 | NetHead: 10933 | Confirmed: 10920 | Missing: 14 | StateHash: 0x32D32561
[HEARTBEAT] SimTick: 10994 | NetHead: 10993 | Confirmed: 10980 | Missing: 14 | StateHash: 0xCF9ECCCE
[HEARTBEAT] SimTick: 11054 | NetHead: 11053 | Confirmed: 11040 | Missing: 14 | StateHash: 0x5D861D19
[HEARTBEAT] SimTick: 11114 | NetHead: 11113 | Confirmed: 11100 | Missing: 14 | StateHash: 0xF4C487B6
[HEARTBEAT] SimTick: 11174 | NetHead: 11173 | Confirmed: 11160 | Missing: 14 | StateHash: 0xD8D30DE1
[HEARTBEAT] SimTick: 11234 | NetHead: 11233 | Confirmed: 11220 | Missing: 14 | StateHash: 0x59E5067E
[HEARTBEAT] SimTick: 11294 | NetHead: 11293 | Confirmed: 11280 | Missing: 14 | StateHash: 0x47D906E9
[HEARTBEAT] SimTick: 11355 | NetHead: 11354 | Confirmed: 11341 | Missing: 14 | StateHash: 0x68AFBD56
[HEARTBEAT] SimTick: 11415 | NetHead: 11414 | Confirmed: 11401 | Missing: 14 | StateHash: 0xF4AF9901
[HEARTBEAT] SimTick: 11475 | NetHead: 11474 | Confirmed: 11461 | Missing: 14 | StateHash: 0xDFE8E02E
[HEARTBEAT] SimTick: 11535 | NetHead: 11534 | Confirmed: 11521 | Missing: 14 | StateHash: 0x357B4969
[HEARTBEAT] SimTick: 11595 | NetHead: 11594 | Confirmed: 11581 | Missing: 14 | StateHash: 0x1E5A3B66
[HEARTBEAT] SimTick: 11655 | NetHead: 11654 | Confirmed: 11641 | Missing: 14 | StateHash: 0x0715FA09
[HEARTBEAT] SimTick: 11715 | NetHead: 11714 | Confirmed: 11701 | Missing: 14 | StateHash: 0x0A57DE86
[HEARTBEAT] SimTick: 11775 | NetHead: 11774 | Confirmed: 11761 | Missing: 14 | StateHash: 0x4A3A6A79
[HEARTBEAT] SimTick: 11835 | NetHead: 11834 | Confirmed: 11821 | Missing: 14 | StateHash: 0xCC791B56
[HEARTBEAT] SimTick: 11895 | NetHead: 11894 | Confirmed: 11881 | Missing: 14 | StateHash: 0x44F08C09
[HEARTBEAT] SimTick: 11955 | NetHead: 11954 | Confirmed: 11941 | Missing: 14 | StateHash: 0xC741F306
[HEARTBEAT] SimTick: 12015 | NetHead: 12014 | Confirmed: 12001 | Missing: 14 | StateHash: 0x38CF7149
[HEARTBEAT] SimTick: 12075 | NetHead: 12074 | Confirmed: 12061 | Missing: 14 | StateHash: 0x1DEF7886
[HEARTBEAT] SimTick: 12135 | NetHead: 12134 | Confirmed: 12121 | Missing: 14 | StateHash: 0x16B12499
[HEARTBEAT] SimTick: 12195 | NetHead: 12194 | Confirmed: 12181 | Missing: 14 | StateHash: 0x5971AC96
[HEARTBEAT] SimTick: 12255 | NetHead: 12254 | Confirmed: 12241 | Missing: 14 | StateHash: 0x41337A91
[HEARTBEAT] SimTick: 12315 | NetHead: 12314 | Confirmed: 12301 | Missing: 14 | StateHash: 0x530ECF5E
[HEARTBEAT] SimTick: 12375 | NetHead: 12374 | Confirmed: 12361 | Missing: 14 | StateHash: 0x2B2EABC9
[HEARTBEAT] SimTick: 12435 | NetHead: 12434 | Confirmed: 12421 | Missing: 14 | StateHash: 0x1E686D56
[HEARTBEAT] SimTick: 12496 | NetHead: 12495 | Confirmed: 12482 | Missing: 14 | StateHash: 0x2271CC71
[HEARTBEAT] SimTick: 12556 | NetHead: 12555 | Confirmed: 12542 | Missing: 14 | StateHash: 0x0F59212E
[HEARTBEAT] SimTick: 12616 | NetHead: 12615 | Confirmed: 12602 | Missing: 14 | StateHash: 0x0EA44439
[HEARTBEAT] SimTick: 12676 | NetHead: 12675 | Confirmed: 12662 | Missing: 14 | StateHash: 0xC067A256
[HEARTBEAT] SimTick: 12736 | NetHead: 12735 | Confirmed: 12722 | Missing: 14 | StateHash: 0x687A7349
[HEARTBEAT] SimTick: 12796 | NetHead: 12795 | Confirmed: 12782 | Missing: 14 | StateHash: 0xF8938286
[HEARTBEAT] SimTick: 12856 | NetHead: 12855 | Confirmed: 12842 | Missing: 14 | StateHash: 0x087F72A9
[HEARTBEAT] SimTick: 12916 | NetHead: 12915 | Confirmed: 12902 | Missing: 14 | StateHash: 0xA27CC0A6
[HEARTBEAT] SimTick: 12976 | NetHead: 12975 | Confirmed: 12962 | Missing: 14 | StateHash: 0xD735B989
[HEARTBEAT] SimTick: 13036 | NetHead: 13035 | Confirmed: 13022 | Missing: 14 | StateHash: 0x91050426
[HEARTBEAT] SimTick: 13096 | NetHead: 13095 | Confirmed: 13082 | Missing: 14 | StateHash: 0xD049CC41
[HEARTBEAT] SimTick: 13156 | NetHead: 13155 | Confirmed: 13142 | Missing: 14 | StateHash: 0xBD96ADBE
[HEARTBEAT] SimTick: 13216 | NetHead: 13215 | Confirmed: 13202 | Missing: 14 | StateHash: 0x7FA533D1
[HEARTBEAT] SimTick: 13276 | NetHead: 13275 | Confirmed: 13262 | Missing: 14 | StateHash: 0x01D40FAE
[HEARTBEAT] SimTick: 13336 | NetHead: 13335 | Confirmed: 13322 | Missing: 14 | StateHash: 0xCE7C9BA1
[HEARTBEAT] SimTick: 13397 | NetHead: 13396 | Confirmed: 13383 | Missing: 14 | StateHash: 0xDA4390DE
[HEARTBEAT] SimTick: 13457 | NetHead: 13456 | Confirmed: 13443 | Missing: 14 | StateHash: 0xC46E32B1
[HEARTBEAT] SimTick: 13517 | NetHead: 13516 | Confirmed: 13503 | Missing: 14 | StateHash: 0x29F304AE
[HEARTBEAT] SimTick: 13577 | NetHead: 13576 | Confirmed: 13563 | Missing: 14 | StateHash: 0x7692B731
[HEARTBEAT] SimTick: 13637 | NetHead: 13636 | Confirmed: 13623 | Missing: 14 | StateHash: 0x84D5504E
[HEARTBEAT] SimTick: 13697 | NetHead: 13696 | Confirmed: 13683 | Missing: 14 | StateHash: 0x8D289DA1
[HEARTBEAT] SimTick: 13757 | NetHead: 13756 | Confirmed: 13743 | Missing: 14 | StateHash: 0xB6F7435E
[HEARTBEAT] SimTick: 13817 | NetHead: 13816 | Confirmed: 13803 | Missing: 14 | StateHash: 0x029351A1
[HEARTBEAT] SimTick: 13877 | NetHead: 13876 | Confirmed: 13863 | Missing: 14 | StateHash: 0xBD253FDE
[HEARTBEAT] SimTick: 13937 | NetHead: 13936 | Confirmed: 13923 | Missing: 14 | StateHash: 0x5BC47239
[HEARTBEAT] SimTick: 13997 | NetHead: 13996 | Confirmed: 13983 | Missing: 14 | StateHash: 0x165FFBC6
[HEARTBEAT] SimTick: 14057 | NetHead: 14056 | Confirmed: 14043 | Missing: 14 | StateHash: 0x92F63229
[HEARTBEAT] SimTick: 14118 | NetHead: 14117 | Confirmed: 14104 | Missing: 14 | StateHash: 0x58008256
[HEARTBEAT] SimTick: 14178 | NetHead: 14177 | Confirmed: 14164 | Missing: 14 | StateHash: 0x86340A05
[HEARTBEAT] SimTick: 14238 | NetHead: 14237 | Confirmed: 14224 | Missing: 14 | StateHash: 0x3C376D72
[HEARTBEAT] SimTick: 14298 | NetHead: 14297 | Confirmed: 14284 | Missing: 14 | StateHash: 0xD0271345
[HEARTBEAT] SimTick: 14358 | NetHead: 14357 | Confirmed: 14344 | Missing: 14 | StateHash: 0xF0D5FAB2
[HEARTBEAT] SimTick: 14418 | NetHead: 14417 | Confirmed: 14404 | Missing: 14 | StateHash: 0xB0948D55
[HEARTBEAT] SimTick: 14478 | NetHead: 14477 | Confirmed: 14464 | Missing: 14 | StateHash: 0xA36094B2
[HEARTBEAT] SimTick: 14538 | NetHead: 14537 | Confirmed: 14524 | Missing: 14 | StateHash: 0x6ABB1505
[HEARTBEAT] SimTick: 14598 | NetHead: 14597 | Confirmed: 14584 | Missing: 14 | StateHash: 0xE17B9DE2
[HEARTBEAT] SimTick: 14658 | NetHead: 14657 | Confirmed: 14644 | Missing: 14 | StateHash: 0xB8EC7EC5
[HEARTBEAT] SimTick: 14718 | NetHead: 14717 | Confirmed: 14704 | Missing: 14 | StateHash: 0x4EC119D2
[HEARTBEAT] SimTick: 14778 | NetHead: 14777 | Confirmed: 14764 | Missing: 14 | StateHash: 0x06D84AC5
[HEARTBEAT] SimTick: 14838 | NetHead: 14837 | Confirmed: 14824 | Missing: 14 | StateHash: 0x926D59F2
[HEARTBEAT] SimTick: 14899 | NetHead: 14898 | Confirmed: 14885 | Missing: 14 | StateHash: 0xB45864D5
[HEARTBEAT] SimTick: 14959 | NetHead: 14958 | Confirmed: 14945 | Missing: 14 | StateHash: 0x30F62C22
[HEARTBEAT] SimTick: 15019 | NetHead: 15018 | Confirmed: 15005 | Missing: 14 | StateHash: 0xFE9C7C45
[HEARTBEAT] SimTick: 15079 | NetHead: 15078 | Confirmed: 15065 | Missing: 14 | StateHash: 0xC037D912
[HEARTBEAT] SimTick: 15139 | NetHead: 15138 | Confirmed: 15125 | Missing: 14 | StateHash: 0x283E8385
[HEARTBEAT] SimTick: 15199 | NetHead: 15198 | Confirmed: 15185 | Missing: 14 | StateHash: 0x849C7622
[HEARTBEAT] SimTick: 15259 | NetHead: 15258 | Confirmed: 15245 | Missing: 14 | StateHash: 0x03F6F105
[HEARTBEAT] SimTick: 15319 | NetHead: 15318 | Confirmed: 15305 | Missing: 14 | StateHash: 0xAFEE5402
[HEARTBEAT] SimTick: 15379 | NetHead: 15378 | Confirmed: 15365 | Missing: 14 | StateHash: 0xC3E5B995
[HEARTBEAT] SimTick: 15439 | NetHead: 15438 | Confirmed: 15425 | Missing: 14 | StateHash: 0xB07CA242
[HEARTBEAT] SimTick: 15499 | NetHead: 15498 | Confirmed: 15485 | Missing: 14 | StateHash: 0x65AC04C5
[HEARTBEAT] SimTick: 15559 | NetHead: 15558 | Confirmed: 15545 | Missing: 14 | StateHash: 0xA1AA3772
[HEARTBEAT] SimTick: 15619 | NetHead: 15618 | Confirmed: 15605 | Missing: 14 | StateHash: 0x13A217D5
[HEARTBEAT] SimTick: 15679 | NetHead: 15678 | Confirmed: 15665 | Missing: 14 | StateHash: 0x10AAAF72
[HEARTBEAT] SimTick: 15739 | NetHead: 15738 | Confirmed: 15725 | Missing: 14 | StateHash: 0xB2F2C205
[HEARTBEAT] SimTick: 15799 | NetHead: 15798 | Confirmed: 15785 | Missing: 14 | StateHash: 0xB5EB4982
[HEARTBEAT] SimTick: 15859 | NetHead: 15858 | Confirmed: 15845 | Missing: 14 | StateHash: 0x429EAE95
[HEARTBEAT] SimTick: 15919 | NetHead: 15918 | Confirmed: 15905 | Missing: 14 | StateHash: 0x0243B0A2
[HEARTBEAT] SimTick: 15979 | NetHead: 15978 | Confirmed: 15965 | Missing: 14 | StateHash: 0xCC452AC5
[HEARTBEAT] SimTick: 16039 | NetHead: 16038 | Confirmed: 16025 | Missing: 14 | StateHash: 0xAFAF5E92
[HEARTBEAT] SimTick: 16100 | NetHead: 16099 | Confirmed: 16086 | Missing: 14 | StateHash: 0x0BF27B65
[HEARTBEAT] SimTick: 16160 | NetHead: 16159 | Confirmed: 16146 | Missing: 14 | StateHash: 0x016D2B22
[HEARTBEAT] SimTick: 16220 | NetHead: 16219 | Confirmed: 16206 | Missing: 14 | StateHash: 0xDEE7C7C5
[HEARTBEAT] SimTick: 16280 | NetHead: 16279 | Confirmed: 16266 | Missing: 14 | StateHash: 0x7F0A4442
[HEARTBEAT] SimTick: 16340 | NetHead: 16339 | Confirmed: 16326 | Missing: 14 | StateHash: 0xB62F1815
[HEARTBEAT] SimTick: 16400 | NetHead: 16399 | Confirmed: 16386 | Missing: 14 | StateHash: 0xAD6ED512
[HEARTBEAT] SimTick: 16460 | NetHead: 16459 | Confirmed: 16446 | Missing: 14 | StateHash: 0x9C7F7A05
[HEARTBEAT] SimTick: 16520 | NetHead: 16519 | Confirmed: 16506 | Missing: 14 | StateHash: 0x03E441A2
[HEARTBEAT] SimTick: 16580 | NetHead: 16579 | Confirmed: 16566 | Missing: 14 | StateHash: 0x1FFC5405
[HEARTBEAT] SimTick: 16640 | NetHead: 16639 | Confirmed: 16626 | Missing: 14 | StateHash: 0x75A1A872
[HEARTBEAT] SimTick: 16700 | NetHead: 16699 | Confirmed: 16686 | Missing: 14 | StateHash: 0xDB169A05
[HEARTBEAT] SimTick: 16760 | NetHead: 16759 | Confirmed: 16746 | Missing: 14 | StateHash: 0x663DCB32
[HEARTBEAT] SimTick: 16820 | NetHead: 16819 | Confirmed: 16806 | Missing: 14 | StateHash: 0xEC463655
[HEARTBEAT] SimTick: 16880 | NetHead: 16879 | Confirmed: 16866 | Missing: 14 | StateHash: 0x63C13332
[HEARTBEAT] SimTick: 16940 | NetHead: 16939 | Confirmed: 16926 | Missing: 14 | StateHash: 0x7C995C85
[HEARTBEAT] SimTick: 17000 | NetHead: 16999 | Confirmed: 16986 | Missing: 14 | StateHash: 0x21AE7D22
[HEARTBEAT] SimTick: 17060 | NetHead: 17059 | Confirmed: 17046 | Missing: 14 | StateHash: 0x9D2A6845
[HEARTBEAT] SimTick: 17120 | NetHead: 17119 | Confirmed: 17106 | Missing: 14 | StateHash: 0x3728EE42
[HEARTBEAT] SimTick: 17180 | NetHead: 17179 | Confirmed: 17166 | Missing: 14 | StateHash: 0xB816B105
[HEARTBEAT] SimTick: 17241 | NetHead: 17240 | Confirmed: 17227 | Missing: 14 | StateHash: 0xE390A382
[HEARTBEAT] SimTick: 17301 | NetHead: 17300 | Confirmed: 17287 | Missing: 14 | StateHash: 0x95950F36
[HEARTBEAT] SimTick: 17361 | NetHead: 17360 | Confirmed: 17347 | Missing: 14 | StateHash: 0x0F762622
[HEARTBEAT] SimTick: 17421 | NetHead: 17420 | Confirmed: 17407 | Missing: 14 | StateHash: 0x663898D6
[HEARTBEAT] SimTick: 17481 | NetHead: 17480 | Confirmed: 17467 | Missing: 14 | StateHash: 0x5BA6BCD2
[HEARTBEAT] SimTick: 17541 | NetHead: 17540 | Confirmed: 17527 | Missing: 14 | StateHash: 0x3F5F2476
[HEARTBEAT] SimTick: 17601 | NetHead: 17600 | Confirmed: 17587 | Missing: 14 | StateHash: 0x63F2FCB2
[HEARTBEAT] SimTick: 17661 | NetHead: 17660 | Confirmed: 17647 | Missing: 14 | StateHash: 0xB624B3A6
[HEARTBEAT] SimTick: 17721 | NetHead: 17720 | Confirmed: 17707 | Missing: 14 | StateHash: 0xD49EB452
[HEARTBEAT] SimTick: 17781 | NetHead: 17780 | Confirmed: 17767 | Missing: 14 | StateHash: 0xC5F727C2
[HEARTBEAT] SimTick: 17841 | NetHead: 17840 | Confirmed: 17827 | Missing: 14 | StateHash: 0xBE5B28BE
[HEARTBEAT] SimTick: 17901 | NetHead: 17900 | Confirmed: 17887 | Missing: 14 | StateHash: 0x46DA7F72
[HEARTBEAT] SimTick: 17961 | NetHead: 17960 | Confirmed: 17947 | Missing: 14 | StateHash: 0x49033E8E
[HEARTBEAT] SimTick: 18021 | NetHead: 18020 | Confirmed: 18007 | Missing: 14 | StateHash: 0x0B70918A
[HEARTBEAT] SimTick: 18081 | NetHead: 18080 | Confirmed: 18067 | Missing: 14 | StateHash: 0xAE0E7516
[HEARTBEAT] SimTick: 18141 | NetHead: 18140 | Confirmed: 18127 | Missing: 14 | StateHash: 0x0E929552
[HEARTBEAT] SimTick: 18201 | NetHead: 18200 | Confirmed: 18187 | Missing: 14 | StateHash: 0x8A85B60E
[HEARTBEAT] SimTick: 18261 | NetHead: 18260 | Confirmed: 18247 | Missing: 14 | StateHash: 0x4EFD517A
[HEARTBEAT] SimTick: 18322 | NetHead: 18321 | Confirmed: 18308 | Missing: 14 | StateHash: 0xEE4E5986
[HEARTBEAT] SimTick: 18382 | NetHead: 18381 | Confirmed: 18368 | Missing: 14 | StateHash: 0x91841D5A
[HEARTBEAT] SimTick: 18442 | NetHead: 18441 | Confirmed: 18428 | Missing: 14 | StateHash: 0xD4CBE7C6
[HEARTBEAT] SimTick: 18502 | NetHead: 18501 | Confirmed: 18488 | Missing: 14 | StateHash: 0x09B2709A
[HEARTBEAT] SimTick: 18562 | NetHead: 18561 | Confirmed: 18548 | Missing: 14 | StateHash: 0x4076DFC6
[HEARTBEAT] SimTick: 18622 | NetHead: 18621 | Confirmed: 18608 | Missing: 14 | StateHash: 0x5AE7DA12
[HEARTBEAT] SimTick: 18682 | NetHead: 18681 | Confirmed: 18668 | Missing: 14 | StateHash: 0x7CDAA96E
[HEARTBEAT] SimTick: 18742 | NetHead: 18741 | Confirmed: 18728 | Missing: 14 | StateHash: 0xE806E272
[HEARTBEAT] SimTick: 18802 | NetHead: 18801 | Confirmed: 18788 | Missing: 14 | StateHash: 0x7D91394E
[HEARTBEAT] SimTick: 18862 | NetHead: 18861 | Confirmed: 18848 | Missing: 14 | StateHash: 0x22650F1A
[HEARTBEAT] SimTick: 18922 | NetHead: 18921 | Confirmed: 18908 | Missing: 14 | StateHash: 0x9149F026
[HEARTBEAT] SimTick: 18982 | NetHead: 18981 | Confirmed: 18968 | Missing: 14 | StateHash: 0x77FA2252
[HEARTBEAT] SimTick: 19042 | NetHead: 19041 | Confirmed: 19028 | Missing: 14 | StateHash: 0x23155EAE
[HEARTBEAT] SimTick: 19102 | NetHead: 19101 | Confirmed: 19088 | Missing: 14 | StateHash: 0x0D11E14A
[HEARTBEAT] SimTick: 19162 | NetHead: 19161 | Confirmed: 19148 | Missing: 14 | StateHash: 0xC377D216
[HEARTBEAT] SimTick: 19222 | NetHead: 19221 | Confirmed: 19208 | Missing: 14 | StateHash: 0x01D5E1DA
[HEARTBEAT] SimTick: 19283 | NetHead: 19282 | Confirmed: 19269 | Missing: 14 | StateHash: 0x8F78B0A6
[HEARTBEAT] SimTick: 19343 | NetHead: 19342 | Confirmed: 19329 | Missing: 14 | StateHash: 0x5BA00502
[HEARTBEAT] SimTick: 19403 | NetHead: 19402 | Confirmed: 19389 | Missing: 14 | StateHash: 0x43522CFE
[HEARTBEAT] SimTick: 19463 | NetHead: 19462 | Confirmed: 19449 | Missing: 14 | StateHash: 0xE7B3E6D2
[HEARTBEAT] SimTick: 19523 | NetHead: 19522 | Confirmed: 19509 | Missing: 14 | StateHash: 0x7D5AB42E
[HEARTBEAT] SimTick: 19583 | NetHead: 19582 | Confirmed: 19569 | Missing: 14 | StateHash: 0x3848689A
[HEARTBEAT] SimTick: 19643 | NetHead: 19642 | Confirmed: 19629 | Missing: 14 | StateHash: 0x53352DE6
[HEARTBEAT] SimTick: 19703 | NetHead: 19702 | Confirmed: 19689 | Missing: 14 | StateHash: 0xA50AE8D2
[HEARTBEAT] SimTick: 19763 | NetHead: 19762 | Confirmed: 19749 | Missing: 14 | StateHash: 0xB63DE86E
[HEARTBEAT] SimTick: 19823 | NetHead: 19822 | Confirmed: 19809 | Missing: 14 | StateHash: 0x27CD1A7A
[HEARTBEAT] SimTick: 19883 | NetHead: 19882 | Confirmed: 19869 | Missing: 14 | StateHash: 0x35EF94A6
[HEARTBEAT] SimTick: 19943 | NetHead: 19942 | Confirmed: 19929 | Missing: 14 | StateHash: 0xF07DFD62
[HEARTBEAT] SimTick: 20003 | NetHead: 20002 | Confirmed: 19989 | Missing: 14 | StateHash: 0xDAAFC2DE
[HEARTBEAT] SimTick: 20063 | NetHead: 20062 | Confirmed: 20049 | Missing: 14 | StateHash: 0xD6D30662
[HEARTBEAT] SimTick: 20123 | NetHead: 20122 | Confirmed: 20109 | Missing: 14 | StateHash: 0x16E7745E
[HEARTBEAT] SimTick: 20183 | NetHead: 20182 | Confirmed: 20169 | Missing: 14 | StateHash: 0x42153BC2
[HEARTBEAT] SimTick: 20243 | NetHead: 20242 | Confirmed: 20229 | Missing: 14 | StateHash: 0x4DF940FE
[HEARTBEAT] SimTick: 20303 | NetHead: 20302 | Confirmed: 20289 | Missing: 14 | StateHash: 0xF3D85A02
[HEARTBEAT] SimTick: 20363 | NetHead: 20362 | Confirmed: 20349 | Missing: 14 | StateHash: 0xC96706DE
[HEARTBEAT] SimTick: 20423 | NetHead: 20422 | Confirmed: 20409 | Missing: 14 | StateHash: 0xB670D0FA
[HEARTBEAT] SimTick: 20483 | NetHead: 20482 | Confirmed: 20469 | Missing: 14 | StateHash: 0xEC72B5A6
[HEARTBEAT] SimTick: 20543 | NetHead: 20542 | Confirmed: 20529 | Missing: 14 | StateHash: 0x556470D2
[HEARTBEAT] SimTick: 20604 | NetHead: 20603 | Confirmed: 20590 | Missing: 14 | StateHash: 0x75F56224
[HEARTBEAT] SimTick: 20664 | NetHead: 20663 | Confirmed: 20650 | Missing: 14 | StateHash: 0x8732004A
[HEARTBEAT] SimTick: 20724 | NetHead: 20723 | Confirmed: 20710 | Missing: 14 | StateHash: 0x09CF766C
[HEARTBEAT] SimTick: 20784 | NetHead: 20783 | Confirmed: 20770 | Missing: 14 | StateHash: 0xCFF6C3AA
[HEARTBEAT] SimTick: 20844 | NetHead: 20843 | Confirmed: 20830 | Missing: 14 | StateHash: 0x75737C64
[HEARTBEAT] SimTick: 20904 | NetHead: 20903 | Confirmed: 20890 | Missing: 14 | StateHash: 0xAE37EF82
[HEARTBEAT] SimTick: 20964 | NetHead: 20963 | Confirmed: 20950 | Missing: 14 | StateHash: 0xE1B0DCC4
[HEARTBEAT] SimTick: 21024 | NetHead: 21023 | Confirmed: 21010 | Missing: 14 | StateHash: 0x93DBF1CA
[HEARTBEAT] SimTick: 21084 | NetHead: 21083 | Confirmed: 21070 | Missing: 14 | StateHash: 0x7BEBB794
[HEARTBEAT] SimTick: 21144 | NetHead: 21143 | Confirmed: 21130 | Missing: 14 | StateHash: 0xB802B362
[HEARTBEAT] SimTick: 21204 | NetHead: 21203 | Confirmed: 21190 | Missing: 14 | StateHash: 0x656D489C
[HEARTBEAT] SimTick: 21264 | NetHead: 21263 | Confirmed: 21250 | Missing: 14 | StateHash: 0xEC9C1082
[HEARTBEAT] SimTick: 21324 | NetHead: 21323 | Confirmed: 21310 | Missing: 14 | StateHash: 0x2A39C674
[HEARTBEAT] SimTick: 21384 | NetHead: 21383 | Confirmed: 21370 | Missing: 14 | StateHash: 0x4AE3D1CA
[HEARTBEAT] SimTick: 21444 | NetHead: 21443 | Confirmed: 21430 | Missing: 14 | StateHash: 0xC9CC5F1C
[HEARTBEAT] SimTick: 21504 | NetHead: 21503 | Confirmed: 21490 | Missing: 14 | StateHash: 0x3C7D86AA
[HEARTBEAT] SimTick: 21564 | NetHead: 21563 | Confirmed: 21550 | Missing: 14 | StateHash: 0xF8127404
[HEARTBEAT] SimTick: 21624 | NetHead: 21623 | Confirmed: 21610 | Missing: 14 | StateHash: 0xFA78E972
[HEARTBEAT] SimTick: 21685 | NetHead: 21684 | Confirmed: 21671 | Missing: 14 | StateHash: 0xF1347B7C
[HEARTBEAT] SimTick: 21745 | NetHead: 21744 | Confirmed: 21731 | Missing: 14 | StateHash: 0xA4F14B52
[HEARTBEAT] SimTick: 21805 | NetHead: 21804 | Confirmed: 21791 | Missing: 14 | StateHash: 0x29AEDFC4
[HEARTBEAT] SimTick: 21865 | NetHead: 21864 | Confirmed: 21851 | Missing: 14 | StateHash: 0x29F9591A
[HEARTBEAT] SimTick: 21925 | NetHead: 21924 | Confirmed: 21911 | Missing: 14 | StateHash: 0xF480E884
[HEARTBEAT] SimTick: 21985 | NetHead: 21984 | Confirmed: 21971 | Missing: 14 | StateHash: 0x61C65792
[HEARTBEAT] SimTick: 22045 | NetHead: 22044 | Confirmed: 22031 | Missing: 14 | StateHash: 0x767FB38C
[HEARTBEAT] SimTick: 22105 | NetHead: 22104 | Confirmed: 22091 | Missing: 14 | StateHash: 0xDD5E1352
[HEARTBEAT] SimTick: 22165 | NetHead: 22164 | Confirmed: 22151 | Missing: 14 | StateHash: 0x0C01F034
[HEARTBEAT] SimTick: 22225 | NetHead: 22224 | Confirmed: 22211 | Missing: 14 | StateHash: 0x355ED42A
[HEARTBEAT] SimTick: 22285 | NetHead: 22284 | Confirmed: 22271 | Missing: 14 | StateHash: 0x48AF2234
[HEARTBEAT] SimTick: 22345 | NetHead: 22344 | Confirmed: 22331 | Missing: 14 | StateHash: 0xE40BBAD2
[HEARTBEAT] SimTick: 22405 | NetHead: 22404 | Confirmed: 22391 | Missing: 14 | StateHash: 0x3CCD64E4
[HEARTBEAT] SimTick: 22465 | NetHead: 22464 | Confirmed: 22451 | Missing: 14 | StateHash: 0x0F1F04AA
[HEARTBEAT] SimTick: 22525 | NetHead: 22524 | Confirmed: 22511 | Missing: 14 | StateHash: 0x7835C2C4
[HEARTBEAT] SimTick: 22585 | NetHead: 22584 | Confirmed: 22571 | Missing: 14 | StateHash: 0x218EA542
[HEARTBEAT] SimTick: 22645 | NetHead: 22644 | Confirmed: 22631 | Missing: 14 | StateHash: 0xDFA1B884
[HEARTBEAT] SimTick: 22705 | NetHead: 22704 | Confirmed: 22691 | Missing: 14 | StateHash: 0x0D4A35AA
[HEARTBEAT] SimTick: 22766 | NetHead: 22765 | Confirmed: 22752 | Missing: 14 | StateHash: 0x07EFA8BC
[HEARTBEAT] SimTick: 22826 | NetHead: 22825 | Confirmed: 22812 | Missing: 14 | StateHash: 0xF667061A
[HEARTBEAT] SimTick: 22886 | NetHead: 22885 | Confirmed: 22872 | Missing: 14 | StateHash: 0x706E5D0C
[HEARTBEAT] SimTick: 22946 | NetHead: 22945 | Confirmed: 22932 | Missing: 14 | StateHash: 0x916B3F0A
[HEARTBEAT] SimTick: 23006 | NetHead: 23005 | Confirmed: 22992 | Missing: 14 | StateHash: 0xC956C864
[HEARTBEAT] SimTick: 23066 | NetHead: 23065 | Confirmed: 23052 | Missing: 14 | StateHash: 0x928CAA42
[HEARTBEAT] SimTick: 23126 | NetHead: 23125 | Confirmed: 23112 | Missing: 14 | StateHash: 0xFA7C41F4
[HEARTBEAT] SimTick: 23186 | NetHead: 23185 | Confirmed: 23172 | Missing: 14 | StateHash: 0x15F31AEA
[HEARTBEAT] SimTick: 23246 | NetHead: 23245 | Confirmed: 23232 | Missing: 14 | StateHash: 0x4B52EBCC
[HEARTBEAT] SimTick: 23306 | NetHead: 23305 | Confirmed: 23292 | Missing: 14 | StateHash: 0x3F86095A
[HEARTBEAT] SimTick: 23366 | NetHead: 23365 | Confirmed: 23352 | Missing: 14 | StateHash: 0x4D90E824
[HEARTBEAT] SimTick: 23426 | NetHead: 23425 | Confirmed: 23412 | Missing: 14 | StateHash: 0x8D656142
[HEARTBEAT] SimTick: 23486 | NetHead: 23485 | Confirmed: 23472 | Missing: 14 | StateHash: 0x3DB723A4
[HEARTBEAT] SimTick: 23546 | NetHead: 23545 | Confirmed: 23532 | Missing: 14 | StateHash: 0x21B402EA
[HEARTBEAT] SimTick: 23606 | NetHead: 23605 | Confirmed: 23592 | Missing: 14 | StateHash: 0x0DE21C74
[HEARTBEAT] SimTick: 23666 | NetHead: 23665 | Confirmed: 23652 | Missing: 14 | StateHash: 0x19F7DF52
[HEARTBEAT] SimTick: 23726 | NetHead: 23725 | Confirmed: 23712 | Missing: 14 | StateHash: 0xAE7A44C4
[HEARTBEAT] SimTick: 23786 | NetHead: 23785 | Confirmed: 23772 | Missing: 14 | StateHash: 0x0A14F18A
[HEARTBEAT] SimTick: 23846 | NetHead: 23845 | Confirmed: 23832 | Missing: 14 | StateHash: 0xAF1C779C
[HEARTBEAT] SimTick: 23906 | NetHead: 23905 | Confirmed: 23892 | Missing: 14 | StateHash: 0xBD7B5E1A
[HEARTBEAT] SimTick: 23966 | NetHead: 23965 | Confirmed: 23952 | Missing: 14 | StateHash: 0xB4A47E8C
[HEARTBEAT] SimTick: 24027 | NetHead: 24026 | Confirmed: 24013 | Missing: 14 | StateHash: 0xC9D02DBA
[HEARTBEAT] SimTick: 24087 | NetHead: 24086 | Confirmed: 24073 | Missing: 14 | StateHash: 0xB35C103C
[HEARTBEAT] SimTick: 24147 | NetHead: 24146 | Confirmed: 24133 | Missing: 14 | StateHash: 0x4F081DEA
[HEARTBEAT] SimTick: 24207 | NetHead: 24206 | Confirmed: 24193 | Missing: 14 | StateHash: 0xDF466EC4
[HEARTBEAT] SimTick: 24267 | NetHead: 24266 | Confirmed: 24253 | Missing: 14 | StateHash: 0xB0BF4722
[HEARTBEAT] SimTick: 24327 | NetHead: 24326 | Confirmed: 24313 | Missing: 14 | StateHash: 0x3EFA9DE4
[HEARTBEAT] SimTick: 24387 | NetHead: 24386 | Confirmed: 24373 | Missing: 14 | StateHash: 0x570B736A
[HEARTBEAT] SimTick: 24447 | NetHead: 24446 | Confirmed: 24433 | Missing: 14 | StateHash: 0xA08C4434
[HEARTBEAT] SimTick: 24507 | NetHead: 24506 | Confirmed: 24493 | Missing: 14 | StateHash: 0x45946022
[HEARTBEAT] SimTick: 24567 | NetHead: 24566 | Confirmed: 24553 | Missing: 14 | StateHash: 0x2958DDAC
[HEARTBEAT] SimTick: 24627 | NetHead: 24626 | Confirmed: 24613 | Missing: 14 | StateHash: 0x24B9A0F2
[HEARTBEAT] SimTick: 24687 | NetHead: 24686 | Confirmed: 24673 | Missing: 14 | StateHash: 0xEF87F60C
[HEARTBEAT] SimTick: 24747 | NetHead: 24746 | Confirmed: 24733 | Missing: 14 | StateHash: 0xF9EF1072
[HEARTBEAT] SimTick: 24807 | NetHead: 24806 | Confirmed: 24793 | Missing: 14 | StateHash: 0x9EE6E6A4
[HEARTBEAT] SimTick: 24867 | NetHead: 24866 | Confirmed: 24853 | Missing: 14 | StateHash: 0xAC01B74A
[HEARTBEAT] SimTick: 24927 | NetHead: 24926 | Confirmed: 24913 | Missing: 14 | StateHash: 0xACCFFB84
[HEARTBEAT] SimTick: 24988 | NetHead: 24987 | Confirmed: 24974 | Missing: 14 | StateHash: 0x5DA91A42
[HEARTBEAT] SimTick: 25048 | NetHead: 25047 | Confirmed: 25034 | Missing: 14 | StateHash: 0x05A339F4
[HEARTBEAT] SimTick: 25108 | NetHead: 25107 | Confirmed: 25094 | Missing: 14 | StateHash: 0x8DF5119A
[HEARTBEAT] SimTick: 25168 | NetHead: 25167 | Confirmed: 25154 | Missing: 14 | StateHash: 0x6FF89794
[HEARTBEAT] SimTick: 25228 | NetHead: 25227 | Confirmed: 25214 | Missing: 14 | StateHash: 0xBADB8DF2
[HEARTBEAT] SimTick: 25288 | NetHead: 25287 | Confirmed: 25274 | Missing: 14 | StateHash: 0xE965C4CC
[HEARTBEAT] SimTick: 25348 | NetHead: 25347 | Confirmed: 25334 | Missing: 14 | StateHash: 0x42660C02
[HEARTBEAT] SimTick: 25408 | NetHead: 25407 | Confirmed: 25394 | Missing: 14 | StateHash: 0x7A6A505C
[HEARTBEAT] SimTick: 25468 | NetHead: 25467 | Confirmed: 25454 | Missing: 14 | StateHash: 0xCBDE84F2
[HEARTBEAT] SimTick: 25528 | NetHead: 25527 | Confirmed: 25514 | Missing: 14 | StateHash: 0x2D63D234
[HEARTBEAT] SimTick: 25588 | NetHead: 25587 | Confirmed: 25574 | Missing: 14 | StateHash: 0x363356FA
[HEARTBEAT] SimTick: 25648 | NetHead: 25647 | Confirmed: 25634 | Missing: 14 | StateHash: 0x8746C7DC
[HEARTBEAT] SimTick: 25708 | NetHead: 25707 | Confirmed: 25694 | Missing: 14 | StateHash: 0xA3963FCA
[HEARTBEAT] SimTick: 25768 | NetHead: 25767 | Confirmed: 25754 | Missing: 14 | StateHash: 0x7A170A1C
[HEARTBEAT] SimTick: 25829 | NetHead: 25828 | Confirmed: 25815 | Missing: 14 | StateHash: 0x7D08339A
[HEARTBEAT] SimTick: 25889 | NetHead: 25888 | Confirmed: 25875 | Missing: 14 | StateHash: 0x332A4544
[HEARTBEAT] SimTick: 25949 | NetHead: 25948 | Confirmed: 25935 | Missing: 14 | StateHash: 0xF97EE042
[HEARTBEAT] SimTick: 26009 | NetHead: 26008 | Confirmed: 25995 | Missing: 14 | StateHash: 0x01C82B6C
[HEARTBEAT] SimTick: 26069 | NetHead: 26068 | Confirmed: 26055 | Missing: 14 | StateHash: 0x50574262
[HEARTBEAT] SimTick: 26129 | NetHead: 26128 | Confirmed: 26115 | Missing: 14 | StateHash: 0x85485534
[HEARTBEAT] SimTick: 26189 | NetHead: 26188 | Confirmed: 26175 | Missing: 14 | StateHash: 0xBA73D21A
[HEARTBEAT] SimTick: 26249 | NetHead: 26248 | Confirmed: 26235 | Missing: 14 | StateHash: 0x7B56D194
[HEARTBEAT] SimTick: 26309 | NetHead: 26308 | Confirmed: 26295 | Missing: 14 | StateHash: 0xD986DE12
[HEARTBEAT] SimTick: 26369 | NetHead: 26368 | Confirmed: 26355 | Missing: 14 | StateHash: 0x60EE6BDC
[HEARTBEAT] SimTick: 26429 | NetHead: 26428 | Confirmed: 26415 | Missing: 14 | StateHash: 0xF4E77642
[HEARTBEAT] SimTick: 26489 | NetHead: 26488 | Confirmed: 26475 | Missing: 14 | StateHash: 0x027DE994
[HEARTBEAT] SimTick: 26549 | NetHead: 26548 | Confirmed: 26535 | Missing: 14 | StateHash: 0x6B87188A
[HEARTBEAT] SimTick: 26609 | NetHead: 26608 | Confirmed: 26595 | Missing: 14 | StateHash: 0x26A644AC
[HEARTBEAT] SimTick: 26670 | NetHead: 26669 | Confirmed: 26656 | Missing: 14 | StateHash: 0xCF0BAC1A
[HEARTBEAT] SimTick: 26730 | NetHead: 26729 | Confirmed: 26716 | Missing: 14 | StateHash: 0x164855A4
[HEARTBEAT] SimTick: 26790 | NetHead: 26789 | Confirmed: 26776 | Missing: 14 | StateHash: 0x447175C2
[HEARTBEAT] SimTick: 26850 | NetHead: 26849 | Confirmed: 26836 | Missing: 14 | StateHash: 0x6600FDDC
[HEARTBEAT] SimTick: 26910 | NetHead: 26909 | Confirmed: 26896 | Missing: 14 | StateHash: 0xD8538672
[HEARTBEAT] SimTick: 26970 | NetHead: 26969 | Confirmed: 26956 | Missing: 14 | StateHash: 0xEAC7D454
[HEARTBEAT] SimTick: 27030 | NetHead: 27029 | Confirmed: 27016 | Missing: 14 | StateHash: 0xE1776CDA
[HEARTBEAT] SimTick: 27090 | NetHead: 27089 | Confirmed: 27076 | Missing: 14 | StateHash: 0x17017C14
[HEARTBEAT] SimTick: 27150 | NetHead: 27149 | Confirmed: 27136 | Missing: 14 | StateHash: 0x9C1E6FB2
[HEARTBEAT] SimTick: 27210 | NetHead: 27209 | Confirmed: 27196 | Missing: 14 | StateHash: 0xB796251C
[HEARTBEAT] SimTick: 27270 | NetHead: 27269 | Confirmed: 27256 | Missing: 14 | StateHash: 0xD6F834C2
[HEARTBEAT] SimTick: 27330 | NetHead: 27329 | Confirmed: 27316 | Missing: 14 | StateHash: 0x7F0FFAA4
[HEARTBEAT] SimTick: 27390 | NetHead: 27389 | Confirmed: 27376 | Missing: 14 | StateHash: 0x7E142E7A
[HEARTBEAT] SimTick: 27450 | NetHead: 27449 | Confirmed: 27436 | Missing: 14 | StateHash: 0x56E864BC
[HEARTBEAT] SimTick: 27510 | NetHead: 27509 | Confirmed: 27496 | Missing: 14 | StateHash: 0x25C60F8A
[HEARTBEAT] SimTick: 27570 | NetHead: 27569 | Confirmed: 27556 | Missing: 14 | StateHash: 0x08B6681C
[HEARTBEAT] SimTick: 27630 | NetHead: 27629 | Confirmed: 27616 | Missing: 14 | StateHash: 0x0235059A
[HEARTBEAT] SimTick: 27691 | NetHead: 27690 | Confirmed: 27677 | Missing: 14 | StateHash: 0x4EB9E1EC
[HEARTBEAT] SimTick: 27751 | NetHead: 27750 | Confirmed: 27737 | Missing: 14 | StateHash: 0x0CD6BD74
[HEARTBEAT] SimTick: 27811 | NetHead: 27810 | Confirmed: 27797 | Missing: 14 | StateHash: 0xAB526AD4
[HEARTBEAT] SimTick: 27871 | NetHead: 27870 | Confirmed: 27857 | Missing: 14 | StateHash: 0x72CE74AC
[HEARTBEAT] SimTick: 27931 | NetHead: 27930 | Confirmed: 27917 | Missing: 14 | StateHash: 0xAB0E798C
[HEARTBEAT] SimTick: 27991 | NetHead: 27990 | Confirmed: 27977 | Missing: 14 | StateHash: 0xFAC3B48C
[HEARTBEAT] SimTick: 28051 | NetHead: 28050 | Confirmed: 28037 | Missing: 14 | StateHash: 0x442DA86C
[HEARTBEAT] SimTick: 28111 | NetHead: 28110 | Confirmed: 28097 | Missing: 14 | StateHash: 0x250F5D14
[HEARTBEAT] SimTick: 28171 | NetHead: 28170 | Confirmed: 28157 | Missing: 14 | StateHash: 0x9C69D9F4
[HEARTBEAT] SimTick: 28231 | NetHead: 28230 | Confirmed: 28217 | Missing: 14 | StateHash: 0x6CBEBC4C
[HEARTBEAT] SimTick: 28291 | NetHead: 28290 | Confirmed: 28277 | Missing: 14 | StateHash: 0x2550672C
[HEARTBEAT] SimTick: 28351 | NetHead: 28350 | Confirmed: 28337 | Missing: 14 | StateHash: 0x2592FC3C
[HEARTBEAT] SimTick: 28411 | NetHead: 28410 | Confirmed: 28397 | Missing: 14 | StateHash: 0xB3EFC85C
[HEARTBEAT] SimTick: 28471 | NetHead: 28470 | Confirmed: 28457 | Missing: 14 | StateHash: 0xAA5E9C14
[HEARTBEAT] SimTick: 28531 | NetHead: 28530 | Confirmed: 28517 | Missing: 14 | StateHash: 0x3BCE2D74
[HEARTBEAT] SimTick: 28591 | NetHead: 28590 | Confirmed: 28577 | Missing: 14 | StateHash: 0x3BF0FE54
[HEARTBEAT] SimTick: 28621 | NetHead: 28620 | Confirmed: 28608 | Missing: 13 | StateHash: 0x663E9679
[HEARTBEAT] SimTick: 28681 | NetHead: 28680 | Confirmed: 28670 | Missing: 11 | StateHash: 0x712BC2E0
[HEARTBEAT] SimTick: 28741 | NetHead: 28740 | Confirmed: 28730 | Missing: 11 | StateHash: 0x7ECCB4C0
[HEARTBEAT] SimTick: 28801 | NetHead: 28800 | Confirmed: 28790 | Missing: 11 | StateHash: 0xD19954D0
[HEARTBEAT] SimTick: 28862 | NetHead: 28861 | Confirmed: 28851 | Missing: 11 | StateHash: 0x5E38ED60
[HEARTBEAT] SimTick: 28922 | NetHead: 28921 | Confirmed: 28911 | Missing: 11 | StateHash: 0xAA26B118
[HEARTBEAT] SimTick: 28982 | NetHead: 28981 | Confirmed: 28971 | Missing: 11 | StateHash: 0x72190E10
[HEARTBEAT] SimTick: 29042 | NetHead: 29041 | Confirmed: 29031 | Missing: 11 | StateHash: 0xB66A90A8
[HEARTBEAT] SimTick: 29102 | NetHead: 29101 | Confirmed: 29091 | Missing: 11 | StateHash: 0x5805DC88
[HEARTBEAT] SimTick: 29162 | NetHead: 29161 | Confirmed: 29151 | Missing: 11 | StateHash: 0xAFAC9A10
[HEARTBEAT] SimTick: 29222 | NetHead: 29221 | Confirmed: 29211 | Missing: 11 | StateHash: 0xC704C9E8
[HEARTBEAT] SimTick: 29282 | NetHead: 29281 | Confirmed: 29271 | Missing: 11 | StateHash: 0xF41D3418
[HEARTBEAT] SimTick: 29342 | NetHead: 29341 | Confirmed: 29331 | Missing: 11 | StateHash: 0x67C3E6C8
[HEARTBEAT] SimTick: 29403 | NetHead: 29402 | Confirmed: 29392 | Missing: 11 | StateHash: 0x163D3658
[HEARTBEAT] SimTick: 29463 | NetHead: 29462 | Confirmed: 29452 | Missing: 11 | StateHash: 0xB3A62428
[HEARTBEAT] SimTick: 29523 | NetHead: 29522 | Confirmed: 29512 | Missing: 11 | StateHash: 0x7BA8CAC8
[HEARTBEAT] SimTick: 29583 | NetHead: 29582 | Confirmed: 29572 | Missing: 11 | StateHash: 0x07CEE200
[HEARTBEAT] SimTick: 29643 | NetHead: 29642 | Confirmed: 29632 | Missing: 11 | StateHash: 0x30A5F600
[HEARTBEAT] SimTick: 29703 | NetHead: 29702 | Confirmed: 29692 | Missing: 11 | StateHash: 0xB68F24F8
[HEARTBEAT] SimTick: 29763 | NetHead: 29762 | Confirmed: 29752 | Missing: 11 | StateHash: 0x594E0490
[HEARTBEAT] SimTick: 29823 | NetHead: 29822 | Confirmed: 29812 | Missing: 11 | StateHash: 0x80543BF0
[HEARTBEAT] SimTick: 29883 | NetHead: 29882 | Confirmed: 29872 | Missing: 11 | StateHash: 0x1D05F900
[HEARTBEAT] SimTick: 29943 | NetHead: 29942 | Confirmed: 29932 | Missing: 11 | StateHash: 0xCF0D7018
[HEARTBEAT] SimTick: 30003 | NetHead: 30002 | Confirmed: 29992 | Missing: 11 | StateHash: 0xA13665A0
[HEARTBEAT] SimTick: 30063 | NetHead: 30062 | Confirmed: 30052 | Missing: 11 | StateHash: 0xBD7BDA00
[HEARTBEAT] SimTick: 30124 | NetHead: 30123 | Confirmed: 30113 | Missing: 11 | StateHash: 0xD5B62B60
[HEARTBEAT] SimTick: 30184 | NetHead: 30183 | Confirmed: 30173 | Missing: 11 | StateHash: 0x44043F08
[HEARTBEAT] SimTick: 30244 | NetHead: 30243 | Confirmed: 30233 | Missing: 11 | StateHash: 0xCB714D60
[HEARTBEAT] SimTick: 30304 | NetHead: 30303 | Confirmed: 30293 | Missing: 11 | StateHash: 0x2FBDDEE8
[HEARTBEAT] SimTick: 30364 | NetHead: 30363 | Confirmed: 30353 | Missing: 11 | StateHash: 0xEC8A61F8
luajit: interrupted!
stack traceback:
	[C]: in function 'print'
	main.lua:131: in main chunk
	[C]: at 0x55c540028e00
