========================================
 WEAVER ENGINE: 8-NODE DEEP HISTORY 
========================================
Enter Node ID (0-7): 
> [SYSTEM] Node 6 bound to :50006. Meshing topology...
[SYSTEM] Topology Locked. Entering FSM loop.
[HEARTBEAT] SimTick: 61 | NetHead: 60 | Confirmed: 53 | Missing: 8 | StateHash: 0x42A3ED46
[HEARTBEAT] SimTick: 121 | NetHead: 120 | Confirmed: 113 | Missing: 8 | StateHash: 0x4348D945
[HEARTBEAT] SimTick: 181 | NetHead: 180 | Confirmed: 173 | Missing: 8 | StateHash: 0xD8461D76
[HEARTBEAT] SimTick: 241 | NetHead: 240 | Confirmed: 233 | Missing: 8 | StateHash: 0x65BB6F25
[HEARTBEAT] SimTick: 301 | NetHead: 300 | Confirmed: 293 | Missing: 8 | StateHash: 0x31BA165E
[HEARTBEAT] SimTick: 361 | NetHead: 360 | Confirmed: 353 | Missing: 8 | StateHash: 0x7D08F545
[HEARTBEAT] SimTick: 421 | NetHead: 420 | Confirmed: 413 | Missing: 8 | StateHash: 0xEE207EA6
[HEARTBEAT] SimTick: 481 | NetHead: 480 | Confirmed: 473 | Missing: 8 | StateHash: 0xCA48CF55
[HEARTBEAT] SimTick: 541 | NetHead: 540 | Confirmed: 533 | Missing: 8 | StateHash: 0x64A09DBE
[HEARTBEAT] SimTick: 601 | NetHead: 600 | Confirmed: 593 | Missing: 8 | StateHash: 0xC453ED45
[HEARTBEAT] SimTick: 661 | NetHead: 660 | Confirmed: 653 | Missing: 8 | StateHash: 0x452C789E
[HEARTBEAT] SimTick: 721 | NetHead: 720 | Confirmed: 713 | Missing: 8 | StateHash: 0x01FE1DB5
[HEARTBEAT] SimTick: 781 | NetHead: 780 | Confirmed: 773 | Missing: 8 | StateHash: 0xCB6BF876
[HEARTBEAT] SimTick: 842 | NetHead: 841 | Confirmed: 834 | Missing: 8 | StateHash: 0x2782E245
[HEARTBEAT] SimTick: 902 | NetHead: 901 | Confirmed: 894 | Missing: 8 | StateHash: 0x0787F156
[HEARTBEAT] SimTick: 962 | NetHead: 961 | Confirmed: 954 | Missing: 8 | StateHash: 0x148BF155
[HEARTBEAT] SimTick: 1022 | NetHead: 1021 | Confirmed: 1014 | Missing: 8 | StateHash: 0x0DD6A51E
[HEARTBEAT] SimTick: 1082 | NetHead: 1081 | Confirmed: 1074 | Missing: 8 | StateHash: 0x629B4305
[HEARTBEAT] SimTick: 1142 | NetHead: 1141 | Confirmed: 1134 | Missing: 8 | StateHash: 0xBAAB84FE
[HEARTBEAT] SimTick: 1202 | NetHead: 1201 | Confirmed: 1194 | Missing: 8 | StateHash: 0x9076F3F5
[HEARTBEAT] SimTick: 1262 | NetHead: 1261 | Confirmed: 1254 | Missing: 8 | StateHash: 0xC55F07A6
[HEARTBEAT] SimTick: 1322 | NetHead: 1321 | Confirmed: 1314 | Missing: 8 | StateHash: 0xCA3B5745
[HEARTBEAT] SimTick: 1382 | NetHead: 1381 | Confirmed: 1374 | Missing: 8 | StateHash: 0xC640DC1E
[HEARTBEAT] SimTick: 1442 | NetHead: 1441 | Confirmed: 1434 | Missing: 8 | StateHash: 0x2C764CE5
[HEARTBEAT] SimTick: 1502 | NetHead: 1501 | Confirmed: 1494 | Missing: 8 | StateHash: 0x0527AA06
[HEARTBEAT] SimTick: 1562 | NetHead: 1561 | Confirmed: 1554 | Missing: 8 | StateHash: 0x76555E45
[HEARTBEAT] SimTick: 1622 | NetHead: 1621 | Confirmed: 1614 | Missing: 8 | StateHash: 0xD96AB33E
[HEARTBEAT] SimTick: 1682 | NetHead: 1681 | Confirmed: 1674 | Missing: 8 | StateHash: 0x0D1BD335
[HEARTBEAT] SimTick: 1742 | NetHead: 1741 | Confirmed: 1734 | Missing: 8 | StateHash: 0xECD39D3E
[HEARTBEAT] SimTick: 1802 | NetHead: 1801 | Confirmed: 1794 | Missing: 8 | StateHash: 0xBAE0E345
[HEARTBEAT] SimTick: 1862 | NetHead: 1861 | Confirmed: 1854 | Missing: 8 | StateHash: 0xCD8CF8DE
[HEARTBEAT] SimTick: 1922 | NetHead: 1921 | Confirmed: 1914 | Missing: 8 | StateHash: 0x6E6412D5
[HEARTBEAT] SimTick: 1983 | NetHead: 1982 | Confirmed: 1975 | Missing: 8 | StateHash: 0x78AA22D6
[HEARTBEAT] SimTick: 2043 | NetHead: 2042 | Confirmed: 2035 | Missing: 8 | StateHash: 0x6488D085
[HEARTBEAT] SimTick: 2103 | NetHead: 2102 | Confirmed: 2095 | Missing: 8 | StateHash: 0x1BA32EFE
[HEARTBEAT] SimTick: 2163 | NetHead: 2162 | Confirmed: 2155 | Missing: 8 | StateHash: 0xA1F88725
[HEARTBEAT] SimTick: 2223 | NetHead: 2222 | Confirmed: 2215 | Missing: 8 | StateHash: 0x5229AEC6
[HEARTBEAT] SimTick: 2283 | NetHead: 2282 | Confirmed: 2275 | Missing: 8 | StateHash: 0xA3BF6585
[HEARTBEAT] SimTick: 2343 | NetHead: 2342 | Confirmed: 2335 | Missing: 8 | StateHash: 0xD8A90F76
[HEARTBEAT] SimTick: 2403 | NetHead: 2402 | Confirmed: 2395 | Missing: 8 | StateHash: 0x06FF5F45
[HEARTBEAT] SimTick: 2463 | NetHead: 2462 | Confirmed: 2455 | Missing: 8 | StateHash: 0x169C031E
[HEARTBEAT] SimTick: 2523 | NetHead: 2522 | Confirmed: 2515 | Missing: 8 | StateHash: 0x3E912F85
[HEARTBEAT] SimTick: 2583 | NetHead: 2582 | Confirmed: 2575 | Missing: 8 | StateHash: 0x75B267AE
[HEARTBEAT] SimTick: 2643 | NetHead: 2642 | Confirmed: 2635 | Missing: 8 | StateHash: 0x093E7465
[HEARTBEAT] SimTick: 2703 | NetHead: 2702 | Confirmed: 2695 | Missing: 8 | StateHash: 0xB815F41E
[HEARTBEAT] SimTick: 2763 | NetHead: 2762 | Confirmed: 2755 | Missing: 8 | StateHash: 0x26BAC605
[HEARTBEAT] SimTick: 2823 | NetHead: 2822 | Confirmed: 2815 | Missing: 8 | StateHash: 0x02633E7E
[HEARTBEAT] SimTick: 2883 | NetHead: 2882 | Confirmed: 2875 | Missing: 8 | StateHash: 0x2AFBB325
[HEARTBEAT] SimTick: 2944 | NetHead: 2943 | Confirmed: 2936 | Missing: 8 | StateHash: 0x2B776076
[HEARTBEAT] SimTick: 3004 | NetHead: 3003 | Confirmed: 2996 | Missing: 8 | StateHash: 0x414F1545
[HEARTBEAT] SimTick: 3064 | NetHead: 3063 | Confirmed: 3056 | Missing: 8 | StateHash: 0xE59DEA4E
[HEARTBEAT] SimTick: 3124 | NetHead: 3123 | Confirmed: 3116 | Missing: 8 | StateHash: 0xAE016375
[HEARTBEAT] SimTick: 3184 | NetHead: 3183 | Confirmed: 3176 | Missing: 8 | StateHash: 0x501C4296
[HEARTBEAT] SimTick: 3244 | NetHead: 3243 | Confirmed: 3236 | Missing: 8 | StateHash: 0xCC26F905
[HEARTBEAT] SimTick: 3304 | NetHead: 3303 | Confirmed: 3296 | Missing: 8 | StateHash: 0xA4B661F6
[HEARTBEAT] SimTick: 3364 | NetHead: 3363 | Confirmed: 3356 | Missing: 8 | StateHash: 0x895EF155
[HEARTBEAT] SimTick: 3424 | NetHead: 3423 | Confirmed: 3416 | Missing: 8 | StateHash: 0x889D66F6
[HEARTBEAT] SimTick: 3484 | NetHead: 3483 | Confirmed: 3476 | Missing: 8 | StateHash: 0x4AB95A85
[HEARTBEAT] SimTick: 3544 | NetHead: 3543 | Confirmed: 3536 | Missing: 8 | StateHash: 0x176E0426
[HEARTBEAT] SimTick: 3604 | NetHead: 3603 | Confirmed: 3596 | Missing: 8 | StateHash: 0xF7F98015
[HEARTBEAT] SimTick: 3664 | NetHead: 3663 | Confirmed: 3656 | Missing: 8 | StateHash: 0xA4D59DF6
[HEARTBEAT] SimTick: 3724 | NetHead: 3723 | Confirmed: 3716 | Missing: 8 | StateHash: 0x7D595285
[HEARTBEAT] SimTick: 3784 | NetHead: 3783 | Confirmed: 3776 | Missing: 8 | StateHash: 0xFB252E4E
[HEARTBEAT] SimTick: 3845 | NetHead: 3844 | Confirmed: 3837 | Missing: 8 | StateHash: 0x242EC745
[HEARTBEAT] SimTick: 3905 | NetHead: 3904 | Confirmed: 3897 | Missing: 8 | StateHash: 0x8EA02F3E
[HEARTBEAT] SimTick: 3965 | NetHead: 3964 | Confirmed: 3957 | Missing: 8 | StateHash: 0xC7B49B05
[HEARTBEAT] SimTick: 4025 | NetHead: 4024 | Confirmed: 4017 | Missing: 8 | StateHash: 0x24F6DFF6
[HEARTBEAT] SimTick: 4085 | NetHead: 4084 | Confirmed: 4077 | Missing: 8 | StateHash: 0xDB1D5295
[HEARTBEAT] SimTick: 4145 | NetHead: 4144 | Confirmed: 4137 | Missing: 8 | StateHash: 0xDA857FD6
[HEARTBEAT] SimTick: 4205 | NetHead: 4204 | Confirmed: 4197 | Missing: 8 | StateHash: 0x6A8C2345
[HEARTBEAT] SimTick: 4265 | NetHead: 4264 | Confirmed: 4257 | Missing: 8 | StateHash: 0x1222E3BE
[HEARTBEAT] SimTick: 4325 | NetHead: 4324 | Confirmed: 4317 | Missing: 8 | StateHash: 0xC672B1E5
[HEARTBEAT] SimTick: 4385 | NetHead: 4384 | Confirmed: 4377 | Missing: 8 | StateHash: 0x466FAE26
[HEARTBEAT] SimTick: 4445 | NetHead: 4444 | Confirmed: 4437 | Missing: 8 | StateHash: 0xB6089D05
[HEARTBEAT] SimTick: 4505 | NetHead: 4504 | Confirmed: 4497 | Missing: 8 | StateHash: 0xFD981946
[HEARTBEAT] SimTick: 4565 | NetHead: 4564 | Confirmed: 4557 | Missing: 8 | StateHash: 0x8D7A9525
[HEARTBEAT] SimTick: 4625 | NetHead: 4624 | Confirmed: 4617 | Missing: 8 | StateHash: 0x2A733406
[HEARTBEAT] SimTick: 4686 | NetHead: 4685 | Confirmed: 4678 | Missing: 8 | StateHash: 0x92E5D345
[HEARTBEAT] SimTick: 4746 | NetHead: 4745 | Confirmed: 4738 | Missing: 8 | StateHash: 0x2F3678DE
[HEARTBEAT] SimTick: 4806 | NetHead: 4805 | Confirmed: 4798 | Missing: 8 | StateHash: 0x8291C7F5
[HEARTBEAT] SimTick: 4866 | NetHead: 4865 | Confirmed: 4858 | Missing: 8 | StateHash: 0x0B6AD79E
[HEARTBEAT] SimTick: 4926 | NetHead: 4925 | Confirmed: 4918 | Missing: 8 | StateHash: 0x571D9285
[HEARTBEAT] SimTick: 4986 | NetHead: 4985 | Confirmed: 4978 | Missing: 8 | StateHash: 0x2372E726
[HEARTBEAT] SimTick: 5046 | NetHead: 5045 | Confirmed: 5038 | Missing: 8 | StateHash: 0xE14EF185
[HEARTBEAT] SimTick: 5106 | NetHead: 5105 | Confirmed: 5098 | Missing: 8 | StateHash: 0x5EF66386
[HEARTBEAT] SimTick: 5166 | NetHead: 5165 | Confirmed: 5158 | Missing: 8 | StateHash: 0x96CD7885
[HEARTBEAT] SimTick: 5226 | NetHead: 5225 | Confirmed: 5218 | Missing: 8 | StateHash: 0x552B4466
[HEARTBEAT] SimTick: 5286 | NetHead: 5285 | Confirmed: 5278 | Missing: 8 | StateHash: 0x05816785
[HEARTBEAT] SimTick: 5346 | NetHead: 5345 | Confirmed: 5338 | Missing: 8 | StateHash: 0x5BD644B6
[HEARTBEAT] SimTick: 5406 | NetHead: 5405 | Confirmed: 5398 | Missing: 8 | StateHash: 0x73F55245
[HEARTBEAT] SimTick: 5466 | NetHead: 5465 | Confirmed: 5458 | Missing: 8 | StateHash: 0x961221CE
[HEARTBEAT] SimTick: 5526 | NetHead: 5525 | Confirmed: 5518 | Missing: 8 | StateHash: 0x03814815
[HEARTBEAT] SimTick: 5586 | NetHead: 5585 | Confirmed: 5578 | Missing: 8 | StateHash: 0xE8453A1E
[HEARTBEAT] SimTick: 5646 | NetHead: 5645 | Confirmed: 5638 | Missing: 8 | StateHash: 0x7336CF45
[HEARTBEAT] SimTick: 5706 | NetHead: 5705 | Confirmed: 5698 | Missing: 8 | StateHash: 0xF95B9E8E
[HEARTBEAT] SimTick: 5767 | NetHead: 5766 | Confirmed: 5759 | Missing: 8 | StateHash: 0x68C1E295
[HEARTBEAT] SimTick: 5827 | NetHead: 5826 | Confirmed: 5819 | Missing: 8 | StateHash: 0x6A1558DE
[HEARTBEAT] SimTick: 5887 | NetHead: 5886 | Confirmed: 5879 | Missing: 8 | StateHash: 0xE7178745
[HEARTBEAT] SimTick: 5947 | NetHead: 5946 | Confirmed: 5939 | Missing: 8 | StateHash: 0x6BE95B66
[HEARTBEAT] SimTick: 6007 | NetHead: 6006 | Confirmed: 5999 | Missing: 8 | StateHash: 0xE52B46A5
[HEARTBEAT] SimTick: 6067 | NetHead: 6066 | Confirmed: 6059 | Missing: 8 | StateHash: 0x27538686
[HEARTBEAT] SimTick: 6127 | NetHead: 6126 | Confirmed: 6119 | Missing: 8 | StateHash: 0x66A66E05
[HEARTBEAT] SimTick: 6187 | NetHead: 6186 | Confirmed: 6179 | Missing: 8 | StateHash: 0x294B7546
[HEARTBEAT] SimTick: 6247 | NetHead: 6246 | Confirmed: 6239 | Missing: 8 | StateHash: 0x7AE66065
[HEARTBEAT] SimTick: 6307 | NetHead: 6306 | Confirmed: 6299 | Missing: 8 | StateHash: 0x5E55D1AE
[HEARTBEAT] SimTick: 6367 | NetHead: 6366 | Confirmed: 6359 | Missing: 8 | StateHash: 0x4122E185
[HEARTBEAT] SimTick: 6427 | NetHead: 6426 | Confirmed: 6419 | Missing: 8 | StateHash: 0x7809778E
[HEARTBEAT] SimTick: 6487 | NetHead: 6486 | Confirmed: 6479 | Missing: 8 | StateHash: 0x33FE1C25
[HEARTBEAT] SimTick: 6547 | NetHead: 6546 | Confirmed: 6539 | Missing: 8 | StateHash: 0x60A7A8EE
[HEARTBEAT] SimTick: 6607 | NetHead: 6606 | Confirmed: 6599 | Missing: 8 | StateHash: 0x577291C5
[HEARTBEAT] SimTick: 6667 | NetHead: 6666 | Confirmed: 6659 | Missing: 8 | StateHash: 0xFA8F109E
[HEARTBEAT] SimTick: 6727 | NetHead: 6726 | Confirmed: 6719 | Missing: 8 | StateHash: 0xA8A41A05
[HEARTBEAT] SimTick: 6787 | NetHead: 6786 | Confirmed: 6779 | Missing: 8 | StateHash: 0x1351381E
[HEARTBEAT] SimTick: 6847 | NetHead: 6846 | Confirmed: 6839 | Missing: 8 | StateHash: 0xAFCFCB05
[HEARTBEAT] SimTick: 6907 | NetHead: 6906 | Confirmed: 6899 | Missing: 8 | StateHash: 0x9B852A46
[HEARTBEAT] SimTick: 6968 | NetHead: 6967 | Confirmed: 6960 | Missing: 8 | StateHash: 0xAF7A2F35
[HEARTBEAT] SimTick: 7028 | NetHead: 7027 | Confirmed: 7020 | Missing: 8 | StateHash: 0x4BB62A3E
[HEARTBEAT] SimTick: 7088 | NetHead: 7087 | Confirmed: 7080 | Missing: 8 | StateHash: 0xCE8C1545
[HEARTBEAT] SimTick: 7148 | NetHead: 7147 | Confirmed: 7140 | Missing: 8 | StateHash: 0xCD30BFAE
[HEARTBEAT] SimTick: 7208 | NetHead: 7207 | Confirmed: 7200 | Missing: 8 | StateHash: 0x3B32C3F5
[HEARTBEAT] SimTick: 7268 | NetHead: 7267 | Confirmed: 7260 | Missing: 8 | StateHash: 0x976FDF1E
[HEARTBEAT] SimTick: 7328 | NetHead: 7327 | Confirmed: 7320 | Missing: 8 | StateHash: 0x3C0A1A85
[HEARTBEAT] SimTick: 7388 | NetHead: 7387 | Confirmed: 7380 | Missing: 8 | StateHash: 0x333E36AE
[HEARTBEAT] SimTick: 7448 | NetHead: 7447 | Confirmed: 7440 | Missing: 8 | StateHash: 0x44329975
[HEARTBEAT] SimTick: 7508 | NetHead: 7507 | Confirmed: 7500 | Missing: 8 | StateHash: 0xFD616C86
[HEARTBEAT] SimTick: 7568 | NetHead: 7567 | Confirmed: 7560 | Missing: 8 | StateHash: 0x48AF3745
[HEARTBEAT] SimTick: 7628 | NetHead: 7627 | Confirmed: 7620 | Missing: 8 | StateHash: 0x828A6C16
[HEARTBEAT] SimTick: 7688 | NetHead: 7687 | Confirmed: 7680 | Missing: 8 | StateHash: 0xA1912AB5
[HEARTBEAT] SimTick: 7748 | NetHead: 7747 | Confirmed: 7740 | Missing: 8 | StateHash: 0xFDB07BEE
[HEARTBEAT] SimTick: 7808 | NetHead: 7807 | Confirmed: 7800 | Missing: 8 | StateHash: 0x0EDA9745
[HEARTBEAT] SimTick: 7868 | NetHead: 7867 | Confirmed: 7860 | Missing: 8 | StateHash: 0x457259CE
[HEARTBEAT] SimTick: 7928 | NetHead: 7927 | Confirmed: 7920 | Missing: 8 | StateHash: 0x726DD515
[HEARTBEAT] SimTick: 7989 | NetHead: 7988 | Confirmed: 7981 | Missing: 8 | StateHash: 0xF5BF7D4E
[HEARTBEAT] SimTick: 8049 | NetHead: 8048 | Confirmed: 8041 | Missing: 8 | StateHash: 0xBBF03885
[HEARTBEAT] SimTick: 8109 | NetHead: 8108 | Confirmed: 8101 | Missing: 8 | StateHash: 0x17CE065E
[HEARTBEAT] SimTick: 8169 | NetHead: 8168 | Confirmed: 8161 | Missing: 8 | StateHash: 0xFCC4B4D5
[HEARTBEAT] SimTick: 8229 | NetHead: 8228 | Confirmed: 8221 | Missing: 8 | StateHash: 0x324A76F6
[HEARTBEAT] SimTick: 8289 | NetHead: 8288 | Confirmed: 8281 | Missing: 8 | StateHash: 0x3F92AD05
[HEARTBEAT] SimTick: 8349 | NetHead: 8348 | Confirmed: 8341 | Missing: 8 | StateHash: 0x6D41988E
[HEARTBEAT] SimTick: 8409 | NetHead: 8408 | Confirmed: 8401 | Missing: 8 | StateHash: 0xA72355C5
[HEARTBEAT] SimTick: 8469 | NetHead: 8468 | Confirmed: 8461 | Missing: 8 | StateHash: 0xE337E67E
[HEARTBEAT] SimTick: 8529 | NetHead: 8528 | Confirmed: 8521 | Missing: 8 | StateHash: 0xCF3BB9C5
[HEARTBEAT] SimTick: 8589 | NetHead: 8588 | Confirmed: 8581 | Missing: 8 | StateHash: 0xCD0EE056
[HEARTBEAT] SimTick: 8649 | NetHead: 8648 | Confirmed: 8641 | Missing: 8 | StateHash: 0xFAB30AD5
[HEARTBEAT] SimTick: 8710 | NetHead: 8709 | Confirmed: 8702 | Missing: 8 | StateHash: 0x48BE6266
[HEARTBEAT] SimTick: 8770 | NetHead: 8769 | Confirmed: 8762 | Missing: 8 | StateHash: 0x33C1FEC5
[HEARTBEAT] SimTick: 8830 | NetHead: 8829 | Confirmed: 8822 | Missing: 8 | StateHash: 0x805FDFCE
[HEARTBEAT] SimTick: 8890 | NetHead: 8889 | Confirmed: 8882 | Missing: 8 | StateHash: 0x3AF4A425
[HEARTBEAT] SimTick: 8950 | NetHead: 8949 | Confirmed: 8942 | Missing: 8 | StateHash: 0xD324F926
[HEARTBEAT] SimTick: 9010 | NetHead: 9009 | Confirmed: 9002 | Missing: 8 | StateHash: 0x6293D3C5
[HEARTBEAT] SimTick: 9070 | NetHead: 9069 | Confirmed: 9062 | Missing: 8 | StateHash: 0x1C2183A6
[HEARTBEAT] SimTick: 9130 | NetHead: 9129 | Confirmed: 9122 | Missing: 8 | StateHash: 0xCD721BA5
[HEARTBEAT] SimTick: 9190 | NetHead: 9189 | Confirmed: 9182 | Missing: 8 | StateHash: 0x55E197DE
[HEARTBEAT] SimTick: 9250 | NetHead: 9249 | Confirmed: 9242 | Missing: 8 | StateHash: 0xFC5A6E85
[HEARTBEAT] SimTick: 9310 | NetHead: 9309 | Confirmed: 9302 | Missing: 8 | StateHash: 0xF9147366
[HEARTBEAT] SimTick: 9370 | NetHead: 9369 | Confirmed: 9362 | Missing: 8 | StateHash: 0x6837E555
[HEARTBEAT] SimTick: 9430 | NetHead: 9429 | Confirmed: 9422 | Missing: 8 | StateHash: 0xAA0408A6
[HEARTBEAT] SimTick: 9490 | NetHead: 9489 | Confirmed: 9482 | Missing: 8 | StateHash: 0x2C93C705
[HEARTBEAT] SimTick: 9550 | NetHead: 9549 | Confirmed: 9542 | Missing: 8 | StateHash: 0x7A9AE4AE
[HEARTBEAT] SimTick: 9611 | NetHead: 9610 | Confirmed: 9603 | Missing: 8 | StateHash: 0x85920031
[HEARTBEAT] SimTick: 9671 | NetHead: 9670 | Confirmed: 9663 | Missing: 8 | StateHash: 0x0EF0450E
[HEARTBEAT] SimTick: 9731 | NetHead: 9730 | Confirmed: 9723 | Missing: 8 | StateHash: 0xB9A54749
[HEARTBEAT] SimTick: 9791 | NetHead: 9790 | Confirmed: 9783 | Missing: 8 | StateHash: 0x6BDE8AE6
[HEARTBEAT] SimTick: 9851 | NetHead: 9850 | Confirmed: 9843 | Missing: 8 | StateHash: 0x80F96859
[HEARTBEAT] SimTick: 9911 | NetHead: 9910 | Confirmed: 9903 | Missing: 8 | StateHash: 0x7EF0F916
[HEARTBEAT] SimTick: 9971 | NetHead: 9970 | Confirmed: 9963 | Missing: 8 | StateHash: 0xCB8A97A9
[HEARTBEAT] SimTick: 10031 | NetHead: 10030 | Confirmed: 10023 | Missing: 8 | StateHash: 0x78A852C6
[HEARTBEAT] SimTick: 10091 | NetHead: 10090 | Confirmed: 10083 | Missing: 8 | StateHash: 0xC39CB429
[HEARTBEAT] SimTick: 10151 | NetHead: 10150 | Confirmed: 10143 | Missing: 8 | StateHash: 0xDEB3DBA6
[HEARTBEAT] SimTick: 10211 | NetHead: 10210 | Confirmed: 10203 | Missing: 8 | StateHash: 0x7EF0BCC9
[HEARTBEAT] SimTick: 10271 | NetHead: 10270 | Confirmed: 10263 | Missing: 8 | StateHash: 0xE87CCFA6
[HEARTBEAT] SimTick: 10331 | NetHead: 10330 | Confirmed: 10323 | Missing: 8 | StateHash: 0x525E7429
[HEARTBEAT] SimTick: 10391 | NetHead: 10390 | Confirmed: 10383 | Missing: 8 | StateHash: 0x79608A86
[HEARTBEAT] SimTick: 10451 | NetHead: 10450 | Confirmed: 10443 | Missing: 8 | StateHash: 0x1747A4F1
[HEARTBEAT] SimTick: 10511 | NetHead: 10510 | Confirmed: 10503 | Missing: 8 | StateHash: 0x73EB6F8E
[HEARTBEAT] SimTick: 10572 | NetHead: 10571 | Confirmed: 10564 | Missing: 8 | StateHash: 0xA6A948A1
[HEARTBEAT] SimTick: 10632 | NetHead: 10631 | Confirmed: 10624 | Missing: 8 | StateHash: 0x2E4F921E
[HEARTBEAT] SimTick: 10692 | NetHead: 10691 | Confirmed: 10684 | Missing: 8 | StateHash: 0x7CA105B1
[HEARTBEAT] SimTick: 10752 | NetHead: 10751 | Confirmed: 10744 | Missing: 8 | StateHash: 0x475DE04E
[HEARTBEAT] SimTick: 10812 | NetHead: 10811 | Confirmed: 10804 | Missing: 8 | StateHash: 0x9237C989
[HEARTBEAT] SimTick: 10872 | NetHead: 10871 | Confirmed: 10864 | Missing: 8 | StateHash: 0xE4220FD6
[HEARTBEAT] SimTick: 10932 | NetHead: 10931 | Confirmed: 10924 | Missing: 8 | StateHash: 0x32D32561
[HEARTBEAT] SimTick: 10992 | NetHead: 10991 | Confirmed: 10984 | Missing: 8 | StateHash: 0xCF9ECCCE
[HEARTBEAT] SimTick: 11052 | NetHead: 11051 | Confirmed: 11044 | Missing: 8 | StateHash: 0x5D861D19
[HEARTBEAT] SimTick: 11112 | NetHead: 11111 | Confirmed: 11104 | Missing: 8 | StateHash: 0xF4C487B6
[HEARTBEAT] SimTick: 11172 | NetHead: 11171 | Confirmed: 11164 | Missing: 8 | StateHash: 0xD8D30DE1
[HEARTBEAT] SimTick: 11232 | NetHead: 11231 | Confirmed: 11224 | Missing: 8 | StateHash: 0x59E5067E
[HEARTBEAT] SimTick: 11292 | NetHead: 11291 | Confirmed: 11284 | Missing: 8 | StateHash: 0x47D906E9
[HEARTBEAT] SimTick: 11352 | NetHead: 11351 | Confirmed: 11344 | Missing: 8 | StateHash: 0x68AFBD56
[HEARTBEAT] SimTick: 11412 | NetHead: 11411 | Confirmed: 11404 | Missing: 8 | StateHash: 0xF4AF9901
[HEARTBEAT] SimTick: 11472 | NetHead: 11471 | Confirmed: 11464 | Missing: 8 | StateHash: 0xDFE8E02E
[HEARTBEAT] SimTick: 11532 | NetHead: 11531 | Confirmed: 11524 | Missing: 8 | StateHash: 0x357B4969
[HEARTBEAT] SimTick: 11592 | NetHead: 11591 | Confirmed: 11584 | Missing: 8 | StateHash: 0x1E5A3B66
[HEARTBEAT] SimTick: 11652 | NetHead: 11651 | Confirmed: 11644 | Missing: 8 | StateHash: 0x0715FA09
[HEARTBEAT] SimTick: 11712 | NetHead: 11711 | Confirmed: 11704 | Missing: 8 | StateHash: 0x0A57DE86
[HEARTBEAT] SimTick: 11772 | NetHead: 11771 | Confirmed: 11764 | Missing: 8 | StateHash: 0x4A3A6A79
[HEARTBEAT] SimTick: 11832 | NetHead: 11831 | Confirmed: 11824 | Missing: 8 | StateHash: 0xCC791B56
[HEARTBEAT] SimTick: 11892 | NetHead: 11891 | Confirmed: 11884 | Missing: 8 | StateHash: 0x44F08C09
[HEARTBEAT] SimTick: 11953 | NetHead: 11952 | Confirmed: 11945 | Missing: 8 | StateHash: 0xC741F306
[HEARTBEAT] SimTick: 12013 | NetHead: 12012 | Confirmed: 12005 | Missing: 8 | StateHash: 0x38CF7149
[HEARTBEAT] SimTick: 12073 | NetHead: 12072 | Confirmed: 12065 | Missing: 8 | StateHash: 0x1DEF7886
[HEARTBEAT] SimTick: 12133 | NetHead: 12132 | Confirmed: 12125 | Missing: 8 | StateHash: 0x16B12499
[HEARTBEAT] SimTick: 12193 | NetHead: 12192 | Confirmed: 12185 | Missing: 8 | StateHash: 0x5971AC96
[HEARTBEAT] SimTick: 12253 | NetHead: 12252 | Confirmed: 12245 | Missing: 8 | StateHash: 0x41337A91
[HEARTBEAT] SimTick: 12313 | NetHead: 12312 | Confirmed: 12305 | Missing: 8 | StateHash: 0x530ECF5E
[HEARTBEAT] SimTick: 12373 | NetHead: 12372 | Confirmed: 12365 | Missing: 8 | StateHash: 0x2B2EABC9
[HEARTBEAT] SimTick: 12433 | NetHead: 12432 | Confirmed: 12425 | Missing: 8 | StateHash: 0x1E686D56
[HEARTBEAT] SimTick: 12493 | NetHead: 12492 | Confirmed: 12485 | Missing: 8 | StateHash: 0x2271CC71
[HEARTBEAT] SimTick: 12553 | NetHead: 12552 | Confirmed: 12545 | Missing: 8 | StateHash: 0x0F59212E
[HEARTBEAT] SimTick: 12613 | NetHead: 12612 | Confirmed: 12605 | Missing: 8 | StateHash: 0x0EA44439
[HEARTBEAT] SimTick: 12673 | NetHead: 12672 | Confirmed: 12665 | Missing: 8 | StateHash: 0xC067A256
[HEARTBEAT] SimTick: 12733 | NetHead: 12732 | Confirmed: 12725 | Missing: 8 | StateHash: 0x687A7349
[HEARTBEAT] SimTick: 12793 | NetHead: 12792 | Confirmed: 12785 | Missing: 8 | StateHash: 0xF8938286
[HEARTBEAT] SimTick: 12853 | NetHead: 12852 | Confirmed: 12845 | Missing: 8 | StateHash: 0x087F72A9
[HEARTBEAT] SimTick: 12913 | NetHead: 12912 | Confirmed: 12905 | Missing: 8 | StateHash: 0xA27CC0A6
[HEARTBEAT] SimTick: 12973 | NetHead: 12972 | Confirmed: 12965 | Missing: 8 | StateHash: 0xD735B989
[HEARTBEAT] SimTick: 13034 | NetHead: 13033 | Confirmed: 13026 | Missing: 8 | StateHash: 0x91050426
[HEARTBEAT] SimTick: 13094 | NetHead: 13093 | Confirmed: 13086 | Missing: 8 | StateHash: 0xD049CC41
[HEARTBEAT] SimTick: 13154 | NetHead: 13153 | Confirmed: 13146 | Missing: 8 | StateHash: 0xBD96ADBE
[HEARTBEAT] SimTick: 13214 | NetHead: 13213 | Confirmed: 13206 | Missing: 8 | StateHash: 0x7FA533D1
[HEARTBEAT] SimTick: 13274 | NetHead: 13273 | Confirmed: 13266 | Missing: 8 | StateHash: 0x01D40FAE
[HEARTBEAT] SimTick: 13334 | NetHead: 13333 | Confirmed: 13326 | Missing: 8 | StateHash: 0xCE7C9BA1
[HEARTBEAT] SimTick: 13394 | NetHead: 13393 | Confirmed: 13386 | Missing: 8 | StateHash: 0xDA4390DE
[HEARTBEAT] SimTick: 13454 | NetHead: 13453 | Confirmed: 13446 | Missing: 8 | StateHash: 0xC46E32B1
[HEARTBEAT] SimTick: 13514 | NetHead: 13513 | Confirmed: 13506 | Missing: 8 | StateHash: 0x29F304AE
[HEARTBEAT] SimTick: 13574 | NetHead: 13573 | Confirmed: 13566 | Missing: 8 | StateHash: 0x7692B731
[HEARTBEAT] SimTick: 13634 | NetHead: 13633 | Confirmed: 13626 | Missing: 8 | StateHash: 0x84D5504E
[HEARTBEAT] SimTick: 13694 | NetHead: 13693 | Confirmed: 13686 | Missing: 8 | StateHash: 0x8D289DA1
[HEARTBEAT] SimTick: 13754 | NetHead: 13753 | Confirmed: 13746 | Missing: 8 | StateHash: 0xB6F7435E
[HEARTBEAT] SimTick: 13815 | NetHead: 13814 | Confirmed: 13807 | Missing: 8 | StateHash: 0x029351A1
[HEARTBEAT] SimTick: 13875 | NetHead: 13874 | Confirmed: 13867 | Missing: 8 | StateHash: 0xBD253FDE
[HEARTBEAT] SimTick: 13935 | NetHead: 13934 | Confirmed: 13927 | Missing: 8 | StateHash: 0x5BC47239
[HEARTBEAT] SimTick: 13995 | NetHead: 13994 | Confirmed: 13987 | Missing: 8 | StateHash: 0x165FFBC6
[HEARTBEAT] SimTick: 14055 | NetHead: 14054 | Confirmed: 14047 | Missing: 8 | StateHash: 0x92F63229
[HEARTBEAT] SimTick: 14115 | NetHead: 14114 | Confirmed: 14107 | Missing: 8 | StateHash: 0x58008256
[HEARTBEAT] SimTick: 14175 | NetHead: 14174 | Confirmed: 14167 | Missing: 8 | StateHash: 0x86340A05
[HEARTBEAT] SimTick: 14235 | NetHead: 14234 | Confirmed: 14227 | Missing: 8 | StateHash: 0x3C376D72
[HEARTBEAT] SimTick: 14295 | NetHead: 14294 | Confirmed: 14287 | Missing: 8 | StateHash: 0xD0271345
[HEARTBEAT] SimTick: 14355 | NetHead: 14354 | Confirmed: 14347 | Missing: 8 | StateHash: 0xF0D5FAB2
[HEARTBEAT] SimTick: 14415 | NetHead: 14414 | Confirmed: 14407 | Missing: 8 | StateHash: 0xB0948D55
[HEARTBEAT] SimTick: 14475 | NetHead: 14474 | Confirmed: 14467 | Missing: 8 | StateHash: 0xA36094B2
[HEARTBEAT] SimTick: 14535 | NetHead: 14534 | Confirmed: 14527 | Missing: 8 | StateHash: 0x6ABB1505
[HEARTBEAT] SimTick: 14595 | NetHead: 14594 | Confirmed: 14587 | Missing: 8 | StateHash: 0xE17B9DE2
[HEARTBEAT] SimTick: 14655 | NetHead: 14654 | Confirmed: 14647 | Missing: 8 | StateHash: 0xB8EC7EC5
[HEARTBEAT] SimTick: 14715 | NetHead: 14714 | Confirmed: 14707 | Missing: 8 | StateHash: 0x4EC119D2
[HEARTBEAT] SimTick: 14775 | NetHead: 14774 | Confirmed: 14767 | Missing: 8 | StateHash: 0x06D84AC5
[HEARTBEAT] SimTick: 14836 | NetHead: 14835 | Confirmed: 14828 | Missing: 8 | StateHash: 0x926D59F2
[HEARTBEAT] SimTick: 14896 | NetHead: 14895 | Confirmed: 14888 | Missing: 8 | StateHash: 0xB45864D5
[HEARTBEAT] SimTick: 14956 | NetHead: 14955 | Confirmed: 14948 | Missing: 8 | StateHash: 0x30F62C22
[HEARTBEAT] SimTick: 15016 | NetHead: 15015 | Confirmed: 15008 | Missing: 8 | StateHash: 0xFE9C7C45
[HEARTBEAT] SimTick: 15076 | NetHead: 15075 | Confirmed: 15068 | Missing: 8 | StateHash: 0xC037D912
[HEARTBEAT] SimTick: 15136 | NetHead: 15135 | Confirmed: 15128 | Missing: 8 | StateHash: 0x283E8385
[HEARTBEAT] SimTick: 15196 | NetHead: 15195 | Confirmed: 15188 | Missing: 8 | StateHash: 0x849C7622
[HEARTBEAT] SimTick: 15256 | NetHead: 15255 | Confirmed: 15248 | Missing: 8 | StateHash: 0x03F6F105
[HEARTBEAT] SimTick: 15316 | NetHead: 15315 | Confirmed: 15308 | Missing: 8 | StateHash: 0xAFEE5402
[HEARTBEAT] SimTick: 15376 | NetHead: 15375 | Confirmed: 15368 | Missing: 8 | StateHash: 0xC3E5B995
[HEARTBEAT] SimTick: 15436 | NetHead: 15435 | Confirmed: 15428 | Missing: 8 | StateHash: 0xB07CA242
[HEARTBEAT] SimTick: 15496 | NetHead: 15495 | Confirmed: 15488 | Missing: 8 | StateHash: 0x65AC04C5
[HEARTBEAT] SimTick: 15556 | NetHead: 15555 | Confirmed: 15548 | Missing: 8 | StateHash: 0xA1AA3772
[HEARTBEAT] SimTick: 15616 | NetHead: 15615 | Confirmed: 15608 | Missing: 8 | StateHash: 0x13A217D5
[HEARTBEAT] SimTick: 15676 | NetHead: 15675 | Confirmed: 15668 | Missing: 8 | StateHash: 0x10AAAF72
[HEARTBEAT] SimTick: 15736 | NetHead: 15735 | Confirmed: 15728 | Missing: 8 | StateHash: 0xB2F2C205
[HEARTBEAT] SimTick: 15796 | NetHead: 15795 | Confirmed: 15788 | Missing: 8 | StateHash: 0xB5EB4982
[HEARTBEAT] SimTick: 15857 | NetHead: 15856 | Confirmed: 15849 | Missing: 8 | StateHash: 0x429EAE95
[HEARTBEAT] SimTick: 15917 | NetHead: 15916 | Confirmed: 15909 | Missing: 8 | StateHash: 0x0243B0A2
[HEARTBEAT] SimTick: 15977 | NetHead: 15976 | Confirmed: 15969 | Missing: 8 | StateHash: 0xCC452AC5
[HEARTBEAT] SimTick: 16037 | NetHead: 16036 | Confirmed: 16029 | Missing: 8 | StateHash: 0xAFAF5E92
[HEARTBEAT] SimTick: 16097 | NetHead: 16096 | Confirmed: 16089 | Missing: 8 | StateHash: 0x0BF27B65
[HEARTBEAT] SimTick: 16157 | NetHead: 16156 | Confirmed: 16149 | Missing: 8 | StateHash: 0x016D2B22
[HEARTBEAT] SimTick: 16217 | NetHead: 16216 | Confirmed: 16209 | Missing: 8 | StateHash: 0xDEE7C7C5
[HEARTBEAT] SimTick: 16277 | NetHead: 16276 | Confirmed: 16269 | Missing: 8 | StateHash: 0x7F0A4442
[HEARTBEAT] SimTick: 16337 | NetHead: 16336 | Confirmed: 16329 | Missing: 8 | StateHash: 0xB62F1815
[HEARTBEAT] SimTick: 16397 | NetHead: 16396 | Confirmed: 16389 | Missing: 8 | StateHash: 0xAD6ED512
[HEARTBEAT] SimTick: 16457 | NetHead: 16456 | Confirmed: 16449 | Missing: 8 | StateHash: 0x9C7F7A05
[HEARTBEAT] SimTick: 16517 | NetHead: 16516 | Confirmed: 16509 | Missing: 8 | StateHash: 0x03E441A2
[HEARTBEAT] SimTick: 16577 | NetHead: 16576 | Confirmed: 16569 | Missing: 8 | StateHash: 0x1FFC5405
[HEARTBEAT] SimTick: 16637 | NetHead: 16636 | Confirmed: 16629 | Missing: 8 | StateHash: 0x75A1A872
[HEARTBEAT] SimTick: 16697 | NetHead: 16696 | Confirmed: 16689 | Missing: 8 | StateHash: 0xDB169A05
[HEARTBEAT] SimTick: 16757 | NetHead: 16756 | Confirmed: 16749 | Missing: 8 | StateHash: 0x663DCB32
[HEARTBEAT] SimTick: 16817 | NetHead: 16816 | Confirmed: 16809 | Missing: 8 | StateHash: 0xEC463655
[HEARTBEAT] SimTick: 16877 | NetHead: 16876 | Confirmed: 16869 | Missing: 8 | StateHash: 0x63C13332
[HEARTBEAT] SimTick: 16937 | NetHead: 16936 | Confirmed: 16929 | Missing: 8 | StateHash: 0x7C995C85
[HEARTBEAT] SimTick: 16997 | NetHead: 16996 | Confirmed: 16989 | Missing: 8 | StateHash: 0x21AE7D22
[HEARTBEAT] SimTick: 17057 | NetHead: 17056 | Confirmed: 17049 | Missing: 8 | StateHash: 0x9D2A6845
[HEARTBEAT] SimTick: 17117 | NetHead: 17116 | Confirmed: 17109 | Missing: 8 | StateHash: 0x3728EE42
[HEARTBEAT] SimTick: 17177 | NetHead: 17176 | Confirmed: 17169 | Missing: 8 | StateHash: 0xB816B105
[HEARTBEAT] SimTick: 17237 | NetHead: 17236 | Confirmed: 17229 | Missing: 8 | StateHash: 0xE390A382
[HEARTBEAT] SimTick: 17297 | NetHead: 17296 | Confirmed: 17289 | Missing: 8 | StateHash: 0xA3254DB5
[HEARTBEAT] SimTick: 17357 | NetHead: 17356 | Confirmed: 17349 | Missing: 8 | StateHash: 0x0F762622
[HEARTBEAT] SimTick: 17418 | NetHead: 17417 | Confirmed: 17410 | Missing: 8 | StateHash: 0x2AF1D6C5
[HEARTBEAT] SimTick: 17478 | NetHead: 17477 | Confirmed: 17470 | Missing: 8 | StateHash: 0x74044BFC
[HEARTBEAT] SimTick: 17538 | NetHead: 17537 | Confirmed: 17530 | Missing: 8 | StateHash: 0xA7174305
[HEARTBEAT] SimTick: 17598 | NetHead: 17597 | Confirmed: 17590 | Missing: 8 | StateHash: 0xA928170C
[HEARTBEAT] SimTick: 17658 | NetHead: 17657 | Confirmed: 17650 | Missing: 8 | StateHash: 0x09A41D85
[HEARTBEAT] SimTick: 17718 | NetHead: 17717 | Confirmed: 17710 | Missing: 8 | StateHash: 0x8CB817B4
[HEARTBEAT] SimTick: 17778 | NetHead: 17777 | Confirmed: 17770 | Missing: 8 | StateHash: 0xF5A2D451
[HEARTBEAT] SimTick: 17838 | NetHead: 17837 | Confirmed: 17830 | Missing: 8 | StateHash: 0x677E9E7C
[HEARTBEAT] SimTick: 17898 | NetHead: 17897 | Confirmed: 17890 | Missing: 8 | StateHash: 0x07104741
[HEARTBEAT] SimTick: 17958 | NetHead: 17957 | Confirmed: 17950 | Missing: 8 | StateHash: 0x7BDD59F4
[HEARTBEAT] SimTick: 18018 | NetHead: 18017 | Confirmed: 18010 | Missing: 8 | StateHash: 0x9877AA99
[HEARTBEAT] SimTick: 18078 | NetHead: 18077 | Confirmed: 18070 | Missing: 8 | StateHash: 0xCDA93424
[HEARTBEAT] SimTick: 18138 | NetHead: 18137 | Confirmed: 18130 | Missing: 8 | StateHash: 0x6F584331
[HEARTBEAT] SimTick: 18198 | NetHead: 18197 | Confirmed: 18190 | Missing: 8 | StateHash: 0xE5D0EF54
[HEARTBEAT] SimTick: 18258 | NetHead: 18257 | Confirmed: 18250 | Missing: 8 | StateHash: 0x40A8DC09
[HEARTBEAT] SimTick: 18318 | NetHead: 18317 | Confirmed: 18310 | Missing: 8 | StateHash: 0xC32E3F5C
[HEARTBEAT] SimTick: 18378 | NetHead: 18377 | Confirmed: 18370 | Missing: 8 | StateHash: 0x40FA9D89
[HEARTBEAT] SimTick: 18438 | NetHead: 18437 | Confirmed: 18430 | Missing: 8 | StateHash: 0xA18C8B3C
[HEARTBEAT] SimTick: 18498 | NetHead: 18497 | Confirmed: 18490 | Missing: 8 | StateHash: 0x8956AAD9
[HEARTBEAT] SimTick: 18558 | NetHead: 18557 | Confirmed: 18550 | Missing: 8 | StateHash: 0x73008AC4
[HEARTBEAT] SimTick: 18619 | NetHead: 18618 | Confirmed: 18611 | Missing: 8 | StateHash: 0x7EBF6681
[HEARTBEAT] SimTick: 18679 | NetHead: 18678 | Confirmed: 18671 | Missing: 8 | StateHash: 0x625C670C
[HEARTBEAT] SimTick: 18739 | NetHead: 18738 | Confirmed: 18731 | Missing: 8 | StateHash: 0x8EFE74D1
[HEARTBEAT] SimTick: 18799 | NetHead: 18798 | Confirmed: 18791 | Missing: 8 | StateHash: 0x9C32E564
[HEARTBEAT] SimTick: 18859 | NetHead: 18858 | Confirmed: 18851 | Missing: 8 | StateHash: 0xB7B1F549
[HEARTBEAT] SimTick: 18919 | NetHead: 18918 | Confirmed: 18911 | Missing: 8 | StateHash: 0x86D1B584
[HEARTBEAT] SimTick: 18979 | NetHead: 18978 | Confirmed: 18971 | Missing: 8 | StateHash: 0x4B9A09C1
[HEARTBEAT] SimTick: 19039 | NetHead: 19038 | Confirmed: 19031 | Missing: 8 | StateHash: 0xCB28C164
[HEARTBEAT] SimTick: 19099 | NetHead: 19098 | Confirmed: 19091 | Missing: 8 | StateHash: 0xD71C21A9
[HEARTBEAT] SimTick: 19159 | NetHead: 19158 | Confirmed: 19151 | Missing: 8 | StateHash: 0x4526300C
[HEARTBEAT] SimTick: 19219 | NetHead: 19218 | Confirmed: 19211 | Missing: 8 | StateHash: 0x1EC98DE9
[HEARTBEAT] SimTick: 19279 | NetHead: 19278 | Confirmed: 19271 | Missing: 8 | StateHash: 0xDF3519E4
[HEARTBEAT] SimTick: 19339 | NetHead: 19338 | Confirmed: 19331 | Missing: 8 | StateHash: 0xFA1D0AE1
[HEARTBEAT] SimTick: 19399 | NetHead: 19398 | Confirmed: 19391 | Missing: 8 | StateHash: 0xA8E2DB5C
[HEARTBEAT] SimTick: 19459 | NetHead: 19458 | Confirmed: 19451 | Missing: 8 | StateHash: 0xF5200721
[HEARTBEAT] SimTick: 19519 | NetHead: 19518 | Confirmed: 19511 | Missing: 8 | StateHash: 0x45BA3DF4
[HEARTBEAT] SimTick: 19579 | NetHead: 19578 | Confirmed: 19571 | Missing: 8 | StateHash: 0x99F1D979
[HEARTBEAT] SimTick: 19639 | NetHead: 19638 | Confirmed: 19631 | Missing: 8 | StateHash: 0xC075C1C4
[HEARTBEAT] SimTick: 19700 | NetHead: 19699 | Confirmed: 19692 | Missing: 8 | StateHash: 0x24C48C11
[HEARTBEAT] SimTick: 19760 | NetHead: 19759 | Confirmed: 19752 | Missing: 8 | StateHash: 0x83F4FA44
[HEARTBEAT] SimTick: 19820 | NetHead: 19819 | Confirmed: 19812 | Missing: 8 | StateHash: 0x56DF9E89
[HEARTBEAT] SimTick: 19880 | NetHead: 19879 | Confirmed: 19872 | Missing: 8 | StateHash: 0x273A8A04
[HEARTBEAT] SimTick: 19940 | NetHead: 19939 | Confirmed: 19932 | Missing: 8 | StateHash: 0x67E885C1
[HEARTBEAT] SimTick: 20000 | NetHead: 19999 | Confirmed: 19992 | Missing: 8 | StateHash: 0xEF6E82BC
[HEARTBEAT] SimTick: 20060 | NetHead: 20059 | Confirmed: 20052 | Missing: 8 | StateHash: 0xCDAFAF21
[HEARTBEAT] SimTick: 20120 | NetHead: 20119 | Confirmed: 20112 | Missing: 8 | StateHash: 0xDB2369FC
[HEARTBEAT] SimTick: 20180 | NetHead: 20179 | Confirmed: 20172 | Missing: 8 | StateHash: 0x80E28981
[HEARTBEAT] SimTick: 20240 | NetHead: 20239 | Confirmed: 20232 | Missing: 8 | StateHash: 0x2AF747FC
[HEARTBEAT] SimTick: 20300 | NetHead: 20299 | Confirmed: 20292 | Missing: 8 | StateHash: 0xE42E2221
[HEARTBEAT] SimTick: 20360 | NetHead: 20359 | Confirmed: 20352 | Missing: 8 | StateHash: 0xD4C93914
[HEARTBEAT] SimTick: 20420 | NetHead: 20419 | Confirmed: 20412 | Missing: 8 | StateHash: 0x88125139
[HEARTBEAT] SimTick: 20480 | NetHead: 20479 | Confirmed: 20472 | Missing: 8 | StateHash: 0xF40A0804
[HEARTBEAT] SimTick: 20540 | NetHead: 20539 | Confirmed: 20532 | Missing: 8 | StateHash: 0x17F64F21
[HEARTBEAT] SimTick: 20600 | NetHead: 20599 | Confirmed: 20592 | Missing: 8 | StateHash: 0x75F56224
[HEARTBEAT] SimTick: 20660 | NetHead: 20659 | Confirmed: 20652 | Missing: 8 | StateHash: 0xAB67CA49
[HEARTBEAT] SimTick: 20720 | NetHead: 20719 | Confirmed: 20712 | Missing: 8 | StateHash: 0x09CF766C
[HEARTBEAT] SimTick: 20781 | NetHead: 20780 | Confirmed: 20773 | Missing: 8 | StateHash: 0xCFF6C3AA
[HEARTBEAT] SimTick: 20841 | NetHead: 20840 | Confirmed: 20833 | Missing: 8 | StateHash: 0x75737C64
[HEARTBEAT] SimTick: 20901 | NetHead: 20900 | Confirmed: 20893 | Missing: 8 | StateHash: 0xAE37EF82
[HEARTBEAT] SimTick: 20961 | NetHead: 20960 | Confirmed: 20953 | Missing: 8 | StateHash: 0xE1B0DCC4
[HEARTBEAT] SimTick: 21021 | NetHead: 21020 | Confirmed: 21013 | Missing: 8 | StateHash: 0x93DBF1CA
[HEARTBEAT] SimTick: 21081 | NetHead: 21080 | Confirmed: 21073 | Missing: 8 | StateHash: 0x7BEBB794
[HEARTBEAT] SimTick: 21141 | NetHead: 21140 | Confirmed: 21133 | Missing: 8 | StateHash: 0xB802B362
[HEARTBEAT] SimTick: 21201 | NetHead: 21200 | Confirmed: 21193 | Missing: 8 | StateHash: 0x656D489C
[HEARTBEAT] SimTick: 21261 | NetHead: 21260 | Confirmed: 21253 | Missing: 8 | StateHash: 0xEC9C1082
[HEARTBEAT] SimTick: 21321 | NetHead: 21320 | Confirmed: 21313 | Missing: 8 | StateHash: 0x2A39C674
[HEARTBEAT] SimTick: 21381 | NetHead: 21380 | Confirmed: 21373 | Missing: 8 | StateHash: 0x4AE3D1CA
[HEARTBEAT] SimTick: 21441 | NetHead: 21440 | Confirmed: 21433 | Missing: 8 | StateHash: 0xC9CC5F1C
[HEARTBEAT] SimTick: 21501 | NetHead: 21500 | Confirmed: 21493 | Missing: 8 | StateHash: 0x3C7D86AA
[HEARTBEAT] SimTick: 21561 | NetHead: 21560 | Confirmed: 21553 | Missing: 8 | StateHash: 0xF8127404
[HEARTBEAT] SimTick: 21621 | NetHead: 21620 | Confirmed: 21613 | Missing: 8 | StateHash: 0xFA78E972
[HEARTBEAT] SimTick: 21682 | NetHead: 21681 | Confirmed: 21674 | Missing: 8 | StateHash: 0xF1347B7C
[HEARTBEAT] SimTick: 21742 | NetHead: 21741 | Confirmed: 21734 | Missing: 8 | StateHash: 0xA4F14B52
[HEARTBEAT] SimTick: 21802 | NetHead: 21801 | Confirmed: 21794 | Missing: 8 | StateHash: 0x29AEDFC4
[HEARTBEAT] SimTick: 21862 | NetHead: 21861 | Confirmed: 21854 | Missing: 8 | StateHash: 0x29F9591A
[HEARTBEAT] SimTick: 21922 | NetHead: 21921 | Confirmed: 21914 | Missing: 8 | StateHash: 0xF480E884
[HEARTBEAT] SimTick: 21982 | NetHead: 21981 | Confirmed: 21974 | Missing: 8 | StateHash: 0x61C65792
[HEARTBEAT] SimTick: 22042 | NetHead: 22041 | Confirmed: 22034 | Missing: 8 | StateHash: 0x767FB38C
[HEARTBEAT] SimTick: 22102 | NetHead: 22101 | Confirmed: 22094 | Missing: 8 | StateHash: 0xDD5E1352
[HEARTBEAT] SimTick: 22162 | NetHead: 22161 | Confirmed: 22154 | Missing: 8 | StateHash: 0x0C01F034
[HEARTBEAT] SimTick: 22222 | NetHead: 22221 | Confirmed: 22214 | Missing: 8 | StateHash: 0x355ED42A
[HEARTBEAT] SimTick: 22282 | NetHead: 22281 | Confirmed: 22274 | Missing: 8 | StateHash: 0x48AF2234
[HEARTBEAT] SimTick: 22342 | NetHead: 22341 | Confirmed: 22334 | Missing: 8 | StateHash: 0xE40BBAD2
[HEARTBEAT] SimTick: 22402 | NetHead: 22401 | Confirmed: 22394 | Missing: 8 | StateHash: 0x3CCD64E4
[HEARTBEAT] SimTick: 22462 | NetHead: 22461 | Confirmed: 22454 | Missing: 8 | StateHash: 0x0F1F04AA
[HEARTBEAT] SimTick: 22522 | NetHead: 22521 | Confirmed: 22514 | Missing: 8 | StateHash: 0x7835C2C4
[HEARTBEAT] SimTick: 22583 | NetHead: 22582 | Confirmed: 22575 | Missing: 8 | StateHash: 0x218EA542
[HEARTBEAT] SimTick: 22643 | NetHead: 22642 | Confirmed: 22635 | Missing: 8 | StateHash: 0xDFA1B884
[HEARTBEAT] SimTick: 22703 | NetHead: 22702 | Confirmed: 22695 | Missing: 8 | StateHash: 0x0D4A35AA
[HEARTBEAT] SimTick: 22763 | NetHead: 22762 | Confirmed: 22755 | Missing: 8 | StateHash: 0x07EFA8BC
[HEARTBEAT] SimTick: 22823 | NetHead: 22822 | Confirmed: 22815 | Missing: 8 | StateHash: 0xF667061A
[HEARTBEAT] SimTick: 22883 | NetHead: 22882 | Confirmed: 22875 | Missing: 8 | StateHash: 0x706E5D0C
[HEARTBEAT] SimTick: 22943 | NetHead: 22942 | Confirmed: 22935 | Missing: 8 | StateHash: 0x916B3F0A
[HEARTBEAT] SimTick: 23003 | NetHead: 23002 | Confirmed: 22995 | Missing: 8 | StateHash: 0xC956C864
[HEARTBEAT] SimTick: 23063 | NetHead: 23062 | Confirmed: 23055 | Missing: 8 | StateHash: 0x928CAA42
[HEARTBEAT] SimTick: 23123 | NetHead: 23122 | Confirmed: 23115 | Missing: 8 | StateHash: 0xFA7C41F4
[HEARTBEAT] SimTick: 23183 | NetHead: 23182 | Confirmed: 23175 | Missing: 8 | StateHash: 0x15F31AEA
[HEARTBEAT] SimTick: 23243 | NetHead: 23242 | Confirmed: 23235 | Missing: 8 | StateHash: 0x4B52EBCC
[HEARTBEAT] SimTick: 23303 | NetHead: 23302 | Confirmed: 23295 | Missing: 8 | StateHash: 0x3F86095A
[HEARTBEAT] SimTick: 23363 | NetHead: 23362 | Confirmed: 23355 | Missing: 8 | StateHash: 0x4D90E824
[HEARTBEAT] SimTick: 23423 | NetHead: 23422 | Confirmed: 23415 | Missing: 8 | StateHash: 0x8D656142
[HEARTBEAT] SimTick: 23483 | NetHead: 23482 | Confirmed: 23475 | Missing: 8 | StateHash: 0x3DB723A4
[HEARTBEAT] SimTick: 23543 | NetHead: 23542 | Confirmed: 23535 | Missing: 8 | StateHash: 0x21B402EA
[HEARTBEAT] SimTick: 23603 | NetHead: 23602 | Confirmed: 23595 | Missing: 8 | StateHash: 0x0DE21C74
[HEARTBEAT] SimTick: 23664 | NetHead: 23663 | Confirmed: 23656 | Missing: 8 | StateHash: 0x19F7DF52
[HEARTBEAT] SimTick: 23724 | NetHead: 23723 | Confirmed: 23716 | Missing: 8 | StateHash: 0xAE7A44C4
[HEARTBEAT] SimTick: 23784 | NetHead: 23783 | Confirmed: 23776 | Missing: 8 | StateHash: 0x0A14F18A
[HEARTBEAT] SimTick: 23844 | NetHead: 23843 | Confirmed: 23836 | Missing: 8 | StateHash: 0xAF1C779C
[HEARTBEAT] SimTick: 23904 | NetHead: 23903 | Confirmed: 23896 | Missing: 8 | StateHash: 0xBD7B5E1A
[HEARTBEAT] SimTick: 23964 | NetHead: 23963 | Confirmed: 23956 | Missing: 8 | StateHash: 0xB4A47E8C
[HEARTBEAT] SimTick: 24024 | NetHead: 24023 | Confirmed: 24016 | Missing: 8 | StateHash: 0xC9D02DBA
[HEARTBEAT] SimTick: 24084 | NetHead: 24083 | Confirmed: 24076 | Missing: 8 | StateHash: 0xB35C103C
[HEARTBEAT] SimTick: 24144 | NetHead: 24143 | Confirmed: 24136 | Missing: 8 | StateHash: 0x4F081DEA
[HEARTBEAT] SimTick: 24204 | NetHead: 24203 | Confirmed: 24196 | Missing: 8 | StateHash: 0xDF466EC4
[HEARTBEAT] SimTick: 24264 | NetHead: 24263 | Confirmed: 24256 | Missing: 8 | StateHash: 0xB0BF4722
[HEARTBEAT] SimTick: 24324 | NetHead: 24323 | Confirmed: 24316 | Missing: 8 | StateHash: 0x3EFA9DE4
[HEARTBEAT] SimTick: 24384 | NetHead: 24383 | Confirmed: 24376 | Missing: 8 | StateHash: 0x570B736A
[HEARTBEAT] SimTick: 24445 | NetHead: 24444 | Confirmed: 24437 | Missing: 8 | StateHash: 0xA08C4434
[HEARTBEAT] SimTick: 24505 | NetHead: 24504 | Confirmed: 24497 | Missing: 8 | StateHash: 0x45946022
[HEARTBEAT] SimTick: 24565 | NetHead: 24564 | Confirmed: 24557 | Missing: 8 | StateHash: 0x2958DDAC
[HEARTBEAT] SimTick: 24625 | NetHead: 24624 | Confirmed: 24617 | Missing: 8 | StateHash: 0x24B9A0F2
[HEARTBEAT] SimTick: 24685 | NetHead: 24684 | Confirmed: 24677 | Missing: 8 | StateHash: 0xEF87F60C
[HEARTBEAT] SimTick: 24745 | NetHead: 24744 | Confirmed: 24737 | Missing: 8 | StateHash: 0xF9EF1072
[HEARTBEAT] SimTick: 24805 | NetHead: 24804 | Confirmed: 24797 | Missing: 8 | StateHash: 0x9EE6E6A4
[HEARTBEAT] SimTick: 24865 | NetHead: 24864 | Confirmed: 24857 | Missing: 8 | StateHash: 0xAC01B74A
[HEARTBEAT] SimTick: 24925 | NetHead: 24924 | Confirmed: 24917 | Missing: 8 | StateHash: 0xACCFFB84
[HEARTBEAT] SimTick: 24985 | NetHead: 24984 | Confirmed: 24977 | Missing: 8 | StateHash: 0x5DA91A42
[HEARTBEAT] SimTick: 25045 | NetHead: 25044 | Confirmed: 25037 | Missing: 8 | StateHash: 0x05A339F4
[HEARTBEAT] SimTick: 25105 | NetHead: 25104 | Confirmed: 25097 | Missing: 8 | StateHash: 0x8DF5119A
[HEARTBEAT] SimTick: 25165 | NetHead: 25164 | Confirmed: 25157 | Missing: 8 | StateHash: 0x6FF89794
[HEARTBEAT] SimTick: 25225 | NetHead: 25224 | Confirmed: 25217 | Missing: 8 | StateHash: 0xBADB8DF2
[HEARTBEAT] SimTick: 25285 | NetHead: 25284 | Confirmed: 25277 | Missing: 8 | StateHash: 0xE965C4CC
[HEARTBEAT] SimTick: 25345 | NetHead: 25344 | Confirmed: 25337 | Missing: 8 | StateHash: 0x42660C02
[HEARTBEAT] SimTick: 25405 | NetHead: 25404 | Confirmed: 25397 | Missing: 8 | StateHash: 0x7A6A505C
[HEARTBEAT] SimTick: 25465 | NetHead: 25464 | Confirmed: 25457 | Missing: 8 | StateHash: 0xCBDE84F2
[HEARTBEAT] SimTick: 25525 | NetHead: 25524 | Confirmed: 25517 | Missing: 8 | StateHash: 0x2D63D234
[HEARTBEAT] SimTick: 25585 | NetHead: 25584 | Confirmed: 25577 | Missing: 8 | StateHash: 0x363356FA
[HEARTBEAT] SimTick: 25645 | NetHead: 25644 | Confirmed: 25637 | Missing: 8 | StateHash: 0x8746C7DC
[HEARTBEAT] SimTick: 25705 | NetHead: 25704 | Confirmed: 25697 | Missing: 8 | StateHash: 0xA3963FCA
[HEARTBEAT] SimTick: 25765 | NetHead: 25764 | Confirmed: 25757 | Missing: 8 | StateHash: 0x7A170A1C
[HEARTBEAT] SimTick: 25825 | NetHead: 25824 | Confirmed: 25817 | Missing: 8 | StateHash: 0x7D08339A
[HEARTBEAT] SimTick: 25886 | NetHead: 25885 | Confirmed: 25878 | Missing: 8 | StateHash: 0x332A4544
[HEARTBEAT] SimTick: 25946 | NetHead: 25945 | Confirmed: 25938 | Missing: 8 | StateHash: 0xF97EE042
[HEARTBEAT] SimTick: 26006 | NetHead: 26005 | Confirmed: 25998 | Missing: 8 | StateHash: 0x01C82B6C
[HEARTBEAT] SimTick: 26066 | NetHead: 26065 | Confirmed: 26058 | Missing: 8 | StateHash: 0x50574262
[HEARTBEAT] SimTick: 26126 | NetHead: 26125 | Confirmed: 26118 | Missing: 8 | StateHash: 0x85485534
[HEARTBEAT] SimTick: 26186 | NetHead: 26185 | Confirmed: 26178 | Missing: 8 | StateHash: 0xBA73D21A
[HEARTBEAT] SimTick: 26246 | NetHead: 26245 | Confirmed: 26238 | Missing: 8 | StateHash: 0x7B56D194
[HEARTBEAT] SimTick: 26306 | NetHead: 26305 | Confirmed: 26298 | Missing: 8 | StateHash: 0xD986DE12
[HEARTBEAT] SimTick: 26366 | NetHead: 26365 | Confirmed: 26358 | Missing: 8 | StateHash: 0x60EE6BDC
[HEARTBEAT] SimTick: 26426 | NetHead: 26425 | Confirmed: 26418 | Missing: 8 | StateHash: 0xF4E77642
[HEARTBEAT] SimTick: 26486 | NetHead: 26485 | Confirmed: 26478 | Missing: 8 | StateHash: 0x027DE994
[HEARTBEAT] SimTick: 26546 | NetHead: 26545 | Confirmed: 26538 | Missing: 8 | StateHash: 0x6B87188A
[HEARTBEAT] SimTick: 26606 | NetHead: 26605 | Confirmed: 26598 | Missing: 8 | StateHash: 0x26A644AC
[HEARTBEAT] SimTick: 26666 | NetHead: 26665 | Confirmed: 26658 | Missing: 8 | StateHash: 0xCF0BAC1A
[HEARTBEAT] SimTick: 26726 | NetHead: 26725 | Confirmed: 26718 | Missing: 8 | StateHash: 0x164855A4
[HEARTBEAT] SimTick: 26786 | NetHead: 26785 | Confirmed: 26778 | Missing: 8 | StateHash: 0x447175C2
[HEARTBEAT] SimTick: 26846 | NetHead: 26845 | Confirmed: 26838 | Missing: 8 | StateHash: 0x6600FDDC
[HEARTBEAT] SimTick: 26907 | NetHead: 26906 | Confirmed: 26899 | Missing: 8 | StateHash: 0xD8538672
[HEARTBEAT] SimTick: 26967 | NetHead: 26966 | Confirmed: 26959 | Missing: 8 | StateHash: 0xEAC7D454
[HEARTBEAT] SimTick: 27027 | NetHead: 27026 | Confirmed: 27019 | Missing: 8 | StateHash: 0xE1776CDA
[HEARTBEAT] SimTick: 27087 | NetHead: 27086 | Confirmed: 27079 | Missing: 8 | StateHash: 0x17017C14
[HEARTBEAT] SimTick: 27147 | NetHead: 27146 | Confirmed: 27139 | Missing: 8 | StateHash: 0x9C1E6FB2
[HEARTBEAT] SimTick: 27207 | NetHead: 27206 | Confirmed: 27199 | Missing: 8 | StateHash: 0xB796251C
[HEARTBEAT] SimTick: 27267 | NetHead: 27266 | Confirmed: 27259 | Missing: 8 | StateHash: 0xD6F834C2
[HEARTBEAT] SimTick: 27327 | NetHead: 27326 | Confirmed: 27319 | Missing: 8 | StateHash: 0x7F0FFAA4
[HEARTBEAT] SimTick: 27387 | NetHead: 27386 | Confirmed: 27379 | Missing: 8 | StateHash: 0x7E142E7A
[HEARTBEAT] SimTick: 27447 | NetHead: 27446 | Confirmed: 27439 | Missing: 8 | StateHash: 0x56E864BC
[HEARTBEAT] SimTick: 27507 | NetHead: 27506 | Confirmed: 27499 | Missing: 8 | StateHash: 0x25C60F8A
[HEARTBEAT] SimTick: 27567 | NetHead: 27566 | Confirmed: 27559 | Missing: 8 | StateHash: 0x08B6681C
[HEARTBEAT] SimTick: 27627 | NetHead: 27626 | Confirmed: 27619 | Missing: 8 | StateHash: 0x0235059A
[HEARTBEAT] SimTick: 27688 | NetHead: 27687 | Confirmed: 27680 | Missing: 8 | StateHash: 0x4EB9E1EC
[HEARTBEAT] SimTick: 27748 | NetHead: 27747 | Confirmed: 27740 | Missing: 8 | StateHash: 0xC0FA16FA
[HEARTBEAT] SimTick: 27808 | NetHead: 27807 | Confirmed: 27800 | Missing: 8 | StateHash: 0xAB526AD4
[HEARTBEAT] SimTick: 27868 | NetHead: 27867 | Confirmed: 27860 | Missing: 8 | StateHash: 0x3465A232
[HEARTBEAT] SimTick: 27928 | NetHead: 27927 | Confirmed: 27920 | Missing: 8 | StateHash: 0xAB0E798C
[HEARTBEAT] SimTick: 27988 | NetHead: 27987 | Confirmed: 27980 | Missing: 8 | StateHash: 0xBEF88CB2
[HEARTBEAT] SimTick: 28048 | NetHead: 28047 | Confirmed: 28040 | Missing: 8 | StateHash: 0x442DA86C
[HEARTBEAT] SimTick: 28108 | NetHead: 28107 | Confirmed: 28100 | Missing: 8 | StateHash: 0x5766FE12
[HEARTBEAT] SimTick: 28168 | NetHead: 28167 | Confirmed: 28160 | Missing: 8 | StateHash: 0x9C69D9F4
[HEARTBEAT] SimTick: 28228 | NetHead: 28227 | Confirmed: 28220 | Missing: 8 | StateHash: 0x906A998A
[HEARTBEAT] SimTick: 28288 | NetHead: 28287 | Confirmed: 28280 | Missing: 8 | StateHash: 0x2550672C
[HEARTBEAT] SimTick: 28348 | NetHead: 28347 | Confirmed: 28340 | Missing: 8 | StateHash: 0x01F2700A
[HEARTBEAT] SimTick: 28408 | NetHead: 28407 | Confirmed: 28400 | Missing: 8 | StateHash: 0xB3EFC85C
[HEARTBEAT] SimTick: 28468 | NetHead: 28467 | Confirmed: 28460 | Missing: 8 | StateHash: 0x994AC0CA
[HEARTBEAT] SimTick: 28528 | NetHead: 28527 | Confirmed: 28520 | Missing: 8 | StateHash: 0x3BCE2D74
[HEARTBEAT] SimTick: 28588 | NetHead: 28587 | Confirmed: 28580 | Missing: 8 | StateHash: 0xD94D2A52
[HEARTBEAT] SimTick: 28615 | NetHead: 28614 | Confirmed: 28613 | Missing: 2 | StateHash: 0x663E9679
[HEARTBEAT] SimTick: 28677 | NetHead: 28676 | Confirmed: 28669 | Missing: 8 | StateHash: 0x663E9679
[HEARTBEAT] SimTick: 28737 | NetHead: 28736 | Confirmed: 28728 | Missing: 9 | StateHash: 0x7ECCB4C0
[HEARTBEAT] SimTick: 28797 | NetHead: 28796 | Confirmed: 28790 | Missing: 7 | StateHash: 0x55D08F39
[HEARTBEAT] SimTick: 28857 | NetHead: 28856 | Confirmed: 28850 | Missing: 7 | StateHash: 0x5E38ED60
[HEARTBEAT] SimTick: 28917 | NetHead: 28916 | Confirmed: 28910 | Missing: 7 | StateHash: 0x6EE87E21
[HEARTBEAT] SimTick: 28977 | NetHead: 28976 | Confirmed: 28970 | Missing: 7 | StateHash: 0x72190E10
[HEARTBEAT] SimTick: 29037 | NetHead: 29036 | Confirmed: 29030 | Missing: 7 | StateHash: 0xE5C6CE11
[HEARTBEAT] SimTick: 29098 | NetHead: 29097 | Confirmed: 29091 | Missing: 7 | StateHash: 0x5805DC88
[HEARTBEAT] SimTick: 29158 | NetHead: 29157 | Confirmed: 29151 | Missing: 7 | StateHash: 0x9A11EC89
[HEARTBEAT] SimTick: 29218 | NetHead: 29217 | Confirmed: 29211 | Missing: 7 | StateHash: 0xC704C9E8
[HEARTBEAT] SimTick: 29278 | NetHead: 29277 | Confirmed: 29271 | Missing: 7 | StateHash: 0xCF90B2F1
[HEARTBEAT] SimTick: 29338 | NetHead: 29337 | Confirmed: 29331 | Missing: 7 | StateHash: 0x67C3E6C8
[HEARTBEAT] SimTick: 29398 | NetHead: 29397 | Confirmed: 29390 | Missing: 8 | StateHash: 0x3A3C9231
[HEARTBEAT] SimTick: 29458 | NetHead: 29457 | Confirmed: 29451 | Missing: 7 | StateHash: 0xB3A62428
[HEARTBEAT] SimTick: 29519 | NetHead: 29518 | Confirmed: 29512 | Missing: 7 | StateHash: 0x195196A1
[HEARTBEAT] SimTick: 29579 | NetHead: 29578 | Confirmed: 29572 | Missing: 7 | StateHash: 0x07CEE200
[HEARTBEAT] SimTick: 29639 | NetHead: 29638 | Confirmed: 29632 | Missing: 7 | StateHash: 0x34011E49
[HEARTBEAT] SimTick: 29699 | NetHead: 29698 | Confirmed: 29692 | Missing: 7 | StateHash: 0xB68F24F8
[HEARTBEAT] SimTick: 29759 | NetHead: 29758 | Confirmed: 29752 | Missing: 7 | StateHash: 0x96A05B69
[HEARTBEAT] SimTick: 29820 | NetHead: 29819 | Confirmed: 29813 | Missing: 7 | StateHash: 0x80543BF0
[HEARTBEAT] SimTick: 29880 | NetHead: 29879 | Confirmed: 29872 | Missing: 8 | StateHash: 0x31F17929
[HEARTBEAT] SimTick: 29940 | NetHead: 29939 | Confirmed: 29933 | Missing: 7 | StateHash: 0xCF0D7018
[HEARTBEAT] SimTick: 30000 | NetHead: 29999 | Confirmed: 29993 | Missing: 7 | StateHash: 0x8B6F60F9
[HEARTBEAT] SimTick: 30060 | NetHead: 30059 | Confirmed: 30052 | Missing: 8 | StateHash: 0xBD7BDA00
[HEARTBEAT] SimTick: 30120 | NetHead: 30119 | Confirmed: 30113 | Missing: 7 | StateHash: 0x2E1C1F89
[HEARTBEAT] SimTick: 30180 | NetHead: 30179 | Confirmed: 30173 | Missing: 7 | StateHash: 0x44043F08
[HEARTBEAT] SimTick: 30240 | NetHead: 30239 | Confirmed: 30233 | Missing: 7 | StateHash: 0x01459B99
[HEARTBEAT] SimTick: 30300 | NetHead: 30299 | Confirmed: 30293 | Missing: 7 | StateHash: 0x2FBDDEE8
[HEARTBEAT] SimTick: 30360 | NetHead: 30359 | Confirmed: 30353 | Missing: 7 | StateHash: 0x3794FE71
luajit: main.lua:127: interrupted!
stack traceback:
	main.lua:127: in main chunk
	[C]: at 0x562a4f894e00
