========================================
 WEAVER ENGINE: 8-NODE DEEP HISTORY 
========================================
Enter Node ID (0-7): 
> [SYSTEM] Node 7 bound to :50007. Meshing topology...
[SYSTEM] Topology Locked. Entering FSM loop.
[HEARTBEAT] SimTick: 61 | NetHead: 60 | Confirmed: 59 | Missing: 2 | StateHash: 0x42A3ED46
[HEARTBEAT] SimTick: 121 | NetHead: 120 | Confirmed: 119 | Missing: 2 | StateHash: 0x4348D945
[HEARTBEAT] SimTick: 181 | NetHead: 180 | Confirmed: 179 | Missing: 2 | StateHash: 0xD8461D76
[HEARTBEAT] SimTick: 241 | NetHead: 240 | Confirmed: 239 | Missing: 2 | StateHash: 0x65BB6F25
[HEARTBEAT] SimTick: 301 | NetHead: 300 | Confirmed: 299 | Missing: 2 | StateHash: 0x31BA165E
[HEARTBEAT] SimTick: 361 | NetHead: 360 | Confirmed: 359 | Missing: 2 | StateHash: 0x7D08F545
[HEARTBEAT] SimTick: 421 | NetHead: 420 | Confirmed: 419 | Missing: 2 | StateHash: 0xEE207EA6
[HEARTBEAT] SimTick: 481 | NetHead: 480 | Confirmed: 479 | Missing: 2 | StateHash: 0xCA48CF55
[HEARTBEAT] SimTick: 541 | NetHead: 540 | Confirmed: 539 | Missing: 2 | StateHash: 0x64A09DBE
[HEARTBEAT] SimTick: 601 | NetHead: 600 | Confirmed: 599 | Missing: 2 | StateHash: 0xC453ED45
[HEARTBEAT] SimTick: 661 | NetHead: 660 | Confirmed: 659 | Missing: 2 | StateHash: 0x452C789E
[HEARTBEAT] SimTick: 721 | NetHead: 720 | Confirmed: 719 | Missing: 2 | StateHash: 0x01FE1DB5
[HEARTBEAT] SimTick: 781 | NetHead: 780 | Confirmed: 779 | Missing: 2 | StateHash: 0xCB6BF876
[HEARTBEAT] SimTick: 841 | NetHead: 840 | Confirmed: 839 | Missing: 2 | StateHash: 0x2782E245
[HEARTBEAT] SimTick: 901 | NetHead: 900 | Confirmed: 899 | Missing: 2 | StateHash: 0x0787F156
[HEARTBEAT] SimTick: 961 | NetHead: 960 | Confirmed: 959 | Missing: 2 | StateHash: 0x148BF155
[HEARTBEAT] SimTick: 1022 | NetHead: 1021 | Confirmed: 1020 | Missing: 2 | StateHash: 0x0DD6A51E
[HEARTBEAT] SimTick: 1082 | NetHead: 1081 | Confirmed: 1080 | Missing: 2 | StateHash: 0x629B4305
[HEARTBEAT] SimTick: 1142 | NetHead: 1141 | Confirmed: 1140 | Missing: 2 | StateHash: 0xBAAB84FE
[HEARTBEAT] SimTick: 1202 | NetHead: 1201 | Confirmed: 1200 | Missing: 2 | StateHash: 0x9076F3F5
[HEARTBEAT] SimTick: 1262 | NetHead: 1261 | Confirmed: 1260 | Missing: 2 | StateHash: 0xC55F07A6
[HEARTBEAT] SimTick: 1322 | NetHead: 1321 | Confirmed: 1320 | Missing: 2 | StateHash: 0xCA3B5745
[HEARTBEAT] SimTick: 1382 | NetHead: 1381 | Confirmed: 1380 | Missing: 2 | StateHash: 0xC640DC1E
[HEARTBEAT] SimTick: 1442 | NetHead: 1441 | Confirmed: 1440 | Missing: 2 | StateHash: 0x2C764CE5
[HEARTBEAT] SimTick: 1502 | NetHead: 1501 | Confirmed: 1500 | Missing: 2 | StateHash: 0x0527AA06
luajit: ./lua/net_pump.lua:123: interrupted!
stack traceback:
	./lua/net_pump.lua:123: in function 'intercept_network'
	./lua/fsm_core.lua:45: in function 'tick_playing_state'
	main.lua:124: in main chunk
	[C]: at 0x55c559babe00
